【11:07:03.339】  Error T23 
抛出信息：全局捕获程序运行异常信息
/api/Security/ZYM/FindWithPagerAsync 
异常类型：SqlException 
异常信息：列名 'SortCode' 无效。 
【堆栈调用】：
   at System.Data.SqlClient.SqlCommand.<>c.<ExecuteDbDataReaderAsync>b__126_0(Task`1 result)
   at System.Threading.Tasks.ContinuationResultTaskFromResultTask`2.InnerInvoke()
   at System.Threading.ExecutionContext.RunInternal(ExecutionContext executionContext, ContextCallback callback, Object state)
--- End of stack trace from previous location ---
   at System.Threading.Tasks.Task.ExecuteWithThreadLocal(Task& currentTaskSlot, Thread threadPoolThread)
--- End of stack trace from previous location ---
   at StackExchange.Profiling.Data.ProfiledDbCommand.ExecuteDbDataReaderAsync(CommandBehavior behavior, CancellationToken cancellationToken) in C:\projects\dotnet\src\MiniProfiler.Shared\Data\ProfiledDbCommand.cs:line 257
   at Dapper.SqlMapper.QueryMultipleAsync(IDbConnection cnn, CommandDefinition command) in /_/Dapper/SqlMapper.Async.cs:line 1013
   at Yuebon.Commons.Repositories.BaseRepository`2.FindWithPagerAsync(String condition, PagerInfo info, String fieldToSort, Boolean desc, IDbTransaction trans) in D:\Code_Vue\YuebonNetCore-master\Yuebon.NetCore\Yuebon.Commons\Core\Repositories\BaseRepository.cs:line 664
   at Yuebon.Commons.Services.BaseService`3.FindWithPagerAsync(SearchInputDto`1 search) in D:\Code_Vue\YuebonNetCore-master\Yuebon.NetCore\Yuebon.Commons\Core\Services\BaseService.cs:line 698
   at Yuebon.AspNetCore.Controllers.AreaApiController`5.FindWithPagerAsync(SearchInputDto`1 search) in D:\Code_Vue\YuebonNetCore-master\Yuebon.NetCore\Yuebon.AspNetCore\Mvc\AreaApiController.cs:line 468
   at lambda_method363(Closure , Object )
   at Microsoft.AspNetCore.Mvc.Infrastructure.ActionMethodExecutor.AwaitableObjectResultExecutor.Execute(IActionResultTypeMapper mapper, ObjectMethodExecutor executor, Object controller, Object[] arguments)
   at Microsoft.AspNetCore.Mvc.Infrastructure.ControllerActionInvoker.<InvokeActionMethodAsync>g__Logged|12_1(ControllerActionInvoker invoker)
   at Microsoft.AspNetCore.Mvc.Infrastructure.ControllerActionInvoker.<InvokeNextActionFilterAsync>g__Awaited|10_0(ControllerActionInvoker invoker, Task lastTask, State next, Scope scope, Object state, Boolean isCompleted)
   at Microsoft.AspNetCore.Mvc.Infrastructure.ControllerActionInvoker.Rethrow(ActionExecutedContextSealed context)
   at Microsoft.AspNetCore.Mvc.Infrastructure.ControllerActionInvoker.Next(State& next, Scope& scope, Object& state, Boolean& isCompleted)
   at Microsoft.AspNetCore.Mvc.Infrastructure.ControllerActionInvoker.<InvokeInnerFilterAsync>g__Awaited|13_0(ControllerActionInvoker invoker, Task lastTask, State next, Scope scope, Object state, Boolean isCompleted)
   at Microsoft.AspNetCore.Mvc.Infrastructure.ResourceInvoker.<InvokeNextExceptionFilterAsync>g__Awaited|26_0(ResourceInvoker invoker, Task lastTask, State next, Scope scope, Object state, Boolean isCompleted)
【11:13:04.248】  Error T6 
抛出信息：全局捕获程序运行异常信息
/api/Security/ZYM/FindWithPagerAsync 
异常类型：SqlException 
异常信息：列名 'SortCode' 无效。 
【堆栈调用】：
   at System.Data.SqlClient.SqlCommand.<>c.<ExecuteDbDataReaderAsync>b__126_0(Task`1 result)
   at System.Threading.Tasks.ContinuationResultTaskFromResultTask`2.InnerInvoke()
   at System.Threading.ExecutionContext.RunInternal(ExecutionContext executionContext, ContextCallback callback, Object state)
--- End of stack trace from previous location ---
   at System.Threading.Tasks.Task.ExecuteWithThreadLocal(Task& currentTaskSlot, Thread threadPoolThread)
--- End of stack trace from previous location ---
   at StackExchange.Profiling.Data.ProfiledDbCommand.ExecuteDbDataReaderAsync(CommandBehavior behavior, CancellationToken cancellationToken) in C:\projects\dotnet\src\MiniProfiler.Shared\Data\ProfiledDbCommand.cs:line 257
   at Dapper.SqlMapper.QueryMultipleAsync(IDbConnection cnn, CommandDefinition command) in /_/Dapper/SqlMapper.Async.cs:line 1013
   at Yuebon.Commons.Repositories.BaseRepository`2.FindWithPagerAsync(String condition, PagerInfo info, String fieldToSort, Boolean desc, IDbTransaction trans) in D:\Code_Vue\YuebonNetCore-master\Yuebon.NetCore\Yuebon.Commons\Core\Repositories\BaseRepository.cs:line 664
   at Yuebon.Commons.Services.BaseService`3.FindWithPagerAsync(SearchInputDto`1 search) in D:\Code_Vue\YuebonNetCore-master\Yuebon.NetCore\Yuebon.Commons\Core\Services\BaseService.cs:line 698
   at Yuebon.AspNetCore.Controllers.AreaApiController`5.FindWithPagerAsync(SearchInputDto`1 search) in D:\Code_Vue\YuebonNetCore-master\Yuebon.NetCore\Yuebon.AspNetCore\Mvc\AreaApiController.cs:line 468
   at lambda_method363(Closure , Object )
   at Microsoft.AspNetCore.Mvc.Infrastructure.ActionMethodExecutor.AwaitableObjectResultExecutor.Execute(IActionResultTypeMapper mapper, ObjectMethodExecutor executor, Object controller, Object[] arguments)
   at Microsoft.AspNetCore.Mvc.Infrastructure.ControllerActionInvoker.<InvokeActionMethodAsync>g__Logged|12_1(ControllerActionInvoker invoker)
   at Microsoft.AspNetCore.Mvc.Infrastructure.ControllerActionInvoker.<InvokeNextActionFilterAsync>g__Awaited|10_0(ControllerActionInvoker invoker, Task lastTask, State next, Scope scope, Object state, Boolean isCompleted)
   at Microsoft.AspNetCore.Mvc.Infrastructure.ControllerActionInvoker.Rethrow(ActionExecutedContextSealed context)
   at Microsoft.AspNetCore.Mvc.Infrastructure.ControllerActionInvoker.Next(State& next, Scope& scope, Object& state, Boolean& isCompleted)
   at Microsoft.AspNetCore.Mvc.Infrastructure.ControllerActionInvoker.<InvokeInnerFilterAsync>g__Awaited|13_0(ControllerActionInvoker invoker, Task lastTask, State next, Scope scope, Object state, Boolean isCompleted)
   at Microsoft.AspNetCore.Mvc.Infrastructure.ResourceInvoker.<InvokeNextExceptionFilterAsync>g__Awaited|26_0(ResourceInvoker invoker, Task lastTask, State next, Scope scope, Object state, Boolean isCompleted)
【11:18:31.555】  Error T61 
抛出信息：全局捕获程序运行异常信息
/api/Security/ZYM/FindWithPagerAsync 
异常类型：SqlException 
异常信息：列名 'SortCode' 无效。 
【堆栈调用】：
   at System.Data.SqlClient.SqlCommand.<>c.<ExecuteDbDataReaderAsync>b__126_0(Task`1 result)
   at System.Threading.Tasks.ContinuationResultTaskFromResultTask`2.InnerInvoke()
   at System.Threading.ExecutionContext.RunInternal(ExecutionContext executionContext, ContextCallback callback, Object state)
--- End of stack trace from previous location ---
   at System.Threading.Tasks.Task.ExecuteWithThreadLocal(Task& currentTaskSlot, Thread threadPoolThread)
--- End of stack trace from previous location ---
   at StackExchange.Profiling.Data.ProfiledDbCommand.ExecuteDbDataReaderAsync(CommandBehavior behavior, CancellationToken cancellationToken) in C:\projects\dotnet\src\MiniProfiler.Shared\Data\ProfiledDbCommand.cs:line 257
   at Dapper.SqlMapper.QueryMultipleAsync(IDbConnection cnn, CommandDefinition command) in /_/Dapper/SqlMapper.Async.cs:line 1013
   at Yuebon.Commons.Repositories.BaseRepository`2.FindWithPagerAsync(String condition, PagerInfo info, String fieldToSort, Boolean desc, IDbTransaction trans) in D:\Code_Vue\YuebonNetCore-master\Yuebon.NetCore\Yuebon.Commons\Core\Repositories\BaseRepository.cs:line 664
   at Yuebon.Commons.Services.BaseService`3.FindWithPagerAsync(SearchInputDto`1 search) in D:\Code_Vue\YuebonNetCore-master\Yuebon.NetCore\Yuebon.Commons\Core\Services\BaseService.cs:line 698
   at Yuebon.AspNetCore.Controllers.AreaApiController`5.FindWithPagerAsync(SearchInputDto`1 search) in D:\Code_Vue\YuebonNetCore-master\Yuebon.NetCore\Yuebon.AspNetCore\Mvc\AreaApiController.cs:line 468
   at lambda_method363(Closure , Object )
   at Microsoft.AspNetCore.Mvc.Infrastructure.ActionMethodExecutor.AwaitableObjectResultExecutor.Execute(IActionResultTypeMapper mapper, ObjectMethodExecutor executor, Object controller, Object[] arguments)
   at Microsoft.AspNetCore.Mvc.Infrastructure.ControllerActionInvoker.<InvokeActionMethodAsync>g__Logged|12_1(ControllerActionInvoker invoker)
   at Microsoft.AspNetCore.Mvc.Infrastructure.ControllerActionInvoker.<InvokeNextActionFilterAsync>g__Awaited|10_0(ControllerActionInvoker invoker, Task lastTask, State next, Scope scope, Object state, Boolean isCompleted)
   at Microsoft.AspNetCore.Mvc.Infrastructure.ControllerActionInvoker.Rethrow(ActionExecutedContextSealed context)
   at Microsoft.AspNetCore.Mvc.Infrastructure.ControllerActionInvoker.Next(State& next, Scope& scope, Object& state, Boolean& isCompleted)
   at Microsoft.AspNetCore.Mvc.Infrastructure.ControllerActionInvoker.<InvokeInnerFilterAsync>g__Awaited|13_0(ControllerActionInvoker invoker, Task lastTask, State next, Scope scope, Object state, Boolean isCompleted)
   at Microsoft.AspNetCore.Mvc.Infrastructure.ResourceInvoker.<InvokeNextExceptionFilterAsync>g__Awaited|26_0(ResourceInvoker invoker, Task lastTask, State next, Scope scope, Object state, Boolean isCompleted)
【11:19:32.012】  Error T87 
抛出信息：全局捕获程序运行异常信息
/api/Security/ZYM/FindWithPagerAsync 
异常类型：SqlException 
异常信息：列名 'SortCode' 无效。 
【堆栈调用】：
   at System.Data.SqlClient.SqlCommand.<>c.<ExecuteDbDataReaderAsync>b__126_0(Task`1 result)
   at System.Threading.Tasks.ContinuationResultTaskFromResultTask`2.InnerInvoke()
   at System.Threading.ExecutionContext.RunInternal(ExecutionContext executionContext, ContextCallback callback, Object state)
--- End of stack trace from previous location ---
   at System.Threading.Tasks.Task.ExecuteWithThreadLocal(Task& currentTaskSlot, Thread threadPoolThread)
--- End of stack trace from previous location ---
   at StackExchange.Profiling.Data.ProfiledDbCommand.ExecuteDbDataReaderAsync(CommandBehavior behavior, CancellationToken cancellationToken) in C:\projects\dotnet\src\MiniProfiler.Shared\Data\ProfiledDbCommand.cs:line 257
   at Dapper.SqlMapper.QueryMultipleAsync(IDbConnection cnn, CommandDefinition command) in /_/Dapper/SqlMapper.Async.cs:line 1013
   at Yuebon.Commons.Repositories.BaseRepository`2.FindWithPagerAsync(String condition, PagerInfo info, String fieldToSort, Boolean desc, IDbTransaction trans) in D:\Code_Vue\YuebonNetCore-master\Yuebon.NetCore\Yuebon.Commons\Core\Repositories\BaseRepository.cs:line 664
   at Yuebon.Commons.Services.BaseService`3.FindWithPagerAsync(SearchInputDto`1 search) in D:\Code_Vue\YuebonNetCore-master\Yuebon.NetCore\Yuebon.Commons\Core\Services\BaseService.cs:line 698
   at Yuebon.AspNetCore.Controllers.AreaApiController`5.FindWithPagerAsync(SearchInputDto`1 search) in D:\Code_Vue\YuebonNetCore-master\Yuebon.NetCore\Yuebon.AspNetCore\Mvc\AreaApiController.cs:line 468
   at lambda_method363(Closure , Object )
   at Microsoft.AspNetCore.Mvc.Infrastructure.ActionMethodExecutor.AwaitableObjectResultExecutor.Execute(IActionResultTypeMapper mapper, ObjectMethodExecutor executor, Object controller, Object[] arguments)
   at Microsoft.AspNetCore.Mvc.Infrastructure.ControllerActionInvoker.<InvokeActionMethodAsync>g__Logged|12_1(ControllerActionInvoker invoker)
   at Microsoft.AspNetCore.Mvc.Infrastructure.ControllerActionInvoker.<InvokeNextActionFilterAsync>g__Awaited|10_0(ControllerActionInvoker invoker, Task lastTask, State next, Scope scope, Object state, Boolean isCompleted)
   at Microsoft.AspNetCore.Mvc.Infrastructure.ControllerActionInvoker.Rethrow(ActionExecutedContextSealed context)
   at Microsoft.AspNetCore.Mvc.Infrastructure.ControllerActionInvoker.Next(State& next, Scope& scope, Object& state, Boolean& isCompleted)
   at Microsoft.AspNetCore.Mvc.Infrastructure.ControllerActionInvoker.<InvokeInnerFilterAsync>g__Awaited|13_0(ControllerActionInvoker invoker, Task lastTask, State next, Scope scope, Object state, Boolean isCompleted)
   at Microsoft.AspNetCore.Mvc.Infrastructure.ResourceInvoker.<InvokeNextExceptionFilterAsync>g__Awaited|26_0(ResourceInvoker invoker, Task lastTask, State next, Scope scope, Object state, Boolean isCompleted)
【11:24:30.892】  Error T41 
抛出信息：全局捕获程序运行异常信息
/api/Security/ZYM/FindWithPagerAsync 
异常类型：SqlException 
异常信息：列名 'SortCode' 无效。 
【堆栈调用】：
   at System.Data.SqlClient.SqlCommand.<>c.<ExecuteDbDataReaderAsync>b__126_0(Task`1 result)
   at System.Threading.Tasks.ContinuationResultTaskFromResultTask`2.InnerInvoke()
   at System.Threading.Tasks.Task.<>c.<.cctor>b__272_0(Object obj)
   at System.Threading.ExecutionContext.RunInternal(ExecutionContext executionContext, ContextCallback callback, Object state)
--- End of stack trace from previous location ---
   at System.Threading.Tasks.Task.ExecuteWithThreadLocal(Task& currentTaskSlot, Thread threadPoolThread)
--- End of stack trace from previous location ---
   at StackExchange.Profiling.Data.ProfiledDbCommand.ExecuteDbDataReaderAsync(CommandBehavior behavior, CancellationToken cancellationToken) in C:\projects\dotnet\src\MiniProfiler.Shared\Data\ProfiledDbCommand.cs:line 257
   at Dapper.SqlMapper.QueryMultipleAsync(IDbConnection cnn, CommandDefinition command) in /_/Dapper/SqlMapper.Async.cs:line 1013
   at Yuebon.Commons.Repositories.BaseRepository`2.FindWithPagerAsync(String condition, PagerInfo info, String fieldToSort, Boolean desc, IDbTransaction trans) in D:\Code_Vue\YuebonNetCore-master\Yuebon.NetCore\Yuebon.Commons\Core\Repositories\BaseRepository.cs:line 664
   at Yuebon.Commons.Services.BaseService`3.FindWithPagerAsync(SearchInputDto`1 search) in D:\Code_Vue\YuebonNetCore-master\Yuebon.NetCore\Yuebon.Commons\Core\Services\BaseService.cs:line 698
   at Yuebon.AspNetCore.Controllers.AreaApiController`5.FindWithPagerAsync(SearchInputDto`1 search) in D:\Code_Vue\YuebonNetCore-master\Yuebon.NetCore\Yuebon.AspNetCore\Mvc\AreaApiController.cs:line 468
   at lambda_method28(Closure , Object )
   at Microsoft.AspNetCore.Mvc.Infrastructure.ActionMethodExecutor.AwaitableObjectResultExecutor.Execute(IActionResultTypeMapper mapper, ObjectMethodExecutor executor, Object controller, Object[] arguments)
   at Microsoft.AspNetCore.Mvc.Infrastructure.ControllerActionInvoker.<InvokeActionMethodAsync>g__Logged|12_1(ControllerActionInvoker invoker)
   at Microsoft.AspNetCore.Mvc.Infrastructure.ControllerActionInvoker.<InvokeNextActionFilterAsync>g__Awaited|10_0(ControllerActionInvoker invoker, Task lastTask, State next, Scope scope, Object state, Boolean isCompleted)
   at Microsoft.AspNetCore.Mvc.Infrastructure.ControllerActionInvoker.Rethrow(ActionExecutedContextSealed context)
   at Microsoft.AspNetCore.Mvc.Infrastructure.ControllerActionInvoker.Next(State& next, Scope& scope, Object& state, Boolean& isCompleted)
   at Microsoft.AspNetCore.Mvc.Infrastructure.ControllerActionInvoker.<InvokeInnerFilterAsync>g__Awaited|13_0(ControllerActionInvoker invoker, Task lastTask, State next, Scope scope, Object state, Boolean isCompleted)
   at Microsoft.AspNetCore.Mvc.Infrastructure.ResourceInvoker.<InvokeNextExceptionFilterAsync>g__Awaited|26_0(ResourceInvoker invoker, Task lastTask, State next, Scope scope, Object state, Boolean isCompleted)
【13:39:21.240】  Error T9 
抛出信息：全局捕获程序运行异常信息
/api/Security/ZYM/FindWithPagerAsync 
异常类型：AutoMapperMappingException 
异常信息：Error mapping types.

Mapping types:
List`1 -> List`1
System.Collections.Generic.List`1[[Yuebon.Security.Models.ZYM, Yuebon.Security.Core, Version=1.3.2.41, Culture=neutral, PublicKeyToken=null]] -> System.Collections.Generic.List`1[[Yuebon.Security.Dtos.ZYMOutputDto, Yuebon.Security.Core, Version=1.3.2.41, Culture=neutral, PublicKeyToken=null]] 
【堆栈调用】：
   at lambda_method362(Closure , Object , List`1 , ResolutionContext )
   at Yuebon.Commons.Mapping.MapperExtensions.MapTo[T](IEnumerable obj) in D:\Code_Vue\YuebonNetCore-master\Yuebon.NetCore\Yuebon.Commons\Mapping\MapperExtensions.cs:line 81
   at Yuebon.Commons.Services.BaseService`3.FindWithPagerAsync(SearchInputDto`1 search) in D:\Code_Vue\YuebonNetCore-master\Yuebon.NetCore\Yuebon.Commons\Core\Services\BaseService.cs:line 699
   at Yuebon.AspNetCore.Controllers.AreaApiController`5.FindWithPagerAsync(SearchInputDto`1 search) in D:\Code_Vue\YuebonNetCore-master\Yuebon.NetCore\Yuebon.AspNetCore\Mvc\AreaApiController.cs:line 468
   at lambda_method357(Closure , Object )
   at Microsoft.AspNetCore.Mvc.Infrastructure.ActionMethodExecutor.AwaitableObjectResultExecutor.Execute(IActionResultTypeMapper mapper, ObjectMethodExecutor executor, Object controller, Object[] arguments)
   at Microsoft.AspNetCore.Mvc.Infrastructure.ControllerActionInvoker.<InvokeActionMethodAsync>g__Logged|12_1(ControllerActionInvoker invoker)
   at Microsoft.AspNetCore.Mvc.Infrastructure.ControllerActionInvoker.<InvokeNextActionFilterAsync>g__Awaited|10_0(ControllerActionInvoker invoker, Task lastTask, State next, Scope scope, Object state, Boolean isCompleted)
   at Microsoft.AspNetCore.Mvc.Infrastructure.ControllerActionInvoker.Rethrow(ActionExecutedContextSealed context)
   at Microsoft.AspNetCore.Mvc.Infrastructure.ControllerActionInvoker.Next(State& next, Scope& scope, Object& state, Boolean& isCompleted)
   at Microsoft.AspNetCore.Mvc.Infrastructure.ControllerActionInvoker.<InvokeInnerFilterAsync>g__Awaited|13_0(ControllerActionInvoker invoker, Task lastTask, State next, Scope scope, Object state, Boolean isCompleted)
   at Microsoft.AspNetCore.Mvc.Infrastructure.ResourceInvoker.<InvokeNextExceptionFilterAsync>g__Awaited|26_0(ResourceInvoker invoker, Task lastTask, State next, Scope scope, Object state, Boolean isCompleted)
【13:40:29.393】  Error T30 
抛出信息：全局捕获程序运行异常信息
/api/Security/ZYM/FindWithPagerAsync 
异常类型：AutoMapperMappingException 
异常信息：Error mapping types.

Mapping types:
List`1 -> List`1
System.Collections.Generic.List`1[[Yuebon.Security.Models.ZYM, Yuebon.Security.Core, Version=1.3.2.41, Culture=neutral, PublicKeyToken=null]] -> System.Collections.Generic.List`1[[Yuebon.Security.Dtos.ZYMOutputDto, Yuebon.Security.Core, Version=1.3.2.41, Culture=neutral, PublicKeyToken=null]] 
【堆栈调用】：
   at lambda_method362(Closure , Object , List`1 , ResolutionContext )
   at Yuebon.Commons.Mapping.MapperExtensions.MapTo[T](IEnumerable obj) in D:\Code_Vue\YuebonNetCore-master\Yuebon.NetCore\Yuebon.Commons\Mapping\MapperExtensions.cs:line 81
   at Yuebon.Commons.Services.BaseService`3.FindWithPagerAsync(SearchInputDto`1 search) in D:\Code_Vue\YuebonNetCore-master\Yuebon.NetCore\Yuebon.Commons\Core\Services\BaseService.cs:line 699
   at Yuebon.AspNetCore.Controllers.AreaApiController`5.FindWithPagerAsync(SearchInputDto`1 search) in D:\Code_Vue\YuebonNetCore-master\Yuebon.NetCore\Yuebon.AspNetCore\Mvc\AreaApiController.cs:line 468
   at lambda_method357(Closure , Object )
   at Microsoft.AspNetCore.Mvc.Infrastructure.ActionMethodExecutor.AwaitableObjectResultExecutor.Execute(IActionResultTypeMapper mapper, ObjectMethodExecutor executor, Object controller, Object[] arguments)
   at Microsoft.AspNetCore.Mvc.Infrastructure.ControllerActionInvoker.<InvokeActionMethodAsync>g__Logged|12_1(ControllerActionInvoker invoker)
   at Microsoft.AspNetCore.Mvc.Infrastructure.ControllerActionInvoker.<InvokeNextActionFilterAsync>g__Awaited|10_0(ControllerActionInvoker invoker, Task lastTask, State next, Scope scope, Object state, Boolean isCompleted)
   at Microsoft.AspNetCore.Mvc.Infrastructure.ControllerActionInvoker.Rethrow(ActionExecutedContextSealed context)
   at Microsoft.AspNetCore.Mvc.Infrastructure.ControllerActionInvoker.Next(State& next, Scope& scope, Object& state, Boolean& isCompleted)
   at Microsoft.AspNetCore.Mvc.Infrastructure.ControllerActionInvoker.InvokeInnerFilterAsync()
--- End of stack trace from previous location ---
   at Microsoft.AspNetCore.Mvc.Infrastructure.ResourceInvoker.<InvokeNextExceptionFilterAsync>g__Awaited|26_0(ResourceInvoker invoker, Task lastTask, State next, Scope scope, Object state, Boolean isCompleted)
【14:07:16.150】  Error T9 
抛出信息：全局捕获程序运行异常信息
/api/Security/ZYM/FindWithPagerAsync 
异常类型：AutoMapperMappingException 
异常信息：Error mapping types.

Mapping types:
List`1 -> List`1
System.Collections.Generic.List`1[[Yuebon.Security.Models.ZYM, Yuebon.Security.Core, Version=1.3.2.41, Culture=neutral, PublicKeyToken=null]] -> System.Collections.Generic.List`1[[Yuebon.Security.Dtos.ZYMOutputDto, Yuebon.Security.Core, Version=1.3.2.41, Culture=neutral, PublicKeyToken=null]] 
【堆栈调用】：
   at lambda_method362(Closure , Object , List`1 , ResolutionContext )
   at Yuebon.Commons.Mapping.MapperExtensions.MapTo[T](IEnumerable obj) in D:\Code_Vue\YuebonNetCore-master\Yuebon.NetCore\Yuebon.Commons\Mapping\MapperExtensions.cs:line 81
   at Yuebon.Commons.Services.BaseService`3.FindWithPagerAsync(SearchInputDto`1 search) in D:\Code_Vue\YuebonNetCore-master\Yuebon.NetCore\Yuebon.Commons\Core\Services\BaseService.cs:line 699
   at Yuebon.AspNetCore.Controllers.AreaApiController`5.FindWithPagerAsync(SearchInputDto`1 search) in D:\Code_Vue\YuebonNetCore-master\Yuebon.NetCore\Yuebon.AspNetCore\Mvc\AreaApiController.cs:line 468
   at lambda_method357(Closure , Object )
   at Microsoft.AspNetCore.Mvc.Infrastructure.ActionMethodExecutor.AwaitableObjectResultExecutor.Execute(IActionResultTypeMapper mapper, ObjectMethodExecutor executor, Object controller, Object[] arguments)
   at Microsoft.AspNetCore.Mvc.Infrastructure.ControllerActionInvoker.<InvokeActionMethodAsync>g__Logged|12_1(ControllerActionInvoker invoker)
   at Microsoft.AspNetCore.Mvc.Infrastructure.ControllerActionInvoker.<InvokeNextActionFilterAsync>g__Awaited|10_0(ControllerActionInvoker invoker, Task lastTask, State next, Scope scope, Object state, Boolean isCompleted)
   at Microsoft.AspNetCore.Mvc.Infrastructure.ControllerActionInvoker.Rethrow(ActionExecutedContextSealed context)
   at Microsoft.AspNetCore.Mvc.Infrastructure.ControllerActionInvoker.Next(State& next, Scope& scope, Object& state, Boolean& isCompleted)
   at Microsoft.AspNetCore.Mvc.Infrastructure.ControllerActionInvoker.<InvokeInnerFilterAsync>g__Awaited|13_0(ControllerActionInvoker invoker, Task lastTask, State next, Scope scope, Object state, Boolean isCompleted)
   at Microsoft.AspNetCore.Mvc.Infrastructure.ResourceInvoker.<InvokeNextExceptionFilterAsync>g__Awaited|26_0(ResourceInvoker invoker, Task lastTask, State next, Scope scope, Object state, Boolean isCompleted)
【14:08:02.142】  Error T30 
抛出信息：全局捕获程序运行异常信息
/api/Security/ZYM/FindWithPagerAsync 
异常类型：AutoMapperMappingException 
异常信息：Error mapping types.

Mapping types:
List`1 -> List`1
System.Collections.Generic.List`1[[Yuebon.Security.Models.ZYM, Yuebon.Security.Core, Version=1.3.2.41, Culture=neutral, PublicKeyToken=null]] -> System.Collections.Generic.List`1[[Yuebon.Security.Dtos.ZYMOutputDto, Yuebon.Security.Core, Version=1.3.2.41, Culture=neutral, PublicKeyToken=null]] 
【堆栈调用】：
   at lambda_method362(Closure , Object , List`1 , ResolutionContext )
   at Yuebon.Commons.Mapping.MapperExtensions.MapTo[T](IEnumerable obj) in D:\Code_Vue\YuebonNetCore-master\Yuebon.NetCore\Yuebon.Commons\Mapping\MapperExtensions.cs:line 81
   at Yuebon.Commons.Services.BaseService`3.FindWithPagerAsync(SearchInputDto`1 search) in D:\Code_Vue\YuebonNetCore-master\Yuebon.NetCore\Yuebon.Commons\Core\Services\BaseService.cs:line 699
   at Yuebon.AspNetCore.Controllers.AreaApiController`5.FindWithPagerAsync(SearchInputDto`1 search) in D:\Code_Vue\YuebonNetCore-master\Yuebon.NetCore\Yuebon.AspNetCore\Mvc\AreaApiController.cs:line 468
   at lambda_method357(Closure , Object )
   at Microsoft.AspNetCore.Mvc.Infrastructure.ActionMethodExecutor.AwaitableObjectResultExecutor.Execute(IActionResultTypeMapper mapper, ObjectMethodExecutor executor, Object controller, Object[] arguments)
   at Microsoft.AspNetCore.Mvc.Infrastructure.ControllerActionInvoker.<InvokeActionMethodAsync>g__Logged|12_1(ControllerActionInvoker invoker)
   at Microsoft.AspNetCore.Mvc.Infrastructure.ControllerActionInvoker.<InvokeNextActionFilterAsync>g__Awaited|10_0(ControllerActionInvoker invoker, Task lastTask, State next, Scope scope, Object state, Boolean isCompleted)
   at Microsoft.AspNetCore.Mvc.Infrastructure.ControllerActionInvoker.Rethrow(ActionExecutedContextSealed context)
   at Microsoft.AspNetCore.Mvc.Infrastructure.ControllerActionInvoker.Next(State& next, Scope& scope, Object& state, Boolean& isCompleted)
   at Microsoft.AspNetCore.Mvc.Infrastructure.ControllerActionInvoker.<InvokeInnerFilterAsync>g__Awaited|13_0(ControllerActionInvoker invoker, Task lastTask, State next, Scope scope, Object state, Boolean isCompleted)
   at Microsoft.AspNetCore.Mvc.Infrastructure.ResourceInvoker.<InvokeNextExceptionFilterAsync>g__Awaited|26_0(ResourceInvoker invoker, Task lastTask, State next, Scope scope, Object state, Boolean isCompleted)
【17:45:23.971】  Error T21 
抛出信息：全局捕获程序运行异常信息
/api/Security/ZYM/FindWithPagerAsync 
异常类型：AutoMapperMappingException 
异常信息：Error mapping types.

Mapping types:
List`1 -> List`1
System.Collections.Generic.List`1[[Yuebon.Security.Models.ZYM, Yuebon.Security.Core, Version=1.3.2.41, Culture=neutral, PublicKeyToken=null]] -> System.Collections.Generic.List`1[[Yuebon.Security.Dtos.ZYMOutputDto, Yuebon.Security.Core, Version=1.3.2.41, Culture=neutral, PublicKeyToken=null]] 
【堆栈调用】：
   at lambda_method368(Closure , Object , List`1 , ResolutionContext )
   at Yuebon.Commons.Mapping.MapperExtensions.MapTo[T](IEnumerable obj) in D:\Code_Vue\YuebonNetCore-master\Yuebon.NetCore\Yuebon.Commons\Mapping\MapperExtensions.cs:line 81
   at Yuebon.Commons.Services.BaseServiceGeneric`3.FindWithPagerAsync(SearchInputDto`1 search) in D:\Code_Vue\YuebonNetCore-master\Yuebon.NetCore\Yuebon.Commons\Core\Services\BaseServiceGeneric.cs:line 699
   at Yuebon.AspNetCore.Controllers.AreaApiControllerGeneric`5.FindWithPagerAsync(SearchInputDto`1 search) in D:\Code_Vue\YuebonNetCore-master\Yuebon.NetCore\Yuebon.AspNetCore\Mvc\AreaApiControllerGeneric.cs:line 468
   at lambda_method363(Closure , Object )
   at Microsoft.AspNetCore.Mvc.Infrastructure.ActionMethodExecutor.AwaitableObjectResultExecutor.Execute(IActionResultTypeMapper mapper, ObjectMethodExecutor executor, Object controller, Object[] arguments)
   at Microsoft.AspNetCore.Mvc.Infrastructure.ControllerActionInvoker.<InvokeActionMethodAsync>g__Logged|12_1(ControllerActionInvoker invoker)
   at Microsoft.AspNetCore.Mvc.Infrastructure.ControllerActionInvoker.<InvokeNextActionFilterAsync>g__Awaited|10_0(ControllerActionInvoker invoker, Task lastTask, State next, Scope scope, Object state, Boolean isCompleted)
   at Microsoft.AspNetCore.Mvc.Infrastructure.ControllerActionInvoker.Rethrow(ActionExecutedContextSealed context)
   at Microsoft.AspNetCore.Mvc.Infrastructure.ControllerActionInvoker.Next(State& next, Scope& scope, Object& state, Boolean& isCompleted)
   at Microsoft.AspNetCore.Mvc.Infrastructure.ControllerActionInvoker.<InvokeInnerFilterAsync>g__Awaited|13_0(ControllerActionInvoker invoker, Task lastTask, State next, Scope scope, Object state, Boolean isCompleted)
   at Microsoft.AspNetCore.Mvc.Infrastructure.ResourceInvoker.<InvokeNextExceptionFilterAsync>g__Awaited|26_0(ResourceInvoker invoker, Task lastTask, State next, Scope scope, Object state, Boolean isCompleted)
【17:46:26.419】  Error T21 
抛出信息：全局捕获程序运行异常信息
/api/Security/ZYM/FindWithPagerAsync 
异常类型：AutoMapperMappingException 
异常信息：Error mapping types.

Mapping types:
List`1 -> List`1
System.Collections.Generic.List`1[[Yuebon.Security.Models.ZYM, Yuebon.Security.Core, Version=1.3.2.41, Culture=neutral, PublicKeyToken=null]] -> System.Collections.Generic.List`1[[Yuebon.Security.Dtos.ZYMOutputDto, Yuebon.Security.Core, Version=1.3.2.41, Culture=neutral, PublicKeyToken=null]] 
【堆栈调用】：
   at lambda_method368(Closure , Object , List`1 , ResolutionContext )
   at Yuebon.Commons.Mapping.MapperExtensions.MapTo[T](IEnumerable obj) in D:\Code_Vue\YuebonNetCore-master\Yuebon.NetCore\Yuebon.Commons\Mapping\MapperExtensions.cs:line 81
   at Yuebon.Commons.Services.BaseServiceGeneric`3.FindWithPagerAsync(SearchInputDto`1 search) in D:\Code_Vue\YuebonNetCore-master\Yuebon.NetCore\Yuebon.Commons\Core\Services\BaseServiceGeneric.cs:line 699
   at Yuebon.AspNetCore.Controllers.AreaApiControllerGeneric`5.FindWithPagerAsync(SearchInputDto`1 search) in D:\Code_Vue\YuebonNetCore-master\Yuebon.NetCore\Yuebon.AspNetCore\Mvc\AreaApiControllerGeneric.cs:line 468
   at lambda_method363(Closure , Object )
   at Microsoft.AspNetCore.Mvc.Infrastructure.ActionMethodExecutor.AwaitableObjectResultExecutor.Execute(IActionResultTypeMapper mapper, ObjectMethodExecutor executor, Object controller, Object[] arguments)
   at Microsoft.AspNetCore.Mvc.Infrastructure.ControllerActionInvoker.<InvokeActionMethodAsync>g__Logged|12_1(ControllerActionInvoker invoker)
   at Microsoft.AspNetCore.Mvc.Infrastructure.ControllerActionInvoker.<InvokeNextActionFilterAsync>g__Awaited|10_0(ControllerActionInvoker invoker, Task lastTask, State next, Scope scope, Object state, Boolean isCompleted)
   at Microsoft.AspNetCore.Mvc.Infrastructure.ControllerActionInvoker.Rethrow(ActionExecutedContextSealed context)
   at Microsoft.AspNetCore.Mvc.Infrastructure.ControllerActionInvoker.Next(State& next, Scope& scope, Object& state, Boolean& isCompleted)
   at Microsoft.AspNetCore.Mvc.Infrastructure.ControllerActionInvoker.<InvokeInnerFilterAsync>g__Awaited|13_0(ControllerActionInvoker invoker, Task lastTask, State next, Scope scope, Object state, Boolean isCompleted)
   at Microsoft.AspNetCore.Mvc.Infrastructure.ResourceInvoker.<InvokeNextExceptionFilterAsync>g__Awaited|26_0(ResourceInvoker invoker, Task lastTask, State next, Scope scope, Object state, Boolean isCompleted)
【17:51:24.145】  Error T24 
抛出信息：全局捕获程序运行异常信息
/api/Security/ZYM/FindWithPagerAsync 
异常类型：AutoMapperMappingException 
异常信息：Error mapping types.

Mapping types:
List`1 -> List`1
System.Collections.Generic.List`1[[Yuebon.Security.Models.ZYM, Yuebon.Security.Core, Version=1.3.2.41, Culture=neutral, PublicKeyToken=null]] -> System.Collections.Generic.List`1[[Yuebon.Security.Dtos.ZYMOutputDto, Yuebon.Security.Core, Version=1.3.2.41, Culture=neutral, PublicKeyToken=null]] 
【堆栈调用】：
   at lambda_method368(Closure , Object , List`1 , ResolutionContext )
   at Yuebon.Commons.Mapping.MapperExtensions.MapTo[T](IEnumerable obj) in D:\Code_Vue\YuebonNetCore-master\Yuebon.NetCore\Yuebon.Commons\Mapping\MapperExtensions.cs:line 81
   at Yuebon.Commons.Services.BaseServiceGeneric`3.FindWithPagerAsync(SearchInputDto`1 search) in D:\Code_Vue\YuebonNetCore-master\Yuebon.NetCore\Yuebon.Commons\Core\Services\BaseServiceGeneric.cs:line 699
   at Yuebon.AspNetCore.Controllers.AreaApiControllerGeneric`5.FindWithPagerAsync(SearchInputDto`1 search) in D:\Code_Vue\YuebonNetCore-master\Yuebon.NetCore\Yuebon.AspNetCore\Mvc\AreaApiControllerGeneric.cs:line 468
   at lambda_method363(Closure , Object )
   at Microsoft.AspNetCore.Mvc.Infrastructure.ActionMethodExecutor.AwaitableObjectResultExecutor.Execute(IActionResultTypeMapper mapper, ObjectMethodExecutor executor, Object controller, Object[] arguments)
   at Microsoft.AspNetCore.Mvc.Infrastructure.ControllerActionInvoker.<InvokeActionMethodAsync>g__Logged|12_1(ControllerActionInvoker invoker)
   at Microsoft.AspNetCore.Mvc.Infrastructure.ControllerActionInvoker.<InvokeNextActionFilterAsync>g__Awaited|10_0(ControllerActionInvoker invoker, Task lastTask, State next, Scope scope, Object state, Boolean isCompleted)
   at Microsoft.AspNetCore.Mvc.Infrastructure.ControllerActionInvoker.Rethrow(ActionExecutedContextSealed context)
   at Microsoft.AspNetCore.Mvc.Infrastructure.ControllerActionInvoker.Next(State& next, Scope& scope, Object& state, Boolean& isCompleted)
   at Microsoft.AspNetCore.Mvc.Infrastructure.ControllerActionInvoker.InvokeInnerFilterAsync()
--- End of stack trace from previous location ---
   at Microsoft.AspNetCore.Mvc.Infrastructure.ResourceInvoker.<InvokeNextExceptionFilterAsync>g__Awaited|26_0(ResourceInvoker invoker, Task lastTask, State next, Scope scope, Object state, Boolean isCompleted)
【17:57:53.792】  Error T10 
抛出信息：全局捕获程序运行异常信息
/api/Security/ZYM/FindWithPagerAsync 
异常类型：AutoMapperMappingException 
异常信息：Error mapping types.

Mapping types:
List`1 -> List`1
System.Collections.Generic.List`1[[Yuebon.Security.Models.ZYM, Yuebon.Security.Core, Version=1.3.2.41, Culture=neutral, PublicKeyToken=null]] -> System.Collections.Generic.List`1[[Yuebon.Security.Dtos.ZYMOutputDto, Yuebon.Security.Core, Version=1.3.2.41, Culture=neutral, PublicKeyToken=null]] 
【堆栈调用】：
   at lambda_method33(Closure , Object , List`1 , ResolutionContext )
   at Yuebon.Commons.Mapping.MapperExtensions.MapTo[T](IEnumerable obj) in D:\Code_Vue\YuebonNetCore-master\Yuebon.NetCore\Yuebon.Commons\Mapping\MapperExtensions.cs:line 81
   at Yuebon.Commons.Services.BaseServiceGeneric`3.FindWithPagerAsync(SearchInputDto`1 search) in D:\Code_Vue\YuebonNetCore-master\Yuebon.NetCore\Yuebon.Commons\Core\Services\BaseServiceGeneric.cs:line 699
   at Yuebon.AspNetCore.Controllers.AreaApiControllerGeneric`5.FindWithPagerAsync(SearchInputDto`1 search) in D:\Code_Vue\YuebonNetCore-master\Yuebon.NetCore\Yuebon.AspNetCore\Mvc\AreaApiControllerGeneric.cs:line 468
   at lambda_method28(Closure , Object )
   at Microsoft.AspNetCore.Mvc.Infrastructure.ActionMethodExecutor.AwaitableObjectResultExecutor.Execute(IActionResultTypeMapper mapper, ObjectMethodExecutor executor, Object controller, Object[] arguments)
   at Microsoft.AspNetCore.Mvc.Infrastructure.ControllerActionInvoker.<InvokeActionMethodAsync>g__Logged|12_1(ControllerActionInvoker invoker)
   at Microsoft.AspNetCore.Mvc.Infrastructure.ControllerActionInvoker.<InvokeNextActionFilterAsync>g__Awaited|10_0(ControllerActionInvoker invoker, Task lastTask, State next, Scope scope, Object state, Boolean isCompleted)
   at Microsoft.AspNetCore.Mvc.Infrastructure.ControllerActionInvoker.Rethrow(ActionExecutedContextSealed context)
   at Microsoft.AspNetCore.Mvc.Infrastructure.ControllerActionInvoker.Next(State& next, Scope& scope, Object& state, Boolean& isCompleted)
   at Microsoft.AspNetCore.Mvc.Infrastructure.ControllerActionInvoker.<InvokeInnerFilterAsync>g__Awaited|13_0(ControllerActionInvoker invoker, Task lastTask, State next, Scope scope, Object state, Boolean isCompleted)
   at Microsoft.AspNetCore.Mvc.Infrastructure.ResourceInvoker.<InvokeNextExceptionFilterAsync>g__Awaited|26_0(ResourceInvoker invoker, Task lastTask, State next, Scope scope, Object state, Boolean isCompleted)
【18:06:07.053】  Error T6 
抛出信息：全局捕获程序运行异常信息
/api/Security/ZYM/FindWithPagerAsync 
异常类型：AutoMapperMappingException 
异常信息：Error mapping types.

Mapping types:
List`1 -> List`1
System.Collections.Generic.List`1[[Yuebon.Security.Models.ZYM, Yuebon.Security.Core, Version=1.3.2.41, Culture=neutral, PublicKeyToken=null]] -> System.Collections.Generic.List`1[[Yuebon.Security.Dtos.ZYMOutputDto, Yuebon.Security.Core, Version=1.3.2.41, Culture=neutral, PublicKeyToken=null]] 
【堆栈调用】：
   at lambda_method33(Closure , Object , List`1 , ResolutionContext )
   at Yuebon.Commons.Mapping.MapperExtensions.MapTo[T](IEnumerable obj) in D:\Code_Vue\YuebonNetCore-master\Yuebon.NetCore\Yuebon.Commons\Mapping\MapperExtensions.cs:line 81
   at Yuebon.Commons.Services.BaseServiceGeneric`3.FindWithPagerAsync(SearchInputDto`1 search) in D:\Code_Vue\YuebonNetCore-master\Yuebon.NetCore\Yuebon.Commons\Core\Services\BaseServiceGeneric.cs:line 699
   at Yuebon.AspNetCore.Controllers.AreaApiControllerGeneric`5.FindWithPagerAsync(SearchInputDto`1 search) in D:\Code_Vue\YuebonNetCore-master\Yuebon.NetCore\Yuebon.AspNetCore\Mvc\AreaApiControllerGeneric.cs:line 468
   at lambda_method28(Closure , Object )
   at Microsoft.AspNetCore.Mvc.Infrastructure.ActionMethodExecutor.AwaitableObjectResultExecutor.Execute(IActionResultTypeMapper mapper, ObjectMethodExecutor executor, Object controller, Object[] arguments)
   at Microsoft.AspNetCore.Mvc.Infrastructure.ControllerActionInvoker.<InvokeActionMethodAsync>g__Logged|12_1(ControllerActionInvoker invoker)
   at Microsoft.AspNetCore.Mvc.Infrastructure.ControllerActionInvoker.<InvokeNextActionFilterAsync>g__Awaited|10_0(ControllerActionInvoker invoker, Task lastTask, State next, Scope scope, Object state, Boolean isCompleted)
   at Microsoft.AspNetCore.Mvc.Infrastructure.ControllerActionInvoker.Rethrow(ActionExecutedContextSealed context)
   at Microsoft.AspNetCore.Mvc.Infrastructure.ControllerActionInvoker.Next(State& next, Scope& scope, Object& state, Boolean& isCompleted)
   at Microsoft.AspNetCore.Mvc.Infrastructure.ControllerActionInvoker.<InvokeInnerFilterAsync>g__Awaited|13_0(ControllerActionInvoker invoker, Task lastTask, State next, Scope scope, Object state, Boolean isCompleted)
   at Microsoft.AspNetCore.Mvc.Infrastructure.ResourceInvoker.<InvokeNextExceptionFilterAsync>g__Awaited|26_0(ResourceInvoker invoker, Task lastTask, State next, Scope scope, Object state, Boolean isCompleted)
【18:06:43.575】  Error T9 
抛出信息：全局捕获程序运行异常信息
/api/Security/ZYM/FindWithPagerAsync 
异常类型：AutoMapperMappingException 
异常信息：Error mapping types.

Mapping types:
List`1 -> List`1
System.Collections.Generic.List`1[[Yuebon.Security.Models.ZYM, Yuebon.Security.Core, Version=1.3.2.41, Culture=neutral, PublicKeyToken=null]] -> System.Collections.Generic.List`1[[Yuebon.Security.Dtos.ZYMOutputDto, Yuebon.Security.Core, Version=1.3.2.41, Culture=neutral, PublicKeyToken=null]] 
【堆栈调用】：
   at lambda_method33(Closure , Object , List`1 , ResolutionContext )
   at Yuebon.Commons.Mapping.MapperExtensions.MapTo[T](IEnumerable obj) in D:\Code_Vue\YuebonNetCore-master\Yuebon.NetCore\Yuebon.Commons\Mapping\MapperExtensions.cs:line 81
   at Yuebon.Commons.Services.BaseServiceGeneric`3.FindWithPagerAsync(SearchInputDto`1 search) in D:\Code_Vue\YuebonNetCore-master\Yuebon.NetCore\Yuebon.Commons\Core\Services\BaseServiceGeneric.cs:line 699
   at Yuebon.AspNetCore.Controllers.AreaApiControllerGeneric`5.FindWithPagerAsync(SearchInputDto`1 search) in D:\Code_Vue\YuebonNetCore-master\Yuebon.NetCore\Yuebon.AspNetCore\Mvc\AreaApiControllerGeneric.cs:line 468
   at lambda_method28(Closure , Object )
   at Microsoft.AspNetCore.Mvc.Infrastructure.ActionMethodExecutor.AwaitableObjectResultExecutor.Execute(IActionResultTypeMapper mapper, ObjectMethodExecutor executor, Object controller, Object[] arguments)
   at Microsoft.AspNetCore.Mvc.Infrastructure.ControllerActionInvoker.<InvokeActionMethodAsync>g__Logged|12_1(ControllerActionInvoker invoker)
   at Microsoft.AspNetCore.Mvc.Infrastructure.ControllerActionInvoker.<InvokeNextActionFilterAsync>g__Awaited|10_0(ControllerActionInvoker invoker, Task lastTask, State next, Scope scope, Object state, Boolean isCompleted)
   at Microsoft.AspNetCore.Mvc.Infrastructure.ControllerActionInvoker.Rethrow(ActionExecutedContextSealed context)
   at Microsoft.AspNetCore.Mvc.Infrastructure.ControllerActionInvoker.Next(State& next, Scope& scope, Object& state, Boolean& isCompleted)
   at Microsoft.AspNetCore.Mvc.Infrastructure.ControllerActionInvoker.<InvokeInnerFilterAsync>g__Awaited|13_0(ControllerActionInvoker invoker, Task lastTask, State next, Scope scope, Object state, Boolean isCompleted)
   at Microsoft.AspNetCore.Mvc.Infrastructure.ResourceInvoker.<InvokeNextExceptionFilterAsync>g__Awaited|26_0(ResourceInvoker invoker, Task lastTask, State next, Scope scope, Object state, Boolean isCompleted)
【18:08:46.285】  Error T9 
抛出信息：全局捕获程序运行异常信息
/api/Security/ZYM/FindWithPagerAsync 
异常类型：AutoMapperMappingException 
异常信息：Error mapping types.

Mapping types:
List`1 -> List`1
System.Collections.Generic.List`1[[Yuebon.Security.Models.ZYM, Yuebon.Security.Core, Version=1.3.2.41, Culture=neutral, PublicKeyToken=null]] -> System.Collections.Generic.List`1[[Yuebon.Security.Dtos.ZYMOutputDto, Yuebon.Security.Core, Version=1.3.2.41, Culture=neutral, PublicKeyToken=null]] 
【堆栈调用】：
   at lambda_method33(Closure , Object , List`1 , ResolutionContext )
   at Yuebon.Commons.Mapping.MapperExtensions.MapTo[T](IEnumerable obj) in D:\Code_Vue\YuebonNetCore-master\Yuebon.NetCore\Yuebon.Commons\Mapping\MapperExtensions.cs:line 81
   at Yuebon.Commons.Services.BaseServiceGeneric`3.FindWithPagerAsync(SearchInputDto`1 search) in D:\Code_Vue\YuebonNetCore-master\Yuebon.NetCore\Yuebon.Commons\Core\Services\BaseServiceGeneric.cs:line 699
   at Yuebon.AspNetCore.Controllers.AreaApiControllerGeneric`5.FindWithPagerAsync(SearchInputDto`1 search) in D:\Code_Vue\YuebonNetCore-master\Yuebon.NetCore\Yuebon.AspNetCore\Mvc\AreaApiControllerGeneric.cs:line 468
   at lambda_method28(Closure , Object )
   at Microsoft.AspNetCore.Mvc.Infrastructure.ActionMethodExecutor.AwaitableObjectResultExecutor.Execute(IActionResultTypeMapper mapper, ObjectMethodExecutor executor, Object controller, Object[] arguments)
   at Microsoft.AspNetCore.Mvc.Infrastructure.ControllerActionInvoker.<InvokeActionMethodAsync>g__Logged|12_1(ControllerActionInvoker invoker)
   at Microsoft.AspNetCore.Mvc.Infrastructure.ControllerActionInvoker.<InvokeNextActionFilterAsync>g__Awaited|10_0(ControllerActionInvoker invoker, Task lastTask, State next, Scope scope, Object state, Boolean isCompleted)
   at Microsoft.AspNetCore.Mvc.Infrastructure.ControllerActionInvoker.Rethrow(ActionExecutedContextSealed context)
   at Microsoft.AspNetCore.Mvc.Infrastructure.ControllerActionInvoker.Next(State& next, Scope& scope, Object& state, Boolean& isCompleted)
   at Microsoft.AspNetCore.Mvc.Infrastructure.ControllerActionInvoker.<InvokeInnerFilterAsync>g__Awaited|13_0(ControllerActionInvoker invoker, Task lastTask, State next, Scope scope, Object state, Boolean isCompleted)
   at Microsoft.AspNetCore.Mvc.Infrastructure.ResourceInvoker.<InvokeNextExceptionFilterAsync>g__Awaited|26_0(ResourceInvoker invoker, Task lastTask, State next, Scope scope, Object state, Boolean isCompleted)
【18:09:15.663】  Error T24 
抛出信息：全局捕获程序运行异常信息
/api/Security/ZYM/FindWithPagerAsync 
异常类型：AutoMapperMappingException 
异常信息：Error mapping types.

Mapping types:
List`1 -> List`1
System.Collections.Generic.List`1[[Yuebon.Security.Models.ZYM, Yuebon.Security.Core, Version=1.3.2.41, Culture=neutral, PublicKeyToken=null]] -> System.Collections.Generic.List`1[[Yuebon.Security.Dtos.ZYMOutputDto, Yuebon.Security.Core, Version=1.3.2.41, Culture=neutral, PublicKeyToken=null]] 
【堆栈调用】：
   at lambda_method33(Closure , Object , List`1 , ResolutionContext )
   at Yuebon.Commons.Mapping.MapperExtensions.MapTo[T](IEnumerable obj) in D:\Code_Vue\YuebonNetCore-master\Yuebon.NetCore\Yuebon.Commons\Mapping\MapperExtensions.cs:line 81
   at Yuebon.Commons.Services.BaseServiceGeneric`3.FindWithPagerAsync(SearchInputDto`1 search) in D:\Code_Vue\YuebonNetCore-master\Yuebon.NetCore\Yuebon.Commons\Core\Services\BaseServiceGeneric.cs:line 699
   at Yuebon.AspNetCore.Controllers.AreaApiControllerGeneric`5.FindWithPagerAsync(SearchInputDto`1 search) in D:\Code_Vue\YuebonNetCore-master\Yuebon.NetCore\Yuebon.AspNetCore\Mvc\AreaApiControllerGeneric.cs:line 468
   at lambda_method28(Closure , Object )
   at Microsoft.AspNetCore.Mvc.Infrastructure.ActionMethodExecutor.AwaitableObjectResultExecutor.Execute(IActionResultTypeMapper mapper, ObjectMethodExecutor executor, Object controller, Object[] arguments)
   at Microsoft.AspNetCore.Mvc.Infrastructure.ControllerActionInvoker.<InvokeActionMethodAsync>g__Logged|12_1(ControllerActionInvoker invoker)
   at Microsoft.AspNetCore.Mvc.Infrastructure.ControllerActionInvoker.<InvokeNextActionFilterAsync>g__Awaited|10_0(ControllerActionInvoker invoker, Task lastTask, State next, Scope scope, Object state, Boolean isCompleted)
   at Microsoft.AspNetCore.Mvc.Infrastructure.ControllerActionInvoker.Rethrow(ActionExecutedContextSealed context)
   at Microsoft.AspNetCore.Mvc.Infrastructure.ControllerActionInvoker.Next(State& next, Scope& scope, Object& state, Boolean& isCompleted)
   at Microsoft.AspNetCore.Mvc.Infrastructure.ControllerActionInvoker.<InvokeInnerFilterAsync>g__Awaited|13_0(ControllerActionInvoker invoker, Task lastTask, State next, Scope scope, Object state, Boolean isCompleted)
   at Microsoft.AspNetCore.Mvc.Infrastructure.ResourceInvoker.<InvokeNextExceptionFilterAsync>g__Awaited|26_0(ResourceInvoker invoker, Task lastTask, State next, Scope scope, Object state, Boolean isCompleted)
