【17:49:44.580】  Error T5 
抛出信息：获取 Clone 异常 
异常类型：InvalidOperationException 
异常信息：Sequence contains no elements 
堆栈调用：
   at System.Linq.ThrowHelper.ThrowNoElementsException()
   at Dapper.SqlMapper.ThrowZeroRows(Row row) in /_/Dapper/SqlMapper.cs:line 1167
   at Dapper.SqlMapper.QueryRowAsync[T](IDbConnection cnn, Row row, Type effectiveType, CommandDefinition command) in /_/Dapper/SqlMapper.Async.cs:line 487
   at Yuebon.Security.Repositories.SC_mesSNFormatRepository.GetConfInfo(Int32 I_Language, Int32 I_LineID, Int32 I_StationID, Int32 I_EmployeeID, String S_CurrentLoginIP) in D:\Code\VUE\SFC_DB_API_+XiaoDong\Yuebon.NetCore\Yuebon.Security.Core\SysConfig\4-Repositories\SN\SC_mesSNFormatRepository.cs:line 76
   at Yuebon.Security.Services.SC_mesSNFormatService.GetConfInfo(Int32 I_Language, Int32 I_LineID, Int32 I_StationID, Int32 I_EmployeeID, String S_CurrentLoginIP) in D:\Code\VUE\SFC_DB_API_+XiaoDong\Yuebon.NetCore\Yuebon.Security.Core\SysConfig\6-Services\SN\SC_mesSNFormatService.cs:line 40
   at Yuebon.WebApi.Areas.Security.Controllers.SC_mesSNFormatController.Clone(SC_mesSNFormat v_SC_mesSNFormat) in D:\Code\VUE\SFC_DB_API_+XiaoDong\Yuebon.WebApi\SysConfig\SN\SC_SNFormatController.cs:line 238
【17:50:11.224】  Error T5 
抛出信息：获取 Clone 异常 
异常类型：InvalidOperationException 
异常信息：Sequence contains no elements 
堆栈调用：
   at System.Linq.ThrowHelper.ThrowNoElementsException()
   at Dapper.SqlMapper.ThrowZeroRows(Row row) in /_/Dapper/SqlMapper.cs:line 1167
   at Dapper.SqlMapper.QueryRowAsync[T](IDbConnection cnn, Row row, Type effectiveType, CommandDefinition command) in /_/Dapper/SqlMapper.Async.cs:line 487
   at Yuebon.Security.Repositories.SC_mesSNFormatRepository.GetConfInfo(Int32 I_Language, Int32 I_LineID, Int32 I_StationID, Int32 I_EmployeeID, String S_CurrentLoginIP) in D:\Code\VUE\SFC_DB_API_+XiaoDong\Yuebon.NetCore\Yuebon.Security.Core\SysConfig\4-Repositories\SN\SC_mesSNFormatRepository.cs:line 76
   at Yuebon.Security.Services.SC_mesSNFormatService.GetConfInfo(Int32 I_Language, Int32 I_LineID, Int32 I_StationID, Int32 I_EmployeeID, String S_CurrentLoginIP) in D:\Code\VUE\SFC_DB_API_+XiaoDong\Yuebon.NetCore\Yuebon.Security.Core\SysConfig\6-Services\SN\SC_mesSNFormatService.cs:line 40
   at Yuebon.WebApi.Areas.Security.Controllers.SC_mesSNFormatController.Clone(SC_mesSNFormat v_SC_mesSNFormat) in D:\Code\VUE\SFC_DB_API_+XiaoDong\Yuebon.WebApi\SysConfig\SN\SC_SNFormatController.cs:line 238
【17:55:42.310】  Error T41 
抛出信息：获取 mesLabel Clone 异常 
异常类型：InvalidOperationException 
异常信息：Sequence contains no elements 
堆栈调用：
   at System.Linq.ThrowHelper.ThrowNoElementsException()
   at Dapper.SqlMapper.ThrowZeroRows(Row row) in /_/Dapper/SqlMapper.cs:line 1167
   at Dapper.SqlMapper.QueryRowAsync[T](IDbConnection cnn, Row row, Type effectiveType, CommandDefinition command) in /_/Dapper/SqlMapper.Async.cs:line 487
   at Yuebon.Security.Repositories.SC_mesLabelRepository.GetConfInfo(Int32 I_Language, Int32 I_LineID, Int32 I_StationID, Int32 I_EmployeeID, String S_CurrentLoginIP) in D:\Code\VUE\SFC_DB_API_+XiaoDong\Yuebon.NetCore\Yuebon.Security.Core\SysConfig\4-Repositories\Label\SC_mesLabelRepository.cs:line 75
   at Yuebon.Security.Services.SC_mesLabelService.GetConfInfo(Int32 I_Language, Int32 I_LineID, Int32 I_StationID, Int32 I_EmployeeID, String S_CurrentLoginIP) in D:\Code\VUE\SFC_DB_API_+XiaoDong\Yuebon.NetCore\Yuebon.Security.Core\SysConfig\6-Services\Label\SC_mesLabelService.cs:line 40
   at Yuebon.WebApi.Areas.Security.Controllers.SC_mesLabelController.Clone(SC_mesLabel v_SC_mesLabel) in D:\Code\VUE\SFC_DB_API_+XiaoDong\Yuebon.WebApi\SysConfig\Label\SC_mesLabelController.cs:line 240
【17:55:59.525】  Error T43 
抛出信息：获取 mesLabel Clone 异常 
异常类型：InvalidOperationException 
异常信息：Sequence contains no elements 
堆栈调用：
   at System.Linq.ThrowHelper.ThrowNoElementsException()
   at Dapper.SqlMapper.ThrowZeroRows(Row row) in /_/Dapper/SqlMapper.cs:line 1167
   at Dapper.SqlMapper.QueryRowAsync[T](IDbConnection cnn, Row row, Type effectiveType, CommandDefinition command) in /_/Dapper/SqlMapper.Async.cs:line 487
   at Yuebon.Security.Repositories.SC_mesLabelRepository.GetConfInfo(Int32 I_Language, Int32 I_LineID, Int32 I_StationID, Int32 I_EmployeeID, String S_CurrentLoginIP) in D:\Code\VUE\SFC_DB_API_+XiaoDong\Yuebon.NetCore\Yuebon.Security.Core\SysConfig\4-Repositories\Label\SC_mesLabelRepository.cs:line 75
   at Yuebon.Security.Services.SC_mesLabelService.GetConfInfo(Int32 I_Language, Int32 I_LineID, Int32 I_StationID, Int32 I_EmployeeID, String S_CurrentLoginIP) in D:\Code\VUE\SFC_DB_API_+XiaoDong\Yuebon.NetCore\Yuebon.Security.Core\SysConfig\6-Services\Label\SC_mesLabelService.cs:line 40
   at Yuebon.WebApi.Areas.Security.Controllers.SC_mesLabelController.Clone(SC_mesLabel v_SC_mesLabel) in D:\Code\VUE\SFC_DB_API_+XiaoDong\Yuebon.WebApi\SysConfig\Label\SC_mesLabelController.cs:line 240
