[10:56:42] (Info) 方法名称：MoveNext
日志内容：开始启动定时任务
[10:56:42] (Info) 方法名称：MoveNext
日志内容：启动定时任务AAA
[11:01:04] (Info) 方法名称：MoveNext
日志内容：开始启动定时任务
[11:01:04] (Info) 方法名称：MoveNext
日志内容：启动定时任务AAA
[11:50:23] (Info) 方法名称：MoveNext
日志内容：开始启动定时任务
[11:50:23] (Info) 方法名称：MoveNext
日志内容：启动定时任务AAA
[13:14:31] (Info) 方法名称：MoveNext
日志内容：开始启动定时任务
[13:14:31] (Info) 方法名称：MoveNext
日志内容：启动定时任务AAA
[13:18:36] (Info) 方法名称：MoveNext
日志内容：开始启动定时任务
[13:18:36] (Info) 方法名称：MoveNext
日志内容：启动定时任务AAA
[13:22:57] (Info) 方法名称：MoveNext
日志内容：开始启动定时任务
[13:22:57] (Info) 方法名称：MoveNext
日志内容：启动定时任务AAA
[13:26:18] (Info) 方法名称：MoveNext
日志内容：开始启动定时任务
[13:26:18] (Info) 方法名称：MoveNext
日志内容：启动定时任务AAA
[13:29:06] (Info) 方法名称：MoveNext
日志内容：开始启动定时任务
[13:29:06] (Info) 方法名称：MoveNext
日志内容：启动定时任务AAA
[13:32:55] (Info) 方法名称：MoveNext
日志内容：开始启动定时任务
[13:32:55] (Info) 方法名称：MoveNext
日志内容：启动定时任务AAA
[13:42:33] (Info) 方法名称：MoveNext
日志内容：开始启动定时任务
[13:42:33] (Info) 方法名称：MoveNext
日志内容：启动定时任务AAA
[13:49:32] (Info) 方法名称：MoveNext
日志内容：开始启动定时任务
[13:49:32] (Info) 方法名称：MoveNext
日志内容：启动定时任务AAA
[14:22:13] (Info) 方法名称：MoveNext
日志内容：开始启动定时任务
[14:22:13] (Info) 方法名称：MoveNext
日志内容：启动定时任务AAA
[14:35:39] (Info) 方法名称：MoveNext
日志内容：开始启动定时任务
[14:35:39] (Info) 方法名称：MoveNext
日志内容：启动定时任务AAA
[14:37:45] (Info) 方法名称：MoveNext
日志内容：开始启动定时任务
[14:37:45] (Info) 方法名称：MoveNext
日志内容：启动定时任务AAA
[14:42:50] (Info) 方法名称：MoveNext
日志内容：开始启动定时任务
[14:42:50] (Info) 方法名称：MoveNext
日志内容：启动定时任务AAA
[14:52:42] (Info) 方法名称：MoveNext
日志内容：开始启动定时任务
[14:52:42] (Info) 方法名称：MoveNext
日志内容：启动定时任务AAA
[14:55:08] (Info) 方法名称：MoveNext
日志内容：开始启动定时任务
[14:55:08] (Info) 方法名称：MoveNext
日志内容：启动定时任务AAA
[15:38:23] (Info) 方法名称：Execute
日志内容：2022-04-13 15:38:23执行任务
[15:42:29] (Info) 方法名称：MoveNext
日志内容：开始启动定时任务
[15:42:29] (Info) 方法名称：MoveNext
日志内容：启动定时任务AAA
[16:01:54] (Info) 方法名称：MoveNext
日志内容：开始启动定时任务
[16:01:54] (Info) 方法名称：MoveNext
日志内容：启动定时任务AAA
[16:05:06] (Info) 方法名称：MoveNext
日志内容：开始启动定时任务
[16:05:06] (Info) 方法名称：MoveNext
日志内容：启动定时任务AAA
[16:07:11] (Info) 方法名称：MoveNext
日志内容：开始启动定时任务
[16:07:11] (Info) 方法名称：MoveNext
日志内容：启动定时任务AAA
[16:12:46] (Info) 方法名称：MoveNext
日志内容：开始启动定时任务
[16:12:46] (Info) 方法名称：MoveNext
日志内容：启动定时任务AAA
[16:17:25] (Info) 方法名称：MoveNext
日志内容：开始启动定时任务
[16:17:25] (Info) 方法名称：MoveNext
日志内容：启动定时任务AAA
[16:20:08] (Info) 方法名称：MoveNext
日志内容：开始启动定时任务
[16:20:08] (Info) 方法名称：MoveNext
日志内容：启动定时任务AAA
[16:26:30] (Info) 方法名称：MoveNext
日志内容：开始启动定时任务
[16:26:30] (Info) 方法名称：MoveNext
日志内容：启动定时任务AAA
[18:02:14] (Info) 方法名称：MoveNext
日志内容：开始启动定时任务
[18:02:14] (Info) 方法名称：MoveNext
日志内容：启动定时任务AAA
[18:26:40] (Info) 方法名称：MoveNext
日志内容：开始启动定时任务
[18:26:41] (Info) 方法名称：MoveNext
日志内容：启动定时任务AAA
[18:30:37] (Info) 方法名称：MoveNext
日志内容：开始启动定时任务
[18:30:37] (Info) 方法名称：MoveNext
日志内容：启动定时任务AAA
[18:31:59] (Info) 方法名称：MoveNext
日志内容：开始启动定时任务
[18:31:59] (Info) 方法名称：MoveNext
日志内容：启动定时任务AAA
[18:36:10] (Info) 方法名称：MoveNext
日志内容：开始启动定时任务
[18:36:10] (Info) 方法名称：MoveNext
日志内容：启动定时任务AAA
[18:37:58] (Info) 方法名称：MoveNext
日志内容：开始启动定时任务
[18:37:58] (Info) 方法名称：MoveNext
日志内容：启动定时任务AAA
