【17:04:03.744】  Error T43 
抛出信息：获取 InsertDetail 异常 
异常类型：InvalidOperationException 
异常信息：Sequence contains no elements 
堆栈调用：
   at System.Linq.ThrowHelper.ThrowNoElementsException()
   at Dapper.SqlMapper.ThrowZeroRows(Row row) in /_/Dapper/SqlMapper.cs:line 1167
   at Dapper.SqlMapper.QueryRowAsync[T](IDbConnection cnn, Row row, Type effectiveType, CommandDefinition command) in /_/Dapper/SqlMapper.Async.cs:line 487
   at Yuebon.Security.Repositories.SC_mesSNFormatRepository.GetConfInfo(Int32 I_Language, Int32 I_LineID, Int32 I_StationID, Int32 I_EmployeeID, String S_CurrentLoginIP) in D:\Code\VUE\SFC_DB_API_+XiaoDong\Yuebon.NetCore\Yuebon.Security.Core\SysConfig\4-Repositories\SN\SC_mesSNFormatRepository.cs:line 75
   at Yuebon.Security.Services.SC_mesSNFormatService.GetConfInfo(Int32 I_Language, Int32 I_LineID, Int32 I_StationID, Int32 I_EmployeeID, String S_CurrentLoginIP) in D:\Code\VUE\SFC_DB_API_+XiaoDong\Yuebon.NetCore\Yuebon.Security.Core\SysConfig\6-Services\SN\SC_mesSNFormatService.cs:line 40
   at Yuebon.WebApi.Areas.Security.Controllers.SC_mesSNFormatController.InsertDetail(String ParentId, SC_mesSNSectionEdit v_DetailDto) in D:\Code\VUE\SFC_DB_API_+XiaoDong\Yuebon.WebApi\SysConfig\SN\SC_SNFormatController.cs:line 381
【17:04:52.915】  Error T40 
抛出信息：获取 InsertDetail 异常 
异常类型：InvalidOperationException 
异常信息：Sequence contains no elements 
堆栈调用：
   at System.Linq.ThrowHelper.ThrowNoElementsException()
   at Dapper.SqlMapper.ThrowZeroRows(Row row) in /_/Dapper/SqlMapper.cs:line 1167
   at Dapper.SqlMapper.QueryRowAsync[T](IDbConnection cnn, Row row, Type effectiveType, CommandDefinition command) in /_/Dapper/SqlMapper.Async.cs:line 487
   at Yuebon.Security.Repositories.SC_mesSNFormatRepository.GetConfInfo(Int32 I_Language, Int32 I_LineID, Int32 I_StationID, Int32 I_EmployeeID, String S_CurrentLoginIP) in D:\Code\VUE\SFC_DB_API_+XiaoDong\Yuebon.NetCore\Yuebon.Security.Core\SysConfig\4-Repositories\SN\SC_mesSNFormatRepository.cs:line 75
   at Yuebon.Security.Services.SC_mesSNFormatService.GetConfInfo(Int32 I_Language, Int32 I_LineID, Int32 I_StationID, Int32 I_EmployeeID, String S_CurrentLoginIP) in D:\Code\VUE\SFC_DB_API_+XiaoDong\Yuebon.NetCore\Yuebon.Security.Core\SysConfig\6-Services\SN\SC_mesSNFormatService.cs:line 40
   at Yuebon.WebApi.Areas.Security.Controllers.SC_mesSNFormatController.InsertDetail(String ParentId, SC_mesSNSectionEdit v_DetailDto) in D:\Code\VUE\SFC_DB_API_+XiaoDong\Yuebon.WebApi\SysConfig\SN\SC_SNFormatController.cs:line 381
【17:05:23.008】  Error T48 
抛出信息：获取 InsertDetail 异常 
异常类型：InvalidOperationException 
异常信息：Sequence contains no elements 
堆栈调用：
   at System.Linq.ThrowHelper.ThrowNoElementsException()
   at Dapper.SqlMapper.ThrowZeroRows(Row row) in /_/Dapper/SqlMapper.cs:line 1167
   at Dapper.SqlMapper.QueryRowAsync[T](IDbConnection cnn, Row row, Type effectiveType, CommandDefinition command) in /_/Dapper/SqlMapper.Async.cs:line 487
   at Yuebon.Security.Repositories.SC_mesSNFormatRepository.GetConfInfo(Int32 I_Language, Int32 I_LineID, Int32 I_StationID, Int32 I_EmployeeID, String S_CurrentLoginIP) in D:\Code\VUE\SFC_DB_API_+XiaoDong\Yuebon.NetCore\Yuebon.Security.Core\SysConfig\4-Repositories\SN\SC_mesSNFormatRepository.cs:line 75
   at Yuebon.Security.Services.SC_mesSNFormatService.GetConfInfo(Int32 I_Language, Int32 I_LineID, Int32 I_StationID, Int32 I_EmployeeID, String S_CurrentLoginIP) in D:\Code\VUE\SFC_DB_API_+XiaoDong\Yuebon.NetCore\Yuebon.Security.Core\SysConfig\6-Services\SN\SC_mesSNFormatService.cs:line 40
   at Yuebon.WebApi.Areas.Security.Controllers.SC_mesSNFormatController.InsertDetail(String ParentId, SC_mesSNSectionEdit v_DetailDto) in D:\Code\VUE\SFC_DB_API_+XiaoDong\Yuebon.WebApi\SysConfig\SN\SC_SNFormatController.cs:line 381
【18:13:25.009】  Error T28 
抛出信息：获取 Delete 异常 
异常类型：InvalidOperationException 
异常信息：Sequence contains no elements 
堆栈调用：
   at System.Linq.ThrowHelper.ThrowNoElementsException()
   at Dapper.SqlMapper.ThrowZeroRows(Row row) in /_/Dapper/SqlMapper.cs:line 1167
   at Dapper.SqlMapper.QueryRowAsync[T](IDbConnection cnn, Row row, Type effectiveType, CommandDefinition command) in /_/Dapper/SqlMapper.Async.cs:line 487
   at Yuebon.Security.Repositories.SC_IdNameDescRepository.GetConfInfo(Int32 I_Language, Int32 I_LineID, Int32 I_StationID, Int32 I_EmployeeID, String S_CurrentLoginIP) in D:\Code\VUE\SFC_DB_API_+XiaoDong\Yuebon.NetCore\Yuebon.Security.Core\SysConfig\4-Repositories\Public\SC_IdNameDescRepository.cs:line 74
   at Yuebon.Security.Services.SC_IdNameDescService.GetConfInfo(Int32 I_Language, Int32 I_LineID, Int32 I_StationID, Int32 I_EmployeeID, String S_CurrentLoginIP) in D:\Code\VUE\SFC_DB_API_+XiaoDong\Yuebon.NetCore\Yuebon.Security.Core\SysConfig\6-Services\Public\SC_IdNameDescService.cs:line 40
   at Yuebon.WebApi.Areas.Security.Controllers.SC_SNFamilyController.Delete(String Id) in D:\Code\VUE\SFC_DB_API_+XiaoDong\Yuebon.WebApi\SysConfig\SN\SC_SNFamilyController.cs:line 144
【18:39:29.692】  Error T117 
抛出信息：获取 Delete 异常 
异常类型：InvalidOperationException 
异常信息：Sequence contains no elements 
堆栈调用：
   at System.Linq.ThrowHelper.ThrowNoElementsException()
   at Dapper.SqlMapper.ThrowZeroRows(Row row) in /_/Dapper/SqlMapper.cs:line 1167
   at Dapper.SqlMapper.QueryRowAsync[T](IDbConnection cnn, Row row, Type effectiveType, CommandDefinition command) in /_/Dapper/SqlMapper.Async.cs:line 487
   at Yuebon.Security.Repositories.SC_IdNameDescRepository.GetConfInfo(Int32 I_Language, Int32 I_LineID, Int32 I_StationID, Int32 I_EmployeeID, String S_CurrentLoginIP) in D:\Code\VUE\SFC_DB_API_+XiaoDong\Yuebon.NetCore\Yuebon.Security.Core\SysConfig\4-Repositories\Public\SC_IdNameDescRepository.cs:line 74
   at Yuebon.Security.Services.SC_IdNameDescService.GetConfInfo(Int32 I_Language, Int32 I_LineID, Int32 I_StationID, Int32 I_EmployeeID, String S_CurrentLoginIP) in D:\Code\VUE\SFC_DB_API_+XiaoDong\Yuebon.NetCore\Yuebon.Security.Core\SysConfig\6-Services\Public\SC_IdNameDescService.cs:line 40
   at Yuebon.WebApi.Areas.Security.Controllers.SC_SNFamilyController.Delete(String Id) in D:\Code\VUE\SFC_DB_API_+XiaoDong\Yuebon.WebApi\SysConfig\SN\SC_SNFamilyController.cs:line 144
