{
  "ID": 0,
  "ProductionOrderNumber": "111111111111",
  "Description": null,
  "PartID": 282,
  "OrderQuantity": 500,
  "EmployeeID": null,
  "CreationTime": "2023-12-12 13:28:05",
  "LastUpdate": null,
  "StatusID": 1,
  "RequestedStartTime": null,
  "ActualStartTime": null,
  "RequestedFinishTime": null,
  "ActualFinishTime": null,
  "ShippedTime": null,
  "UOM": null,
  "PriorityByERP": null,
  "IsLotAuditCompleted": null,
  "PartFamilyID": 0,
  "PartFamilyTypeID": 0,
  "PartNumber": null,
  "StatusDesc": null,
  "productionOrderDetails": [],
  "productionOrderLines": [],
  "EmployeeName": null
}
