【10:00:54.877】  Error T124 
抛出信息：获取 mesline FindWithPagerSearchAsync 异常 
异常类型：Exception 
异常信息：System.Data.SqlClient.SqlException (0x80131904): 列名 'RouteTypeValue' 无效。
ntext 数据类型不能选为 DISTINCT，因为它不可比。
   at System.Data.SqlClient.SqlCommand.<>c.<ExecuteDbDataReaderAsync>b__126_0(Task`1 result)
   at System.Threading.Tasks.ContinuationResultTaskFromResultTask`2.InnerInvoke()
   at System.Threading.Tasks.Task.<>c.<.cctor>b__272_0(Object obj)
   at System.Threading.ExecutionContext.RunInternal(ExecutionContext executionContext, ContextCallback callback, Object state)
--- End of stack trace from previous location ---
   at System.Threading.ExecutionContext.RunInternal(ExecutionContext executionContext, ContextCallback callback, Object state)
   at System.Threading.Tasks.Task.ExecuteWithThreadLocal(Task& currentTaskSlot, Thread threadPoolThread)
--- End of stack trace from previous location ---
   at StackExchange.Profiling.Data.ProfiledDbCommand.ExecuteDbDataReaderAsync(CommandBehavior behavior, CancellationToken cancellationToken) in C:\projects\dotnet\src\MiniProfiler.Shared\Data\ProfiledDbCommand.cs:line 257
   at Dapper.SqlMapper.QueryAsync[T](IDbConnection cnn, Type effectiveType, CommandDefinition command) in /_/Dapper/SqlMapper.Async.cs:line 418
   at Yuebon.Security.Repositories.SC_mesRouteRepository.FindWithPagerMyAsync(SC_mesRouteSearch search, PagerInfo info) in D:\Code\VUE\SFC_DB_API_+XiaoDong\Yuebon.NetCore\Yuebon.Security.Core\SysConfig\4-Repositories\Route\SC_mesRouteRepositories.cs:line 325
ClientConnectionId:27033bb0-29ec-4559-883d-ed9d4c4b3b10
Error Number:207,State:1,Class:16 
堆栈调用：
   at Yuebon.Security.Repositories.SC_mesRouteRepository.FindWithPagerMyAsync(SC_mesRouteSearch search, PagerInfo info) in D:\Code\VUE\SFC_DB_API_+XiaoDong\Yuebon.NetCore\Yuebon.Security.Core\SysConfig\4-Repositories\Route\SC_mesRouteRepositories.cs:line 340
   at Yuebon.Security.Services.SC_mesRouteService.FindWithPagerMyAsync(SC_mesRouteSearch search) in D:\Code\VUE\SFC_DB_API_+XiaoDong\Yuebon.NetCore\Yuebon.Security.Core\SysConfig\6-Services\Route\SC_mesRouteService.cs:line 78
   at Yuebon.WebApi.Areas.Security.Controllers.SC_mesRouteController.FindWithPagerSearchAsync(Int32 CurrentPageIndex, Int32 PageSize, String LikeQuery, String ID, String Name, String Description, String RouteType, String RouteTypeValue) in D:\Code\VUE\SFC_DB_API_+XiaoDong\Yuebon.WebApi\SysConfig\Route\SC_mesRouteController.cs:line 316
【10:13:47.823】  Error T3 
抛出信息：获取 Insert 异常 
异常类型：InvalidOperationException 
异常信息：Sequence contains no elements 
堆栈调用：
   at System.Linq.ThrowHelper.ThrowNoElementsException()
   at Dapper.SqlMapper.ThrowZeroRows(Row row) in /_/Dapper/SqlMapper.cs:line 1167
   at Dapper.SqlMapper.QueryRowAsync[T](IDbConnection cnn, Row row, Type effectiveType, CommandDefinition command) in /_/Dapper/SqlMapper.Async.cs:line 487
   at Yuebon.Security.Repositories.SC_mesRouteRepository.GetConfInfo(Int32 I_Language, Int32 I_LineID, Int32 I_StationID, Int32 I_EmployeeID, String S_CurrentLoginIP) in D:\Code\VUE\SFC_DB_API_+XiaoDong\Yuebon.NetCore\Yuebon.Security.Core\SysConfig\4-Repositories\Route\SC_mesRouteRepositories.cs:line 75
   at Yuebon.Security.Services.SC_mesRouteService.GetConfInfo(Int32 I_Language, Int32 I_LineID, Int32 I_StationID, Int32 I_EmployeeID, String S_CurrentLoginIP) in D:\Code\VUE\SFC_DB_API_+XiaoDong\Yuebon.NetCore\Yuebon.Security.Core\SysConfig\6-Services\Route\SC_mesRouteService.cs:line 40
   at Yuebon.WebApi.Areas.Security.Controllers.SC_mesRouteController.Insert(SC_mesRoute v_SC_mesRoute) in D:\Code\VUE\SFC_DB_API_+XiaoDong\Yuebon.WebApi\SysConfig\Route\SC_mesRouteController.cs:line 96
【10:55:31.601】  Error T82 
抛出信息：获取 InsertDetail 异常 
异常类型：InvalidOperationException 
异常信息：Sequence contains no elements 
堆栈调用：
   at System.Linq.ThrowHelper.ThrowNoElementsException()
   at Dapper.SqlMapper.ThrowZeroRows(Row row) in /_/Dapper/SqlMapper.cs:line 1167
   at Dapper.SqlMapper.QueryRowAsync[T](IDbConnection cnn, Row row, Type effectiveType, CommandDefinition command) in /_/Dapper/SqlMapper.Async.cs:line 487
   at Yuebon.Security.Repositories.SC_mesSNFormatRepository.GetConfInfo(Int32 I_Language, Int32 I_LineID, Int32 I_StationID, Int32 I_EmployeeID, String S_CurrentLoginIP) in D:\Code\VUE\SFC_DB_API_+XiaoDong\Yuebon.NetCore\Yuebon.Security.Core\SysConfig\4-Repositories\SN\SC_mesSNFormatRepository.cs:line 76
   at Yuebon.Security.Services.SC_mesSNFormatService.GetConfInfo(Int32 I_Language, Int32 I_LineID, Int32 I_StationID, Int32 I_EmployeeID, String S_CurrentLoginIP) in D:\Code\VUE\SFC_DB_API_+XiaoDong\Yuebon.NetCore\Yuebon.Security.Core\SysConfig\6-Services\SN\SC_mesSNFormatService.cs:line 40
   at Yuebon.WebApi.Areas.Security.Controllers.SC_mesSNFormatController.InsertDetail(String ParentId, SC_mesSNSectionEdit v_DetailDto) in D:\Code\VUE\SFC_DB_API_+XiaoDong\Yuebon.WebApi\SysConfig\SN\SC_SNFormatController.cs:line 381
【14:40:51.302】  Error T9 
抛出信息：获取 mesline FindWithPagerSearchAsync 异常 
异常类型：Exception 
异常信息：System.Data.SqlClient.SqlException (0x80131904): 在将 nvarchar 值 'NULL' 转换成数据类型 int 时失败。
   at System.Data.SqlClient.SqlConnection.OnError(SqlException exception, Boolean breakConnection, Action`1 wrapCloseInAction)
   at System.Data.SqlClient.TdsParser.ThrowExceptionAndWarning(TdsParserStateObject stateObj, Boolean callerHasConnectionLock, Boolean asyncClose)
   at System.Data.SqlClient.TdsParser.TryRun(RunBehavior runBehavior, SqlCommand cmdHandler, SqlDataReader dataStream, BulkCopySimpleResultSet bulkCopyHandler, TdsParserStateObject stateObj, Boolean& dataReady)
   at System.Data.SqlClient.SqlDataReader.TryHasMoreRows(Boolean& moreRows)
   at System.Data.SqlClient.SqlDataReader.TryReadInternal(Boolean setTimeout, Boolean& more)
   at System.Data.SqlClient.SqlDataReader.<>c__DisplayClass190_0.<ReadAsync>b__1(Task t)
   at System.Data.SqlClient.SqlDataReader.InvokeRetryable[T](Func`2 moreFunc, TaskCompletionSource`1 source, IDisposable objectToDispose)
--- End of stack trace from previous location ---
   at Dapper.SqlMapper.QueryAsync[T](IDbConnection cnn, Type effectiveType, CommandDefinition command) in /_/Dapper/SqlMapper.Async.cs:line 436
   at Yuebon.Security.Repositories.SC_mesStationTypeAccessRepository.FindWithPagerMyAsync(SC_mesStationTypeAccessSearch search, PagerInfo info) in D:\Code\VUE\SFC_DB_API_+XiaoDong\Yuebon.NetCore\Yuebon.Security.Core\SysConfig\4-Repositories\Admin\SC_mesStationTypeAccessRepository.cs:line 324
ClientConnectionId:c37e3b21-ae39-4ecb-a15d-0b697ebf9b45
Error Number:245,State:1,Class:16 
堆栈调用：
   at Yuebon.Security.Repositories.SC_mesStationTypeAccessRepository.FindWithPagerMyAsync(SC_mesStationTypeAccessSearch search, PagerInfo info) in D:\Code\VUE\SFC_DB_API_+XiaoDong\Yuebon.NetCore\Yuebon.Security.Core\SysConfig\4-Repositories\Admin\SC_mesStationTypeAccessRepository.cs:line 339
   at Yuebon.Security.Services.SC_mesStationTypeAccessService.FindWithPagerMyAsync(SC_mesStationTypeAccessSearch search) in D:\Code\VUE\SFC_DB_API_+XiaoDong\Yuebon.NetCore\Yuebon.Security.Core\SysConfig\6-Services\Admin\SC_mesStationTypeAccessService.cs:line 79
   at Yuebon.WebApi.Areas.Security.Controllers.SC_mesStationTypeAccessController.FindWithPagerSearchAsync(Int32 CurrentPageIndex, Int32 PageSize, String LikeQuery, String ID, String StationTypeID, String StationType, String EmployeeID, String Employee, String Status, String StatusValue) in D:\Code\VUE\SFC_DB_API_+XiaoDong\Yuebon.WebApi\SysConfig\Admin\SC_mesStationTypeAccessController.cs:line 321
【14:49:18.269】  Error T38 
抛出信息：获取 Insert 异常 
异常类型：InvalidOperationException 
异常信息：Sequence contains no elements 
堆栈调用：
   at System.Linq.ThrowHelper.ThrowNoElementsException()
   at Dapper.SqlMapper.ThrowZeroRows(Row row) in /_/Dapper/SqlMapper.cs:line 1167
   at Dapper.SqlMapper.QueryRowAsync[T](IDbConnection cnn, Row row, Type effectiveType, CommandDefinition command) in /_/Dapper/SqlMapper.Async.cs:line 487
   at Yuebon.Security.Repositories.SC_mesStationTypeAccessRepository.GetConfInfo(Int32 I_Language, Int32 I_LineID, Int32 I_StationID, Int32 I_EmployeeID, String S_CurrentLoginIP) in D:\Code\VUE\SFC_DB_API_+XiaoDong\Yuebon.NetCore\Yuebon.Security.Core\SysConfig\4-Repositories\Admin\SC_mesStationTypeAccessRepository.cs:line 75
   at Yuebon.Security.Services.SC_mesStationTypeAccessService.GetConfInfo(Int32 I_Language, Int32 I_LineID, Int32 I_StationID, Int32 I_EmployeeID, String S_CurrentLoginIP) in D:\Code\VUE\SFC_DB_API_+XiaoDong\Yuebon.NetCore\Yuebon.Security.Core\SysConfig\6-Services\Admin\SC_mesStationTypeAccessService.cs:line 41
   at Yuebon.WebApi.Areas.Security.Controllers.SC_mesStationTypeAccessController.Insert(SC_mesStationTypeAccess v_SC_mesStationTypeAccess) in D:\Code\VUE\SFC_DB_API_+XiaoDong\Yuebon.WebApi\SysConfig\Admin\SC_mesStationTypeAccessController.cs:line 97
【14:49:49.295】  Error T39 
抛出信息：获取 Insert 异常 
异常类型：InvalidOperationException 
异常信息：Sequence contains no elements 
堆栈调用：
   at System.Linq.ThrowHelper.ThrowNoElementsException()
   at Dapper.SqlMapper.ThrowZeroRows(Row row) in /_/Dapper/SqlMapper.cs:line 1167
   at Dapper.SqlMapper.QueryRowAsync[T](IDbConnection cnn, Row row, Type effectiveType, CommandDefinition command) in /_/Dapper/SqlMapper.Async.cs:line 487
   at Yuebon.Security.Repositories.SC_mesStationTypeAccessRepository.GetConfInfo(Int32 I_Language, Int32 I_LineID, Int32 I_StationID, Int32 I_EmployeeID, String S_CurrentLoginIP) in D:\Code\VUE\SFC_DB_API_+XiaoDong\Yuebon.NetCore\Yuebon.Security.Core\SysConfig\4-Repositories\Admin\SC_mesStationTypeAccessRepository.cs:line 75
   at Yuebon.Security.Services.SC_mesStationTypeAccessService.GetConfInfo(Int32 I_Language, Int32 I_LineID, Int32 I_StationID, Int32 I_EmployeeID, String S_CurrentLoginIP) in D:\Code\VUE\SFC_DB_API_+XiaoDong\Yuebon.NetCore\Yuebon.Security.Core\SysConfig\6-Services\Admin\SC_mesStationTypeAccessService.cs:line 41
   at Yuebon.WebApi.Areas.Security.Controllers.SC_mesStationTypeAccessController.Insert(SC_mesStationTypeAccess v_SC_mesStationTypeAccess) in D:\Code\VUE\SFC_DB_API_+XiaoDong\Yuebon.WebApi\SysConfig\Admin\SC_mesStationTypeAccessController.cs:line 97
【16:48:04.829】  Error T5 
抛出信息：获取 Clone 异常 
异常类型：InvalidOperationException 
异常信息：Sequence contains no elements 
堆栈调用：
   at System.Linq.ThrowHelper.ThrowNoElementsException()
   at Dapper.SqlMapper.ThrowZeroRows(Row row) in /_/Dapper/SqlMapper.cs:line 1167
   at Dapper.SqlMapper.QueryRowAsync[T](IDbConnection cnn, Row row, Type effectiveType, CommandDefinition command) in /_/Dapper/SqlMapper.Async.cs:line 487
   at Yuebon.Security.Repositories.SC_mesSNFormatRepository.GetConfInfo(Int32 I_Language, Int32 I_LineID, Int32 I_StationID, Int32 I_EmployeeID, String S_CurrentLoginIP) in D:\Code\VUE\SFC_DB_API_+XiaoDong\Yuebon.NetCore\Yuebon.Security.Core\SysConfig\4-Repositories\SN\SC_mesSNFormatRepository.cs:line 76
   at Yuebon.Security.Services.SC_mesSNFormatService.GetConfInfo(Int32 I_Language, Int32 I_LineID, Int32 I_StationID, Int32 I_EmployeeID, String S_CurrentLoginIP) in D:\Code\VUE\SFC_DB_API_+XiaoDong\Yuebon.NetCore\Yuebon.Security.Core\SysConfig\6-Services\SN\SC_mesSNFormatService.cs:line 40
   at Yuebon.WebApi.Areas.Security.Controllers.SC_mesSNFormatController.Clone(SC_mesSNFormat v_SC_mesSNFormat) in D:\Code\VUE\SFC_DB_API_+XiaoDong\Yuebon.WebApi\SysConfig\SN\SC_SNFormatController.cs:line 238
