[08:26:07] (Info) 方法名称：MoveNext
日志内容：开始启动定时任务
[08:26:07] (Info) 方法名称：MoveNext
日志内容：启动定时任务AAA
[08:26:07] (Info) 方法名称：MoveNext
日志内容：启动定时任务testTaskName
[08:26:07] (Info) 方法名称：MoveNext
日志内容：启动定时任务异常Job class cannot be null.
[08:26:50] (Info) 方法名称：MoveNext
日志内容：开始启动定时任务
[08:26:50] (Info) 方法名称：MoveNext
日志内容：启动定时任务AAA
[08:26:50] (Info) 方法名称：MoveNext
日志内容：启动定时任务testTaskName
[08:26:50] (Info) 方法名称：MoveNext
日志内容：启动定时任务异常Job class cannot be null.
[08:36:13] (Info) 方法名称：MoveNext
日志内容：开始启动定时任务
[08:36:13] (Info) 方法名称：MoveNext
日志内容：启动定时任务AAA
[08:36:13] (Info) 方法名称：MoveNext
日志内容：启动定时任务testTaskName
[08:36:13] (Info) 方法名称：MoveNext
日志内容：启动定时任务异常Job class cannot be null.
[09:00:14] (Info) 方法名称：MoveNext
日志内容：开始启动定时任务
[09:00:15] (Info) 方法名称：MoveNext
日志内容：启动定时任务AAA
[09:00:15] (Info) 方法名称：MoveNext
日志内容：启动定时任务testTaskName
[09:00:15] (Info) 方法名称：MoveNext
日志内容：启动定时任务异常Job class cannot be null.
[09:09:18] (Info) 方法名称：MoveNext
日志内容：开始启动定时任务
[09:09:18] (Info) 方法名称：MoveNext
日志内容：启动定时任务AAA
[09:09:18] (Info) 方法名称：MoveNext
日志内容：启动定时任务testTaskName
[09:09:18] (Info) 方法名称：MoveNext
日志内容：启动定时任务异常Job class cannot be null.
[09:32:42] (Info) 方法名称：MoveNext
日志内容：开始启动定时任务
[09:32:42] (Info) 方法名称：MoveNext
日志内容：启动定时任务AAA
[09:32:42] (Info) 方法名称：MoveNext
日志内容：启动定时任务testTaskName
[09:32:42] (Info) 方法名称：MoveNext
日志内容：启动定时任务异常Job class cannot be null.
[10:07:59] (Info) 方法名称：MoveNext
日志内容：开始启动定时任务
[10:07:59] (Info) 方法名称：MoveNext
日志内容：启动定时任务AAA
[10:07:59] (Info) 方法名称：MoveNext
日志内容：启动定时任务testTaskName
[10:07:59] (Info) 方法名称：MoveNext
日志内容：启动定时任务异常Job class cannot be null.
[10:10:45] (Info) 方法名称：MoveNext
日志内容：开始启动定时任务
[10:10:45] (Info) 方法名称：MoveNext
日志内容：启动定时任务AAA
[10:10:45] (Info) 方法名称：MoveNext
日志内容：启动定时任务testTaskName
[10:10:45] (Info) 方法名称：MoveNext
日志内容：启动定时任务异常Job class cannot be null.
[10:21:10] (Info) 方法名称：MoveNext
日志内容：开始启动定时任务
[10:21:10] (Info) 方法名称：MoveNext
日志内容：启动定时任务AAA
[10:21:10] (Info) 方法名称：MoveNext
日志内容：启动定时任务testTaskName
[10:21:10] (Info) 方法名称：MoveNext
日志内容：启动定时任务异常Job class cannot be null.
[10:25:22] (Info) 方法名称：MoveNext
日志内容：开始启动定时任务
[10:25:22] (Info) 方法名称：MoveNext
日志内容：启动定时任务testTaskName
[10:25:22] (Info) 方法名称：MoveNext
日志内容：启动定时任务异常Job class cannot be null.
[10:27:57] (Info) 方法名称：MoveNext
日志内容：开始启动定时任务
[10:27:57] (Info) 方法名称：MoveNext
日志内容：启动定时任务testTaskName
[10:27:57] (Info) 方法名称：MoveNext
日志内容：启动定时任务异常Job class cannot be null.
[10:57:05] (Info) 方法名称：MoveNext
日志内容：开始启动定时任务
[10:57:05] (Info) 方法名称：MoveNext
日志内容：启动定时任务testTaskName
[10:57:05] (Info) 方法名称：MoveNext
日志内容：启动定时任务异常Job class cannot be null.
[11:06:45] (Info) 方法名称：MoveNext
日志内容：开始启动定时任务
[11:06:45] (Info) 方法名称：MoveNext
日志内容：启动定时任务testTaskName
[11:06:45] (Info) 方法名称：MoveNext
日志内容：启动定时任务异常Job class cannot be null.
[11:17:07] (Info) 方法名称：MoveNext
日志内容：开始启动定时任务
[11:17:07] (Info) 方法名称：MoveNext
日志内容：启动定时任务testTaskName
[11:17:07] (Info) 方法名称：MoveNext
日志内容：启动定时任务异常Job class cannot be null.
[11:20:48] (Info) 方法名称：MoveNext
日志内容：开始启动定时任务
[11:20:48] (Info) 方法名称：MoveNext
日志内容：启动定时任务testTaskName
[11:20:48] (Info) 方法名称：MoveNext
日志内容：启动定时任务异常Job class cannot be null.
[14:39:36] (Info) 方法名称：MoveNext
日志内容：开始启动定时任务
[14:39:37] (Info) 方法名称：MoveNext
日志内容：启动定时任务testTaskName
[14:39:37] (Info) 方法名称：MoveNext
日志内容：启动定时任务异常Job class cannot be null.
[14:43:19] (Info) 方法名称：MoveNext
日志内容：开始启动定时任务
[14:43:19] (Info) 方法名称：MoveNext
日志内容：启动定时任务testTaskName
[14:43:19] (Info) 方法名称：MoveNext
日志内容：启动定时任务异常Job class cannot be null.
[14:47:09] (Info) 方法名称：MoveNext
日志内容：开始启动定时任务
[14:47:09] (Info) 方法名称：MoveNext
日志内容：启动定时任务testTaskName
[14:47:09] (Info) 方法名称：MoveNext
日志内容：启动定时任务异常Job class cannot be null.
[14:50:53] (Info) 方法名称：MoveNext
日志内容：开始启动定时任务
[14:50:53] (Info) 方法名称：MoveNext
日志内容：启动定时任务testTaskName
[14:50:53] (Info) 方法名称：MoveNext
日志内容：启动定时任务异常Job class cannot be null.
[16:04:52] (Info) 方法名称：MoveNext
日志内容：开始启动定时任务
[16:04:52] (Info) 方法名称：MoveNext
日志内容：启动定时任务testTaskName
[16:04:52] (Info) 方法名称：MoveNext
日志内容：启动定时任务异常Job class cannot be null.
[16:07:30] (Info) 方法名称：MoveNext
日志内容：开始启动定时任务
[16:07:30] (Info) 方法名称：MoveNext
日志内容：启动定时任务testTaskName
[16:07:30] (Info) 方法名称：MoveNext
日志内容：启动定时任务异常Job class cannot be null.
[16:45:51] (Info) 方法名称：MoveNext
日志内容：开始启动定时任务
[16:45:51] (Info) 方法名称：MoveNext
日志内容：启动定时任务testTaskName
[16:45:51] (Info) 方法名称：MoveNext
日志内容：启动定时任务异常Job class cannot be null.
[16:49:21] (Info) 方法名称：MoveNext
日志内容：开始启动定时任务
[16:49:21] (Info) 方法名称：MoveNext
日志内容：启动定时任务testTaskName
[16:49:21] (Info) 方法名称：MoveNext
日志内容：启动定时任务异常Job class cannot be null.
[17:22:16] (Info) 方法名称：MoveNext
日志内容：开始启动定时任务
[17:22:16] (Info) 方法名称：MoveNext
日志内容：启动定时任务testTaskName
[17:22:16] (Info) 方法名称：MoveNext
日志内容：启动定时任务异常Job class cannot be null.
[17:27:07] (Info) 方法名称：MoveNext
日志内容：开始启动定时任务
[17:27:07] (Info) 方法名称：MoveNext
日志内容：启动定时任务testTaskName
[17:27:07] (Info) 方法名称：MoveNext
日志内容：启动定时任务异常Job class cannot be null.
[17:31:40] (Info) 方法名称：MoveNext
日志内容：开始启动定时任务
[17:31:40] (Info) 方法名称：MoveNext
日志内容：启动定时任务testTaskName
[17:31:40] (Info) 方法名称：MoveNext
日志内容：启动定时任务异常Job class cannot be null.
