[08:36:54] (Info) 方法名称：MoveNext
日志内容：开始启动定时任务
[08:36:54] (Info) 方法名称：MoveNext
日志内容：启动定时任务AAA
[08:47:55] (Info) 方法名称：MoveNext
日志内容：开始启动定时任务
[08:47:55] (Info) 方法名称：MoveNext
日志内容：启动定时任务AAA
[09:01:14] (Info) 方法名称：MoveNext
日志内容：开始启动定时任务
[09:01:14] (Info) 方法名称：MoveNext
日志内容：启动定时任务AAA
[09:07:23] (Info) 方法名称：MoveNext
日志内容：开始启动定时任务
[09:07:23] (Info) 方法名称：MoveNext
日志内容：启动定时任务AAA
[09:30:21] (Info) 方法名称：MoveNext
日志内容：开始启动定时任务
[09:30:22] (Info) 方法名称：MoveNext
日志内容：启动定时任务AAA
[09:42:09] (Info) 方法名称：MoveNext
日志内容：开始启动定时任务
[09:42:09] (Info) 方法名称：MoveNext
日志内容：启动定时任务AAA
[10:01:01] (Info) 方法名称：Execute
日志内容：2022-05-03 10:01:01执行任务
[11:01:00] (Info) 方法名称：Execute
日志内容：2022-05-03 11:01:00执行任务
[11:20:27] (Info) 方法名称：MoveNext
日志内容：开始启动定时任务
[11:20:27] (Info) 方法名称：MoveNext
日志内容：启动定时任务AAA
[11:44:39] (Info) 方法名称：MoveNext
日志内容：开始启动定时任务
[11:44:40] (Info) 方法名称：MoveNext
日志内容：启动定时任务AAA
[12:01:00] (Info) 方法名称：Execute
日志内容：2022-05-03 12:01:00执行任务
[13:01:00] (Info) 方法名称：Execute
日志内容：2022-05-03 13:01:00执行任务
[13:33:19] (Info) 方法名称：MoveNext
日志内容：开始启动定时任务
[13:33:19] (Info) 方法名称：MoveNext
日志内容：启动定时任务AAA
[13:52:14] (Info) 方法名称：MoveNext
日志内容：开始启动定时任务
[13:52:14] (Info) 方法名称：MoveNext
日志内容：启动定时任务AAA
[13:55:16] (Info) 方法名称：MoveNext
日志内容：开始启动定时任务
[13:55:17] (Info) 方法名称：MoveNext
日志内容：启动定时任务AAA
[14:01:01] (Info) 方法名称：Execute
日志内容：2022-05-03 14:01:01执行任务
[14:23:21] (Info) 方法名称：MoveNext
日志内容：开始启动定时任务
[14:23:21] (Info) 方法名称：MoveNext
日志内容：启动定时任务AAA
[14:30:50] (Info) 方法名称：MoveNext
日志内容：开始启动定时任务
[14:30:50] (Info) 方法名称：MoveNext
日志内容：启动定时任务AAA
[14:34:34] (Info) 方法名称：MoveNext
日志内容：开始启动定时任务
[14:34:34] (Info) 方法名称：MoveNext
日志内容：启动定时任务AAA
[15:01:00] (Info) 方法名称：Execute
日志内容：2022-05-03 15:01:00执行任务
[16:01:00] (Info) 方法名称：Execute
日志内容：2022-05-03 16:01:00执行任务
[16:47:12] (Info) 方法名称：MoveNext
日志内容：开始启动定时任务
[16:47:12] (Info) 方法名称：MoveNext
日志内容：启动定时任务AAA
[16:56:18] (Info) 方法名称：MoveNext
日志内容：开始启动定时任务
[16:56:18] (Info) 方法名称：MoveNext
日志内容：启动定时任务AAA
[17:20:24] (Info) 方法名称：MoveNext
日志内容：开始启动定时任务
[17:20:25] (Info) 方法名称：MoveNext
日志内容：启动定时任务AAA
[17:42:48] (Info) 方法名称：MoveNext
日志内容：开始启动定时任务
[17:42:49] (Info) 方法名称：MoveNext
日志内容：启动定时任务AAA
[17:56:04] (Info) 方法名称：MoveNext
日志内容：开始启动定时任务
[17:56:05] (Info) 方法名称：MoveNext
日志内容：启动定时任务AAA
[18:07:33] (Info) 方法名称：MoveNext
日志内容：开始启动定时任务
[18:07:33] (Info) 方法名称：MoveNext
日志内容：启动定时任务AAA
[18:15:57] (Info) 方法名称：MoveNext
日志内容：开始启动定时任务
[18:15:57] (Info) 方法名称：MoveNext
日志内容：启动定时任务AAA
