[09:05:29] (Info) 方法名称：MoveNext
日志内容：开始启动定时任务
[09:05:29] (Info) 方法名称：MoveNext
日志内容：启动定时任务AAA
[10:01:00] (Info) 方法名称：Execute
日志内容：2022-04-26 10:01:00执行任务
[11:01:00] (Info) 方法名称：Execute
日志内容：2022-04-26 11:01:00执行任务
[12:01:00] (Info) 方法名称：Execute
日志内容：2022-04-26 12:01:00执行任务
[13:01:00] (Info) 方法名称：Execute
日志内容：2022-04-26 13:01:00执行任务
[14:01:00] (Info) 方法名称：Execute
日志内容：2022-04-26 14:01:00执行任务
[15:01:00] (Info) 方法名称：Execute
日志内容：2022-04-26 15:01:00执行任务
[15:47:39] (Info) 方法名称：MoveNext
日志内容：开始启动定时任务
[15:47:39] (Info) 方法名称：MoveNext
日志内容：启动定时任务AAA
[16:01:00] (Info) 方法名称：Execute
日志内容：2022-04-26 16:01:00执行任务
[16:19:52] (Info) 方法名称：MoveNext
日志内容：开始启动定时任务
[16:19:52] (Info) 方法名称：MoveNext
日志内容：启动定时任务AAA
[17:01:00] (Info) 方法名称：Execute
日志内容：2022-04-26 17:01:00执行任务
[18:01:00] (Info) 方法名称：Execute
日志内容：2022-04-26 18:01:00执行任务
