[09:27:13] (Info) 方法名称：MoveNext
日志内容：开始启动定时任务
[09:27:13] (Info) 方法名称：MoveNext
日志内容：启动定时任务AAA
[09:43:28] (Info) 方法名称：MoveNext
日志内容：开始启动定时任务
[09:43:28] (Info) 方法名称：MoveNext
日志内容：启动定时任务AAA
[09:44:25] (Info) 方法名称：MoveNext
日志内容：开始启动定时任务
[09:44:25] (Info) 方法名称：MoveNext
日志内容：启动定时任务AAA
[09:46:16] (Info) 方法名称：MoveNext
日志内容：开始启动定时任务
[09:46:16] (Info) 方法名称：MoveNext
日志内容：启动定时任务AAA
[09:53:36] (Info) 方法名称：MoveNext
日志内容：开始启动定时任务
[09:53:36] (Info) 方法名称：MoveNext
日志内容：启动定时任务AAA
[09:56:07] (Info) 方法名称：MoveNext
日志内容：开始启动定时任务
[09:56:08] (Info) 方法名称：MoveNext
日志内容：启动定时任务AAA
[10:01:07] (Info) 方法名称：Execute
日志内容：2022-05-17 10:01:07执行任务
[11:01:00] (Info) 方法名称：Execute
日志内容：2022-05-17 11:01:00执行任务
[11:20:15] (Info) 方法名称：MoveNext
日志内容：开始启动定时任务
[11:20:15] (Info) 方法名称：MoveNext
日志内容：启动定时任务AAA
