[09:26:56.472] Debug T86： 方法名称：MoveNext
日志内容：{
  "Actor": null,
  "Audiences": [
    "system"
  ],
  "Claims": [
    {
      "Issuer": "YuebonTeach",
      "OriginalIssuer": "YuebonTeach",
      "Properties": {},
      "Subject": null,
      "Type": "aud",
      "Value": "system",
      "ValueType": "http://www.w3.org/2001/XMLSchema#string"
    },
    {
      "Issuer": "YuebonTeach",
      "OriginalIssuer": "YuebonTeach",
      "Properties": {},
      "Subject": null,
      "Type": "iss",
      "Value": "YuebonTeach",
      "ValueType": "http://www.w3.org/2001/XMLSchema#string"
    },
    {
      "Issuer": "YuebonTeach",
      "OriginalIssuer": "YuebonTeach",
      "Properties": {},
      "Subject": null,
      "Type": "name",
      "Value": "developer",
      "ValueType": "http://www.w3.org/2001/XMLSchema#string"
    },
    {
      "Issuer": "YuebonTeach",
      "OriginalIssuer": "YuebonTeach",
      "Properties": {},
      "Subject": null,
      "Type": "id",
      "Value": "116",
      "ValueType": "http://www.w3.org/2001/XMLSchema#string"
    },
    {
      "Issuer": "YuebonTeach",
      "OriginalIssuer": "YuebonTeach",
      "Properties": {},
      "Subject": null,
      "Type": "role",
      "Value": "administrators,",
      "ValueType": "http://www.w3.org/2001/XMLSchema#string"
    },
    {
      "Issuer": "YuebonTeach",
      "OriginalIssuer": "YuebonTeach",
      "Properties": {},
      "Subject": null,
      "Type": "sub",
      "Value": "password",
      "ValueType": "http://www.w3.org/2001/XMLSchema#string"
    },
    {
      "Issuer": "YuebonTeach",
      "OriginalIssuer": "YuebonTeach",
      "Properties": {},
      "Subject": null,
      "Type": "nbf",
      "Value": "1698724184",
      "ValueType": "http://www.w3.org/2001/XMLSchema#integer"
    },
    {
      "Issuer": "YuebonTeach",
      "OriginalIssuer": "YuebonTeach",
      "Properties": {},
      "Subject": null,
      "Type": "exp",
      "Value": "1699328984",
      "ValueType": "http://www.w3.org/2001/XMLSchema#integer"
    },
    {
      "Issuer": "YuebonTeach",
      "OriginalIssuer": "YuebonTeach",
      "Properties": {},
      "Subject": null,
      "Type": "iat",
      "Value": "1698724184",
      "ValueType": "http://www.w3.org/2001/XMLSchema#integer"
    }
  ],
  "EncodedHeader": "eyJhbGciOiJIUzI1NiIsInR5cCI6IkpXVCJ9",
  "EncodedPayload": "eyJhdWQiOiJzeXN0ZW0iLCJpc3MiOiJZdWVib25UZWFjaCIsIm5hbWUiOiJkZXZlbG9wZXIiLCJpZCI6IjExNiIsInJvbGUiOiJhZG1pbmlzdHJhdG9ycywiLCJzdWIiOiJwYXNzd29yZCIsIm5iZiI6MTY5ODcyNDE4NCwiZXhwIjoxNjk5MzI4OTg0LCJpYXQiOjE2OTg3MjQxODR9",
  "Header": {
    "alg": "HS256",
    "typ": "JWT"
  },
  "Id": null,
  "Issuer": "YuebonTeach",
  "Payload": {
    "aud": "system",
    "iss": "YuebonTeach",
    "name": "developer",
    "id": "116",
    "role": "administrators,",
    "sub": "password",
    "nbf": 1698724184,
    "exp": 1699328984,
    "iat": 1698724184
  },
  "InnerToken": null,
  "RawAuthenticationTag": null,
  "RawCiphertext": null,
  "RawData": "eyJhbGciOiJIUzI1NiIsInR5cCI6IkpXVCJ9.eyJhdWQiOiJzeXN0ZW0iLCJpc3MiOiJZdWVib25UZWFjaCIsIm5hbWUiOiJkZXZlbG9wZXIiLCJpZCI6IjExNiIsInJvbGUiOiJhZG1pbmlzdHJhdG9ycywiLCJzdWIiOiJwYXNzd29yZCIsIm5iZiI6MTY5ODcyNDE4NCwiZXhwIjoxNjk5MzI4OTg0LCJpYXQiOjE2OTg3MjQxODR9.yzhr4sJL6JofzrzbWc2yeZRRXPhPwJHUSRG8XmgN8Pw",
  "RawEncryptedKey": null,
  "RawInitializationVector": null,
  "RawHeader": "eyJhbGciOiJIUzI1NiIsInR5cCI6IkpXVCJ9",
  "RawPayload": "eyJhdWQiOiJzeXN0ZW0iLCJpc3MiOiJZdWVib25UZWFjaCIsIm5hbWUiOiJkZXZlbG9wZXIiLCJpZCI6IjExNiIsInJvbGUiOiJhZG1pbmlzdHJhdG9ycywiLCJzdWIiOiJwYXNzd29yZCIsIm5iZiI6MTY5ODcyNDE4NCwiZXhwIjoxNjk5MzI4OTg0LCJpYXQiOjE2OTg3MjQxODR9",
  "RawSignature": "yzhr4sJL6JofzrzbWc2yeZRRXPhPwJHUSRG8XmgN8Pw",
  "SecurityKey": null,
  "SignatureAlgorithm": "HS256",
  "SigningCredentials": null,
  "EncryptingCredentials": null,
  "SigningKey": null,
  "Subject": "password",
  "ValidFrom": "2023-10-31 03:49:44",
  "ValidTo": "2023-11-07 03:49:44",
  "IssuedAt": "2023-10-31 03:49:44"
}
[11:45:05.752] Debug T36： 方法名称：MoveNext
日志内容：{
  "Actor": null,
  "Audiences": [
    "system"
  ],
  "Claims": [
    {
      "Issuer": "YuebonTeach",
      "OriginalIssuer": "YuebonTeach",
      "Properties": {},
      "Subject": null,
      "Type": "aud",
      "Value": "system",
      "ValueType": "http://www.w3.org/2001/XMLSchema#string"
    },
    {
      "Issuer": "YuebonTeach",
      "OriginalIssuer": "YuebonTeach",
      "Properties": {},
      "Subject": null,
      "Type": "iss",
      "Value": "YuebonTeach",
      "ValueType": "http://www.w3.org/2001/XMLSchema#string"
    },
    {
      "Issuer": "YuebonTeach",
      "OriginalIssuer": "YuebonTeach",
      "Properties": {},
      "Subject": null,
      "Type": "name",
      "Value": "developer",
      "ValueType": "http://www.w3.org/2001/XMLSchema#string"
    },
    {
      "Issuer": "YuebonTeach",
      "OriginalIssuer": "YuebonTeach",
      "Properties": {},
      "Subject": null,
      "Type": "id",
      "Value": "1",
      "ValueType": "http://www.w3.org/2001/XMLSchema#string"
    },
    {
      "Issuer": "YuebonTeach",
      "OriginalIssuer": "YuebonTeach",
      "Properties": {},
      "Subject": null,
      "Type": "role",
      "Value": "administrators,",
      "ValueType": "http://www.w3.org/2001/XMLSchema#string"
    },
    {
      "Issuer": "YuebonTeach",
      "OriginalIssuer": "YuebonTeach",
      "Properties": {},
      "Subject": null,
      "Type": "sub",
      "Value": "password",
      "ValueType": "http://www.w3.org/2001/XMLSchema#string"
    },
    {
      "Issuer": "YuebonTeach",
      "OriginalIssuer": "YuebonTeach",
      "Properties": {},
      "Subject": null,
      "Type": "nbf",
      "Value": "1698896664",
      "ValueType": "http://www.w3.org/2001/XMLSchema#integer"
    },
    {
      "Issuer": "YuebonTeach",
      "OriginalIssuer": "YuebonTeach",
      "Properties": {},
      "Subject": null,
      "Type": "exp",
      "Value": "1699501464",
      "ValueType": "http://www.w3.org/2001/XMLSchema#integer"
    },
    {
      "Issuer": "YuebonTeach",
      "OriginalIssuer": "YuebonTeach",
      "Properties": {},
      "Subject": null,
      "Type": "iat",
      "Value": "1698896664",
      "ValueType": "http://www.w3.org/2001/XMLSchema#integer"
    }
  ],
  "EncodedHeader": "eyJhbGciOiJIUzI1NiIsInR5cCI6IkpXVCJ9",
  "EncodedPayload": "eyJhdWQiOiJzeXN0ZW0iLCJpc3MiOiJZdWVib25UZWFjaCIsIm5hbWUiOiJkZXZlbG9wZXIiLCJpZCI6IjEiLCJyb2xlIjoiYWRtaW5pc3RyYXRvcnMsIiwic3ViIjoicGFzc3dvcmQiLCJuYmYiOjE2OTg4OTY2NjQsImV4cCI6MTY5OTUwMTQ2NCwiaWF0IjoxNjk4ODk2NjY0fQ",
  "Header": {
    "alg": "HS256",
    "typ": "JWT"
  },
  "Id": null,
  "Issuer": "YuebonTeach",
  "Payload": {
    "aud": "system",
    "iss": "YuebonTeach",
    "name": "developer",
    "id": "1",
    "role": "administrators,",
    "sub": "password",
    "nbf": 1698896664,
    "exp": 1699501464,
    "iat": 1698896664
  },
  "InnerToken": null,
  "RawAuthenticationTag": null,
  "RawCiphertext": null,
  "RawData": "eyJhbGciOiJIUzI1NiIsInR5cCI6IkpXVCJ9.eyJhdWQiOiJzeXN0ZW0iLCJpc3MiOiJZdWVib25UZWFjaCIsIm5hbWUiOiJkZXZlbG9wZXIiLCJpZCI6IjEiLCJyb2xlIjoiYWRtaW5pc3RyYXRvcnMsIiwic3ViIjoicGFzc3dvcmQiLCJuYmYiOjE2OTg4OTY2NjQsImV4cCI6MTY5OTUwMTQ2NCwiaWF0IjoxNjk4ODk2NjY0fQ.DoBprNa_69dFRyocpR19gJXBUVRiay3pC4TNwooV_Lg",
  "RawEncryptedKey": null,
  "RawInitializationVector": null,
  "RawHeader": "eyJhbGciOiJIUzI1NiIsInR5cCI6IkpXVCJ9",
  "RawPayload": "eyJhdWQiOiJzeXN0ZW0iLCJpc3MiOiJZdWVib25UZWFjaCIsIm5hbWUiOiJkZXZlbG9wZXIiLCJpZCI6IjEiLCJyb2xlIjoiYWRtaW5pc3RyYXRvcnMsIiwic3ViIjoicGFzc3dvcmQiLCJuYmYiOjE2OTg4OTY2NjQsImV4cCI6MTY5OTUwMTQ2NCwiaWF0IjoxNjk4ODk2NjY0fQ",
  "RawSignature": "DoBprNa_69dFRyocpR19gJXBUVRiay3pC4TNwooV_Lg",
  "SecurityKey": null,
  "SignatureAlgorithm": "HS256",
  "SigningCredentials": null,
  "EncryptingCredentials": null,
  "SigningKey": null,
  "Subject": "password",
  "ValidFrom": "2023-11-02 03:44:24",
  "ValidTo": "2023-11-09 03:44:24",
  "IssuedAt": "2023-11-02 03:44:24"
}
[11:45:43.120] Debug T5： 方法名称：MoveNext
日志内容：exec : AssemblyTwoInput - GetPageInitialize, param ：?S_URL=%2Fapplication%2FassemblyGroup%2Fassembly&api-version=2.0, body : 
[11:45:43.474] Debug T5： 方法名称：OnActionExecuted
日志内容：执行AssemblyTwoInput - GetPageInitialize,耗时为:354s, 结果为：{
  "Content": "{
  "ResultCode": "0",
  "ResultMsg": "请求成功",
  "Success": true,
  "ResData": [
    {
      "IsCheckPN": "1",
      "IsCheckPO": "1",
      "IsLegalPage": "0",
      "IsCheckVendor": "0",
      "COF": "0",
      "ApplicationType": "AssemblyV2",
      "DOE_Parameter1": "",
      "SNScanType": "0",
      "IsDOEPrint": "0"
    }
  ],
  "Sounds": "OK"
}",
  "ContentType": null,
  "StatusCode": null
}
[11:45:49.057] Debug T5： 方法名称：MoveNext
日志内容：exec : AssemblyDynamic - GetPageInitialize, param ：?api-version=2.0&S_URL=%2Fapplication%2FassemblyGroup%2FassemblyDynamic, body : 
[11:45:49.346] Debug T5： 方法名称：OnActionExecuted
日志内容：执行AssemblyDynamic - GetPageInitialize,耗时为:289s, 结果为：{
  "Content": "{
  "ResultCode": "0",
  "ResultMsg": "2023-11-02 11:45:49 296     请求成功",
  "Success": true,
  "ResData": {
    "ErrorMsg": "",
    "ProductionOrderQTY": null,
    "CurrentSettingInfo": {
      "StationName": "J31_M1_Line1_01",
      "StationId": 75,
      "StationTypeID": 109,
      "StationType": "M1_RibKnit",
      "LineName": "S_line",
      "LineId": 30,
      "PartFamilyTypeID": 0,
      "PartFamilyID": 0,
      "PartID": 0,
      "POID": 0,
      "UnitStatus": 0,
      "CurrentLoginIp": "127.0.0.1",
      "Url": "/application/assemblyGroup/assemblyDynamic"
    },
    "CurrentInitPageInfo": {
      "stationAttribute": {
        "IsShowTTWIP": "0",
        "RPTOutputName": "M1",
        "IsRPTYield": "1",
        "IsCheckPO": "1",
        "IsCheckPN": "1",
        "ApplicationType": "AssemblyV2",
        "TTScanType": "0",
        "SNScanType": "0",
        "IsCheckVendor": "0",
        "COF": "0",
        "IsDOEPrint": "0",
        "PlasmaTimeOut": null,
        "PlasmaGroupNumber": null,
        "PlasmaMaxGroup": null,
        "ToolingFrom": null,
        "ToolingTo": null,
        "IsTimeCheck_Shell": null,
        "TimeCheckStartStationType_Shell": null,
        "TimeCheckMin_Shell": null,
        "PlasmaSetTime": null,
        "TimeCheckMax_Shell": null,
        "IsTimeCheck_MF": null,
        "TimeCheckStartStationType_MF": null,
        "TimeCheckMin_MF": null,
        "TimeCheckMax_MF": null,
        "ORTUnitStateID": null,
        "ORTFromStationTypeID": null,
        "StationTypeType": null,
        "TTtarryTime": null,
        "AdhesiveTimeCheck": null,
        "IsScanAdhesive": null,
        "AdhesiveTimeCheckOut": null,
        "IsSendYieldToInsight": null,
        "IsSendModuleToInsight": null,
        "IsStationTypeName": null,
        "IsTimeCheck_NFCKitting": null,
        "TimeCheckStartStationType_NFCKitting": null,
        "TimeCheckMin_NFCKitting": null,
        "TimeCheckMax_NFCKitting": null,
        "SiemensProjectType": null,
        "SiemensDBConn": null,
        "IsSampleAlarm": null,
        "SampleAlarmTimePoint": null,
        "SampleCount": null,
        "IsRPTOutput": null,
        "IsLastBox": null,
        "IsNotPrint": null,
        "IsQC": null,
        "TTBoxType": null,
        "TTBoxSN_Pattern": null,
        "IsTTBoxUnpack": null,
        "TTRegistSN": null,
        "IsScanPalletSNOrCartonBoxSN": "1",
        "READ": "READ",
        "READY": "READY",
        "PASS": "PASS",
        "FAIL": "FAIL",
        "AutoStation": "0",
        "Port": "COM1",
        "Delay": "0",
        "COM_BaudRate": "9600",
        "COM_DataBits": "8",
        "COM_Parity": "Odd",
        "COM_StopBits": "1",
        "PrintIPPort": null,
        "Station_IsTimeCheck": null,
        "IsBindNFC": null,
        "IsBindAdhesive": null,
        "OOBANewUnitStateID": null,
        "IsShowReleaseBtn": null,
        "IsKeepUPCSN": null,
        "IsCreateUPCSN": null,
        "CheckOOBAUnitStatusID": null,
        "CheckQCTimeOut": null,
        "CardIDPattern": null,
        "YieldCombineStationTypeID": null,
        "CheckReworkTimes": null,
        "CheckReworkStationTypeID": null,
        "SetReworkStatusID": null,
        "IsCheckBuckFailCount": null,
        "FailedRate": null,
        "LatestRecordCount": null,
        "SerialFailOfTimes": null,
        "CheckFailedStationTypeID": null,
        "OtherProperty": {}
      },
      "poAttributes": {
        "MPN": null,
        "BoxLabelTemplatePath": null,
        "PalletLabelTemplatePath": null,
        "UPC": null,
        "BoxQty": null,
        "UPC_LabelTemplatePath": null,
        "PalletQty": null,
        "Jan": null,
        "Region": null,
        "GSI": null,
        "BoxSN_Pattern": null,
        "BoxSNFormatName": null,
        "IsGenerateBoxSN": null,
        "IsGeneratePalletSN": null,
        "PalletSN_Pattern": null,
        "PalletSNFormatName": null,
        "IsMixedPO": null,
        "IsMixedPN": null,
        "SCC": null,
        "SN_Pattern": null,
        "UPC_BartenderPath": null,
        "PalletBartenderPath": null,
        "BoxBartenderPath": null,
        "IsScanUPC": null,
        "IsScanJAN": null,
        "DOE_Parameter1": null,
        "MultipackScanOnlyFGSN": null,
        "IsCreateUPCSN": null,
        "DOE_ProjectPhase": null,
        "DOE_ConfigNumber": null,
        "ShipmentRegion": null,
        "IsScanFGSN": null,
        "IsScanUPCSN": null,
        "_7ECode": null,
        "GTIN": null,
        "COO": null,
        "PRODUCT": null,
        "JANTite": null,
        "_7Q": null,
        "OtherProperty": {},
        "ColorCode": null
      },
      "IsLegalPage": "1",
      "DataList": null
    }
  },
  "Sounds": "OK"
}",
  "ContentType": null,
  "StatusCode": null
}
[11:46:02.636] Debug T36： 方法名称：MoveNext
日志内容：exec : AssemblyDynamic - SetConfirmPO, param ：?api-version=2.0&S_PartFamilyTypeID=27&S_PartFamilyID=38&S_PartID=238&S_POID=213&S_UnitStatus=1&S_URL=%2Fapplication%2FassemblyGroup%2FassemblyDynamic&DataList=&S_LineNumber=, body : 
[11:46:03.317] Debug T31： 方法名称：OnActionExecuted
日志内容：执行AssemblyDynamic - SetConfirmPO,耗时为:680s, 结果为：{
  "Content": "{
  "ResultCode": "0",
  "ResultMsg": "2023-11-02 11:46:03 276     请求成功",
  "Success": true,
  "ResData": {
    "DataList": [
      {
        "IsScanFinished": false,
        "IsCurrentItem": false,
        "TrayBatchSN": null,
        "IsClearInput": false,
        "PartID": 238,
        "PartNumber": "J31_RibKnit",
        "ScanType": 1,
        "Pattern": "^[a-zA-Z0-9]{13}(VER)[a-zA-Z0-9]{11}$",
        "FieldName": null,
        "Barcode": "",
        "IsMainSn": true,
        "Id": "20231102114603270024310"
      },
      {
        "IsScanFinished": false,
        "IsCurrentItem": false,
        "TrayBatchSN": null,
        "IsClearInput": false,
        "PartID": 235,
        "PartNumber": "J31_HBF_textile_to_rib_knit",
        "ScanType": 2,
        "Pattern": "^[0-9A-Z]{6}(/)[0-9]{1,2}$",
        "FieldName": null,
        "Barcode": "",
        "IsMainSn": false,
        "Id": "20231102114603272252321"
      },
      {
        "IsScanFinished": false,
        "IsCurrentItem": false,
        "TrayBatchSN": null,
        "IsClearInput": false,
        "PartID": 254,
        "PartNumber": "J31_M1C_Carrier",
        "ScanType": 4,
        "Pattern": "[\\\\\\\\s\\\\\\\\S]*",
        "FieldName": null,
        "Barcode": "",
        "IsMainSn": false,
        "Id": "20231102114603272238007"
      },
      {
        "IsScanFinished": false,
        "IsCurrentItem": false,
        "TrayBatchSN": null,
        "IsClearInput": false,
        "PartID": 257,
        "PartNumber": "J31_M1_Operator",
        "ScanType": 4,
        "Pattern": "[\\\\\\\\s\\\\\\\\S]*",
        "FieldName": null,
        "Barcode": "",
        "IsMainSn": false,
        "Id": "20231102114603272239159"
      }
    ],
    "UniversalConfirmPoOutput": {
      "ErrorMsg": null,
      "MesProductStructures": [
        {
          "ParentPartID": 238,
          "ParentPartNumber": "J31_RibKnit",
          "ParentPartDescription": "J31_RibKnit",
          "PartID": 236,
          "PartNumber": "J31_PC_Shell",
          "PartDescription": "J31_PC_Shell",
          "PartPosition": null,
          "IsCritical": false,
          "Status": null,
          "StationTypeID": 110
        },
        {
          "ParentPartID": 238,
          "ParentPartNumber": "J31_RibKnit",
          "ParentPartDescription": "J31_RibKnit",
          "PartID": 255,
          "PartNumber": "J31_M8.8_Operator",
          "PartDescription": "J31_M8.8_Operator",
          "PartPosition": null,
          "IsCritical": false,
          "Status": null,
          "StationTypeID": 132
        },
        {
          "ParentPartID": 238,
          "ParentPartNumber": "J31_RibKnit",
          "ParentPartDescription": "J31_RibKnit",
          "PartID": 244,
          "PartNumber": "J31_ADH_1mil_cosmo_internal_for_pillow",
          "PartDescription": "内部料1mil",
          "PartPosition": null,
          "IsCritical": false,
          "Status": null,
          "StationTypeID": 122
        },
        {
          "ParentPartID": 238,
          "ParentPartNumber": "J31_RibKnit",
          "ParentPartDescription": "J31_RibKnit",
          "PartID": 245,
          "PartNumber": "J31_ADH_4mil_HBF 9002",
          "PartDescription": "4mil_HBF 9002",
          "PartPosition": null,
          "IsCritical": false,
          "Status": null,
          "StationTypeID": 123
        },
        {
          "ParentPartID": 238,
          "ParentPartNumber": "J31_RibKnit",
          "ParentPartDescription": "J31_RibKnit",
          "PartID": 241,
          "PartNumber": "Part_J31_PullTab_Left",
          "PartDescription": "PullTab SN_Left",
          "PartPosition": null,
          "IsCritical": false,
          "Status": null,
          "StationTypeID": 124
        },
        {
          "ParentPartID": 238,
          "ParentPartNumber": "J31_RibKnit",
          "ParentPartDescription": "J31_RibKnit",
          "PartID": 235,
          "PartNumber": "J31_HBF_textile_to_rib_knit",
          "PartDescription": "HBF_textile_to_rib_knit",
          "PartPosition": null,
          "IsCritical": false,
          "Status": null,
          "StationTypeID": 109
        },
        {
          "ParentPartID": 238,
          "ParentPartNumber": "J31_RibKnit",
          "ParentPartDescription": "J31_RibKnit",
          "PartID": 248,
          "PartNumber": "J31_Textile",
          "PartDescription": "J31_Textile",
          "PartPosition": null,
          "IsCritical": false,
          "Status": null,
          "StationTypeID": 131
        },
        {
          "ParentPartID": 238,
          "ParentPartNumber": "J31_RibKnit",
          "ParentPartDescription": "J31_RibKnit",
          "PartID": 246,
          "PartNumber": "J31_Taffeta",
          "PartDescription": "J31_Taffeta",
          "PartPosition": null,
          "IsCritical": false,
          "Status": null,
          "StationTypeID": 124
        },
        {
          "ParentPartID": 238,
          "ParentPartNumber": "J31_RibKnit",
          "ParentPartDescription": "J31_RibKnit",
          "PartID": 27,
          "PartNumber": "J31_RibKnit_Carrier_Top",
          "PartDescription": "J31_RibKnit_Carrier_Top",
          "PartPosition": null,
          "IsCritical": false,
          "Status": null,
          "StationTypeID": 121
        },
        {
          "ParentPartID": 238,
          "ParentPartNumber": "J31_RibKnit",
          "ParentPartDescription": "J31_RibKnit",
          "PartID": 250,
          "PartNumber": "J31_RibKnit_Carrier_Bottom",
          "PartDescription": "J31_RibKnit_Carrier_Bottom",
          "PartPosition": null,
          "IsCritical": false,
          "Status": null,
          "StationTypeID": 121
        },
        {
          "ParentPartID": 238,
          "ParentPartNumber": "J31_RibKnit",
          "ParentPartDescription": "J31_RibKnit",
          "PartID": 254,
          "PartNumber": "J31_M1C_Carrier",
          "PartDescription": "J31_M1C_Carrier",
          "PartPosition": null,
          "IsCritical": false,
          "Status": null,
          "StationTypeID": 109
        },
        {
          "ParentPartID": 238,
          "ParentPartNumber": "J31_RibKnit",
          "ParentPartDescription": "J31_RibKnit",
          "PartID": 258,
          "PartNumber": "Part_J31_PullTab_Right",
          "PartDescription": "PullTab_SN_Right",
          "PartPosition": null,
          "IsCritical": false,
          "Status": null,
          "StationTypeID": 124
        },
        {
          "ParentPartID": 238,
          "ParentPartNumber": "J31_RibKnit",
          "ParentPartDescription": "J31_RibKnit",
          "PartID": 256,
          "PartNumber": "J31_SW2_Operator",
          "PartDescription": "J31_SW2_Operator",
          "PartPosition": null,
          "IsCritical": false,
          "Status": null,
          "StationTypeID": 121
        },
        {
          "ParentPartID": 238,
          "ParentPartNumber": "J31_RibKnit",
          "ParentPartDescription": "J31_RibKnit",
          "PartID": 257,
          "PartNumber": "J31_M1_Operator",
          "PartDescription": "J31_M1_Operator",
          "PartPosition": null,
          "IsCritical": false,
          "Status": null,
          "StationTypeID": 109
        }
      ],
      "RouteDataDiagram1": [
        {
          "ID": 1,
          "StationTypeID": 124,
          "RouteID": "27",
          "CurrStateID": 224,
          "OutputStateID": 228,
          "OutputStateDefID": 1,
          "RouteType": 2,
          "ParentID": 0,
          "StationType": "SW9.6_Bond_PullTab",
          "OutputStation": "SW7.2 Pass",
          "CurrentStation": "SW9.6 Pass",
          "Status": "PASS"
        },
        {
          "ID": 2,
          "StationTypeID": 29,
          "RouteID": "27",
          "CurrStateID": 228,
          "OutputStateID": 101,
          "OutputStateDefID": 1,
          "RouteType": 2,
          "ParentID": 0,
          "StationType": "QC4",
          "OutputStation": "SW9.6 Pass",
          "CurrentStation": "QC4 Pass",
          "Status": "PASS"
        },
        {
          "ID": 3,
          "StationTypeID": 29,
          "RouteID": "27",
          "CurrStateID": 228,
          "OutputStateID": 102,
          "OutputStateDefID": 2,
          "RouteType": 2,
          "ParentID": 0,
          "StationType": "QC4",
          "OutputStation": "SW9.6 Pass",
          "CurrentStation": "QC4 Fail",
          "Status": "FAIL"
        },
        {
          "ID": 4,
          "StationTypeID": 29,
          "RouteID": "27",
          "CurrStateID": 228,
          "OutputStateID": 103,
          "OutputStateDefID": 3,
          "RouteType": 2,
          "ParentID": 0,
          "StationType": "QC4",
          "OutputStation": "SW9.6 Pass",
          "CurrentStation": "QC4 Scrap",
          "Status": "SCRAP"
        },
        {
          "ID": 5,
          "StationTypeID": 109,
          "RouteID": "27",
          "CurrStateID": 101,
          "OutputStateID": 238,
          "OutputStateDefID": 1,
          "RouteType": 2,
          "ParentID": 0,
          "StationType": "M1_RibKnit",
          "OutputStation": "QC4 Pass",
          "CurrentStation": "M1 Pass",
          "Status": "PASS"
        },
        {
          "ID": 6,
          "StationTypeID": 125,
          "RouteID": "27",
          "CurrStateID": 0,
          "OutputStateID": 218,
          "OutputStateDefID": 1,
          "RouteType": 2,
          "ParentID": 0,
          "StationType": "RibKnit_Register",
          "OutputStation": null,
          "CurrentStation": "RibKnit Register Pass",
          "Status": "PASS"
        },
        {
          "ID": 7,
          "StationTypeID": 121,
          "RouteID": "27",
          "CurrStateID": 218,
          "OutputStateID": 222,
          "OutputStateDefID": 1,
          "RouteType": 2,
          "ParentID": 0,
          "StationType": "SW2_Carrier1",
          "OutputStation": "RibKnit Register Pass",
          "CurrentStation": "SW2 Pass",
          "Status": "PASS"
        },
        {
          "ID": 8,
          "StationTypeID": 122,
          "RouteID": "27",
          "CurrStateID": 206,
          "OutputStateID": 224,
          "OutputStateDefID": 1,
          "RouteType": 2,
          "ParentID": 0,
          "StationType": "SW7.2_ADH1mil",
          "OutputStation": "QC3 Pass",
          "CurrentStation": "SW7.2 Pass",
          "Status": "PASS"
        },
        {
          "ID": 9,
          "StationTypeID": 107,
          "RouteID": "27",
          "CurrStateID": 222,
          "OutputStateID": 206,
          "OutputStateDefID": 1,
          "RouteType": 2,
          "ParentID": 0,
          "StationType": "QC3",
          "OutputStation": "SW2 Pass",
          "CurrentStation": "QC3 Pass",
          "Status": "PASS"
        },
        {
          "ID": 10,
          "StationTypeID": 107,
          "RouteID": "27",
          "CurrStateID": 222,
          "OutputStateID": 207,
          "OutputStateDefID": 2,
          "RouteType": 2,
          "ParentID": 0,
          "StationType": "QC3",
          "OutputStation": "SW2 Pass",
          "CurrentStation": "QC3 Fail",
          "Status": "FAIL"
        },
        {
          "ID": 11,
          "StationTypeID": 107,
          "RouteID": "27",
          "CurrStateID": 222,
          "OutputStateID": 208,
          "OutputStateDefID": 3,
          "RouteType": 2,
          "ParentID": 0,
          "StationType": "QC3",
          "OutputStation": "SW2 Pass",
          "CurrentStation": "QC3 Scrap",
          "Status": "SCRAP"
        },
        {
          "ID": 12,
          "StationTypeID": 131,
          "RouteID": "27",
          "CurrStateID": 238,
          "OutputStateID": 200,
          "OutputStateDefID": 1,
          "RouteType": 2,
          "ParentID": 0,
          "StationType": "M2_ADH2mil",
          "OutputStation": "M1 Pass",
          "CurrentStation": "M2 Pass",
          "Status": "PASS"
        },
        {
          "ID": 13,
          "StationTypeID": 123,
          "RouteID": "27",
          "CurrStateID": 200,
          "OutputStateID": 211,
          "OutputStateDefID": 1,
          "RouteType": 2,
          "ParentID": 0,
          "StationType": "M3.1_ADH4mil",
          "OutputStation": "M2 Pass",
          "CurrentStation": "M3.1 Pass",
          "Status": "PASS"
        },
        {
          "ID": 14,
          "StationTypeID": 110,
          "RouteID": "27",
          "CurrStateID": 211,
          "OutputStateID": 201,
          "OutputStateDefID": 1,
          "RouteType": 2,
          "ParentID": 0,
          "StationType": "M6_PC_shell",
          "OutputStation": "M3.1 Pass",
          "CurrentStation": "M6 Pass",
          "Status": "PASS"
        },
        {
          "ID": 15,
          "StationTypeID": 132,
          "RouteID": "27",
          "CurrStateID": 201,
          "OutputStateID": 240,
          "OutputStateDefID": 1,
          "RouteType": 2,
          "ParentID": 0,
          "StationType": "M8.8_FlipOver",
          "OutputStation": "M6 Pass",
          "CurrentStation": "M8.8 Pass",
          "Status": "PASS"
        },
        {
          "ID": 16,
          "StationTypeID": 134,
          "RouteID": "27",
          "CurrStateID": 240,
          "OutputStateID": 244,
          "OutputStateDefID": 1,
          "RouteType": 2,
          "ParentID": 0,
          "StationType": "M11.7_GlueToInnerSeam",
          "OutputStation": "M8.8 Pass",
          "CurrentStation": "M11.7 Pass",
          "Status": "PASS"
        },
        {
          "ID": 17,
          "StationTypeID": 137,
          "RouteID": "27",
          "CurrStateID": 240,
          "OutputStateID": 241,
          "OutputStateDefID": 3,
          "RouteType": 2,
          "ParentID": 0,
          "StationType": "QC6",
          "OutputStation": "M8.8 Pass",
          "CurrentStation": "QC6 Scrap",
          "Status": "SCRAP"
        },
        {
          "ID": 18,
          "StationTypeID": 137,
          "RouteID": "27",
          "CurrStateID": 244,
          "OutputStateID": 241,
          "OutputStateDefID": 3,
          "RouteType": 2,
          "ParentID": 0,
          "StationType": "QC6",
          "OutputStation": "M11.7 Pass",
          "CurrentStation": "QC6 Scrap",
          "Status": "SCRAP"
        }
      ],
      "RouteDataDiagram2": [],
      "RouteDetail": null,
      "ProductionOrderQTY": [
        {
          "currentCount": 0,
          "prodCount": 999999999
        }
      ],
      "S_Batch_Pattern": "^[a-zA-Z0-9]{13}(VER)[a-zA-Z0-9]{11}$",
      "S_SN_Pattern": "^[a-zA-Z0-9]{13}(VER)[a-zA-Z0-9]{11}$"
    },
    "DynamicCommand": null,
    "PrinterParams": null,
    "ScalageConfig": null,
    "ErrorMsg": null,
    "ProductionOrderQTY": null,
    "CurrentSettingInfo": {
      "StationName": "J31_M1_Line1_01",
      "StationId": 75,
      "StationTypeID": 109,
      "StationType": "M1_RibKnit",
      "LineName": "S_line",
      "LineId": 30,
      "PartFamilyTypeID": 27,
      "PartFamilyID": 38,
      "PartID": 238,
      "POID": 213,
      "UnitStatus": 1,
      "CurrentLoginIp": "127.0.0.1",
      "Url": "/application/assemblyGroup/assemblyDynamic"
    },
    "CurrentInitPageInfo": {
      "stationAttribute": {
        "IsShowTTWIP": "0",
        "RPTOutputName": "M1",
        "IsRPTYield": "1",
        "IsCheckPO": "1",
        "IsCheckPN": "1",
        "ApplicationType": "AssemblyV2",
        "TTScanType": "0",
        "SNScanType": "0",
        "IsCheckVendor": "0",
        "COF": "0",
        "IsDOEPrint": "0",
        "PlasmaTimeOut": null,
        "PlasmaGroupNumber": null,
        "PlasmaMaxGroup": null,
        "ToolingFrom": null,
        "ToolingTo": null,
        "IsTimeCheck_Shell": null,
        "TimeCheckStartStationType_Shell": null,
        "TimeCheckMin_Shell": null,
        "PlasmaSetTime": null,
        "TimeCheckMax_Shell": null,
        "IsTimeCheck_MF": null,
        "TimeCheckStartStationType_MF": null,
        "TimeCheckMin_MF": null,
        "TimeCheckMax_MF": null,
        "ORTUnitStateID": null,
        "ORTFromStationTypeID": null,
        "StationTypeType": null,
        "TTtarryTime": null,
        "AdhesiveTimeCheck": null,
        "IsScanAdhesive": null,
        "AdhesiveTimeCheckOut": null,
        "IsSendYieldToInsight": null,
        "IsSendModuleToInsight": null,
        "IsStationTypeName": null,
        "IsTimeCheck_NFCKitting": null,
        "TimeCheckStartStationType_NFCKitting": null,
        "TimeCheckMin_NFCKitting": null,
        "TimeCheckMax_NFCKitting": null,
        "SiemensProjectType": null,
        "SiemensDBConn": null,
        "IsSampleAlarm": null,
        "SampleAlarmTimePoint": null,
        "SampleCount": null,
        "IsRPTOutput": null,
        "IsLastBox": null,
        "IsNotPrint": null,
        "IsQC": null,
        "TTBoxType": null,
        "TTBoxSN_Pattern": null,
        "IsTTBoxUnpack": null,
        "TTRegistSN": null,
        "IsScanPalletSNOrCartonBoxSN": "1",
        "READ": "READ",
        "READY": "READY",
        "PASS": "PASS",
        "FAIL": "FAIL",
        "AutoStation": "0",
        "Port": "COM1",
        "Delay": "0",
        "COM_BaudRate": "9600",
        "COM_DataBits": "8",
        "COM_Parity": "Odd",
        "COM_StopBits": "1",
        "PrintIPPort": null,
        "Station_IsTimeCheck": null,
        "IsBindNFC": null,
        "IsBindAdhesive": null,
        "OOBANewUnitStateID": null,
        "IsShowReleaseBtn": null,
        "IsKeepUPCSN": null,
        "IsCreateUPCSN": null,
        "CheckOOBAUnitStatusID": null,
        "CheckQCTimeOut": null,
        "CardIDPattern": null,
        "YieldCombineStationTypeID": null,
        "CheckReworkTimes": null,
        "CheckReworkStationTypeID": null,
        "SetReworkStatusID": null,
        "IsCheckBuckFailCount": null,
        "FailedRate": null,
        "LatestRecordCount": null,
        "SerialFailOfTimes": null,
        "CheckFailedStationTypeID": null,
        "OtherProperty": {}
      },
      "poAttributes": {
        "MPN": null,
        "BoxLabelTemplatePath": null,
        "PalletLabelTemplatePath": null,
        "UPC": null,
        "BoxQty": null,
        "UPC_LabelTemplatePath": null,
        "PalletQty": null,
        "Jan": null,
        "Region": null,
        "GSI": null,
        "BoxSN_Pattern": null,
        "BoxSNFormatName": null,
        "IsGenerateBoxSN": null,
        "IsGeneratePalletSN": null,
        "PalletSN_Pattern": null,
        "PalletSNFormatName": null,
        "IsMixedPO": null,
        "IsMixedPN": null,
        "SCC": null,
        "SN_Pattern": null,
        "UPC_BartenderPath": null,
        "PalletBartenderPath": null,
        "BoxBartenderPath": null,
        "IsScanUPC": null,
        "IsScanJAN": null,
        "DOE_Parameter1": null,
        "MultipackScanOnlyFGSN": null,
        "IsCreateUPCSN": null,
        "DOE_ProjectPhase": null,
        "DOE_ConfigNumber": null,
        "ShipmentRegion": null,
        "IsScanFGSN": null,
        "IsScanUPCSN": null,
        "_7ECode": null,
        "GTIN": null,
        "COO": null,
        "PRODUCT": null,
        "JANTite": null,
        "_7Q": null,
        "OtherProperty": {},
        "ColorCode": null
      },
      "IsLegalPage": "1",
      "DataList": null
    }
  },
  "Sounds": "OK"
}",
  "ContentType": null,
  "StatusCode": null
}
[11:46:23.841] Debug T8： 方法名称：MoveNext
日志内容：exec : AssemblyDynamic - DynamicSnVerify, param ：?api-version=2.0, body : {"S_PartFamilyTypeID":"27","S_PartFamilyID":"38","S_PartID":"238","S_POID":"213","S_UnitStatus":"1","S_DefectID":null,"S_URL":"/application/assemblyGroup/assemblyDynamic","DataList":[{"IsScanFinished":false,"IsCurrentItem":true,"TrayBatchSN":null,"IsClearInput":false,"PartID":238,"PartNumber":"J31_RibKnit","ScanType":1,"Pattern":"^[a-zA-Z0-9]{13}(VER)[a-zA-Z0-9]{11}$","FieldName":null,"Barcode":"A309233682201VER127A1050091","IsMainSn":true,"Id":"20231102114603270024310","isLock":false},{"IsScanFinished":false,"IsCurrentItem":false,"TrayBatchSN":null,"IsClearInput":false,"PartID":235,"PartNumber":"J31_HBF_textile_to_rib_knit","ScanType":2,"Pattern":"^[0-9A-Z]{6}(/)[0-9]{1,2}$","FieldName":null,"Barcode":"","IsMainSn":false,"Id":"20231102114603272252321","isLock":false},{"IsScanFinished":false,"IsCurrentItem":false,"TrayBatchSN":null,"IsClearInput":false,"PartID":254,"PartNumber":"J31_M1C_Carrier","ScanType":4,"Pattern":"[\\\\s\\\\S]*","FieldName":null,"Barcode":"","IsMainSn":false,"Id":"20231102114603272238007","isLock":false},{"IsScanFinished":false,"IsCurrentItem":false,"TrayBatchSN":null,"IsClearInput":false,"PartID":257,"PartNumber":"J31_M1_Operator","ScanType":4,"Pattern":"[\\\\s\\\\S]*","FieldName":null,"Barcode":"","IsMainSn":false,"Id":"20231102114603272239159","isLock":false}],"S_LineNumber":""}
[11:46:24.652] Debug T5： 方法名称：OnActionExecuted
日志内容：执行AssemblyDynamic - DynamicSnVerify,耗时为:810s, 结果为：{
  "Content": "{
  "ResultCode": "请求失败",
  "ResultMsg": "2023-11-02 11:46:24 629   输入数据:A309233682201VER127A1050091  (错误信息:无法创建 XML 文档，因为服务器内存不足。请使用 sp_xml_removedocument 释放 XML 文档。, )",
  "Success": false,
  "ResData": {
    "DataList": null,
    "AssemblyQty": 0,
    "ErrorMsg": "(错误信息:无法创建 XML 文档，因为服务器内存不足。请使用 sp_xml_removedocument 释放 XML 文档。, )",
    "ProductionOrderQTY": null,
    "CurrentSettingInfo": {
      "StationName": "J31_M1_Line1_01",
      "StationId": 75,
      "StationTypeID": 109,
      "StationType": "M1_RibKnit",
      "LineName": "S_line",
      "LineId": 30,
      "PartFamilyTypeID": 27,
      "PartFamilyID": 38,
      "PartID": 238,
      "POID": 213,
      "UnitStatus": 1,
      "CurrentLoginIp": "127.0.0.1",
      "Url": "/application/assemblyGroup/assemblyDynamic"
    },
    "CurrentInitPageInfo": {
      "stationAttribute": {
        "IsShowTTWIP": "0",
        "RPTOutputName": "M1",
        "IsRPTYield": "1",
        "IsCheckPO": "1",
        "IsCheckPN": "1",
        "ApplicationType": "AssemblyV2",
        "TTScanType": "0",
        "SNScanType": "0",
        "IsCheckVendor": "0",
        "COF": "0",
        "IsDOEPrint": "0",
        "PlasmaTimeOut": null,
        "PlasmaGroupNumber": null,
        "PlasmaMaxGroup": null,
        "ToolingFrom": null,
        "ToolingTo": null,
        "IsTimeCheck_Shell": null,
        "TimeCheckStartStationType_Shell": null,
        "TimeCheckMin_Shell": null,
        "PlasmaSetTime": null,
        "TimeCheckMax_Shell": null,
        "IsTimeCheck_MF": null,
        "TimeCheckStartStationType_MF": null,
        "TimeCheckMin_MF": null,
        "TimeCheckMax_MF": null,
        "ORTUnitStateID": null,
        "ORTFromStationTypeID": null,
        "StationTypeType": null,
        "TTtarryTime": null,
        "AdhesiveTimeCheck": null,
        "IsScanAdhesive": null,
        "AdhesiveTimeCheckOut": null,
        "IsSendYieldToInsight": null,
        "IsSendModuleToInsight": null,
        "IsStationTypeName": null,
        "IsTimeCheck_NFCKitting": null,
        "TimeCheckStartStationType_NFCKitting": null,
        "TimeCheckMin_NFCKitting": null,
        "TimeCheckMax_NFCKitting": null,
        "SiemensProjectType": null,
        "SiemensDBConn": null,
        "IsSampleAlarm": null,
        "SampleAlarmTimePoint": null,
        "SampleCount": null,
        "IsRPTOutput": null,
        "IsLastBox": null,
        "IsNotPrint": null,
        "IsQC": null,
        "TTBoxType": null,
        "TTBoxSN_Pattern": null,
        "IsTTBoxUnpack": null,
        "TTRegistSN": null,
        "IsScanPalletSNOrCartonBoxSN": "1",
        "READ": "READ",
        "READY": "READY",
        "PASS": "PASS",
        "FAIL": "FAIL",
        "AutoStation": "0",
        "Port": "COM1",
        "Delay": "0",
        "COM_BaudRate": "9600",
        "COM_DataBits": "8",
        "COM_Parity": "Odd",
        "COM_StopBits": "1",
        "PrintIPPort": null,
        "Station_IsTimeCheck": null,
        "IsBindNFC": null,
        "IsBindAdhesive": null,
        "OOBANewUnitStateID": null,
        "IsShowReleaseBtn": null,
        "IsKeepUPCSN": null,
        "IsCreateUPCSN": null,
        "CheckOOBAUnitStatusID": null,
        "CheckQCTimeOut": null,
        "CardIDPattern": null,
        "YieldCombineStationTypeID": null,
        "CheckReworkTimes": null,
        "CheckReworkStationTypeID": null,
        "SetReworkStatusID": null,
        "IsCheckBuckFailCount": null,
        "FailedRate": null,
        "LatestRecordCount": null,
        "SerialFailOfTimes": null,
        "CheckFailedStationTypeID": null,
        "OtherProperty": {}
      },
      "poAttributes": {
        "MPN": null,
        "BoxLabelTemplatePath": null,
        "PalletLabelTemplatePath": null,
        "UPC": null,
        "BoxQty": null,
        "UPC_LabelTemplatePath": null,
        "PalletQty": null,
        "Jan": null,
        "Region": null,
        "GSI": null,
        "BoxSN_Pattern": null,
        "BoxSNFormatName": null,
        "IsGenerateBoxSN": null,
        "IsGeneratePalletSN": null,
        "PalletSN_Pattern": null,
        "PalletSNFormatName": null,
        "IsMixedPO": null,
        "IsMixedPN": null,
        "SCC": null,
        "SN_Pattern": null,
        "UPC_BartenderPath": null,
        "PalletBartenderPath": null,
        "BoxBartenderPath": null,
        "IsScanUPC": null,
        "IsScanJAN": null,
        "DOE_Parameter1": null,
        "MultipackScanOnlyFGSN": null,
        "IsCreateUPCSN": null,
        "DOE_ProjectPhase": null,
        "DOE_ConfigNumber": null,
        "ShipmentRegion": null,
        "IsScanFGSN": null,
        "IsScanUPCSN": null,
        "_7ECode": null,
        "GTIN": null,
        "COO": null,
        "PRODUCT": null,
        "JANTite": null,
        "_7Q": null,
        "OtherProperty": {},
        "ColorCode": null
      },
      "IsLegalPage": "1",
      "DataList": null
    }
  },
  "Sounds": "NG"
}",
  "ContentType": null,
  "StatusCode": null
}
[11:47:08.602] Debug T5： 方法名称：MoveNext
日志内容：exec : AssemblyDynamic - DynamicSnVerify, param ：?api-version=2.0, body : {"S_PartFamilyTypeID":"27","S_PartFamilyID":"38","S_PartID":"238","S_POID":"213","S_UnitStatus":"1","S_DefectID":null,"S_URL":"/application/assemblyGroup/assemblyDynamic","DataList":[{"IsScanFinished":false,"IsCurrentItem":true,"TrayBatchSN":null,"IsClearInput":false,"PartID":238,"PartNumber":"J31_RibKnit","ScanType":1,"Pattern":"^[a-zA-Z0-9]{13}(VER)[a-zA-Z0-9]{11}$","FieldName":null,"Barcode":"A309233682201VER127A1050091","IsMainSn":true,"Id":"20231102114603270024310","isLock":false},{"IsScanFinished":false,"IsCurrentItem":false,"TrayBatchSN":null,"IsClearInput":false,"PartID":235,"PartNumber":"J31_HBF_textile_to_rib_knit","ScanType":2,"Pattern":"^[0-9A-Z]{6}(/)[0-9]{1,2}$","FieldName":null,"Barcode":"","IsMainSn":false,"Id":"20231102114603272252321","isLock":false},{"IsScanFinished":false,"IsCurrentItem":false,"TrayBatchSN":null,"IsClearInput":false,"PartID":254,"PartNumber":"J31_M1C_Carrier","ScanType":4,"Pattern":"[\\\\s\\\\S]*","FieldName":null,"Barcode":"","IsMainSn":false,"Id":"20231102114603272238007","isLock":false},{"IsScanFinished":false,"IsCurrentItem":false,"TrayBatchSN":null,"IsClearInput":false,"PartID":257,"PartNumber":"J31_M1_Operator","ScanType":4,"Pattern":"[\\\\s\\\\S]*","FieldName":null,"Barcode":"","IsMainSn":false,"Id":"20231102114603272239159","isLock":false}],"S_LineNumber":""}
[11:47:09.345] Debug T5： 方法名称：OnActionExecuted
日志内容：执行AssemblyDynamic - DynamicSnVerify,耗时为:744s, 结果为：{
  "Content": "{
  "ResultCode": "请求失败",
  "ResultMsg": "2023-11-02 11:47:09 304   输入数据:A309233682201VER127A1050091  (错误信息:无法创建 XML 文档，因为服务器内存不足。请使用 sp_xml_removedocument 释放 XML 文档。, )",
  "Success": false,
  "ResData": {
    "DataList": null,
    "AssemblyQty": 0,
    "ErrorMsg": "(错误信息:无法创建 XML 文档，因为服务器内存不足。请使用 sp_xml_removedocument 释放 XML 文档。, )",
    "ProductionOrderQTY": null,
    "CurrentSettingInfo": {
      "StationName": "J31_M1_Line1_01",
      "StationId": 75,
      "StationTypeID": 109,
      "StationType": "M1_RibKnit",
      "LineName": "S_line",
      "LineId": 30,
      "PartFamilyTypeID": 27,
      "PartFamilyID": 38,
      "PartID": 238,
      "POID": 213,
      "UnitStatus": 1,
      "CurrentLoginIp": "127.0.0.1",
      "Url": "/application/assemblyGroup/assemblyDynamic"
    },
    "CurrentInitPageInfo": {
      "stationAttribute": {
        "IsShowTTWIP": "0",
        "RPTOutputName": "M1",
        "IsRPTYield": "1",
        "IsCheckPO": "1",
        "IsCheckPN": "1",
        "ApplicationType": "AssemblyV2",
        "TTScanType": "0",
        "SNScanType": "0",
        "IsCheckVendor": "0",
        "COF": "0",
        "IsDOEPrint": "0",
        "PlasmaTimeOut": null,
        "PlasmaGroupNumber": null,
        "PlasmaMaxGroup": null,
        "ToolingFrom": null,
        "ToolingTo": null,
        "IsTimeCheck_Shell": null,
        "TimeCheckStartStationType_Shell": null,
        "TimeCheckMin_Shell": null,
        "PlasmaSetTime": null,
        "TimeCheckMax_Shell": null,
        "IsTimeCheck_MF": null,
        "TimeCheckStartStationType_MF": null,
        "TimeCheckMin_MF": null,
        "TimeCheckMax_MF": null,
        "ORTUnitStateID": null,
        "ORTFromStationTypeID": null,
        "StationTypeType": null,
        "TTtarryTime": null,
        "AdhesiveTimeCheck": null,
        "IsScanAdhesive": null,
        "AdhesiveTimeCheckOut": null,
        "IsSendYieldToInsight": null,
        "IsSendModuleToInsight": null,
        "IsStationTypeName": null,
        "IsTimeCheck_NFCKitting": null,
        "TimeCheckStartStationType_NFCKitting": null,
        "TimeCheckMin_NFCKitting": null,
        "TimeCheckMax_NFCKitting": null,
        "SiemensProjectType": null,
        "SiemensDBConn": null,
        "IsSampleAlarm": null,
        "SampleAlarmTimePoint": null,
        "SampleCount": null,
        "IsRPTOutput": null,
        "IsLastBox": null,
        "IsNotPrint": null,
        "IsQC": null,
        "TTBoxType": null,
        "TTBoxSN_Pattern": null,
        "IsTTBoxUnpack": null,
        "TTRegistSN": null,
        "IsScanPalletSNOrCartonBoxSN": "1",
        "READ": "READ",
        "READY": "READY",
        "PASS": "PASS",
        "FAIL": "FAIL",
        "AutoStation": "0",
        "Port": "COM1",
        "Delay": "0",
        "COM_BaudRate": "9600",
        "COM_DataBits": "8",
        "COM_Parity": "Odd",
        "COM_StopBits": "1",
        "PrintIPPort": null,
        "Station_IsTimeCheck": null,
        "IsBindNFC": null,
        "IsBindAdhesive": null,
        "OOBANewUnitStateID": null,
        "IsShowReleaseBtn": null,
        "IsKeepUPCSN": null,
        "IsCreateUPCSN": null,
        "CheckOOBAUnitStatusID": null,
        "CheckQCTimeOut": null,
        "CardIDPattern": null,
        "YieldCombineStationTypeID": null,
        "CheckReworkTimes": null,
        "CheckReworkStationTypeID": null,
        "SetReworkStatusID": null,
        "IsCheckBuckFailCount": null,
        "FailedRate": null,
        "LatestRecordCount": null,
        "SerialFailOfTimes": null,
        "CheckFailedStationTypeID": null,
        "OtherProperty": {}
      },
      "poAttributes": {
        "MPN": null,
        "BoxLabelTemplatePath": null,
        "PalletLabelTemplatePath": null,
        "UPC": null,
        "BoxQty": null,
        "UPC_LabelTemplatePath": null,
        "PalletQty": null,
        "Jan": null,
        "Region": null,
        "GSI": null,
        "BoxSN_Pattern": null,
        "BoxSNFormatName": null,
        "IsGenerateBoxSN": null,
        "IsGeneratePalletSN": null,
        "PalletSN_Pattern": null,
        "PalletSNFormatName": null,
        "IsMixedPO": null,
        "IsMixedPN": null,
        "SCC": null,
        "SN_Pattern": null,
        "UPC_BartenderPath": null,
        "PalletBartenderPath": null,
        "BoxBartenderPath": null,
        "IsScanUPC": null,
        "IsScanJAN": null,
        "DOE_Parameter1": null,
        "MultipackScanOnlyFGSN": null,
        "IsCreateUPCSN": null,
        "DOE_ProjectPhase": null,
        "DOE_ConfigNumber": null,
        "ShipmentRegion": null,
        "IsScanFGSN": null,
        "IsScanUPCSN": null,
        "_7ECode": null,
        "GTIN": null,
        "COO": null,
        "PRODUCT": null,
        "JANTite": null,
        "_7Q": null,
        "OtherProperty": {},
        "ColorCode": null
      },
      "IsLegalPage": "1",
      "DataList": null
    }
  },
  "Sounds": "NG"
}",
  "ContentType": null,
  "StatusCode": null
}
[11:47:54.040] Debug T8： 方法名称：MoveNext
日志内容：exec : AssemblyDynamic - DynamicSnVerify, param ：?api-version=2.0, body : {"S_PartFamilyTypeID":"27","S_PartFamilyID":"38","S_PartID":"238","S_POID":"213","S_UnitStatus":"1","S_DefectID":null,"S_URL":"/application/assemblyGroup/assemblyDynamic","DataList":[{"IsScanFinished":false,"IsCurrentItem":true,"TrayBatchSN":null,"IsClearInput":false,"PartID":238,"PartNumber":"J31_RibKnit","ScanType":1,"Pattern":"^[a-zA-Z0-9]{13}(VER)[a-zA-Z0-9]{11}$","FieldName":null,"Barcode":"A309233682201VER127A1050091","IsMainSn":true,"Id":"20231102114603270024310","isLock":false},{"IsScanFinished":false,"IsCurrentItem":false,"TrayBatchSN":null,"IsClearInput":false,"PartID":235,"PartNumber":"J31_HBF_textile_to_rib_knit","ScanType":2,"Pattern":"^[0-9A-Z]{6}(/)[0-9]{1,2}$","FieldName":null,"Barcode":"","IsMainSn":false,"Id":"20231102114603272252321","isLock":false},{"IsScanFinished":false,"IsCurrentItem":false,"TrayBatchSN":null,"IsClearInput":false,"PartID":254,"PartNumber":"J31_M1C_Carrier","ScanType":4,"Pattern":"[\\\\s\\\\S]*","FieldName":null,"Barcode":"","IsMainSn":false,"Id":"20231102114603272238007","isLock":false},{"IsScanFinished":false,"IsCurrentItem":false,"TrayBatchSN":null,"IsClearInput":false,"PartID":257,"PartNumber":"J31_M1_Operator","ScanType":4,"Pattern":"[\\\\s\\\\S]*","FieldName":null,"Barcode":"","IsMainSn":false,"Id":"20231102114603272239159","isLock":false}],"S_LineNumber":""}
[11:49:18.511] Debug T5： 方法名称：OnActionExecuted
日志内容：执行AssemblyDynamic - DynamicSnVerify,耗时为:470s, 结果为：{
  "Content": "{
  "ResultCode": "请求失败",
  "ResultMsg": "2023-11-02 11:49:10 370   输入数据:A309233682201VER127A1050091  (错误信息:无法创建 XML 文档，因为服务器内存不足。请使用 sp_xml_removedocument 释放 XML 文档。, )",
  "Success": false,
  "ResData": {
    "DataList": null,
    "AssemblyQty": 0,
    "ErrorMsg": "(错误信息:无法创建 XML 文档，因为服务器内存不足。请使用 sp_xml_removedocument 释放 XML 文档。, )",
    "ProductionOrderQTY": null,
    "CurrentSettingInfo": {
      "StationName": "J31_M1_Line1_01",
      "StationId": 75,
      "StationTypeID": 109,
      "StationType": "M1_RibKnit",
      "LineName": "S_line",
      "LineId": 30,
      "PartFamilyTypeID": 27,
      "PartFamilyID": 38,
      "PartID": 238,
      "POID": 213,
      "UnitStatus": 1,
      "CurrentLoginIp": "127.0.0.1",
      "Url": "/application/assemblyGroup/assemblyDynamic"
    },
    "CurrentInitPageInfo": {
      "stationAttribute": {
        "IsShowTTWIP": "0",
        "RPTOutputName": "M1",
        "IsRPTYield": "1",
        "IsCheckPO": "1",
        "IsCheckPN": "1",
        "ApplicationType": "AssemblyV2",
        "TTScanType": "0",
        "SNScanType": "0",
        "IsCheckVendor": "0",
        "COF": "0",
        "IsDOEPrint": "0",
        "PlasmaTimeOut": null,
        "PlasmaGroupNumber": null,
        "PlasmaMaxGroup": null,
        "ToolingFrom": null,
        "ToolingTo": null,
        "IsTimeCheck_Shell": null,
        "TimeCheckStartStationType_Shell": null,
        "TimeCheckMin_Shell": null,
        "PlasmaSetTime": null,
        "TimeCheckMax_Shell": null,
        "IsTimeCheck_MF": null,
        "TimeCheckStartStationType_MF": null,
        "TimeCheckMin_MF": null,
        "TimeCheckMax_MF": null,
        "ORTUnitStateID": null,
        "ORTFromStationTypeID": null,
        "StationTypeType": null,
        "TTtarryTime": null,
        "AdhesiveTimeCheck": null,
        "IsScanAdhesive": null,
        "AdhesiveTimeCheckOut": null,
        "IsSendYieldToInsight": null,
        "IsSendModuleToInsight": null,
        "IsStationTypeName": null,
        "IsTimeCheck_NFCKitting": null,
        "TimeCheckStartStationType_NFCKitting": null,
        "TimeCheckMin_NFCKitting": null,
        "TimeCheckMax_NFCKitting": null,
        "SiemensProjectType": null,
        "SiemensDBConn": null,
        "IsSampleAlarm": null,
        "SampleAlarmTimePoint": null,
        "SampleCount": null,
        "IsRPTOutput": null,
        "IsLastBox": null,
        "IsNotPrint": null,
        "IsQC": null,
        "TTBoxType": null,
        "TTBoxSN_Pattern": null,
        "IsTTBoxUnpack": null,
        "TTRegistSN": null,
        "IsScanPalletSNOrCartonBoxSN": "1",
        "READ": "READ",
        "READY": "READY",
        "PASS": "PASS",
        "FAIL": "FAIL",
        "AutoStation": "0",
        "Port": "COM1",
        "Delay": "0",
        "COM_BaudRate": "9600",
        "COM_DataBits": "8",
        "COM_Parity": "Odd",
        "COM_StopBits": "1",
        "PrintIPPort": null,
        "Station_IsTimeCheck": null,
        "IsBindNFC": null,
        "IsBindAdhesive": null,
        "OOBANewUnitStateID": null,
        "IsShowReleaseBtn": null,
        "IsKeepUPCSN": null,
        "IsCreateUPCSN": null,
        "CheckOOBAUnitStatusID": null,
        "CheckQCTimeOut": null,
        "CardIDPattern": null,
        "YieldCombineStationTypeID": null,
        "CheckReworkTimes": null,
        "CheckReworkStationTypeID": null,
        "SetReworkStatusID": null,
        "IsCheckBuckFailCount": null,
        "FailedRate": null,
        "LatestRecordCount": null,
        "SerialFailOfTimes": null,
        "CheckFailedStationTypeID": null,
        "OtherProperty": {}
      },
      "poAttributes": {
        "MPN": null,
        "BoxLabelTemplatePath": null,
        "PalletLabelTemplatePath": null,
        "UPC": null,
        "BoxQty": null,
        "UPC_LabelTemplatePath": null,
        "PalletQty": null,
        "Jan": null,
        "Region": null,
        "GSI": null,
        "BoxSN_Pattern": null,
        "BoxSNFormatName": null,
        "IsGenerateBoxSN": null,
        "IsGeneratePalletSN": null,
        "PalletSN_Pattern": null,
        "PalletSNFormatName": null,
        "IsMixedPO": null,
        "IsMixedPN": null,
        "SCC": null,
        "SN_Pattern": null,
        "UPC_BartenderPath": null,
        "PalletBartenderPath": null,
        "BoxBartenderPath": null,
        "IsScanUPC": null,
        "IsScanJAN": null,
        "DOE_Parameter1": null,
        "MultipackScanOnlyFGSN": null,
        "IsCreateUPCSN": null,
        "DOE_ProjectPhase": null,
        "DOE_ConfigNumber": null,
        "ShipmentRegion": null,
        "IsScanFGSN": null,
        "IsScanUPCSN": null,
        "_7ECode": null,
        "GTIN": null,
        "COO": null,
        "PRODUCT": null,
        "JANTite": null,
        "_7Q": null,
        "OtherProperty": {},
        "ColorCode": null
      },
      "IsLegalPage": "1",
      "DataList": null
    }
  },
  "Sounds": "NG"
}",
  "ContentType": null,
  "StatusCode": null
}
[11:49:22.632] Debug T5： 方法名称：MoveNext
日志内容：exec : AssemblyDynamic - DynamicSnVerify, param ：?api-version=2.0, body : {"S_PartFamilyTypeID":"27","S_PartFamilyID":"38","S_PartID":"238","S_POID":"213","S_UnitStatus":"1","S_DefectID":null,"S_URL":"/application/assemblyGroup/assemblyDynamic","DataList":[{"IsScanFinished":false,"IsCurrentItem":true,"TrayBatchSN":null,"IsClearInput":false,"PartID":238,"PartNumber":"J31_RibKnit","ScanType":1,"Pattern":"^[a-zA-Z0-9]{13}(VER)[a-zA-Z0-9]{11}$","FieldName":null,"Barcode":"A309233682201VER127A1050091","IsMainSn":true,"Id":"20231102114603270024310","isLock":false},{"IsScanFinished":false,"IsCurrentItem":false,"TrayBatchSN":null,"IsClearInput":false,"PartID":235,"PartNumber":"J31_HBF_textile_to_rib_knit","ScanType":2,"Pattern":"^[0-9A-Z]{6}(/)[0-9]{1,2}$","FieldName":null,"Barcode":"","IsMainSn":false,"Id":"20231102114603272252321","isLock":false},{"IsScanFinished":false,"IsCurrentItem":false,"TrayBatchSN":null,"IsClearInput":false,"PartID":254,"PartNumber":"J31_M1C_Carrier","ScanType":4,"Pattern":"[\\\\s\\\\S]*","FieldName":null,"Barcode":"","IsMainSn":false,"Id":"20231102114603272238007","isLock":false},{"IsScanFinished":false,"IsCurrentItem":false,"TrayBatchSN":null,"IsClearInput":false,"PartID":257,"PartNumber":"J31_M1_Operator","ScanType":4,"Pattern":"[\\\\s\\\\S]*","FieldName":null,"Barcode":"","IsMainSn":false,"Id":"20231102114603272239159","isLock":false}],"S_LineNumber":""}
[11:52:25.772] Debug T43： 方法名称：OnActionExecuted
日志内容：执行AssemblyDynamic - DynamicSnVerify,耗时为:141s, 结果为：{
  "Content": "{
  "ResultCode": "请求失败",
  "ResultMsg": "2023-11-02 11:52:25 723   输入数据:A309233682201VER127A1050091  (错误信息:无法创建 XML 文档，因为服务器内存不足。请使用 sp_xml_removedocument 释放 XML 文档。, )",
  "Success": false,
  "ResData": {
    "DataList": null,
    "AssemblyQty": 0,
    "ErrorMsg": "(错误信息:无法创建 XML 文档，因为服务器内存不足。请使用 sp_xml_removedocument 释放 XML 文档。, )",
    "ProductionOrderQTY": null,
    "CurrentSettingInfo": {
      "StationName": "J31_M1_Line1_01",
      "StationId": 75,
      "StationTypeID": 109,
      "StationType": "M1_RibKnit",
      "LineName": "S_line",
      "LineId": 30,
      "PartFamilyTypeID": 27,
      "PartFamilyID": 38,
      "PartID": 238,
      "POID": 213,
      "UnitStatus": 1,
      "CurrentLoginIp": "127.0.0.1",
      "Url": "/application/assemblyGroup/assemblyDynamic"
    },
    "CurrentInitPageInfo": {
      "stationAttribute": {
        "IsShowTTWIP": "0",
        "RPTOutputName": "M1",
        "IsRPTYield": "1",
        "IsCheckPO": "1",
        "IsCheckPN": "1",
        "ApplicationType": "AssemblyV2",
        "TTScanType": "0",
        "SNScanType": "0",
        "IsCheckVendor": "0",
        "COF": "0",
        "IsDOEPrint": "0",
        "PlasmaTimeOut": null,
        "PlasmaGroupNumber": null,
        "PlasmaMaxGroup": null,
        "ToolingFrom": null,
        "ToolingTo": null,
        "IsTimeCheck_Shell": null,
        "TimeCheckStartStationType_Shell": null,
        "TimeCheckMin_Shell": null,
        "PlasmaSetTime": null,
        "TimeCheckMax_Shell": null,
        "IsTimeCheck_MF": null,
        "TimeCheckStartStationType_MF": null,
        "TimeCheckMin_MF": null,
        "TimeCheckMax_MF": null,
        "ORTUnitStateID": null,
        "ORTFromStationTypeID": null,
        "StationTypeType": null,
        "TTtarryTime": null,
        "AdhesiveTimeCheck": null,
        "IsScanAdhesive": null,
        "AdhesiveTimeCheckOut": null,
        "IsSendYieldToInsight": null,
        "IsSendModuleToInsight": null,
        "IsStationTypeName": null,
        "IsTimeCheck_NFCKitting": null,
        "TimeCheckStartStationType_NFCKitting": null,
        "TimeCheckMin_NFCKitting": null,
        "TimeCheckMax_NFCKitting": null,
        "SiemensProjectType": null,
        "SiemensDBConn": null,
        "IsSampleAlarm": null,
        "SampleAlarmTimePoint": null,
        "SampleCount": null,
        "IsRPTOutput": null,
        "IsLastBox": null,
        "IsNotPrint": null,
        "IsQC": null,
        "TTBoxType": null,
        "TTBoxSN_Pattern": null,
        "IsTTBoxUnpack": null,
        "TTRegistSN": null,
        "IsScanPalletSNOrCartonBoxSN": "1",
        "READ": "READ",
        "READY": "READY",
        "PASS": "PASS",
        "FAIL": "FAIL",
        "AutoStation": "0",
        "Port": "COM1",
        "Delay": "0",
        "COM_BaudRate": "9600",
        "COM_DataBits": "8",
        "COM_Parity": "Odd",
        "COM_StopBits": "1",
        "PrintIPPort": null,
        "Station_IsTimeCheck": null,
        "IsBindNFC": null,
        "IsBindAdhesive": null,
        "OOBANewUnitStateID": null,
        "IsShowReleaseBtn": null,
        "IsKeepUPCSN": null,
        "IsCreateUPCSN": null,
        "CheckOOBAUnitStatusID": null,
        "CheckQCTimeOut": null,
        "CardIDPattern": null,
        "YieldCombineStationTypeID": null,
        "CheckReworkTimes": null,
        "CheckReworkStationTypeID": null,
        "SetReworkStatusID": null,
        "IsCheckBuckFailCount": null,
        "FailedRate": null,
        "LatestRecordCount": null,
        "SerialFailOfTimes": null,
        "CheckFailedStationTypeID": null,
        "OtherProperty": {}
      },
      "poAttributes": {
        "MPN": null,
        "BoxLabelTemplatePath": null,
        "PalletLabelTemplatePath": null,
        "UPC": null,
        "BoxQty": null,
        "UPC_LabelTemplatePath": null,
        "PalletQty": null,
        "Jan": null,
        "Region": null,
        "GSI": null,
        "BoxSN_Pattern": null,
        "BoxSNFormatName": null,
        "IsGenerateBoxSN": null,
        "IsGeneratePalletSN": null,
        "PalletSN_Pattern": null,
        "PalletSNFormatName": null,
        "IsMixedPO": null,
        "IsMixedPN": null,
        "SCC": null,
        "SN_Pattern": null,
        "UPC_BartenderPath": null,
        "PalletBartenderPath": null,
        "BoxBartenderPath": null,
        "IsScanUPC": null,
        "IsScanJAN": null,
        "DOE_Parameter1": null,
        "MultipackScanOnlyFGSN": null,
        "IsCreateUPCSN": null,
        "DOE_ProjectPhase": null,
        "DOE_ConfigNumber": null,
        "ShipmentRegion": null,
        "IsScanFGSN": null,
        "IsScanUPCSN": null,
        "_7ECode": null,
        "GTIN": null,
        "COO": null,
        "PRODUCT": null,
        "JANTite": null,
        "_7Q": null,
        "OtherProperty": {},
        "ColorCode": null
      },
      "IsLegalPage": "1",
      "DataList": null
    }
  },
  "Sounds": "NG"
}",
  "ContentType": null,
  "StatusCode": null
}
[11:52:29.955] Debug T43： 方法名称：MoveNext
日志内容：exec : AssemblyDynamic - DynamicSnVerify, param ：?api-version=2.0, body : {"S_PartFamilyTypeID":"27","S_PartFamilyID":"38","S_PartID":"238","S_POID":"213","S_UnitStatus":"1","S_DefectID":null,"S_URL":"/application/assemblyGroup/assemblyDynamic","DataList":[{"IsScanFinished":false,"IsCurrentItem":true,"TrayBatchSN":null,"IsClearInput":false,"PartID":238,"PartNumber":"J31_RibKnit","ScanType":1,"Pattern":"^[a-zA-Z0-9]{13}(VER)[a-zA-Z0-9]{11}$","FieldName":null,"Barcode":"A309233682201VER127A1050091","IsMainSn":true,"Id":"20231102114603270024310","isLock":false},{"IsScanFinished":false,"IsCurrentItem":false,"TrayBatchSN":null,"IsClearInput":false,"PartID":235,"PartNumber":"J31_HBF_textile_to_rib_knit","ScanType":2,"Pattern":"^[0-9A-Z]{6}(/)[0-9]{1,2}$","FieldName":null,"Barcode":"","IsMainSn":false,"Id":"20231102114603272252321","isLock":false},{"IsScanFinished":false,"IsCurrentItem":false,"TrayBatchSN":null,"IsClearInput":false,"PartID":254,"PartNumber":"J31_M1C_Carrier","ScanType":4,"Pattern":"[\\\\s\\\\S]*","FieldName":null,"Barcode":"","IsMainSn":false,"Id":"20231102114603272238007","isLock":false},{"IsScanFinished":false,"IsCurrentItem":false,"TrayBatchSN":null,"IsClearInput":false,"PartID":257,"PartNumber":"J31_M1_Operator","ScanType":4,"Pattern":"[\\\\s\\\\S]*","FieldName":null,"Barcode":"","IsMainSn":false,"Id":"20231102114603272239159","isLock":false}],"S_LineNumber":""}
[12:04:43.121] Debug T43： 方法名称：OnActionExecuted
日志内容：执行AssemblyDynamic - DynamicSnVerify,耗时为:165s, 结果为：{
  "Content": "{
  "ResultCode": "请求失败",
  "ResultMsg": "2023-11-02 12:04:43 018   输入数据:A309233682201VER127A1050091  (错误信息:无法创建 XML 文档，因为服务器内存不足。请使用 sp_xml_removedocument 释放 XML 文档。, )",
  "Success": false,
  "ResData": {
    "DataList": null,
    "AssemblyQty": 0,
    "ErrorMsg": "(错误信息:无法创建 XML 文档，因为服务器内存不足。请使用 sp_xml_removedocument 释放 XML 文档。, )",
    "ProductionOrderQTY": null,
    "CurrentSettingInfo": {
      "StationName": "J31_M1_Line1_01",
      "StationId": 75,
      "StationTypeID": 109,
      "StationType": "M1_RibKnit",
      "LineName": "S_line",
      "LineId": 30,
      "PartFamilyTypeID": 27,
      "PartFamilyID": 38,
      "PartID": 238,
      "POID": 213,
      "UnitStatus": 1,
      "CurrentLoginIp": "127.0.0.1",
      "Url": "/application/assemblyGroup/assemblyDynamic"
    },
    "CurrentInitPageInfo": {
      "stationAttribute": {
        "IsShowTTWIP": "0",
        "RPTOutputName": "M1",
        "IsRPTYield": "1",
        "IsCheckPO": "1",
        "IsCheckPN": "1",
        "ApplicationType": "AssemblyV2",
        "TTScanType": "0",
        "SNScanType": "0",
        "IsCheckVendor": "0",
        "COF": "0",
        "IsDOEPrint": "0",
        "PlasmaTimeOut": null,
        "PlasmaGroupNumber": null,
        "PlasmaMaxGroup": null,
        "ToolingFrom": null,
        "ToolingTo": null,
        "IsTimeCheck_Shell": null,
        "TimeCheckStartStationType_Shell": null,
        "TimeCheckMin_Shell": null,
        "PlasmaSetTime": null,
        "TimeCheckMax_Shell": null,
        "IsTimeCheck_MF": null,
        "TimeCheckStartStationType_MF": null,
        "TimeCheckMin_MF": null,
        "TimeCheckMax_MF": null,
        "ORTUnitStateID": null,
        "ORTFromStationTypeID": null,
        "StationTypeType": null,
        "TTtarryTime": null,
        "AdhesiveTimeCheck": null,
        "IsScanAdhesive": null,
        "AdhesiveTimeCheckOut": null,
        "IsSendYieldToInsight": null,
        "IsSendModuleToInsight": null,
        "IsStationTypeName": null,
        "IsTimeCheck_NFCKitting": null,
        "TimeCheckStartStationType_NFCKitting": null,
        "TimeCheckMin_NFCKitting": null,
        "TimeCheckMax_NFCKitting": null,
        "SiemensProjectType": null,
        "SiemensDBConn": null,
        "IsSampleAlarm": null,
        "SampleAlarmTimePoint": null,
        "SampleCount": null,
        "IsRPTOutput": null,
        "IsLastBox": null,
        "IsNotPrint": null,
        "IsQC": null,
        "TTBoxType": null,
        "TTBoxSN_Pattern": null,
        "IsTTBoxUnpack": null,
        "TTRegistSN": null,
        "IsScanPalletSNOrCartonBoxSN": "1",
        "READ": "READ",
        "READY": "READY",
        "PASS": "PASS",
        "FAIL": "FAIL",
        "AutoStation": "0",
        "Port": "COM1",
        "Delay": "0",
        "COM_BaudRate": "9600",
        "COM_DataBits": "8",
        "COM_Parity": "Odd",
        "COM_StopBits": "1",
        "PrintIPPort": null,
        "Station_IsTimeCheck": null,
        "IsBindNFC": null,
        "IsBindAdhesive": null,
        "OOBANewUnitStateID": null,
        "IsShowReleaseBtn": null,
        "IsKeepUPCSN": null,
        "IsCreateUPCSN": null,
        "CheckOOBAUnitStatusID": null,
        "CheckQCTimeOut": null,
        "CardIDPattern": null,
        "YieldCombineStationTypeID": null,
        "CheckReworkTimes": null,
        "CheckReworkStationTypeID": null,
        "SetReworkStatusID": null,
        "IsCheckBuckFailCount": null,
        "FailedRate": null,
        "LatestRecordCount": null,
        "SerialFailOfTimes": null,
        "CheckFailedStationTypeID": null,
        "OtherProperty": {}
      },
      "poAttributes": {
        "MPN": null,
        "BoxLabelTemplatePath": null,
        "PalletLabelTemplatePath": null,
        "UPC": null,
        "BoxQty": null,
        "UPC_LabelTemplatePath": null,
        "PalletQty": null,
        "Jan": null,
        "Region": null,
        "GSI": null,
        "BoxSN_Pattern": null,
        "BoxSNFormatName": null,
        "IsGenerateBoxSN": null,
        "IsGeneratePalletSN": null,
        "PalletSN_Pattern": null,
        "PalletSNFormatName": null,
        "IsMixedPO": null,
        "IsMixedPN": null,
        "SCC": null,
        "SN_Pattern": null,
        "UPC_BartenderPath": null,
        "PalletBartenderPath": null,
        "BoxBartenderPath": null,
        "IsScanUPC": null,
        "IsScanJAN": null,
        "DOE_Parameter1": null,
        "MultipackScanOnlyFGSN": null,
        "IsCreateUPCSN": null,
        "DOE_ProjectPhase": null,
        "DOE_ConfigNumber": null,
        "ShipmentRegion": null,
        "IsScanFGSN": null,
        "IsScanUPCSN": null,
        "_7ECode": null,
        "GTIN": null,
        "COO": null,
        "PRODUCT": null,
        "JANTite": null,
        "_7Q": null,
        "OtherProperty": {},
        "ColorCode": null
      },
      "IsLegalPage": "1",
      "DataList": null
    }
  },
  "Sounds": "NG"
}",
  "ContentType": null,
  "StatusCode": null
}
[13:37:22.892] Debug T218： 方法名称：MoveNext
日志内容：{
  "Actor": null,
  "Audiences": [
    "system"
  ],
  "Claims": [
    {
      "Issuer": "YuebonTeach",
      "OriginalIssuer": "YuebonTeach",
      "Properties": {},
      "Subject": null,
      "Type": "aud",
      "Value": "system",
      "ValueType": "http://www.w3.org/2001/XMLSchema#string"
    },
    {
      "Issuer": "YuebonTeach",
      "OriginalIssuer": "YuebonTeach",
      "Properties": {},
      "Subject": null,
      "Type": "iss",
      "Value": "YuebonTeach",
      "ValueType": "http://www.w3.org/2001/XMLSchema#string"
    },
    {
      "Issuer": "YuebonTeach",
      "OriginalIssuer": "YuebonTeach",
      "Properties": {},
      "Subject": null,
      "Type": "name",
      "Value": "developer",
      "ValueType": "http://www.w3.org/2001/XMLSchema#string"
    },
    {
      "Issuer": "YuebonTeach",
      "OriginalIssuer": "YuebonTeach",
      "Properties": {},
      "Subject": null,
      "Type": "id",
      "Value": "1",
      "ValueType": "http://www.w3.org/2001/XMLSchema#string"
    },
    {
      "Issuer": "YuebonTeach",
      "OriginalIssuer": "YuebonTeach",
      "Properties": {},
      "Subject": null,
      "Type": "role",
      "Value": "administrators,",
      "ValueType": "http://www.w3.org/2001/XMLSchema#string"
    },
    {
      "Issuer": "YuebonTeach",
      "OriginalIssuer": "YuebonTeach",
      "Properties": {},
      "Subject": null,
      "Type": "sub",
      "Value": "password",
      "ValueType": "http://www.w3.org/2001/XMLSchema#string"
    },
    {
      "Issuer": "YuebonTeach",
      "OriginalIssuer": "YuebonTeach",
      "Properties": {},
      "Subject": null,
      "Type": "nbf",
      "Value": "1698896725",
      "ValueType": "http://www.w3.org/2001/XMLSchema#integer"
    },
    {
      "Issuer": "YuebonTeach",
      "OriginalIssuer": "YuebonTeach",
      "Properties": {},
      "Subject": null,
      "Type": "exp",
      "Value": "1699501524",
      "ValueType": "http://www.w3.org/2001/XMLSchema#integer"
    },
    {
      "Issuer": "YuebonTeach",
      "OriginalIssuer": "YuebonTeach",
      "Properties": {},
      "Subject": null,
      "Type": "iat",
      "Value": "1698896725",
      "ValueType": "http://www.w3.org/2001/XMLSchema#integer"
    }
  ],
  "EncodedHeader": "eyJhbGciOiJIUzI1NiIsInR5cCI6IkpXVCJ9",
  "EncodedPayload": "eyJhdWQiOiJzeXN0ZW0iLCJpc3MiOiJZdWVib25UZWFjaCIsIm5hbWUiOiJkZXZlbG9wZXIiLCJpZCI6IjEiLCJyb2xlIjoiYWRtaW5pc3RyYXRvcnMsIiwic3ViIjoicGFzc3dvcmQiLCJuYmYiOjE2OTg4OTY3MjUsImV4cCI6MTY5OTUwMTUyNCwiaWF0IjoxNjk4ODk2NzI1fQ",
  "Header": {
    "alg": "HS256",
    "typ": "JWT"
  },
  "Id": null,
  "Issuer": "YuebonTeach",
  "Payload": {
    "aud": "system",
    "iss": "YuebonTeach",
    "name": "developer",
    "id": "1",
    "role": "administrators,",
    "sub": "password",
    "nbf": 1698896725,
    "exp": 1699501524,
    "iat": 1698896725
  },
  "InnerToken": null,
  "RawAuthenticationTag": null,
  "RawCiphertext": null,
  "RawData": "eyJhbGciOiJIUzI1NiIsInR5cCI6IkpXVCJ9.eyJhdWQiOiJzeXN0ZW0iLCJpc3MiOiJZdWVib25UZWFjaCIsIm5hbWUiOiJkZXZlbG9wZXIiLCJpZCI6IjEiLCJyb2xlIjoiYWRtaW5pc3RyYXRvcnMsIiwic3ViIjoicGFzc3dvcmQiLCJuYmYiOjE2OTg4OTY3MjUsImV4cCI6MTY5OTUwMTUyNCwiaWF0IjoxNjk4ODk2NzI1fQ.qXoqHS_J1vosW2qxcBSzonRD8Tm4C7hGhJ-5v8zTXio",
  "RawEncryptedKey": null,
  "RawInitializationVector": null,
  "RawHeader": "eyJhbGciOiJIUzI1NiIsInR5cCI6IkpXVCJ9",
  "RawPayload": "eyJhdWQiOiJzeXN0ZW0iLCJpc3MiOiJZdWVib25UZWFjaCIsIm5hbWUiOiJkZXZlbG9wZXIiLCJpZCI6IjEiLCJyb2xlIjoiYWRtaW5pc3RyYXRvcnMsIiwic3ViIjoicGFzc3dvcmQiLCJuYmYiOjE2OTg4OTY3MjUsImV4cCI6MTY5OTUwMTUyNCwiaWF0IjoxNjk4ODk2NzI1fQ",
  "RawSignature": "qXoqHS_J1vosW2qxcBSzonRD8Tm4C7hGhJ-5v8zTXio",
  "SecurityKey": null,
  "SignatureAlgorithm": "HS256",
  "SigningCredentials": null,
  "EncryptingCredentials": null,
  "SigningKey": null,
  "Subject": "password",
  "ValidFrom": "2023-11-02 03:45:25",
  "ValidTo": "2023-11-09 03:45:24",
  "IssuedAt": "2023-11-02 03:45:25"
}
