【14:46:07.175】  Error T34 
抛出信息：获取 mesline FindWithPagerSearchAsync 异常 
异常类型：Exception 
异常信息：System.InvalidOperationException: The ConnectionString property has not been initialized.
   at System.Data.SqlClient.SqlConnection.PermissionDemand()
   at System.Data.ProviderBase.DbConnectionInternal.TryOpenConnectionInternal(DbConnection outerConnection, DbConnectionFactory connectionFactory, TaskCompletionSource`1 retry, DbConnectionOptions userOptions)
   at System.Data.SqlClient.SqlConnection.TryOpen(TaskCompletionSource`1 retry)
   at System.Data.SqlClient.SqlConnection.OpenAsync(CancellationToken cancellationToken)
--- End of stack trace from previous location ---
   at StackExchange.Profiling.Data.ProfiledDbConnection.OpenAsync(CancellationToken cancellationToken) in C:\projects\dotnet\src\MiniProfiler.Shared\Data\ProfiledDbConnection.cs:line 140
   at Dapper.SqlMapper.QueryAsync[T](IDbConnection cnn, Type effectiveType, CommandDefinition command) in /_/Dapper/SqlMapper.Async.cs:line 417
   at Yuebon.Security.Repositories.SC_mesLineRepository.FindWithPagerMyAsync(SC_mesLineSearch search, PagerInfo info) in D:\Code\VUE\SFC_DB_API_+XiaoDong\Yuebon.NetCore\Yuebon.Security.Core\SysConfig\4-Repositories\LineAndStation\SC_mesLineRepository.cs:line 287 
堆栈调用：
   at Yuebon.Security.Repositories.SC_mesLineRepository.FindWithPagerMyAsync(SC_mesLineSearch search, PagerInfo info) in D:\Code\VUE\SFC_DB_API_+XiaoDong\Yuebon.NetCore\Yuebon.Security.Core\SysConfig\4-Repositories\LineAndStation\SC_mesLineRepository.cs:line 328
   at Yuebon.Security.Services.SC_mesLineService.FindWithPagerSearchAsync(SC_mesLineSearch search) in D:\Code\VUE\SFC_DB_API_+XiaoDong\Yuebon.NetCore\Yuebon.Security.Core\SysConfig\6-Services\LineAndStation\SC_mesLineService.cs:line 229
   at Yuebon.WebApi.Areas.Security.Controllers.SC_mesLineController.FindWithPagerSearchAsync(Int32 CurrentPageIndex, Int32 PageSize, String LikeQuery, String ID, String LineName, Nullable`1 StatusID, String StatusValue, String LineTypeDefID, String LineTypeDefValue, String PropertyContent) in D:\Code\VUE\SFC_DB_API_+XiaoDong\Yuebon.WebApi\SysConfig\LineAndStation\SC_mesLineController.cs:line 398
【14:46:22.588】  Error T35 
抛出信息：获取 GetsysStatus 异常 
异常类型：InvalidOperationException 
异常信息：The connection was not closed. The connection's current state is open. 
堆栈调用：
   at System.Data.ProviderBase.DbConnectionInternal.TryOpenConnection(DbConnection outerConnection, DbConnectionFactory connectionFactory, TaskCompletionSource`1 retry, DbConnectionOptions userOptions)
   at System.Data.SqlClient.SqlConnection.TryOpen(TaskCompletionSource`1 retry)
   at System.Data.SqlClient.SqlConnection.OpenAsync(CancellationToken cancellationToken)
--- End of stack trace from previous location ---
   at StackExchange.Profiling.Data.ProfiledDbConnection.OpenAsync(CancellationToken cancellationToken) in C:\projects\dotnet\src\MiniProfiler.Shared\Data\ProfiledDbConnection.cs:line 140
   at Dapper.SqlMapper.QueryAsync[T](IDbConnection cnn, Type effectiveType, CommandDefinition command) in /_/Dapper/SqlMapper.Async.cs:line 417
   at Yuebon.Security.Repositories.PublicSCRepository.GetIdDescription(String TableName, String ID) in D:\Code\VUE\SFC_DB_API_+XiaoDong\Yuebon.NetCore\Yuebon.Security.Core\4-Repositories\Public\PublicSCRepository.cs:line 60
   at Yuebon.Security.Services.PublicSCService.GetIdDescription(String TableName, String ID) in D:\Code\VUE\SFC_DB_API_+XiaoDong\Yuebon.NetCore\Yuebon.Security.Core\6-Services\Public\PublicSCService.cs:line 33
   at Yuebon.WebApi.Areas.Security.Controllers.PublicSCController.GetsysStatus() in D:\Code\VUE\SFC_DB_API_+XiaoDong\Yuebon.WebApi\SysConfig\Public\PublicSCController.cs:line 112
【14:46:22.940】  Error T9 
抛出信息：获取 mesline FindWithPagerSearchAsync 异常 
异常类型：Exception 
异常信息：System.Data.SqlClient.SqlException (0x80131904): “=”附近有语法错误。
“,”附近有语法错误。
“,”附近有语法错误。
“,”附近有语法错误。
在 FETCH 语句中选项 next 的用法无效。
   at System.Data.SqlClient.SqlCommand.<>c.<ExecuteDbDataReaderAsync>b__126_0(Task`1 result)
   at System.Threading.Tasks.ContinuationResultTaskFromResultTask`2.InnerInvoke()
   at System.Threading.Tasks.Task.<>c.<.cctor>b__272_0(Object obj)
   at System.Threading.ExecutionContext.RunInternal(ExecutionContext executionContext, ContextCallback callback, Object state)
--- End of stack trace from previous location ---
   at System.Threading.ExecutionContext.RunInternal(ExecutionContext executionContext, ContextCallback callback, Object state)
   at System.Threading.Tasks.Task.ExecuteWithThreadLocal(Task& currentTaskSlot, Thread threadPoolThread)
--- End of stack trace from previous location ---
   at StackExchange.Profiling.Data.ProfiledDbCommand.ExecuteDbDataReaderAsync(CommandBehavior behavior, CancellationToken cancellationToken) in C:\projects\dotnet\src\MiniProfiler.Shared\Data\ProfiledDbCommand.cs:line 257
   at Dapper.SqlMapper.QueryAsync[T](IDbConnection cnn, Type effectiveType, CommandDefinition command) in /_/Dapper/SqlMapper.Async.cs:line 418
   at Yuebon.Security.Repositories.SC_mesLineRepository.FindWithPagerMyAsync(SC_mesLineSearch search, PagerInfo info) in D:\Code\VUE\SFC_DB_API_+XiaoDong\Yuebon.NetCore\Yuebon.Security.Core\SysConfig\4-Repositories\LineAndStation\SC_mesLineRepository.cs:line 287
ClientConnectionId:d7472973-56f7-4851-9c65-bb1954c7c8ea
Error Number:102,State:1,Class:15 
堆栈调用：
   at Yuebon.Security.Repositories.SC_mesLineRepository.FindWithPagerMyAsync(SC_mesLineSearch search, PagerInfo info) in D:\Code\VUE\SFC_DB_API_+XiaoDong\Yuebon.NetCore\Yuebon.Security.Core\SysConfig\4-Repositories\LineAndStation\SC_mesLineRepository.cs:line 328
   at Yuebon.Security.Services.SC_mesLineService.FindWithPagerSearchAsync(SC_mesLineSearch search) in D:\Code\VUE\SFC_DB_API_+XiaoDong\Yuebon.NetCore\Yuebon.Security.Core\SysConfig\6-Services\LineAndStation\SC_mesLineService.cs:line 229
   at Yuebon.WebApi.Areas.Security.Controllers.SC_mesLineController.FindWithPagerSearchAsync(Int32 CurrentPageIndex, Int32 PageSize, String LikeQuery, String ID, String LineName, Nullable`1 StatusID, String StatusValue, String LineTypeDefID, String LineTypeDefValue, String PropertyContent) in D:\Code\VUE\SFC_DB_API_+XiaoDong\Yuebon.WebApi\SysConfig\LineAndStation\SC_mesLineController.cs:line 398
【14:46:28.928】  Error T36 
抛出信息：获取 mesline FindWithPagerSearchAsync 异常 
异常类型：Exception 
异常信息：System.Data.SqlClient.SqlException (0x80131904): “=”附近有语法错误。
“,”附近有语法错误。
“,”附近有语法错误。
“,”附近有语法错误。
在 FETCH 语句中选项 next 的用法无效。
   at System.Data.SqlClient.SqlCommand.<>c.<ExecuteDbDataReaderAsync>b__126_0(Task`1 result)
   at System.Threading.Tasks.ContinuationResultTaskFromResultTask`2.InnerInvoke()
   at System.Threading.Tasks.Task.<>c.<.cctor>b__272_0(Object obj)
   at System.Threading.ExecutionContext.RunInternal(ExecutionContext executionContext, ContextCallback callback, Object state)
--- End of stack trace from previous location ---
   at System.Threading.ExecutionContext.RunInternal(ExecutionContext executionContext, ContextCallback callback, Object state)
   at System.Threading.Tasks.Task.ExecuteWithThreadLocal(Task& currentTaskSlot, Thread threadPoolThread)
--- End of stack trace from previous location ---
   at StackExchange.Profiling.Data.ProfiledDbCommand.ExecuteDbDataReaderAsync(CommandBehavior behavior, CancellationToken cancellationToken) in C:\projects\dotnet\src\MiniProfiler.Shared\Data\ProfiledDbCommand.cs:line 257
   at Dapper.SqlMapper.QueryAsync[T](IDbConnection cnn, Type effectiveType, CommandDefinition command) in /_/Dapper/SqlMapper.Async.cs:line 418
   at Yuebon.Security.Repositories.SC_mesLineRepository.FindWithPagerMyAsync(SC_mesLineSearch search, PagerInfo info) in D:\Code\VUE\SFC_DB_API_+XiaoDong\Yuebon.NetCore\Yuebon.Security.Core\SysConfig\4-Repositories\LineAndStation\SC_mesLineRepository.cs:line 287
ClientConnectionId:cbde801d-f006-4ce8-ab1e-f9927cdac792
Error Number:102,State:1,Class:15 
堆栈调用：
   at Yuebon.Security.Repositories.SC_mesLineRepository.FindWithPagerMyAsync(SC_mesLineSearch search, PagerInfo info) in D:\Code\VUE\SFC_DB_API_+XiaoDong\Yuebon.NetCore\Yuebon.Security.Core\SysConfig\4-Repositories\LineAndStation\SC_mesLineRepository.cs:line 328
   at Yuebon.Security.Services.SC_mesLineService.FindWithPagerSearchAsync(SC_mesLineSearch search) in D:\Code\VUE\SFC_DB_API_+XiaoDong\Yuebon.NetCore\Yuebon.Security.Core\SysConfig\6-Services\LineAndStation\SC_mesLineService.cs:line 229
   at Yuebon.WebApi.Areas.Security.Controllers.SC_mesLineController.FindWithPagerSearchAsync(Int32 CurrentPageIndex, Int32 PageSize, String LikeQuery, String ID, String LineName, Nullable`1 StatusID, String StatusValue, String LineTypeDefID, String LineTypeDefValue, String PropertyContent) in D:\Code\VUE\SFC_DB_API_+XiaoDong\Yuebon.WebApi\SysConfig\LineAndStation\SC_mesLineController.cs:line 398
【16:17:33.729】  Error T31 
抛出信息：获取 mesline FindWithPagerSearchAsync 异常 
异常类型：Exception 
异常信息：System.Data.SqlClient.SqlException (0x80131904): 无法绑定由多个部分组成的标识符 "A.Id"。
   at System.Data.SqlClient.SqlCommand.<>c.<ExecuteDbDataReaderAsync>b__126_0(Task`1 result)
   at System.Threading.Tasks.ContinuationResultTaskFromResultTask`2.InnerInvoke()
   at System.Threading.Tasks.Task.<>c.<.cctor>b__272_0(Object obj)
   at System.Threading.ExecutionContext.RunInternal(ExecutionContext executionContext, ContextCallback callback, Object state)
--- End of stack trace from previous location ---
   at System.Threading.ExecutionContext.RunInternal(ExecutionContext executionContext, ContextCallback callback, Object state)
   at System.Threading.Tasks.Task.ExecuteWithThreadLocal(Task& currentTaskSlot, Thread threadPoolThread)
--- End of stack trace from previous location ---
   at StackExchange.Profiling.Data.ProfiledDbCommand.ExecuteDbDataReaderAsync(CommandBehavior behavior, CancellationToken cancellationToken) in C:\projects\dotnet\src\MiniProfiler.Shared\Data\ProfiledDbCommand.cs:line 257
   at Dapper.SqlMapper.QueryAsync[T](IDbConnection cnn, Type effectiveType, CommandDefinition command) in /_/Dapper/SqlMapper.Async.cs:line 418
   at Yuebon.Security.Repositories.SC_mesLineRepository.FindWithPagerMyAsync(SC_mesLineSearch search, PagerInfo info) in D:\Code\VUE\SFC_DB_API_+XiaoDong\Yuebon.NetCore\Yuebon.Security.Core\SysConfig\4-Repositories\LineAndStation\SC_mesLineRepository.cs:line 321
ClientConnectionId:ad6d28a7-3d02-48bd-b534-a1d60c660c2c
Error Number:4104,State:1,Class:16 
堆栈调用：
   at Yuebon.Security.Repositories.SC_mesLineRepository.FindWithPagerMyAsync(SC_mesLineSearch search, PagerInfo info) in D:\Code\VUE\SFC_DB_API_+XiaoDong\Yuebon.NetCore\Yuebon.Security.Core\SysConfig\4-Repositories\LineAndStation\SC_mesLineRepository.cs:line 329
   at Yuebon.Security.Services.SC_mesLineService.FindWithPagerSearchAsync(SC_mesLineSearch search) in D:\Code\VUE\SFC_DB_API_+XiaoDong\Yuebon.NetCore\Yuebon.Security.Core\SysConfig\6-Services\LineAndStation\SC_mesLineService.cs:line 229
   at Yuebon.WebApi.Areas.Security.Controllers.SC_mesLineController.FindWithPagerSearchAsync(Int32 CurrentPageIndex, Int32 PageSize, String LikeQuery, String ID, String LineName, String StatusID, String StatusValue, String LineTypeDefID, String LineTypeDefValue, String PropertyContent) in D:\Code\VUE\SFC_DB_API_+XiaoDong\Yuebon.WebApi\SysConfig\LineAndStation\SC_mesLineController.cs:line 398
【16:22:25.842】  Error T31 
抛出信息：获取 mesline FindWithPagerSearchAsync 异常 
异常类型：Exception 
异常信息：System.Data.SqlClient.SqlException (0x80131904): 列名 'ORT_Line' 无效。
   at System.Data.SqlClient.SqlCommand.<>c.<ExecuteDbDataReaderAsync>b__126_0(Task`1 result)
   at System.Threading.Tasks.ContinuationResultTaskFromResultTask`2.InnerInvoke()
   at System.Threading.Tasks.Task.<>c.<.cctor>b__272_0(Object obj)
   at System.Threading.ExecutionContext.RunInternal(ExecutionContext executionContext, ContextCallback callback, Object state)
--- End of stack trace from previous location ---
   at System.Threading.ExecutionContext.RunInternal(ExecutionContext executionContext, ContextCallback callback, Object state)
   at System.Threading.Tasks.Task.ExecuteWithThreadLocal(Task& currentTaskSlot, Thread threadPoolThread)
--- End of stack trace from previous location ---
   at StackExchange.Profiling.Data.ProfiledDbCommand.ExecuteDbDataReaderAsync(CommandBehavior behavior, CancellationToken cancellationToken) in C:\projects\dotnet\src\MiniProfiler.Shared\Data\ProfiledDbCommand.cs:line 257
   at Dapper.SqlMapper.QueryAsync[T](IDbConnection cnn, Type effectiveType, CommandDefinition command) in /_/Dapper/SqlMapper.Async.cs:line 418
   at Yuebon.Security.Repositories.SC_mesLineRepository.FindWithPagerMyAsync(SC_mesLineSearch search, PagerInfo info) in D:\Code\VUE\SFC_DB_API_+XiaoDong\Yuebon.NetCore\Yuebon.Security.Core\SysConfig\4-Repositories\LineAndStation\SC_mesLineRepository.cs:line 288
ClientConnectionId:c0ffd20d-2227-4f65-9eb3-e8e946036f05
Error Number:207,State:1,Class:16 
堆栈调用：
   at Yuebon.Security.Repositories.SC_mesLineRepository.FindWithPagerMyAsync(SC_mesLineSearch search, PagerInfo info) in D:\Code\VUE\SFC_DB_API_+XiaoDong\Yuebon.NetCore\Yuebon.Security.Core\SysConfig\4-Repositories\LineAndStation\SC_mesLineRepository.cs:line 329
   at Yuebon.Security.Services.SC_mesLineService.FindWithPagerSearchAsync(SC_mesLineSearch search) in D:\Code\VUE\SFC_DB_API_+XiaoDong\Yuebon.NetCore\Yuebon.Security.Core\SysConfig\6-Services\LineAndStation\SC_mesLineService.cs:line 229
   at Yuebon.WebApi.Areas.Security.Controllers.SC_mesLineController.FindWithPagerSearchAsync(Int32 CurrentPageIndex, Int32 PageSize, String LikeQuery, String ID, String LineName, String StatusID, String StatusValue, String LineTypeDefID, String LineTypeDefValue, String PropertyContent) in D:\Code\VUE\SFC_DB_API_+XiaoDong\Yuebon.WebApi\SysConfig\LineAndStation\SC_mesLineController.cs:line 398
【16:38:09.329】  Error T22 
抛出信息：获取 GetsysStatus 异常 
异常类型：InvalidOperationException 
异常信息：The connection was not closed. The connection's current state is connecting. 
堆栈调用：
   at System.Data.ProviderBase.DbConnectionClosedConnecting.TryOpenConnection(DbConnection outerConnection, DbConnectionFactory connectionFactory, TaskCompletionSource`1 retry, DbConnectionOptions userOptions)
   at System.Data.SqlClient.SqlConnection.TryOpen(TaskCompletionSource`1 retry)
   at System.Data.SqlClient.SqlConnection.OpenAsync(CancellationToken cancellationToken)
--- End of stack trace from previous location ---
   at StackExchange.Profiling.Data.ProfiledDbConnection.OpenAsync(CancellationToken cancellationToken) in C:\projects\dotnet\src\MiniProfiler.Shared\Data\ProfiledDbConnection.cs:line 140
   at Dapper.SqlMapper.QueryAsync[T](IDbConnection cnn, Type effectiveType, CommandDefinition command) in /_/Dapper/SqlMapper.Async.cs:line 417
   at Yuebon.Security.Repositories.PublicSCRepository.GetIdDescription(String TableName, String ID) in D:\Code\VUE\SFC_DB_API_+XiaoDong\Yuebon.NetCore\Yuebon.Security.Core\4-Repositories\Public\PublicSCRepository.cs:line 60
   at Yuebon.Security.Services.PublicSCService.GetIdDescription(String TableName, String ID) in D:\Code\VUE\SFC_DB_API_+XiaoDong\Yuebon.NetCore\Yuebon.Security.Core\6-Services\Public\PublicSCService.cs:line 33
   at Yuebon.WebApi.Areas.Security.Controllers.PublicSCController.GetsysStatus() in D:\Code\VUE\SFC_DB_API_+XiaoDong\Yuebon.WebApi\SysConfig\Public\PublicSCController.cs:line 112
【16:38:09.329】  Error T29 
抛出信息：获取 GetmesLine 异常 
异常类型：TaskCanceledException 
异常信息：A task was canceled. 
堆栈调用：
   at StackExchange.Profiling.Data.ProfiledDbConnection.OpenAsync(CancellationToken cancellationToken) in C:\projects\dotnet\src\MiniProfiler.Shared\Data\ProfiledDbConnection.cs:line 140
   at Dapper.SqlMapper.QueryAsync[T](IDbConnection cnn, Type effectiveType, CommandDefinition command) in /_/Dapper/SqlMapper.Async.cs:line 417
   at Yuebon.Security.Repositories.PublicSCRepository.GetIdDescription(String TableName, String ID) in D:\Code\VUE\SFC_DB_API_+XiaoDong\Yuebon.NetCore\Yuebon.Security.Core\4-Repositories\Public\PublicSCRepository.cs:line 60
   at Yuebon.Security.Services.PublicSCService.GetIdDescription(String TableName, String ID) in D:\Code\VUE\SFC_DB_API_+XiaoDong\Yuebon.NetCore\Yuebon.Security.Core\6-Services\Public\PublicSCService.cs:line 33
   at Yuebon.WebApi.Areas.Security.Controllers.PublicSCController.GetmesLine() in D:\Code\VUE\SFC_DB_API_+XiaoDong\Yuebon.WebApi\SysConfig\Public\PublicSCController.cs:line 472
【16:40:50.578】  Error T22 
抛出信息：获取 GetsysStatus 异常 
异常类型：InvalidOperationException 
异常信息：The connection was not closed. The connection's current state is open. 
堆栈调用：
   at System.Data.ProviderBase.DbConnectionInternal.TryOpenConnection(DbConnection outerConnection, DbConnectionFactory connectionFactory, TaskCompletionSource`1 retry, DbConnectionOptions userOptions)
   at System.Data.SqlClient.SqlConnection.TryOpen(TaskCompletionSource`1 retry)
   at System.Data.SqlClient.SqlConnection.OpenAsync(CancellationToken cancellationToken)
--- End of stack trace from previous location ---
   at StackExchange.Profiling.Data.ProfiledDbConnection.OpenAsync(CancellationToken cancellationToken) in C:\projects\dotnet\src\MiniProfiler.Shared\Data\ProfiledDbConnection.cs:line 140
   at Dapper.SqlMapper.QueryAsync[T](IDbConnection cnn, Type effectiveType, CommandDefinition command) in /_/Dapper/SqlMapper.Async.cs:line 417
   at Yuebon.Security.Repositories.PublicSCRepository.GetIdDescription(String TableName, String ID) in D:\Code\VUE\SFC_DB_API_+XiaoDong\Yuebon.NetCore\Yuebon.Security.Core\4-Repositories\Public\PublicSCRepository.cs:line 60
   at Yuebon.Security.Services.PublicSCService.GetIdDescription(String TableName, String ID) in D:\Code\VUE\SFC_DB_API_+XiaoDong\Yuebon.NetCore\Yuebon.Security.Core\6-Services\Public\PublicSCService.cs:line 33
   at Yuebon.WebApi.Areas.Security.Controllers.PublicSCController.GetsysStatus() in D:\Code\VUE\SFC_DB_API_+XiaoDong\Yuebon.WebApi\SysConfig\Public\PublicSCController.cs:line 112
【16:40:50.578】  Error T29 
抛出信息：获取 GetluLineTypeDef 异常 
异常类型：InvalidOperationException 
异常信息：BeginExecuteReader requires an open and available Connection. The connection's current state is closed. 
堆栈调用：
   at System.Data.SqlClient.SqlCommand.<>c.<ExecuteDbDataReaderAsync>b__126_0(Task`1 result)
   at System.Threading.Tasks.ContinuationResultTaskFromResultTask`2.InnerInvoke()
   at System.Threading.Tasks.Task.<>c.<.cctor>b__272_0(Object obj)
   at System.Threading.ExecutionContext.RunInternal(ExecutionContext executionContext, ContextCallback callback, Object state)
--- End of stack trace from previous location ---
   at System.Threading.ExecutionContext.RunInternal(ExecutionContext executionContext, ContextCallback callback, Object state)
   at System.Threading.Tasks.Task.ExecuteWithThreadLocal(Task& currentTaskSlot, Thread threadPoolThread)
--- End of stack trace from previous location ---
   at StackExchange.Profiling.Data.ProfiledDbCommand.ExecuteDbDataReaderAsync(CommandBehavior behavior, CancellationToken cancellationToken) in C:\projects\dotnet\src\MiniProfiler.Shared\Data\ProfiledDbCommand.cs:line 257
   at Dapper.SqlMapper.QueryAsync[T](IDbConnection cnn, Type effectiveType, CommandDefinition command) in /_/Dapper/SqlMapper.Async.cs:line 418
   at Yuebon.Security.Repositories.PublicSCRepository.GetIdDescription(String TableName, String ID) in D:\Code\VUE\SFC_DB_API_+XiaoDong\Yuebon.NetCore\Yuebon.Security.Core\4-Repositories\Public\PublicSCRepository.cs:line 60
   at Yuebon.Security.Services.PublicSCService.GetIdDescription(String TableName, String ID) in D:\Code\VUE\SFC_DB_API_+XiaoDong\Yuebon.NetCore\Yuebon.Security.Core\6-Services\Public\PublicSCService.cs:line 33
   at Yuebon.WebApi.Areas.Security.Controllers.PublicSCController.GetluLineTypeDef() in D:\Code\VUE\SFC_DB_API_+XiaoDong\Yuebon.WebApi\SysConfig\Public\PublicSCController.cs:line 530
【16:48:49.030】  Error T10 
抛出信息：获取 GetsysStatus 异常 
异常类型：InvalidOperationException 
异常信息：The connection was not closed. The connection's current state is open. 
堆栈调用：
   at System.Data.ProviderBase.DbConnectionInternal.TryOpenConnection(DbConnection outerConnection, DbConnectionFactory connectionFactory, TaskCompletionSource`1 retry, DbConnectionOptions userOptions)
   at System.Data.SqlClient.SqlConnection.TryOpen(TaskCompletionSource`1 retry)
   at System.Data.SqlClient.SqlConnection.OpenAsync(CancellationToken cancellationToken)
--- End of stack trace from previous location ---
   at StackExchange.Profiling.Data.ProfiledDbConnection.OpenAsync(CancellationToken cancellationToken) in C:\projects\dotnet\src\MiniProfiler.Shared\Data\ProfiledDbConnection.cs:line 140
   at Dapper.SqlMapper.QueryAsync[T](IDbConnection cnn, Type effectiveType, CommandDefinition command) in /_/Dapper/SqlMapper.Async.cs:line 417
   at Yuebon.Security.Repositories.PublicSCRepository.GetIdDescription(String TableName, String ID) in D:\Code\VUE\SFC_DB_API_+XiaoDong\Yuebon.NetCore\Yuebon.Security.Core\4-Repositories\Public\PublicSCRepository.cs:line 60
   at Yuebon.Security.Services.PublicSCService.GetIdDescription(String TableName, String ID) in D:\Code\VUE\SFC_DB_API_+XiaoDong\Yuebon.NetCore\Yuebon.Security.Core\6-Services\Public\PublicSCService.cs:line 33
   at Yuebon.WebApi.Areas.Security.Controllers.PublicSCController.GetsysStatus() in D:\Code\VUE\SFC_DB_API_+XiaoDong\Yuebon.WebApi\SysConfig\Public\PublicSCController.cs:line 112
【16:48:49.030】  Error T32 
抛出信息：获取 GetmesLine 异常 
异常类型：InvalidOperationException 
异常信息：BeginExecuteReader requires an open and available Connection. The connection's current state is closed. 
堆栈调用：
   at System.Data.SqlClient.SqlCommand.<>c.<ExecuteDbDataReaderAsync>b__126_0(Task`1 result)
   at System.Threading.Tasks.ContinuationResultTaskFromResultTask`2.InnerInvoke()
   at System.Threading.Tasks.Task.<>c.<.cctor>b__272_0(Object obj)
   at System.Threading.ExecutionContext.RunInternal(ExecutionContext executionContext, ContextCallback callback, Object state)
--- End of stack trace from previous location ---
   at System.Threading.ExecutionContext.RunInternal(ExecutionContext executionContext, ContextCallback callback, Object state)
   at System.Threading.Tasks.Task.ExecuteWithThreadLocal(Task& currentTaskSlot, Thread threadPoolThread)
--- End of stack trace from previous location ---
   at StackExchange.Profiling.Data.ProfiledDbCommand.ExecuteDbDataReaderAsync(CommandBehavior behavior, CancellationToken cancellationToken) in C:\projects\dotnet\src\MiniProfiler.Shared\Data\ProfiledDbCommand.cs:line 257
   at Dapper.SqlMapper.QueryAsync[T](IDbConnection cnn, Type effectiveType, CommandDefinition command) in /_/Dapper/SqlMapper.Async.cs:line 418
   at Yuebon.Security.Repositories.PublicSCRepository.GetIdDescription(String TableName, String ID) in D:\Code\VUE\SFC_DB_API_+XiaoDong\Yuebon.NetCore\Yuebon.Security.Core\4-Repositories\Public\PublicSCRepository.cs:line 60
   at Yuebon.Security.Services.PublicSCService.GetIdDescription(String TableName, String ID) in D:\Code\VUE\SFC_DB_API_+XiaoDong\Yuebon.NetCore\Yuebon.Security.Core\6-Services\Public\PublicSCService.cs:line 33
   at Yuebon.WebApi.Areas.Security.Controllers.PublicSCController.GetmesLine() in D:\Code\VUE\SFC_DB_API_+XiaoDong\Yuebon.WebApi\SysConfig\Public\PublicSCController.cs:line 472
【16:50:39.990】  Error T38 
抛出信息：获取 mesline FindWithPagerSearchAsync 异常 
异常类型：Exception 
异常信息：System.Data.SqlClient.SqlException (0x80131904): 列名 'FG_PrintLine' 无效。
   at System.Data.SqlClient.SqlCommand.<>c.<ExecuteDbDataReaderAsync>b__126_0(Task`1 result)
   at System.Threading.Tasks.ContinuationResultTaskFromResultTask`2.InnerInvoke()
   at System.Threading.Tasks.Task.<>c.<.cctor>b__272_0(Object obj)
   at System.Threading.ExecutionContext.RunInternal(ExecutionContext executionContext, ContextCallback callback, Object state)
--- End of stack trace from previous location ---
   at System.Threading.ExecutionContext.RunInternal(ExecutionContext executionContext, ContextCallback callback, Object state)
   at System.Threading.Tasks.Task.ExecuteWithThreadLocal(Task& currentTaskSlot, Thread threadPoolThread)
--- End of stack trace from previous location ---
   at StackExchange.Profiling.Data.ProfiledDbCommand.ExecuteDbDataReaderAsync(CommandBehavior behavior, CancellationToken cancellationToken) in C:\projects\dotnet\src\MiniProfiler.Shared\Data\ProfiledDbCommand.cs:line 257
   at Dapper.SqlMapper.QueryAsync[T](IDbConnection cnn, Type effectiveType, CommandDefinition command) in /_/Dapper/SqlMapper.Async.cs:line 418
   at Yuebon.Security.Repositories.SC_mesLineRepository.FindWithPagerMyAsync(SC_mesLineSearch search, PagerInfo info)
ClientConnectionId:16eb427c-1165-4b90-979d-09bc18e75b56
Error Number:207,State:1,Class:16 
堆栈调用：
   at Yuebon.Security.Repositories.SC_mesLineRepository.FindWithPagerMyAsync(SC_mesLineSearch search, PagerInfo info)
   at Yuebon.Security.Services.SC_mesLineService.FindWithPagerSearchAsync(SC_mesLineSearch search)
   at Yuebon.WebApi.Areas.Security.Controllers.SC_mesLineController.FindWithPagerSearchAsync(Int32 CurrentPageIndex, Int32 PageSize, String LikeQuery, String ID, String LineName, String StatusID, String StatusValue, String LineTypeDefID, String LineTypeDefValue, String PropertyContent) in D:\Code\VUE\SFC_DB_API_+XiaoDong\Yuebon.WebApi\SysConfig\LineAndStation\SC_mesLineController.cs:line 398
【16:55:42.509】  Error T29 
抛出信息：获取 mesline FindWithPagerSearchAsync 异常 
异常类型：Exception 
异常信息：System.Data.SqlClient.SqlException (0x80131904): “,”附近有语法错误。
   at System.Data.SqlClient.SqlCommand.<>c.<ExecuteDbDataReaderAsync>b__126_0(Task`1 result)
   at System.Threading.Tasks.ContinuationResultTaskFromResultTask`2.InnerInvoke()
   at System.Threading.Tasks.Task.<>c.<.cctor>b__272_0(Object obj)
   at System.Threading.ExecutionContext.RunInternal(ExecutionContext executionContext, ContextCallback callback, Object state)
--- End of stack trace from previous location ---
   at System.Threading.ExecutionContext.RunInternal(ExecutionContext executionContext, ContextCallback callback, Object state)
   at System.Threading.Tasks.Task.ExecuteWithThreadLocal(Task& currentTaskSlot, Thread threadPoolThread)
--- End of stack trace from previous location ---
   at StackExchange.Profiling.Data.ProfiledDbCommand.ExecuteDbDataReaderAsync(CommandBehavior behavior, CancellationToken cancellationToken) in C:\projects\dotnet\src\MiniProfiler.Shared\Data\ProfiledDbCommand.cs:line 257
   at Dapper.SqlMapper.QueryAsync[T](IDbConnection cnn, Type effectiveType, CommandDefinition command) in /_/Dapper/SqlMapper.Async.cs:line 418
   at Yuebon.Security.Repositories.SC_mesLineRepository.FindWithPagerMyAsync(SC_mesLineSearch search, PagerInfo info) in D:\Code\VUE\SFC_DB_API_+XiaoDong\Yuebon.NetCore\Yuebon.Security.Core\SysConfig\4-Repositories\LineAndStation\SC_mesLineRepository.cs:line 312
ClientConnectionId:2cf28447-da0a-4be6-8fb0-e5828ddd500f
Error Number:102,State:1,Class:15 
堆栈调用：
   at Yuebon.Security.Repositories.SC_mesLineRepository.FindWithPagerMyAsync(SC_mesLineSearch search, PagerInfo info) in D:\Code\VUE\SFC_DB_API_+XiaoDong\Yuebon.NetCore\Yuebon.Security.Core\SysConfig\4-Repositories\LineAndStation\SC_mesLineRepository.cs:line 330
   at Yuebon.Security.Services.SC_mesLineService.FindWithPagerSearchAsync(SC_mesLineSearch search) in D:\Code\VUE\SFC_DB_API_+XiaoDong\Yuebon.NetCore\Yuebon.Security.Core\SysConfig\6-Services\LineAndStation\SC_mesLineService.cs:line 229
   at Yuebon.WebApi.Areas.Security.Controllers.SC_mesLineController.FindWithPagerSearchAsync(Int32 CurrentPageIndex, Int32 PageSize, String LikeQuery, String ID, String LineName, String StatusID, String StatusValue, String LineTypeDefID, String LineTypeDefValue, String PropertyContent) in D:\Code\VUE\SFC_DB_API_+XiaoDong\Yuebon.WebApi\SysConfig\LineAndStation\SC_mesLineController.cs:line 398
