【09:14:50.148】  Error T9 
抛出信息：验证token异常 SecurityTokenExpiredException 
异常类型：SecurityTokenExpiredException 
异常信息：IDX10223: Lifetime validation failed. The token is expired. ValidTo: '2022-04-14 16:14:22', Current time: '2022-04-15 01:14:49'. 
堆栈调用：
   at Microsoft.IdentityModel.Tokens.Validators.ValidateLifetime(Nullable`1 notBefore, Nullable`1 expires, SecurityToken securityToken, TokenValidationParameters validationParameters)
   at System.IdentityModel.Tokens.Jwt.JwtSecurityTokenHandler.ValidateLifetime(Nullable`1 notBefore, Nullable`1 expires, JwtSecurityToken jwtToken, TokenValidationParameters validationParameters)
   at System.IdentityModel.Tokens.Jwt.JwtSecurityTokenHandler.ValidateTokenPayload(JwtSecurityToken jwtToken, TokenValidationParameters validationParameters)
   at System.IdentityModel.Tokens.Jwt.JwtSecurityTokenHandler.ValidateToken(String token, TokenValidationParameters validationParameters, SecurityToken& validatedToken)
   at Yuebon.AspNetCore.Mvc.TokenProvider.ValidateToken(String token) in D:\Code_Vue\YuebonNetCore-master\Yuebon.NetCore\Yuebon.AspNetCore\Mvc\TokenProvider.cs:line 107
【11:16:22.169】  Error T21 
抛出信息：获取 GetPartFamilyType 异常 
异常类型：SqlException 
异常信息：字符串 '' 后的引号不完整。 
堆栈调用：
   at System.Data.SqlClient.SqlCommand.<>c.<ExecuteDbDataReaderAsync>b__126_0(Task`1 result)
   at System.Threading.Tasks.ContinuationResultTaskFromResultTask`2.InnerInvoke()
   at System.Threading.ExecutionContext.RunInternal(ExecutionContext executionContext, ContextCallback callback, Object state)
--- End of stack trace from previous location ---
   at System.Threading.Tasks.Task.ExecuteWithThreadLocal(Task& currentTaskSlot, Thread threadPoolThread)
--- End of stack trace from previous location ---
   at StackExchange.Profiling.Data.ProfiledDbCommand.ExecuteDbDataReaderAsync(CommandBehavior behavior, CancellationToken cancellationToken) in C:\projects\dotnet\src\MiniProfiler.Shared\Data\ProfiledDbCommand.cs:line 257
   at Dapper.SqlMapper.QueryAsync[T](IDbConnection cnn, Type effectiveType, CommandDefinition command) in /_/Dapper/SqlMapper.Async.cs:line 418
   at Yuebon.Security.Repositories.ReportRepository.GetPartFamilyType() in D:\Code_Vue\YuebonNetCore-master\Yuebon.NetCore\Yuebon.Security.Core\4-Repositories\Report\ReportRepository.cs:line 136
   at Yuebon.Security.Services.ReportService.GetPartFamilyType() in D:\Code_Vue\YuebonNetCore-master\Yuebon.NetCore\Yuebon.Security.Core\6-Services\Report\ReportService.cs:line 43
   at Yuebon.WebApi.Areas.Security.Controllers.ReportController.GetPartFamilyType() in D:\Code_Vue\YuebonNetCore-master\Yuebon.WebApi\Areas\Report\ReportController.cs:line 75
【17:04:34.740】  Error T9 
抛出信息：获取 GetPart 异常 
异常类型：SqlException 
异常信息：“”附近有语法错误。 
堆栈调用：
   at System.Data.SqlClient.SqlCommand.<>c.<ExecuteDbDataReaderAsync>b__126_0(Task`1 result)
   at System.Threading.Tasks.ContinuationResultTaskFromResultTask`2.InnerInvoke()
   at System.Threading.ExecutionContext.RunInternal(ExecutionContext executionContext, ContextCallback callback, Object state)
--- End of stack trace from previous location ---
   at System.Threading.Tasks.Task.ExecuteWithThreadLocal(Task& currentTaskSlot, Thread threadPoolThread)
--- End of stack trace from previous location ---
   at StackExchange.Profiling.Data.ProfiledDbCommand.ExecuteDbDataReaderAsync(CommandBehavior behavior, CancellationToken cancellationToken) in C:\projects\dotnet\src\MiniProfiler.Shared\Data\ProfiledDbCommand.cs:line 257
   at Dapper.SqlMapper.QueryAsync[T](IDbConnection cnn, Type effectiveType, CommandDefinition command) in /_/Dapper/SqlMapper.Async.cs:line 418
   at Yuebon.Security.Repositories.ReportRepository.GetPart(String PartFamilyID) in D:\Code_Vue\YuebonNetCore-master\Yuebon.NetCore\Yuebon.Security.Core\4-Repositories\Report\ReportRepository.cs:line 156
   at Yuebon.Security.Services.ReportService.GetPart(String PartFamilyID) in D:\Code_Vue\YuebonNetCore-master\Yuebon.NetCore\Yuebon.Security.Core\6-Services\Report\ReportService.cs:line 54
   at Yuebon.WebApi.Areas.Security.Controllers.ReportController.GetPart(String PartFamilyID) in D:\Code_Vue\YuebonNetCore-master\Yuebon.WebApi\Areas\Report\ReportController.cs:line 131
【17:11:56.164】  Error T9 
抛出信息：获取 GetPartFamily 异常 
异常类型：SqlException 
异常信息：“”附近有语法错误。 
堆栈调用：
   at System.Data.SqlClient.SqlCommand.<>c.<ExecuteDbDataReaderAsync>b__126_0(Task`1 result)
   at System.Threading.Tasks.ContinuationResultTaskFromResultTask`2.InnerInvoke()
   at System.Threading.ExecutionContext.RunInternal(ExecutionContext executionContext, ContextCallback callback, Object state)
--- End of stack trace from previous location ---
   at System.Threading.Tasks.Task.ExecuteWithThreadLocal(Task& currentTaskSlot, Thread threadPoolThread)
--- End of stack trace from previous location ---
   at StackExchange.Profiling.Data.ProfiledDbCommand.ExecuteDbDataReaderAsync(CommandBehavior behavior, CancellationToken cancellationToken) in C:\projects\dotnet\src\MiniProfiler.Shared\Data\ProfiledDbCommand.cs:line 257
   at Dapper.SqlMapper.QueryAsync[T](IDbConnection cnn, Type effectiveType, CommandDefinition command) in /_/Dapper/SqlMapper.Async.cs:line 418
   at Yuebon.Security.Repositories.ReportRepository.GetPartFamily(String PartFamilyTypeID) in D:\Code_Vue\YuebonNetCore-master\Yuebon.NetCore\Yuebon.Security.Core\4-Repositories\Report\ReportRepository.cs:line 146
   at Yuebon.Security.Services.ReportService.GetPartFamily(String PartFamilyTypeID) in D:\Code_Vue\YuebonNetCore-master\Yuebon.NetCore\Yuebon.Security.Core\6-Services\Report\ReportService.cs:line 48
   at Yuebon.WebApi.Areas.Security.Controllers.ReportController.GetPartFamily(String PartFamilyTypeID) in D:\Code_Vue\YuebonNetCore-master\Yuebon.WebApi\Areas\Report\ReportController.cs:line 103
