[09:14:36] (Info) 方法名称：MoveNext
日志内容：开始启动定时任务
[09:14:36] (Info) 方法名称：MoveNext
日志内容：启动定时任务AAA
[09:20:16] (Info) 方法名称：MoveNext
日志内容：开始启动定时任务
[09:20:16] (Info) 方法名称：MoveNext
日志内容：启动定时任务AAA
[11:15:26] (Info) 方法名称：MoveNext
日志内容：开始启动定时任务
[11:15:27] (Info) 方法名称：MoveNext
日志内容：启动定时任务AAA
[11:17:18] (Info) 方法名称：MoveNext
日志内容：开始启动定时任务
[11:17:18] (Info) 方法名称：MoveNext
日志内容：启动定时任务AAA
[11:35:16] (Info) 方法名称：MoveNext
日志内容：开始启动定时任务
[11:35:17] (Info) 方法名称：MoveNext
日志内容：启动定时任务AAA
[11:38:43] (Info) 方法名称：MoveNext
日志内容：开始启动定时任务
[11:38:43] (Info) 方法名称：MoveNext
日志内容：启动定时任务AAA
[11:45:25] (Info) 方法名称：MoveNext
日志内容：开始启动定时任务
[11:45:25] (Info) 方法名称：MoveNext
日志内容：启动定时任务AAA
[12:01:00] (Info) 方法名称：Execute
日志内容：2022-04-15 12:01:00执行任务
[13:43:21] (Info) 方法名称：MoveNext
日志内容：开始启动定时任务
[13:43:21] (Info) 方法名称：MoveNext
日志内容：启动定时任务AAA
[13:48:27] (Info) 方法名称：MoveNext
日志内容：开始启动定时任务
[13:48:27] (Info) 方法名称：MoveNext
日志内容：启动定时任务AAA
[13:52:26] (Info) 方法名称：MoveNext
日志内容：开始启动定时任务
[13:52:26] (Info) 方法名称：MoveNext
日志内容：启动定时任务AAA
[14:00:40] (Info) 方法名称：MoveNext
日志内容：开始启动定时任务
[14:00:41] (Info) 方法名称：MoveNext
日志内容：启动定时任务AAA
[14:01:01] (Info) 方法名称：Execute
日志内容：2022-04-15 14:01:01执行任务
[14:05:35] (Info) 方法名称：MoveNext
日志内容：开始启动定时任务
[14:05:35] (Info) 方法名称：MoveNext
日志内容：启动定时任务AAA
[14:10:12] (Info) 方法名称：MoveNext
日志内容：开始启动定时任务
[14:10:12] (Info) 方法名称：MoveNext
日志内容：启动定时任务AAA
[17:03:18] (Info) 方法名称：MoveNext
日志内容：开始启动定时任务
[17:03:18] (Info) 方法名称：MoveNext
日志内容：启动定时任务AAA
[17:10:55] (Info) 方法名称：MoveNext
日志内容：开始启动定时任务
[17:10:55] (Info) 方法名称：MoveNext
日志内容：启动定时任务AAA
[17:12:49] (Info) 方法名称：MoveNext
日志内容：开始启动定时任务
[17:12:49] (Info) 方法名称：MoveNext
日志内容：启动定时任务AAA
