[09:26:39.874] Debug T31： 方法名称：MoveNext
日志内容：{
  "Actor": null,
  "Audiences": [
    "system"
  ],
  "Claims": [
    {
      "Issuer": "YuebonTeach",
      "OriginalIssuer": "YuebonTeach",
      "Properties": {},
      "Subject": null,
      "Type": "aud",
      "Value": "system",
      "ValueType": "http://www.w3.org/2001/XMLSchema#string"
    },
    {
      "Issuer": "YuebonTeach",
      "OriginalIssuer": "YuebonTeach",
      "Properties": {},
      "Subject": null,
      "Type": "iss",
      "Value": "YuebonTeach",
      "ValueType": "http://www.w3.org/2001/XMLSchema#string"
    },
    {
      "Issuer": "YuebonTeach",
      "OriginalIssuer": "YuebonTeach",
      "Properties": {},
      "Subject": null,
      "Type": "name",
      "Value": "2286",
      "ValueType": "http://www.w3.org/2001/XMLSchema#string"
    },
    {
      "Issuer": "YuebonTeach",
      "OriginalIssuer": "YuebonTeach",
      "Properties": {},
      "Subject": null,
      "Type": "id",
      "Value": "125",
      "ValueType": "http://www.w3.org/2001/XMLSchema#string"
    },
    {
      "Issuer": "YuebonTeach",
      "OriginalIssuer": "YuebonTeach",
      "Properties": {},
      "Subject": null,
      "Type": "role",
      "Value": "system,",
      "ValueType": "http://www.w3.org/2001/XMLSchema#string"
    },
    {
      "Issuer": "YuebonTeach",
      "OriginalIssuer": "YuebonTeach",
      "Properties": {},
      "Subject": null,
      "Type": "sub",
      "Value": "password",
      "ValueType": "http://www.w3.org/2001/XMLSchema#string"
    },
    {
      "Issuer": "YuebonTeach",
      "OriginalIssuer": "YuebonTeach",
      "Properties": {},
      "Subject": null,
      "Type": "nbf",
      "Value": "1700529975",
      "ValueType": "http://www.w3.org/2001/XMLSchema#integer"
    },
    {
      "Issuer": "YuebonTeach",
      "OriginalIssuer": "YuebonTeach",
      "Properties": {},
      "Subject": null,
      "Type": "exp",
      "Value": "1701134775",
      "ValueType": "http://www.w3.org/2001/XMLSchema#integer"
    },
    {
      "Issuer": "YuebonTeach",
      "OriginalIssuer": "YuebonTeach",
      "Properties": {},
      "Subject": null,
      "Type": "iat",
      "Value": "1700529975",
      "ValueType": "http://www.w3.org/2001/XMLSchema#integer"
    }
  ],
  "EncodedHeader": "eyJhbGciOiJIUzI1NiIsInR5cCI6IkpXVCJ9",
  "EncodedPayload": "eyJhdWQiOiJzeXN0ZW0iLCJpc3MiOiJZdWVib25UZWFjaCIsIm5hbWUiOiIyMjg2IiwiaWQiOiIxMjUiLCJyb2xlIjoic3lzdGVtLCIsInN1YiI6InBhc3N3b3JkIiwibmJmIjoxNzAwNTI5OTc1LCJleHAiOjE3MDExMzQ3NzUsImlhdCI6MTcwMDUyOTk3NX0",
  "Header": {
    "alg": "HS256",
    "typ": "JWT"
  },
  "Id": null,
  "Issuer": "YuebonTeach",
  "Payload": {
    "aud": "system",
    "iss": "YuebonTeach",
    "name": "2286",
    "id": "125",
    "role": "system,",
    "sub": "password",
    "nbf": 1700529975,
    "exp": 1701134775,
    "iat": 1700529975
  },
  "InnerToken": null,
  "RawAuthenticationTag": null,
  "RawCiphertext": null,
  "RawData": "eyJhbGciOiJIUzI1NiIsInR5cCI6IkpXVCJ9.eyJhdWQiOiJzeXN0ZW0iLCJpc3MiOiJZdWVib25UZWFjaCIsIm5hbWUiOiIyMjg2IiwiaWQiOiIxMjUiLCJyb2xlIjoic3lzdGVtLCIsInN1YiI6InBhc3N3b3JkIiwibmJmIjoxNzAwNTI5OTc1LCJleHAiOjE3MDExMzQ3NzUsImlhdCI6MTcwMDUyOTk3NX0.y6AauKwIVGTge6OXNqICJCnImoYE4rPo8flEmXyF_VQ",
  "RawEncryptedKey": null,
  "RawInitializationVector": null,
  "RawHeader": "eyJhbGciOiJIUzI1NiIsInR5cCI6IkpXVCJ9",
  "RawPayload": "eyJhdWQiOiJzeXN0ZW0iLCJpc3MiOiJZdWVib25UZWFjaCIsIm5hbWUiOiIyMjg2IiwiaWQiOiIxMjUiLCJyb2xlIjoic3lzdGVtLCIsInN1YiI6InBhc3N3b3JkIiwibmJmIjoxNzAwNTI5OTc1LCJleHAiOjE3MDExMzQ3NzUsImlhdCI6MTcwMDUyOTk3NX0",
  "RawSignature": "y6AauKwIVGTge6OXNqICJCnImoYE4rPo8flEmXyF_VQ",
  "SecurityKey": null,
  "SignatureAlgorithm": "HS256",
  "SigningCredentials": null,
  "EncryptingCredentials": null,
  "SigningKey": null,
  "Subject": "password",
  "ValidFrom": "2023-11-21 01:26:15",
  "ValidTo": "2023-11-28 01:26:15",
  "IssuedAt": "2023-11-21 01:26:15"
}
[10:05:55.506] Debug T5： 方法名称：MoveNext
日志内容：{
  "Actor": null,
  "Audiences": [
    "system"
  ],
  "Claims": [
    {
      "Issuer": "YuebonTeach",
      "OriginalIssuer": "YuebonTeach",
      "Properties": {},
      "Subject": null,
      "Type": "aud",
      "Value": "system",
      "ValueType": "http://www.w3.org/2001/XMLSchema#string"
    },
    {
      "Issuer": "YuebonTeach",
      "OriginalIssuer": "YuebonTeach",
      "Properties": {},
      "Subject": null,
      "Type": "iss",
      "Value": "YuebonTeach",
      "ValueType": "http://www.w3.org/2001/XMLSchema#string"
    },
    {
      "Issuer": "YuebonTeach",
      "OriginalIssuer": "YuebonTeach",
      "Properties": {},
      "Subject": null,
      "Type": "name",
      "Value": "2286",
      "ValueType": "http://www.w3.org/2001/XMLSchema#string"
    },
    {
      "Issuer": "YuebonTeach",
      "OriginalIssuer": "YuebonTeach",
      "Properties": {},
      "Subject": null,
      "Type": "id",
      "Value": "125",
      "ValueType": "http://www.w3.org/2001/XMLSchema#string"
    },
    {
      "Issuer": "YuebonTeach",
      "OriginalIssuer": "YuebonTeach",
      "Properties": {},
      "Subject": null,
      "Type": "role",
      "Value": "system,",
      "ValueType": "http://www.w3.org/2001/XMLSchema#string"
    },
    {
      "Issuer": "YuebonTeach",
      "OriginalIssuer": "YuebonTeach",
      "Properties": {},
      "Subject": null,
      "Type": "sub",
      "Value": "password",
      "ValueType": "http://www.w3.org/2001/XMLSchema#string"
    },
    {
      "Issuer": "YuebonTeach",
      "OriginalIssuer": "YuebonTeach",
      "Properties": {},
      "Subject": null,
      "Type": "nbf",
      "Value": "1700530034",
      "ValueType": "http://www.w3.org/2001/XMLSchema#integer"
    },
    {
      "Issuer": "YuebonTeach",
      "OriginalIssuer": "YuebonTeach",
      "Properties": {},
      "Subject": null,
      "Type": "exp",
      "Value": "1701134834",
      "ValueType": "http://www.w3.org/2001/XMLSchema#integer"
    },
    {
      "Issuer": "YuebonTeach",
      "OriginalIssuer": "YuebonTeach",
      "Properties": {},
      "Subject": null,
      "Type": "iat",
      "Value": "1700530034",
      "ValueType": "http://www.w3.org/2001/XMLSchema#integer"
    }
  ],
  "EncodedHeader": "eyJhbGciOiJIUzI1NiIsInR5cCI6IkpXVCJ9",
  "EncodedPayload": "eyJhdWQiOiJzeXN0ZW0iLCJpc3MiOiJZdWVib25UZWFjaCIsIm5hbWUiOiIyMjg2IiwiaWQiOiIxMjUiLCJyb2xlIjoic3lzdGVtLCIsInN1YiI6InBhc3N3b3JkIiwibmJmIjoxNzAwNTMwMDM0LCJleHAiOjE3MDExMzQ4MzQsImlhdCI6MTcwMDUzMDAzNH0",
  "Header": {
    "alg": "HS256",
    "typ": "JWT"
  },
  "Id": null,
  "Issuer": "YuebonTeach",
  "Payload": {
    "aud": "system",
    "iss": "YuebonTeach",
    "name": "2286",
    "id": "125",
    "role": "system,",
    "sub": "password",
    "nbf": 1700530034,
    "exp": 1701134834,
    "iat": 1700530034
  },
  "InnerToken": null,
  "RawAuthenticationTag": null,
  "RawCiphertext": null,
  "RawData": "eyJhbGciOiJIUzI1NiIsInR5cCI6IkpXVCJ9.eyJhdWQiOiJzeXN0ZW0iLCJpc3MiOiJZdWVib25UZWFjaCIsIm5hbWUiOiIyMjg2IiwiaWQiOiIxMjUiLCJyb2xlIjoic3lzdGVtLCIsInN1YiI6InBhc3N3b3JkIiwibmJmIjoxNzAwNTMwMDM0LCJleHAiOjE3MDExMzQ4MzQsImlhdCI6MTcwMDUzMDAzNH0.WIedf78Z0dYBTi8juRY3FpcWpa-gVdlvARvi3m37BlA",
  "RawEncryptedKey": null,
  "RawInitializationVector": null,
  "RawHeader": "eyJhbGciOiJIUzI1NiIsInR5cCI6IkpXVCJ9",
  "RawPayload": "eyJhdWQiOiJzeXN0ZW0iLCJpc3MiOiJZdWVib25UZWFjaCIsIm5hbWUiOiIyMjg2IiwiaWQiOiIxMjUiLCJyb2xlIjoic3lzdGVtLCIsInN1YiI6InBhc3N3b3JkIiwibmJmIjoxNzAwNTMwMDM0LCJleHAiOjE3MDExMzQ4MzQsImlhdCI6MTcwMDUzMDAzNH0",
  "RawSignature": "WIedf78Z0dYBTi8juRY3FpcWpa-gVdlvARvi3m37BlA",
  "SecurityKey": null,
  "SignatureAlgorithm": "HS256",
  "SigningCredentials": null,
  "EncryptingCredentials": null,
  "SigningKey": null,
  "Subject": "password",
  "ValidFrom": "2023-11-21 01:27:14",
  "ValidTo": "2023-11-28 01:27:14",
  "IssuedAt": "2023-11-21 01:27:14"
}
