[16:31:28.394] Debug T34： 方法名称：MoveNext
日志内容：{
  "Actor": null,
  "Audiences": [
    "system"
  ],
  "Claims": [
    {
      "Issuer": "YuebonTeach",
      "OriginalIssuer": "YuebonTeach",
      "Properties": {},
      "Subject": null,
      "Type": "aud",
      "Value": "system",
      "ValueType": "http://www.w3.org/2001/XMLSchema#string"
    },
    {
      "Issuer": "YuebonTeach",
      "OriginalIssuer": "YuebonTeach",
      "Properties": {},
      "Subject": null,
      "Type": "iss",
      "Value": "YuebonTeach",
      "ValueType": "http://www.w3.org/2001/XMLSchema#string"
    },
    {
      "Issuer": "YuebonTeach",
      "OriginalIssuer": "YuebonTeach",
      "Properties": {},
      "Subject": null,
      "Type": "name",
      "Value": "developer",
      "ValueType": "http://www.w3.org/2001/XMLSchema#string"
    },
    {
      "Issuer": "YuebonTeach",
      "OriginalIssuer": "YuebonTeach",
      "Properties": {},
      "Subject": null,
      "Type": "id",
      "Value": "116",
      "ValueType": "http://www.w3.org/2001/XMLSchema#string"
    },
    {
      "Issuer": "YuebonTeach",
      "OriginalIssuer": "YuebonTeach",
      "Properties": {},
      "Subject": null,
      "Type": "role",
      "Value": "administrators,",
      "ValueType": "http://www.w3.org/2001/XMLSchema#string"
    },
    {
      "Issuer": "YuebonTeach",
      "OriginalIssuer": "YuebonTeach",
      "Properties": {},
      "Subject": null,
      "Type": "sub",
      "Value": "password",
      "ValueType": "http://www.w3.org/2001/XMLSchema#string"
    },
    {
      "Issuer": "YuebonTeach",
      "OriginalIssuer": "YuebonTeach",
      "Properties": {},
      "Subject": null,
      "Type": "nbf",
      "Value": "1702536603",
      "ValueType": "http://www.w3.org/2001/XMLSchema#integer"
    },
    {
      "Issuer": "YuebonTeach",
      "OriginalIssuer": "YuebonTeach",
      "Properties": {},
      "Subject": null,
      "Type": "exp",
      "Value": "1703141403",
      "ValueType": "http://www.w3.org/2001/XMLSchema#integer"
    },
    {
      "Issuer": "YuebonTeach",
      "OriginalIssuer": "YuebonTeach",
      "Properties": {},
      "Subject": null,
      "Type": "iat",
      "Value": "1702536603",
      "ValueType": "http://www.w3.org/2001/XMLSchema#integer"
    }
  ],
  "EncodedHeader": "eyJhbGciOiJIUzI1NiIsInR5cCI6IkpXVCJ9",
  "EncodedPayload": "eyJhdWQiOiJzeXN0ZW0iLCJpc3MiOiJZdWVib25UZWFjaCIsIm5hbWUiOiJkZXZlbG9wZXIiLCJpZCI6IjExNiIsInJvbGUiOiJhZG1pbmlzdHJhdG9ycywiLCJzdWIiOiJwYXNzd29yZCIsIm5iZiI6MTcwMjUzNjYwMywiZXhwIjoxNzAzMTQxNDAzLCJpYXQiOjE3MDI1MzY2MDN9",
  "Header": {
    "alg": "HS256",
    "typ": "JWT"
  },
  "Id": null,
  "Issuer": "YuebonTeach",
  "Payload": {
    "aud": "system",
    "iss": "YuebonTeach",
    "name": "developer",
    "id": "116",
    "role": "administrators,",
    "sub": "password",
    "nbf": 1702536603,
    "exp": 1703141403,
    "iat": 1702536603
  },
  "InnerToken": null,
  "RawAuthenticationTag": null,
  "RawCiphertext": null,
  "RawData": "eyJhbGciOiJIUzI1NiIsInR5cCI6IkpXVCJ9.eyJhdWQiOiJzeXN0ZW0iLCJpc3MiOiJZdWVib25UZWFjaCIsIm5hbWUiOiJkZXZlbG9wZXIiLCJpZCI6IjExNiIsInJvbGUiOiJhZG1pbmlzdHJhdG9ycywiLCJzdWIiOiJwYXNzd29yZCIsIm5iZiI6MTcwMjUzNjYwMywiZXhwIjoxNzAzMTQxNDAzLCJpYXQiOjE3MDI1MzY2MDN9.tJ0p_B4vzRLOEKEt3XpRgUsqwKtw5Ob7hjRtpgKKrnM",
  "RawEncryptedKey": null,
  "RawInitializationVector": null,
  "RawHeader": "eyJhbGciOiJIUzI1NiIsInR5cCI6IkpXVCJ9",
  "RawPayload": "eyJhdWQiOiJzeXN0ZW0iLCJpc3MiOiJZdWVib25UZWFjaCIsIm5hbWUiOiJkZXZlbG9wZXIiLCJpZCI6IjExNiIsInJvbGUiOiJhZG1pbmlzdHJhdG9ycywiLCJzdWIiOiJwYXNzd29yZCIsIm5iZiI6MTcwMjUzNjYwMywiZXhwIjoxNzAzMTQxNDAzLCJpYXQiOjE3MDI1MzY2MDN9",
  "RawSignature": "tJ0p_B4vzRLOEKEt3XpRgUsqwKtw5Ob7hjRtpgKKrnM",
  "SecurityKey": null,
  "SignatureAlgorithm": "HS256",
  "SigningCredentials": null,
  "EncryptingCredentials": null,
  "SigningKey": null,
  "Subject": "password",
  "ValidFrom": "2023-12-14 06:50:03",
  "ValidTo": "2023-12-21 06:50:03",
  "IssuedAt": "2023-12-14 06:50:03"
}
