[11:03:54] (Info) 方法名称：MoveNext
日志内容：开始启动定时任务
[11:03:54] (Info) 方法名称：MoveNext
日志内容：启动定时任务AAA
[12:01:00] (Info) 方法名称：Execute
日志内容：2022-04-21 12:01:00执行任务
[13:26:46] (Info) 方法名称：Execute
日志内容：2022-04-21 13:26:46执行任务
[13:59:06] (Info) 方法名称：MoveNext
日志内容：开始启动定时任务
[13:59:06] (Info) 方法名称：MoveNext
日志内容：启动定时任务AAA
[14:10:48] (Info) 方法名称：Execute
日志内容：2022-04-21 14:10:48执行任务
[16:26:45] (Info) 方法名称：MoveNext
日志内容：开始启动定时任务
[16:26:45] (Info) 方法名称：MoveNext
日志内容：启动定时任务AAA
[16:35:37] (Info) 方法名称：MoveNext
日志内容：开始启动定时任务
[16:35:38] (Info) 方法名称：MoveNext
日志内容：启动定时任务AAA
[16:39:07] (Info) 方法名称：MoveNext
日志内容：开始启动定时任务
[16:39:07] (Info) 方法名称：MoveNext
日志内容：启动定时任务AAA
