[09:05:24] (Info) 方法名称：MoveNext
日志内容：开始启动定时任务
[09:05:24] (Info) 方法名称：MoveNext
日志内容：启动定时任务AAA
[09:05:24] (Info) 方法名称：MoveNext
日志内容：启动定时任务testTaskName
[09:05:24] (Info) 方法名称：MoveNext
日志内容：启动定时任务异常Job class cannot be null.
[09:07:13] (Info) 方法名称：MoveNext
日志内容：开始启动定时任务
[09:07:13] (Info) 方法名称：MoveNext
日志内容：启动定时任务AAA
[09:07:13] (Info) 方法名称：MoveNext
日志内容：启动定时任务testTaskName
[09:07:13] (Info) 方法名称：MoveNext
日志内容：启动定时任务异常Job class cannot be null.
[09:19:46] (Info) 方法名称：MoveNext
日志内容：开始启动定时任务
[09:19:46] (Info) 方法名称：MoveNext
日志内容：启动定时任务AAA
[09:19:46] (Info) 方法名称：MoveNext
日志内容：启动定时任务testTaskName
[09:19:46] (Info) 方法名称：MoveNext
日志内容：启动定时任务异常Job class cannot be null.
[09:35:44] (Info) 方法名称：MoveNext
日志内容：开始启动定时任务
[09:35:44] (Info) 方法名称：MoveNext
日志内容：启动定时任务AAA
[09:35:44] (Info) 方法名称：MoveNext
日志内容：启动定时任务testTaskName
[09:35:45] (Info) 方法名称：MoveNext
日志内容：启动定时任务异常Job class cannot be null.
[09:38:51] (Info) 方法名称：MoveNext
日志内容：开始启动定时任务
[09:38:51] (Info) 方法名称：MoveNext
日志内容：启动定时任务AAA
[09:38:51] (Info) 方法名称：MoveNext
日志内容：启动定时任务testTaskName
[09:38:51] (Info) 方法名称：MoveNext
日志内容：启动定时任务异常Job class cannot be null.
[09:42:44] (Info) 方法名称：MoveNext
日志内容：开始启动定时任务
[09:42:44] (Info) 方法名称：MoveNext
日志内容：启动定时任务testTaskName
[09:42:44] (Info) 方法名称：MoveNext
日志内容：启动定时任务异常Job class cannot be null.
[09:44:13] (Info) 方法名称：MoveNext
日志内容：开始启动定时任务
[09:44:13] (Info) 方法名称：MoveNext
日志内容：启动定时任务testTaskName
[09:44:13] (Info) 方法名称：MoveNext
日志内容：启动定时任务异常Job class cannot be null.
[09:46:23] (Info) 方法名称：MoveNext
日志内容：开始启动定时任务
[09:46:23] (Info) 方法名称：MoveNext
日志内容：启动定时任务testTaskName
[09:46:23] (Info) 方法名称：MoveNext
日志内容：启动定时任务异常Job class cannot be null.
[09:51:59] (Info) 方法名称：MoveNext
日志内容：开始启动定时任务
[09:51:59] (Info) 方法名称：MoveNext
日志内容：启动定时任务testTaskName
[09:51:59] (Info) 方法名称：MoveNext
日志内容：启动定时任务异常Job class cannot be null.
[09:57:05] (Info) 方法名称：MoveNext
日志内容：开始启动定时任务
[09:57:05] (Info) 方法名称：MoveNext
日志内容：启动定时任务testTaskName
[09:57:05] (Info) 方法名称：MoveNext
日志内容：启动定时任务异常Job class cannot be null.
[10:32:01] (Info) 方法名称：MoveNext
日志内容：开始启动定时任务
[10:32:01] (Info) 方法名称：MoveNext
日志内容：启动定时任务testTaskName
[10:32:01] (Info) 方法名称：MoveNext
日志内容：启动定时任务异常Job class cannot be null.
[10:36:18] (Info) 方法名称：MoveNext
日志内容：开始启动定时任务
[10:36:18] (Info) 方法名称：MoveNext
日志内容：启动定时任务testTaskName
[10:36:18] (Info) 方法名称：MoveNext
日志内容：启动定时任务异常Job class cannot be null.
[10:41:32] (Info) 方法名称：MoveNext
日志内容：开始启动定时任务
[10:41:32] (Info) 方法名称：MoveNext
日志内容：启动定时任务testTaskName
[10:41:32] (Info) 方法名称：MoveNext
日志内容：启动定时任务异常Job class cannot be null.
[10:44:34] (Info) 方法名称：MoveNext
日志内容：开始启动定时任务
[10:44:34] (Info) 方法名称：MoveNext
日志内容：启动定时任务testTaskName
[10:44:34] (Info) 方法名称：MoveNext
日志内容：启动定时任务异常Job class cannot be null.
[13:48:41] (Info) 方法名称：MoveNext
日志内容：开始启动定时任务
[13:48:41] (Info) 方法名称：MoveNext
日志内容：启动定时任务testTaskName
[13:48:41] (Info) 方法名称：MoveNext
日志内容：启动定时任务异常Job class cannot be null.
[14:32:00] (Info) 方法名称：MoveNext
日志内容：开始启动定时任务
[14:32:00] (Info) 方法名称：MoveNext
日志内容：启动定时任务testTaskName
[14:32:00] (Info) 方法名称：MoveNext
日志内容：启动定时任务异常Job class cannot be null.
[16:56:21] (Info) 方法名称：MoveNext
日志内容：开始启动定时任务
[16:56:21] (Info) 方法名称：MoveNext
日志内容：启动定时任务testTaskName
[16:56:21] (Info) 方法名称：MoveNext
日志内容：启动定时任务异常Job class cannot be null.
[17:01:43] (Info) 方法名称：MoveNext
日志内容：开始启动定时任务
[17:01:43] (Info) 方法名称：MoveNext
日志内容：启动定时任务testTaskName
[17:01:43] (Info) 方法名称：MoveNext
日志内容：启动定时任务异常Job class cannot be null.
[17:05:07] (Info) 方法名称：MoveNext
日志内容：开始启动定时任务
[17:05:08] (Info) 方法名称：MoveNext
日志内容：启动定时任务testTaskName
[17:05:08] (Info) 方法名称：MoveNext
日志内容：启动定时任务异常Job class cannot be null.
[17:12:27] (Info) 方法名称：MoveNext
日志内容：开始启动定时任务
[17:12:27] (Info) 方法名称：MoveNext
日志内容：启动定时任务testTaskName
[17:12:27] (Info) 方法名称：MoveNext
日志内容：启动定时任务异常Job class cannot be null.
[17:17:46] (Info) 方法名称：MoveNext
日志内容：开始启动定时任务
[17:17:46] (Info) 方法名称：MoveNext
日志内容：启动定时任务testTaskName
[17:17:46] (Info) 方法名称：MoveNext
日志内容：启动定时任务异常Job class cannot be null.
[17:57:36] (Info) 方法名称：MoveNext
日志内容：开始启动定时任务
[17:57:37] (Info) 方法名称：MoveNext
日志内容：启动定时任务testTaskName
[17:57:37] (Info) 方法名称：MoveNext
日志内容：启动定时任务异常Job class cannot be null.
