[14:10:52.139] Debug T32： 方法名称：MoveNext
日志内容：{
  "Actor": null,
  "Audiences": [
    "system"
  ],
  "Claims": [
    {
      "Issuer": "YuebonTeach",
      "OriginalIssuer": "YuebonTeach",
      "Properties": {},
      "Subject": null,
      "Type": "aud",
      "Value": "system",
      "ValueType": "http://www.w3.org/2001/XMLSchema#string"
    },
    {
      "Issuer": "YuebonTeach",
      "OriginalIssuer": "YuebonTeach",
      "Properties": {},
      "Subject": null,
      "Type": "iss",
      "Value": "YuebonTeach",
      "ValueType": "http://www.w3.org/2001/XMLSchema#string"
    },
    {
      "Issuer": "YuebonTeach",
      "OriginalIssuer": "YuebonTeach",
      "Properties": {},
      "Subject": null,
      "Type": "name",
      "Value": "developer",
      "ValueType": "http://www.w3.org/2001/XMLSchema#string"
    },
    {
      "Issuer": "YuebonTeach",
      "OriginalIssuer": "YuebonTeach",
      "Properties": {},
      "Subject": null,
      "Type": "id",
      "Value": "116",
      "ValueType": "http://www.w3.org/2001/XMLSchema#string"
    },
    {
      "Issuer": "YuebonTeach",
      "OriginalIssuer": "YuebonTeach",
      "Properties": {},
      "Subject": null,
      "Type": "role",
      "Value": "administrators,",
      "ValueType": "http://www.w3.org/2001/XMLSchema#string"
    },
    {
      "Issuer": "YuebonTeach",
      "OriginalIssuer": "YuebonTeach",
      "Properties": {},
      "Subject": null,
      "Type": "sub",
      "Value": "password",
      "ValueType": "http://www.w3.org/2001/XMLSchema#string"
    },
    {
      "Issuer": "YuebonTeach",
      "OriginalIssuer": "YuebonTeach",
      "Properties": {},
      "Subject": null,
      "Type": "nbf",
      "Value": "1702447363",
      "ValueType": "http://www.w3.org/2001/XMLSchema#integer"
    },
    {
      "Issuer": "YuebonTeach",
      "OriginalIssuer": "YuebonTeach",
      "Properties": {},
      "Subject": null,
      "Type": "exp",
      "Value": "1703052163",
      "ValueType": "http://www.w3.org/2001/XMLSchema#integer"
    },
    {
      "Issuer": "YuebonTeach",
      "OriginalIssuer": "YuebonTeach",
      "Properties": {},
      "Subject": null,
      "Type": "iat",
      "Value": "1702447363",
      "ValueType": "http://www.w3.org/2001/XMLSchema#integer"
    }
  ],
  "EncodedHeader": "eyJhbGciOiJIUzI1NiIsInR5cCI6IkpXVCJ9",
  "EncodedPayload": "eyJhdWQiOiJzeXN0ZW0iLCJpc3MiOiJZdWVib25UZWFjaCIsIm5hbWUiOiJkZXZlbG9wZXIiLCJpZCI6IjExNiIsInJvbGUiOiJhZG1pbmlzdHJhdG9ycywiLCJzdWIiOiJwYXNzd29yZCIsIm5iZiI6MTcwMjQ0NzM2MywiZXhwIjoxNzAzMDUyMTYzLCJpYXQiOjE3MDI0NDczNjN9",
  "Header": {
    "alg": "HS256",
    "typ": "JWT"
  },
  "Id": null,
  "Issuer": "YuebonTeach",
  "Payload": {
    "aud": "system",
    "iss": "YuebonTeach",
    "name": "developer",
    "id": "116",
    "role": "administrators,",
    "sub": "password",
    "nbf": 1702447363,
    "exp": 1703052163,
    "iat": 1702447363
  },
  "InnerToken": null,
  "RawAuthenticationTag": null,
  "RawCiphertext": null,
  "RawData": "eyJhbGciOiJIUzI1NiIsInR5cCI6IkpXVCJ9.eyJhdWQiOiJzeXN0ZW0iLCJpc3MiOiJZdWVib25UZWFjaCIsIm5hbWUiOiJkZXZlbG9wZXIiLCJpZCI6IjExNiIsInJvbGUiOiJhZG1pbmlzdHJhdG9ycywiLCJzdWIiOiJwYXNzd29yZCIsIm5iZiI6MTcwMjQ0NzM2MywiZXhwIjoxNzAzMDUyMTYzLCJpYXQiOjE3MDI0NDczNjN9.Jcjj2UZYNnw97Y9sbG7TZFXvXgMgufy69zZLYXHPacA",
  "RawEncryptedKey": null,
  "RawInitializationVector": null,
  "RawHeader": "eyJhbGciOiJIUzI1NiIsInR5cCI6IkpXVCJ9",
  "RawPayload": "eyJhdWQiOiJzeXN0ZW0iLCJpc3MiOiJZdWVib25UZWFjaCIsIm5hbWUiOiJkZXZlbG9wZXIiLCJpZCI6IjExNiIsInJvbGUiOiJhZG1pbmlzdHJhdG9ycywiLCJzdWIiOiJwYXNzd29yZCIsIm5iZiI6MTcwMjQ0NzM2MywiZXhwIjoxNzAzMDUyMTYzLCJpYXQiOjE3MDI0NDczNjN9",
  "RawSignature": "Jcjj2UZYNnw97Y9sbG7TZFXvXgMgufy69zZLYXHPacA",
  "SecurityKey": null,
  "SignatureAlgorithm": "HS256",
  "SigningCredentials": null,
  "EncryptingCredentials": null,
  "SigningKey": null,
  "Subject": "password",
  "ValidFrom": "2023-12-13 06:02:43",
  "ValidTo": "2023-12-20 06:02:43",
  "IssuedAt": "2023-12-13 06:02:43"
}
[14:14:57.536] Debug T22： 方法名称：MoveNext
日志内容：{
  "Actor": null,
  "Audiences": [
    "system"
  ],
  "Claims": [
    {
      "Issuer": "YuebonTeach",
      "OriginalIssuer": "YuebonTeach",
      "Properties": {},
      "Subject": null,
      "Type": "aud",
      "Value": "system",
      "ValueType": "http://www.w3.org/2001/XMLSchema#string"
    },
    {
      "Issuer": "YuebonTeach",
      "OriginalIssuer": "YuebonTeach",
      "Properties": {},
      "Subject": null,
      "Type": "iss",
      "Value": "YuebonTeach",
      "ValueType": "http://www.w3.org/2001/XMLSchema#string"
    },
    {
      "Issuer": "YuebonTeach",
      "OriginalIssuer": "YuebonTeach",
      "Properties": {},
      "Subject": null,
      "Type": "name",
      "Value": "guest",
      "ValueType": "http://www.w3.org/2001/XMLSchema#string"
    },
    {
      "Issuer": "YuebonTeach",
      "OriginalIssuer": "YuebonTeach",
      "Properties": {},
      "Subject": null,
      "Type": "id",
      "Value": "119",
      "ValueType": "http://www.w3.org/2001/XMLSchema#string"
    },
    {
      "Issuer": "YuebonTeach",
      "OriginalIssuer": "YuebonTeach",
      "Properties": {},
      "Subject": null,
      "Type": "role",
      "Value": "Quality,PMC,",
      "ValueType": "http://www.w3.org/2001/XMLSchema#string"
    },
    {
      "Issuer": "YuebonTeach",
      "OriginalIssuer": "YuebonTeach",
      "Properties": {},
      "Subject": null,
      "Type": "sub",
      "Value": "password",
      "ValueType": "http://www.w3.org/2001/XMLSchema#string"
    },
    {
      "Issuer": "YuebonTeach",
      "OriginalIssuer": "YuebonTeach",
      "Properties": {},
      "Subject": null,
      "Type": "nbf",
      "Value": "1702447914",
      "ValueType": "http://www.w3.org/2001/XMLSchema#integer"
    },
    {
      "Issuer": "YuebonTeach",
      "OriginalIssuer": "YuebonTeach",
      "Properties": {},
      "Subject": null,
      "Type": "exp",
      "Value": "1703052714",
      "ValueType": "http://www.w3.org/2001/XMLSchema#integer"
    },
    {
      "Issuer": "YuebonTeach",
      "OriginalIssuer": "YuebonTeach",
      "Properties": {},
      "Subject": null,
      "Type": "iat",
      "Value": "1702447914",
      "ValueType": "http://www.w3.org/2001/XMLSchema#integer"
    }
  ],
  "EncodedHeader": "eyJhbGciOiJIUzI1NiIsInR5cCI6IkpXVCJ9",
  "EncodedPayload": "eyJhdWQiOiJzeXN0ZW0iLCJpc3MiOiJZdWVib25UZWFjaCIsIm5hbWUiOiJndWVzdCIsImlkIjoiMTE5Iiwicm9sZSI6IlF1YWxpdHksUE1DLCIsInN1YiI6InBhc3N3b3JkIiwibmJmIjoxNzAyNDQ3OTE0LCJleHAiOjE3MDMwNTI3MTQsImlhdCI6MTcwMjQ0NzkxNH0",
  "Header": {
    "alg": "HS256",
    "typ": "JWT"
  },
  "Id": null,
  "Issuer": "YuebonTeach",
  "Payload": {
    "aud": "system",
    "iss": "YuebonTeach",
    "name": "guest",
    "id": "119",
    "role": "Quality,PMC,",
    "sub": "password",
    "nbf": 1702447914,
    "exp": 1703052714,
    "iat": 1702447914
  },
  "InnerToken": null,
  "RawAuthenticationTag": null,
  "RawCiphertext": null,
  "RawData": "eyJhbGciOiJIUzI1NiIsInR5cCI6IkpXVCJ9.eyJhdWQiOiJzeXN0ZW0iLCJpc3MiOiJZdWVib25UZWFjaCIsIm5hbWUiOiJndWVzdCIsImlkIjoiMTE5Iiwicm9sZSI6IlF1YWxpdHksUE1DLCIsInN1YiI6InBhc3N3b3JkIiwibmJmIjoxNzAyNDQ3OTE0LCJleHAiOjE3MDMwNTI3MTQsImlhdCI6MTcwMjQ0NzkxNH0.HFTNObTAfVszJPysArfrObp7NzDkp61WmxYNRo-U2ks",
  "RawEncryptedKey": null,
  "RawInitializationVector": null,
  "RawHeader": "eyJhbGciOiJIUzI1NiIsInR5cCI6IkpXVCJ9",
  "RawPayload": "eyJhdWQiOiJzeXN0ZW0iLCJpc3MiOiJZdWVib25UZWFjaCIsIm5hbWUiOiJndWVzdCIsImlkIjoiMTE5Iiwicm9sZSI6IlF1YWxpdHksUE1DLCIsInN1YiI6InBhc3N3b3JkIiwibmJmIjoxNzAyNDQ3OTE0LCJleHAiOjE3MDMwNTI3MTQsImlhdCI6MTcwMjQ0NzkxNH0",
  "RawSignature": "HFTNObTAfVszJPysArfrObp7NzDkp61WmxYNRo-U2ks",
  "SecurityKey": null,
  "SignatureAlgorithm": "HS256",
  "SigningCredentials": null,
  "EncryptingCredentials": null,
  "SigningKey": null,
  "Subject": "password",
  "ValidFrom": "2023-12-13 06:11:54",
  "ValidTo": "2023-12-20 06:11:54",
  "IssuedAt": "2023-12-13 06:11:54"
}
[17:21:07.205] Debug T24： 方法名称：MoveNext
日志内容：{
  "Actor": null,
  "Audiences": [
    "system"
  ],
  "Claims": [
    {
      "Issuer": "YuebonTeach",
      "OriginalIssuer": "YuebonTeach",
      "Properties": {},
      "Subject": null,
      "Type": "aud",
      "Value": "system",
      "ValueType": "http://www.w3.org/2001/XMLSchema#string"
    },
    {
      "Issuer": "YuebonTeach",
      "OriginalIssuer": "YuebonTeach",
      "Properties": {},
      "Subject": null,
      "Type": "iss",
      "Value": "YuebonTeach",
      "ValueType": "http://www.w3.org/2001/XMLSchema#string"
    },
    {
      "Issuer": "YuebonTeach",
      "OriginalIssuer": "YuebonTeach",
      "Properties": {},
      "Subject": null,
      "Type": "name",
      "Value": "guest",
      "ValueType": "http://www.w3.org/2001/XMLSchema#string"
    },
    {
      "Issuer": "YuebonTeach",
      "OriginalIssuer": "YuebonTeach",
      "Properties": {},
      "Subject": null,
      "Type": "id",
      "Value": "119",
      "ValueType": "http://www.w3.org/2001/XMLSchema#string"
    },
    {
      "Issuer": "YuebonTeach",
      "OriginalIssuer": "YuebonTeach",
      "Properties": {},
      "Subject": null,
      "Type": "role",
      "Value": "Quality,PMC,",
      "ValueType": "http://www.w3.org/2001/XMLSchema#string"
    },
    {
      "Issuer": "YuebonTeach",
      "OriginalIssuer": "YuebonTeach",
      "Properties": {},
      "Subject": null,
      "Type": "sub",
      "Value": "password",
      "ValueType": "http://www.w3.org/2001/XMLSchema#string"
    },
    {
      "Issuer": "YuebonTeach",
      "OriginalIssuer": "YuebonTeach",
      "Properties": {},
      "Subject": null,
      "Type": "nbf",
      "Value": "1702448113",
      "ValueType": "http://www.w3.org/2001/XMLSchema#integer"
    },
    {
      "Issuer": "YuebonTeach",
      "OriginalIssuer": "YuebonTeach",
      "Properties": {},
      "Subject": null,
      "Type": "exp",
      "Value": "1703052913",
      "ValueType": "http://www.w3.org/2001/XMLSchema#integer"
    },
    {
      "Issuer": "YuebonTeach",
      "OriginalIssuer": "YuebonTeach",
      "Properties": {},
      "Subject": null,
      "Type": "iat",
      "Value": "1702448113",
      "ValueType": "http://www.w3.org/2001/XMLSchema#integer"
    }
  ],
  "EncodedHeader": "eyJhbGciOiJIUzI1NiIsInR5cCI6IkpXVCJ9",
  "EncodedPayload": "eyJhdWQiOiJzeXN0ZW0iLCJpc3MiOiJZdWVib25UZWFjaCIsIm5hbWUiOiJndWVzdCIsImlkIjoiMTE5Iiwicm9sZSI6IlF1YWxpdHksUE1DLCIsInN1YiI6InBhc3N3b3JkIiwibmJmIjoxNzAyNDQ4MTEzLCJleHAiOjE3MDMwNTI5MTMsImlhdCI6MTcwMjQ0ODExM30",
  "Header": {
    "alg": "HS256",
    "typ": "JWT"
  },
  "Id": null,
  "Issuer": "YuebonTeach",
  "Payload": {
    "aud": "system",
    "iss": "YuebonTeach",
    "name": "guest",
    "id": "119",
    "role": "Quality,PMC,",
    "sub": "password",
    "nbf": 1702448113,
    "exp": 1703052913,
    "iat": 1702448113
  },
  "InnerToken": null,
  "RawAuthenticationTag": null,
  "RawCiphertext": null,
  "RawData": "eyJhbGciOiJIUzI1NiIsInR5cCI6IkpXVCJ9.eyJhdWQiOiJzeXN0ZW0iLCJpc3MiOiJZdWVib25UZWFjaCIsIm5hbWUiOiJndWVzdCIsImlkIjoiMTE5Iiwicm9sZSI6IlF1YWxpdHksUE1DLCIsInN1YiI6InBhc3N3b3JkIiwibmJmIjoxNzAyNDQ4MTEzLCJleHAiOjE3MDMwNTI5MTMsImlhdCI6MTcwMjQ0ODExM30.NKd3Wq6imyE_nXo2tnXowZjMdnkkhwgsPGbQzasR6GM",
  "RawEncryptedKey": null,
  "RawInitializationVector": null,
  "RawHeader": "eyJhbGciOiJIUzI1NiIsInR5cCI6IkpXVCJ9",
  "RawPayload": "eyJhdWQiOiJzeXN0ZW0iLCJpc3MiOiJZdWVib25UZWFjaCIsIm5hbWUiOiJndWVzdCIsImlkIjoiMTE5Iiwicm9sZSI6IlF1YWxpdHksUE1DLCIsInN1YiI6InBhc3N3b3JkIiwibmJmIjoxNzAyNDQ4MTEzLCJleHAiOjE3MDMwNTI5MTMsImlhdCI6MTcwMjQ0ODExM30",
  "RawSignature": "NKd3Wq6imyE_nXo2tnXowZjMdnkkhwgsPGbQzasR6GM",
  "SecurityKey": null,
  "SignatureAlgorithm": "HS256",
  "SigningCredentials": null,
  "EncryptingCredentials": null,
  "SigningKey": null,
  "Subject": "password",
  "ValidFrom": "2023-12-13 06:15:13",
  "ValidTo": "2023-12-20 06:15:13",
  "IssuedAt": "2023-12-13 06:15:13"
}
