【14:11:23.856】  Error T30 
抛出信息：全局捕获程序运行异常信息
/api/Login/GetUserInfo 
异常类型：InvalidOperationException 
异常信息：The ConnectionString property has not been initialized. 
【堆栈调用】：
   at System.Data.SqlClient.SqlConnection.PermissionDemand()
   at System.Data.ProviderBase.DbConnectionInternal.TryOpenConnectionInternal(DbConnection outerConnection, DbConnectionFactory connectionFactory, TaskCompletionSource`1 retry, DbConnectionOptions userOptions)
   at System.Data.SqlClient.SqlConnection.TryOpen(TaskCompletionSource`1 retry)
   at System.Data.SqlClient.SqlConnection.Open()
   at StackExchange.Profiling.Data.ProfiledDbConnection.Open() in C:\projects\dotnet\src\MiniProfiler.Shared\Data\ProfiledDbConnection.cs:line 121
   at Dapper.SqlMapper.QueryImpl[T](IDbConnection cnn, CommandDefinition command, Type effectiveType)+MoveNext() in /_/Dapper/SqlMapper.cs:line 1093
   at System.Collections.Generic.List`1..ctor(IEnumerable`1 collection)
   at System.Linq.Enumerable.ToList[TSource](IEnumerable`1 source)
   at Dapper.SqlMapper.Query[T](IDbConnection cnn, String sql, Object param, IDbTransaction transaction, Boolean buffered, Nullable`1 commandTimeout, Nullable`1 commandType) in /_/Dapper/SqlMapper.cs:line 734
   at Dapper.Contrib.Extensions.SqlMapperExtensions.Get[T](IDbConnection connection, Object id, IDbTransaction transaction, Nullable`1 commandTimeout) in D:\Code\VUE\SFC_DB_API_+XiaoDong\Yuebon.NetCore\Yuebon.Commons\Extensions\SqlMapperExtensions.cs:line 216
   at Yuebon.Commons.Repositories.BaseRepository`2.Get(TKey primaryKey) in D:\Code\VUE\SFC_DB_API_+XiaoDong\Yuebon.NetCore\Yuebon.Commons\Core\Repositories\BaseRepository.cs:line 1918
   at Yuebon.Commons.Services.BaseService`3.Get(TKey id) in D:\Code\VUE\SFC_DB_API_+XiaoDong\Yuebon.NetCore\Yuebon.Commons\Core\Services\BaseService.cs:line 180
   at Yuebon.WebApi.Controllers.LoginController.GetUserInfo() in D:\Code\VUE\SFC_DB_API_+XiaoDong\Yuebon.WebApi\Controllers\LoginController.cs:line 695
   at lambda_method534(Closure , Object , Object[] )
   at Microsoft.AspNetCore.Mvc.Infrastructure.ActionMethodExecutor.SyncActionResultExecutor.Execute(IActionResultTypeMapper mapper, ObjectMethodExecutor executor, Object controller, Object[] arguments)
   at Microsoft.AspNetCore.Mvc.Infrastructure.ControllerActionInvoker.<InvokeActionMethodAsync>g__Logged|12_1(ControllerActionInvoker invoker)
   at Microsoft.AspNetCore.Mvc.Infrastructure.ControllerActionInvoker.<InvokeNextActionFilterAsync>g__Awaited|10_0(ControllerActionInvoker invoker, Task lastTask, State next, Scope scope, Object state, Boolean isCompleted)
   at Microsoft.AspNetCore.Mvc.Infrastructure.ControllerActionInvoker.Rethrow(ActionExecutedContextSealed context)
   at Microsoft.AspNetCore.Mvc.Infrastructure.ControllerActionInvoker.Next(State& next, Scope& scope, Object& state, Boolean& isCompleted)
   at Microsoft.AspNetCore.Mvc.Infrastructure.ControllerActionInvoker.InvokeInnerFilterAsync()
--- End of stack trace from previous location ---
   at Microsoft.AspNetCore.Mvc.Infrastructure.ResourceInvoker.<InvokeNextExceptionFilterAsync>g__Awaited|26_0(ResourceInvoker invoker, Task lastTask, State next, Scope scope, Object state, Boolean isCompleted)
