[09:08:53] (Info) 方法名称：MoveNext
日志内容：开始启动定时任务
[09:08:53] (Info) 方法名称：MoveNext
日志内容：启动定时任务testTaskName
[09:08:53] (Info) 方法名称：MoveNext
日志内容：启动定时任务异常Job class cannot be null.
[09:33:52] (Info) 方法名称：MoveNext
日志内容：开始启动定时任务
[09:33:53] (Info) 方法名称：MoveNext
日志内容：启动定时任务testTaskName
[09:33:53] (Info) 方法名称：MoveNext
日志内容：启动定时任务异常Job class cannot be null.
[09:35:40] (Info) 方法名称：MoveNext
日志内容：开始启动定时任务
[09:35:40] (Info) 方法名称：MoveNext
日志内容：启动定时任务testTaskName
[09:35:40] (Info) 方法名称：MoveNext
日志内容：启动定时任务异常Job class cannot be null.
[09:39:53] (Info) 方法名称：MoveNext
日志内容：开始启动定时任务
[09:39:54] (Info) 方法名称：MoveNext
日志内容：启动定时任务testTaskName
[09:39:54] (Info) 方法名称：MoveNext
日志内容：启动定时任务异常Job class cannot be null.
[10:41:38] (Info) 方法名称：MoveNext
日志内容：开始启动定时任务
[10:41:38] (Info) 方法名称：MoveNext
日志内容：启动定时任务testTaskName
[10:41:38] (Info) 方法名称：MoveNext
日志内容：启动定时任务异常Job class cannot be null.
[10:48:56] (Info) 方法名称：MoveNext
日志内容：开始启动定时任务
[10:48:56] (Info) 方法名称：MoveNext
日志内容：启动定时任务testTaskName
[10:48:56] (Info) 方法名称：MoveNext
日志内容：启动定时任务异常Job class cannot be null.
[10:51:33] (Info) 方法名称：MoveNext
日志内容：开始启动定时任务
[10:51:33] (Info) 方法名称：MoveNext
日志内容：启动定时任务testTaskName
[10:51:33] (Info) 方法名称：MoveNext
日志内容：启动定时任务异常Job class cannot be null.
[11:00:28] (Info) 方法名称：MoveNext
日志内容：开始启动定时任务
[11:00:28] (Info) 方法名称：MoveNext
日志内容：启动定时任务testTaskName
[11:00:28] (Info) 方法名称：MoveNext
日志内容：启动定时任务异常Job class cannot be null.
[11:12:14] (Info) 方法名称：MoveNext
日志内容：开始启动定时任务
[11:12:14] (Info) 方法名称：MoveNext
日志内容：启动定时任务testTaskName
[11:12:14] (Info) 方法名称：MoveNext
日志内容：启动定时任务异常Job class cannot be null.
[11:29:20] (Info) 方法名称：MoveNext
日志内容：开始启动定时任务
[11:29:20] (Info) 方法名称：MoveNext
日志内容：启动定时任务testTaskName
[11:29:20] (Info) 方法名称：MoveNext
日志内容：启动定时任务异常Job class cannot be null.
[11:35:25] (Info) 方法名称：MoveNext
日志内容：开始启动定时任务
[11:35:25] (Info) 方法名称：MoveNext
日志内容：启动定时任务testTaskName
[11:35:25] (Info) 方法名称：MoveNext
日志内容：启动定时任务异常Job class cannot be null.
[13:30:35] (Info) 方法名称：MoveNext
日志内容：开始启动定时任务
[13:30:35] (Info) 方法名称：MoveNext
日志内容：启动定时任务testTaskName
[13:30:35] (Info) 方法名称：MoveNext
日志内容：启动定时任务异常Job class cannot be null.
[13:44:42] (Info) 方法名称：MoveNext
日志内容：开始启动定时任务
[13:44:42] (Info) 方法名称：MoveNext
日志内容：启动定时任务testTaskName
[13:44:42] (Info) 方法名称：MoveNext
日志内容：启动定时任务异常Job class cannot be null.
[16:38:42] (Info) 方法名称：MoveNext
日志内容：开始启动定时任务
[16:38:42] (Info) 方法名称：MoveNext
日志内容：启动定时任务testTaskName
[16:38:42] (Info) 方法名称：MoveNext
日志内容：启动定时任务异常Job class cannot be null.
[16:43:11] (Info) 方法名称：MoveNext
日志内容：开始启动定时任务
[16:43:11] (Info) 方法名称：MoveNext
日志内容：启动定时任务testTaskName
[16:43:11] (Info) 方法名称：MoveNext
日志内容：启动定时任务异常Job class cannot be null.
[17:23:43] (Info) 方法名称：MoveNext
日志内容：开始启动定时任务
[17:23:43] (Info) 方法名称：MoveNext
日志内容：启动定时任务testTaskName
[17:23:43] (Info) 方法名称：MoveNext
日志内容：启动定时任务异常Job class cannot be null.
[17:47:10] (Info) 方法名称：MoveNext
日志内容：开始启动定时任务
[17:47:10] (Info) 方法名称：MoveNext
日志内容：启动定时任务AAA
[17:47:10] (Info) 方法名称：MoveNext
日志内容：启动定时任务testTaskName
[17:47:10] (Info) 方法名称：MoveNext
日志内容：启动定时任务异常Job class cannot be null.
[18:02:38] (Info) 方法名称：MoveNext
日志内容：开始启动定时任务
[18:02:38] (Info) 方法名称：MoveNext
日志内容：启动定时任务testTaskName
[18:02:38] (Info) 方法名称：MoveNext
日志内容：启动定时任务异常Job class cannot be null.
[18:07:17] (Info) 方法名称：MoveNext
日志内容：开始启动定时任务
[18:07:17] (Info) 方法名称：MoveNext
日志内容：启动定时任务testTaskName
[18:07:17] (Info) 方法名称：MoveNext
日志内容：启动定时任务异常Job class cannot be null.
