[09:54:50.651] Debug T9： 方法名称：MoveNext
日志内容：{
  "Actor": null,
  "Audiences": [
    "system"
  ],
  "Claims": [
    {
      "Issuer": "YuebonTeach",
      "OriginalIssuer": "YuebonTeach",
      "Properties": {},
      "Subject": null,
      "Type": "aud",
      "Value": "system",
      "ValueType": "http://www.w3.org/2001/XMLSchema#string"
    },
    {
      "Issuer": "YuebonTeach",
      "OriginalIssuer": "YuebonTeach",
      "Properties": {},
      "Subject": null,
      "Type": "iss",
      "Value": "YuebonTeach",
      "ValueType": "http://www.w3.org/2001/XMLSchema#string"
    },
    {
      "Issuer": "YuebonTeach",
      "OriginalIssuer": "YuebonTeach",
      "Properties": {},
      "Subject": null,
      "Type": "name",
      "Value": "admin",
      "ValueType": "http://www.w3.org/2001/XMLSchema#string"
    },
    {
      "Issuer": "YuebonTeach",
      "OriginalIssuer": "YuebonTeach",
      "Properties": {},
      "Subject": null,
      "Type": "id",
      "Value": "9f2ec079-7d0f-4fe2-90ab-8b09a8302aba",
      "ValueType": "http://www.w3.org/2001/XMLSchema#string"
    },
    {
      "Issuer": "YuebonTeach",
      "OriginalIssuer": "YuebonTeach",
      "Properties": {},
      "Subject": null,
      "Type": "role",
      "Value": "administrators,",
      "ValueType": "http://www.w3.org/2001/XMLSchema#string"
    },
    {
      "Issuer": "YuebonTeach",
      "OriginalIssuer": "YuebonTeach",
      "Properties": {},
      "Subject": null,
      "Type": "sub",
      "Value": "password",
      "ValueType": "http://www.w3.org/2001/XMLSchema#string"
    },
    {
      "Issuer": "YuebonTeach",
      "OriginalIssuer": "YuebonTeach",
      "Properties": {},
      "Subject": null,
      "Type": "nbf",
      "Value": "1650530181",
      "ValueType": "http://www.w3.org/2001/XMLSchema#integer"
    },
    {
      "Issuer": "YuebonTeach",
      "OriginalIssuer": "YuebonTeach",
      "Properties": {},
      "Subject": null,
      "Type": "exp",
      "Value": "1650566181",
      "ValueType": "http://www.w3.org/2001/XMLSchema#integer"
    },
    {
      "Issuer": "YuebonTeach",
      "OriginalIssuer": "YuebonTeach",
      "Properties": {},
      "Subject": null,
      "Type": "iat",
      "Value": "1650530181",
      "ValueType": "http://www.w3.org/2001/XMLSchema#integer"
    }
  ],
  "EncodedHeader": "eyJhbGciOiJIUzI1NiIsInR5cCI6IkpXVCJ9",
  "EncodedPayload": "eyJhdWQiOiJzeXN0ZW0iLCJpc3MiOiJZdWVib25UZWFjaCIsIm5hbWUiOiJhZG1pbiIsImlkIjoiOWYyZWMwNzktN2QwZi00ZmUyLTkwYWItOGIwOWE4MzAyYWJhIiwicm9sZSI6ImFkbWluaXN0cmF0b3JzLCIsInN1YiI6InBhc3N3b3JkIiwibmJmIjoxNjUwNTMwMTgxLCJleHAiOjE2NTA1NjYxODEsImlhdCI6MTY1MDUzMDE4MX0",
  "Header": {
    "alg": "HS256",
    "typ": "JWT"
  },
  "Id": null,
  "Issuer": "YuebonTeach",
  "Payload": {
    "aud": "system",
    "iss": "YuebonTeach",
    "name": "admin",
    "id": "9f2ec079-7d0f-4fe2-90ab-8b09a8302aba",
    "role": "administrators,",
    "sub": "password",
    "nbf": 1650530181,
    "exp": 1650566181,
    "iat": 1650530181
  },
  "InnerToken": null,
  "RawAuthenticationTag": null,
  "RawCiphertext": null,
  "RawData": "eyJhbGciOiJIUzI1NiIsInR5cCI6IkpXVCJ9.eyJhdWQiOiJzeXN0ZW0iLCJpc3MiOiJZdWVib25UZWFjaCIsIm5hbWUiOiJhZG1pbiIsImlkIjoiOWYyZWMwNzktN2QwZi00ZmUyLTkwYWItOGIwOWE4MzAyYWJhIiwicm9sZSI6ImFkbWluaXN0cmF0b3JzLCIsInN1YiI6InBhc3N3b3JkIiwibmJmIjoxNjUwNTMwMTgxLCJleHAiOjE2NTA1NjYxODEsImlhdCI6MTY1MDUzMDE4MX0.Q0DRB-vsuEIclo1S0kMJtfNBKNjVcxMN5U9fGUFkXiw",
  "RawEncryptedKey": null,
  "RawInitializationVector": null,
  "RawHeader": "eyJhbGciOiJIUzI1NiIsInR5cCI6IkpXVCJ9",
  "RawPayload": "eyJhdWQiOiJzeXN0ZW0iLCJpc3MiOiJZdWVib25UZWFjaCIsIm5hbWUiOiJhZG1pbiIsImlkIjoiOWYyZWMwNzktN2QwZi00ZmUyLTkwYWItOGIwOWE4MzAyYWJhIiwicm9sZSI6ImFkbWluaXN0cmF0b3JzLCIsInN1YiI6InBhc3N3b3JkIiwibmJmIjoxNjUwNTMwMTgxLCJleHAiOjE2NTA1NjYxODEsImlhdCI6MTY1MDUzMDE4MX0",
  "RawSignature": "Q0DRB-vsuEIclo1S0kMJtfNBKNjVcxMN5U9fGUFkXiw",
  "SecurityKey": null,
  "SignatureAlgorithm": "HS256",
  "SigningCredentials": null,
  "EncryptingCredentials": null,
  "SigningKey": null,
  "Subject": "password",
  "ValidFrom": "2022-04-21 08:36:21",
  "ValidTo": "2022-04-21 18:36:21",
  "IssuedAt": "2022-04-21 08:36:21"
}
[13:23:28.816] Debug T9： 方法名称：MoveNext
日志内容：{
  "Actor": null,
  "Audiences": [
    "system"
  ],
  "Claims": [
    {
      "Issuer": "YuebonTeach",
      "OriginalIssuer": "YuebonTeach",
      "Properties": {},
      "Subject": null,
      "Type": "aud",
      "Value": "system",
      "ValueType": "http://www.w3.org/2001/XMLSchema#string"
    },
    {
      "Issuer": "YuebonTeach",
      "OriginalIssuer": "YuebonTeach",
      "Properties": {},
      "Subject": null,
      "Type": "iss",
      "Value": "YuebonTeach",
      "ValueType": "http://www.w3.org/2001/XMLSchema#string"
    },
    {
      "Issuer": "YuebonTeach",
      "OriginalIssuer": "YuebonTeach",
      "Properties": {},
      "Subject": null,
      "Type": "sub",
      "Value": "client_credential",
      "ValueType": "http://www.w3.org/2001/XMLSchema#string"
    },
    {
      "Issuer": "YuebonTeach",
      "OriginalIssuer": "YuebonTeach",
      "Properties": {},
      "Subject": null,
      "Type": "nbf",
      "Value": "1650605006",
      "ValueType": "http://www.w3.org/2001/XMLSchema#integer"
    },
    {
      "Issuer": "YuebonTeach",
      "OriginalIssuer": "YuebonTeach",
      "Properties": {},
      "Subject": null,
      "Type": "exp",
      "Value": "1650641006",
      "ValueType": "http://www.w3.org/2001/XMLSchema#integer"
    },
    {
      "Issuer": "YuebonTeach",
      "OriginalIssuer": "YuebonTeach",
      "Properties": {},
      "Subject": null,
      "Type": "iat",
      "Value": "1650605006",
      "ValueType": "http://www.w3.org/2001/XMLSchema#integer"
    }
  ],
  "EncodedHeader": "eyJhbGciOiJIUzI1NiIsInR5cCI6IkpXVCJ9",
  "EncodedPayload": "eyJhdWQiOiJzeXN0ZW0iLCJpc3MiOiJZdWVib25UZWFjaCIsInN1YiI6ImNsaWVudF9jcmVkZW50aWFsIiwibmJmIjoxNjUwNjA1MDA2LCJleHAiOjE2NTA2NDEwMDYsImlhdCI6MTY1MDYwNTAwNn0",
  "Header": {
    "alg": "HS256",
    "typ": "JWT"
  },
  "Id": null,
  "Issuer": "YuebonTeach",
  "Payload": {
    "aud": "system",
    "iss": "YuebonTeach",
    "sub": "client_credential",
    "nbf": 1650605006,
    "exp": 1650641006,
    "iat": 1650605006
  },
  "InnerToken": null,
  "RawAuthenticationTag": null,
  "RawCiphertext": null,
  "RawData": "eyJhbGciOiJIUzI1NiIsInR5cCI6IkpXVCJ9.eyJhdWQiOiJzeXN0ZW0iLCJpc3MiOiJZdWVib25UZWFjaCIsInN1YiI6ImNsaWVudF9jcmVkZW50aWFsIiwibmJmIjoxNjUwNjA1MDA2LCJleHAiOjE2NTA2NDEwMDYsImlhdCI6MTY1MDYwNTAwNn0.JGyQWyCYTipleVNRu3FbJ4RYmAFK2Ri0Fv5t2WkqsTA",
  "RawEncryptedKey": null,
  "RawInitializationVector": null,
  "RawHeader": "eyJhbGciOiJIUzI1NiIsInR5cCI6IkpXVCJ9",
  "RawPayload": "eyJhdWQiOiJzeXN0ZW0iLCJpc3MiOiJZdWVib25UZWFjaCIsInN1YiI6ImNsaWVudF9jcmVkZW50aWFsIiwibmJmIjoxNjUwNjA1MDA2LCJleHAiOjE2NTA2NDEwMDYsImlhdCI6MTY1MDYwNTAwNn0",
  "RawSignature": "JGyQWyCYTipleVNRu3FbJ4RYmAFK2Ri0Fv5t2WkqsTA",
  "SecurityKey": null,
  "SignatureAlgorithm": "HS256",
  "SigningCredentials": null,
  "EncryptingCredentials": null,
  "SigningKey": null,
  "Subject": "client_credential",
  "ValidFrom": "2022-04-22 05:23:26",
  "ValidTo": "2022-04-22 15:23:26",
  "IssuedAt": "2022-04-22 05:23:26"
}
