[09:13:30] (Info) 方法名称：MoveNext
日志内容：开始启动定时任务
[09:13:30] (Info) 方法名称：MoveNext
日志内容：启动定时任务testTaskName
[09:13:30] (Info) 方法名称：MoveNext
日志内容：启动定时任务异常Job class cannot be null.
[09:28:47] (Info) 方法名称：MoveNext
日志内容：开始启动定时任务
[09:28:47] (Info) 方法名称：MoveNext
日志内容：启动定时任务testTaskName
[09:28:47] (Info) 方法名称：MoveNext
日志内容：启动定时任务异常Job class cannot be null.
[09:32:02] (Info) 方法名称：MoveNext
日志内容：开始启动定时任务
[09:32:03] (Info) 方法名称：MoveNext
日志内容：启动定时任务testTaskName
[09:32:03] (Info) 方法名称：MoveNext
日志内容：启动定时任务异常Job class cannot be null.
[09:39:01] (Info) 方法名称：MoveNext
日志内容：开始启动定时任务
[09:39:01] (Info) 方法名称：MoveNext
日志内容：启动定时任务testTaskName
[09:39:01] (Info) 方法名称：MoveNext
日志内容：启动定时任务异常Job class cannot be null.
[09:43:53] (Info) 方法名称：MoveNext
日志内容：开始启动定时任务
[09:43:54] (Info) 方法名称：MoveNext
日志内容：启动定时任务testTaskName
[09:43:54] (Info) 方法名称：MoveNext
日志内容：启动定时任务异常Job class cannot be null.
[09:47:08] (Info) 方法名称：MoveNext
日志内容：开始启动定时任务
[09:47:08] (Info) 方法名称：MoveNext
日志内容：启动定时任务testTaskName
[09:47:08] (Info) 方法名称：MoveNext
日志内容：启动定时任务异常Job class cannot be null.
[09:51:52] (Info) 方法名称：MoveNext
日志内容：开始启动定时任务
[09:51:53] (Info) 方法名称：MoveNext
日志内容：启动定时任务testTaskName
[09:51:53] (Info) 方法名称：MoveNext
日志内容：启动定时任务异常Job class cannot be null.
[11:27:39] (Info) 方法名称：MoveNext
日志内容：开始启动定时任务
[11:27:40] (Info) 方法名称：MoveNext
日志内容：启动定时任务testTaskName
[11:27:40] (Info) 方法名称：MoveNext
日志内容：启动定时任务异常Job class cannot be null.
[13:56:16] (Info) 方法名称：MoveNext
日志内容：开始启动定时任务
[13:56:16] (Info) 方法名称：MoveNext
日志内容：启动定时任务AAA
[13:56:16] (Info) 方法名称：MoveNext
日志内容：启动定时任务testTaskName
[13:56:16] (Info) 方法名称：MoveNext
日志内容：启动定时任务异常Job class cannot be null.
[14:38:03] (Info) 方法名称：MoveNext
日志内容：开始启动定时任务
[14:38:03] (Info) 方法名称：MoveNext
日志内容：启动定时任务AAA
[14:38:03] (Info) 方法名称：MoveNext
日志内容：启动定时任务testTaskName
[14:38:03] (Info) 方法名称：MoveNext
日志内容：启动定时任务异常Job class cannot be null.
[16:17:25] (Info) 方法名称：MoveNext
日志内容：开始启动定时任务
[16:17:25] (Info) 方法名称：MoveNext
日志内容：启动定时任务AAA
[16:17:26] (Info) 方法名称：MoveNext
日志内容：启动定时任务testTaskName
[16:17:26] (Info) 方法名称：MoveNext
日志内容：启动定时任务异常Job class cannot be null.
[17:15:42] (Info) 方法名称：MoveNext
日志内容：开始启动定时任务
[17:15:42] (Info) 方法名称：MoveNext
日志内容：启动定时任务AAA
[17:15:42] (Info) 方法名称：MoveNext
日志内容：启动定时任务testTaskName
[17:15:42] (Info) 方法名称：MoveNext
日志内容：启动定时任务异常Job class cannot be null.
[17:18:17] (Info) 方法名称：MoveNext
日志内容：开始启动定时任务
[17:18:17] (Info) 方法名称：MoveNext
日志内容：启动定时任务AAA
[17:18:17] (Info) 方法名称：MoveNext
日志内容：启动定时任务testTaskName
[17:18:17] (Info) 方法名称：MoveNext
日志内容：启动定时任务异常Job class cannot be null.
[17:24:18] (Info) 方法名称：MoveNext
日志内容：开始启动定时任务
[17:24:18] (Info) 方法名称：MoveNext
日志内容：启动定时任务AAA
[17:24:18] (Info) 方法名称：MoveNext
日志内容：启动定时任务testTaskName
[17:24:18] (Info) 方法名称：MoveNext
日志内容：启动定时任务异常Job class cannot be null.
