【09:02:38.225】  Error T6 
抛出信息：全局捕获程序运行异常信息
/api/Security/ZYM/FindWithPagerAsync 
异常类型：AutoMapperMappingException 
异常信息：Error mapping types.

Mapping types:
List`1 -> List`1
System.Collections.Generic.List`1[[Yuebon.Security.Models.ZYM, Yuebon.Security.Core, Version=1.3.2.41, Culture=neutral, PublicKeyToken=null]] -> System.Collections.Generic.List`1[[Yuebon.Security.Dtos.ZYMOutputDto, Yuebon.Security.Core, Version=1.3.2.41, Culture=neutral, PublicKeyToken=null]] 
【堆栈调用】：
   at lambda_method368(Closure , Object , List`1 , ResolutionContext )
   at Yuebon.Commons.Mapping.MapperExtensions.MapTo[T](IEnumerable obj) in D:\Code_Vue\YuebonNetCore-master\Yuebon.NetCore\Yuebon.Commons\Mapping\MapperExtensions.cs:line 81
   at Yuebon.Commons.Services.BaseServiceGeneric`3.FindWithPagerAsync(SearchInputDto`1 search) in D:\Code_Vue\YuebonNetCore-master\Yuebon.NetCore\Yuebon.Commons\Core\Services\BaseServiceGeneric.cs:line 699
   at Yuebon.AspNetCore.Controllers.AreaApiControllerGeneric`5.FindWithPagerAsync(SearchInputDto`1 search) in D:\Code_Vue\YuebonNetCore-master\Yuebon.NetCore\Yuebon.AspNetCore\Mvc\AreaApiControllerGeneric.cs:line 468
   at lambda_method363(Closure , Object )
   at Microsoft.AspNetCore.Mvc.Infrastructure.ActionMethodExecutor.AwaitableObjectResultExecutor.Execute(IActionResultTypeMapper mapper, ObjectMethodExecutor executor, Object controller, Object[] arguments)
   at Microsoft.AspNetCore.Mvc.Infrastructure.ControllerActionInvoker.<InvokeActionMethodAsync>g__Logged|12_1(ControllerActionInvoker invoker)
   at Microsoft.AspNetCore.Mvc.Infrastructure.ControllerActionInvoker.<InvokeNextActionFilterAsync>g__Awaited|10_0(ControllerActionInvoker invoker, Task lastTask, State next, Scope scope, Object state, Boolean isCompleted)
   at Microsoft.AspNetCore.Mvc.Infrastructure.ControllerActionInvoker.Rethrow(ActionExecutedContextSealed context)
   at Microsoft.AspNetCore.Mvc.Infrastructure.ControllerActionInvoker.Next(State& next, Scope& scope, Object& state, Boolean& isCompleted)
   at Microsoft.AspNetCore.Mvc.Infrastructure.ControllerActionInvoker.<InvokeInnerFilterAsync>g__Awaited|13_0(ControllerActionInvoker invoker, Task lastTask, State next, Scope scope, Object state, Boolean isCompleted)
   at Microsoft.AspNetCore.Mvc.Infrastructure.ResourceInvoker.<InvokeNextExceptionFilterAsync>g__Awaited|26_0(ResourceInvoker invoker, Task lastTask, State next, Scope scope, Object state, Boolean isCompleted)
【09:04:58.520】  Error T42 
抛出信息：全局捕获程序运行异常信息
/api/Security/ZYM/FindWithPagerAsync 
异常类型：AutoMapperMappingException 
异常信息：Error mapping types.

Mapping types:
List`1 -> List`1
System.Collections.Generic.List`1[[Yuebon.Security.Models.ZYM, Yuebon.Security.Core, Version=1.3.2.41, Culture=neutral, PublicKeyToken=null]] -> System.Collections.Generic.List`1[[Yuebon.Security.Dtos.ZYMOutputDto, Yuebon.Security.Core, Version=1.3.2.41, Culture=neutral, PublicKeyToken=null]] 
【堆栈调用】：
   at lambda_method368(Closure , Object , List`1 , ResolutionContext )
   at Yuebon.Commons.Mapping.MapperExtensions.MapTo[T](IEnumerable obj) in D:\Code_Vue\YuebonNetCore-master\Yuebon.NetCore\Yuebon.Commons\Mapping\MapperExtensions.cs:line 81
   at Yuebon.Commons.Services.BaseServiceGeneric`3.FindWithPagerAsync(SearchInputDto`1 search) in D:\Code_Vue\YuebonNetCore-master\Yuebon.NetCore\Yuebon.Commons\Core\Services\BaseServiceGeneric.cs:line 699
   at Yuebon.AspNetCore.Controllers.AreaApiControllerGeneric`5.FindWithPagerAsync(SearchInputDto`1 search) in D:\Code_Vue\YuebonNetCore-master\Yuebon.NetCore\Yuebon.AspNetCore\Mvc\AreaApiControllerGeneric.cs:line 468
   at lambda_method363(Closure , Object )
   at Microsoft.AspNetCore.Mvc.Infrastructure.ActionMethodExecutor.AwaitableObjectResultExecutor.Execute(IActionResultTypeMapper mapper, ObjectMethodExecutor executor, Object controller, Object[] arguments)
   at Microsoft.AspNetCore.Mvc.Infrastructure.ControllerActionInvoker.<InvokeActionMethodAsync>g__Logged|12_1(ControllerActionInvoker invoker)
   at Microsoft.AspNetCore.Mvc.Infrastructure.ControllerActionInvoker.<InvokeNextActionFilterAsync>g__Awaited|10_0(ControllerActionInvoker invoker, Task lastTask, State next, Scope scope, Object state, Boolean isCompleted)
   at Microsoft.AspNetCore.Mvc.Infrastructure.ControllerActionInvoker.Rethrow(ActionExecutedContextSealed context)
   at Microsoft.AspNetCore.Mvc.Infrastructure.ControllerActionInvoker.Next(State& next, Scope& scope, Object& state, Boolean& isCompleted)
   at Microsoft.AspNetCore.Mvc.Infrastructure.ControllerActionInvoker.<InvokeInnerFilterAsync>g__Awaited|13_0(ControllerActionInvoker invoker, Task lastTask, State next, Scope scope, Object state, Boolean isCompleted)
   at Microsoft.AspNetCore.Mvc.Infrastructure.ResourceInvoker.<InvokeNextExceptionFilterAsync>g__Awaited|26_0(ResourceInvoker invoker, Task lastTask, State next, Scope scope, Object state, Boolean isCompleted)
【09:07:32.225】  Error T24 
抛出信息：全局捕获程序运行异常信息
/api/Security/ZYM/FindWithPagerAsync 
异常类型：AutoMapperMappingException 
异常信息：Error mapping types.

Mapping types:
List`1 -> List`1
System.Collections.Generic.List`1[[Yuebon.Security.Models.ZYM, Yuebon.Security.Core, Version=1.3.2.41, Culture=neutral, PublicKeyToken=null]] -> System.Collections.Generic.List`1[[Yuebon.Security.Dtos.ZYMOutputDto, Yuebon.Security.Core, Version=1.3.2.41, Culture=neutral, PublicKeyToken=null]] 
【堆栈调用】：
   at lambda_method33(Closure , Object , List`1 , ResolutionContext )
   at Yuebon.Commons.Mapping.MapperExtensions.MapTo[T](IEnumerable obj) in D:\Code_Vue\YuebonNetCore-master\Yuebon.NetCore\Yuebon.Commons\Mapping\MapperExtensions.cs:line 81
   at Yuebon.Commons.Services.BaseServiceGeneric`3.FindWithPagerAsync(SearchInputDto`1 search) in D:\Code_Vue\YuebonNetCore-master\Yuebon.NetCore\Yuebon.Commons\Core\Services\BaseServiceGeneric.cs:line 699
   at Yuebon.AspNetCore.Controllers.AreaApiControllerGeneric`5.FindWithPagerAsync(SearchInputDto`1 search) in D:\Code_Vue\YuebonNetCore-master\Yuebon.NetCore\Yuebon.AspNetCore\Mvc\AreaApiControllerGeneric.cs:line 468
   at lambda_method28(Closure , Object )
   at Microsoft.AspNetCore.Mvc.Infrastructure.ActionMethodExecutor.AwaitableObjectResultExecutor.Execute(IActionResultTypeMapper mapper, ObjectMethodExecutor executor, Object controller, Object[] arguments)
   at Microsoft.AspNetCore.Mvc.Infrastructure.ControllerActionInvoker.<InvokeActionMethodAsync>g__Logged|12_1(ControllerActionInvoker invoker)
   at Microsoft.AspNetCore.Mvc.Infrastructure.ControllerActionInvoker.<InvokeNextActionFilterAsync>g__Awaited|10_0(ControllerActionInvoker invoker, Task lastTask, State next, Scope scope, Object state, Boolean isCompleted)
   at Microsoft.AspNetCore.Mvc.Infrastructure.ControllerActionInvoker.Rethrow(ActionExecutedContextSealed context)
   at Microsoft.AspNetCore.Mvc.Infrastructure.ControllerActionInvoker.Next(State& next, Scope& scope, Object& state, Boolean& isCompleted)
   at Microsoft.AspNetCore.Mvc.Infrastructure.ControllerActionInvoker.<InvokeInnerFilterAsync>g__Awaited|13_0(ControllerActionInvoker invoker, Task lastTask, State next, Scope scope, Object state, Boolean isCompleted)
   at Microsoft.AspNetCore.Mvc.Infrastructure.ResourceInvoker.<InvokeNextExceptionFilterAsync>g__Awaited|26_0(ResourceInvoker invoker, Task lastTask, State next, Scope scope, Object state, Boolean isCompleted)
【09:37:13.167】  Error T21 
抛出信息：全局捕获程序运行异常信息
/api/Security/ZYM/FindWithPagerAsync 
异常类型：AutoMapperMappingException 
异常信息：Error mapping types.

Mapping types:
List`1 -> List`1
System.Collections.Generic.List`1[[Yuebon.Security.Models.ZYM, Yuebon.Security.Core, Version=1.3.2.41, Culture=neutral, PublicKeyToken=null]] -> System.Collections.Generic.List`1[[Yuebon.Security.Dtos.ZYMOutputDto, Yuebon.Security.Core, Version=1.3.2.41, Culture=neutral, PublicKeyToken=null]] 
【堆栈调用】：
   at lambda_method33(Closure , Object , List`1 , ResolutionContext )
   at Yuebon.Commons.Mapping.MapperExtensions.MapTo[T](IEnumerable obj) in D:\Code_Vue\YuebonNetCore-master\Yuebon.NetCore\Yuebon.Commons\Mapping\MapperExtensions.cs:line 81
   at Yuebon.Commons.Services.BaseServiceGeneric`3.FindWithPagerAsync(SearchInputDto`1 search) in D:\Code_Vue\YuebonNetCore-master\Yuebon.NetCore\Yuebon.Commons\Core\Services\BaseServiceGeneric.cs:line 699
   at Yuebon.AspNetCore.Controllers.AreaApiControllerGeneric`5.FindWithPagerAsync(SearchInputDto`1 search) in D:\Code_Vue\YuebonNetCore-master\Yuebon.NetCore\Yuebon.AspNetCore\Mvc\AreaApiControllerGeneric.cs:line 468
   at lambda_method28(Closure , Object )
   at Microsoft.AspNetCore.Mvc.Infrastructure.ActionMethodExecutor.AwaitableObjectResultExecutor.Execute(IActionResultTypeMapper mapper, ObjectMethodExecutor executor, Object controller, Object[] arguments)
   at Microsoft.AspNetCore.Mvc.Infrastructure.ControllerActionInvoker.<InvokeActionMethodAsync>g__Logged|12_1(ControllerActionInvoker invoker)
   at Microsoft.AspNetCore.Mvc.Infrastructure.ControllerActionInvoker.<InvokeNextActionFilterAsync>g__Awaited|10_0(ControllerActionInvoker invoker, Task lastTask, State next, Scope scope, Object state, Boolean isCompleted)
   at Microsoft.AspNetCore.Mvc.Infrastructure.ControllerActionInvoker.Rethrow(ActionExecutedContextSealed context)
   at Microsoft.AspNetCore.Mvc.Infrastructure.ControllerActionInvoker.Next(State& next, Scope& scope, Object& state, Boolean& isCompleted)
   at Microsoft.AspNetCore.Mvc.Infrastructure.ControllerActionInvoker.<InvokeInnerFilterAsync>g__Awaited|13_0(ControllerActionInvoker invoker, Task lastTask, State next, Scope scope, Object state, Boolean isCompleted)
   at Microsoft.AspNetCore.Mvc.Infrastructure.ResourceInvoker.<InvokeNextExceptionFilterAsync>g__Awaited|26_0(ResourceInvoker invoker, Task lastTask, State next, Scope scope, Object state, Boolean isCompleted)
【09:39:43.428】  Error T9 
抛出信息：全局捕获程序运行异常信息
/api/Security/ZYM/FindWithPagerAsync 
异常类型：AutoMapperMappingException 
异常信息：Error mapping types.

Mapping types:
List`1 -> List`1
System.Collections.Generic.List`1[[Yuebon.Security.Models.ZYM, Yuebon.Security.Core, Version=1.3.2.41, Culture=neutral, PublicKeyToken=null]] -> System.Collections.Generic.List`1[[Yuebon.Security.Dtos.ZYMOutputDto, Yuebon.Security.Core, Version=1.3.2.41, Culture=neutral, PublicKeyToken=null]] 
【堆栈调用】：
   at lambda_method33(Closure , Object , List`1 , ResolutionContext )
   at Yuebon.Commons.Mapping.MapperExtensions.MapTo[T](IEnumerable obj) in D:\Code_Vue\YuebonNetCore-master\Yuebon.NetCore\Yuebon.Commons\Mapping\MapperExtensions.cs:line 81
   at Yuebon.Commons.Services.BaseServiceGeneric`3.FindWithPagerAsync(SearchInputDto`1 search) in D:\Code_Vue\YuebonNetCore-master\Yuebon.NetCore\Yuebon.Commons\Core\Services\BaseServiceGeneric.cs:line 699
   at Yuebon.AspNetCore.Controllers.AreaApiControllerGeneric`5.FindWithPagerAsync(SearchInputDto`1 search) in D:\Code_Vue\YuebonNetCore-master\Yuebon.NetCore\Yuebon.AspNetCore\Mvc\AreaApiControllerGeneric.cs:line 468
   at lambda_method28(Closure , Object )
   at Microsoft.AspNetCore.Mvc.Infrastructure.ActionMethodExecutor.AwaitableObjectResultExecutor.Execute(IActionResultTypeMapper mapper, ObjectMethodExecutor executor, Object controller, Object[] arguments)
   at Microsoft.AspNetCore.Mvc.Infrastructure.ControllerActionInvoker.<InvokeActionMethodAsync>g__Logged|12_1(ControllerActionInvoker invoker)
   at Microsoft.AspNetCore.Mvc.Infrastructure.ControllerActionInvoker.<InvokeNextActionFilterAsync>g__Awaited|10_0(ControllerActionInvoker invoker, Task lastTask, State next, Scope scope, Object state, Boolean isCompleted)
   at Microsoft.AspNetCore.Mvc.Infrastructure.ControllerActionInvoker.Rethrow(ActionExecutedContextSealed context)
   at Microsoft.AspNetCore.Mvc.Infrastructure.ControllerActionInvoker.Next(State& next, Scope& scope, Object& state, Boolean& isCompleted)
   at Microsoft.AspNetCore.Mvc.Infrastructure.ControllerActionInvoker.<InvokeInnerFilterAsync>g__Awaited|13_0(ControllerActionInvoker invoker, Task lastTask, State next, Scope scope, Object state, Boolean isCompleted)
   at Microsoft.AspNetCore.Mvc.Infrastructure.ResourceInvoker.<InvokeNextExceptionFilterAsync>g__Awaited|26_0(ResourceInvoker invoker, Task lastTask, State next, Scope scope, Object state, Boolean isCompleted)
【09:42:18.367】  Error T23 
抛出信息：全局捕获程序运行异常信息
/api/Security/ZYM/FindWithPagerAsync 
异常类型：AutoMapperMappingException 
异常信息：Error mapping types.

Mapping types:
List`1 -> List`1
System.Collections.Generic.List`1[[Yuebon.Security.Models.API_ZYM, Yuebon.Security.Core, Version=1.3.2.41, Culture=neutral, PublicKeyToken=null]] -> System.Collections.Generic.List`1[[Yuebon.Security.Dtos.ZYMOutputDto, Yuebon.Security.Core, Version=1.3.2.41, Culture=neutral, PublicKeyToken=null]] 
【堆栈调用】：
   at lambda_method33(Closure , Object , List`1 , ResolutionContext )
   at Yuebon.Commons.Mapping.MapperExtensions.MapTo[T](IEnumerable obj) in D:\Code_Vue\YuebonNetCore-master\Yuebon.NetCore\Yuebon.Commons\Mapping\MapperExtensions.cs:line 81
   at Yuebon.Commons.Services.BaseServiceGeneric`3.FindWithPagerAsync(SearchInputDto`1 search) in D:\Code_Vue\YuebonNetCore-master\Yuebon.NetCore\Yuebon.Commons\Core\Services\BaseServiceGeneric.cs:line 699
   at Yuebon.AspNetCore.Controllers.AreaApiControllerGeneric`5.FindWithPagerAsync(SearchInputDto`1 search) in D:\Code_Vue\YuebonNetCore-master\Yuebon.NetCore\Yuebon.AspNetCore\Mvc\AreaApiControllerGeneric.cs:line 468
   at lambda_method28(Closure , Object )
   at Microsoft.AspNetCore.Mvc.Infrastructure.ActionMethodExecutor.AwaitableObjectResultExecutor.Execute(IActionResultTypeMapper mapper, ObjectMethodExecutor executor, Object controller, Object[] arguments)
   at Microsoft.AspNetCore.Mvc.Infrastructure.ControllerActionInvoker.<InvokeActionMethodAsync>g__Logged|12_1(ControllerActionInvoker invoker)
   at Microsoft.AspNetCore.Mvc.Infrastructure.ControllerActionInvoker.<InvokeNextActionFilterAsync>g__Awaited|10_0(ControllerActionInvoker invoker, Task lastTask, State next, Scope scope, Object state, Boolean isCompleted)
   at Microsoft.AspNetCore.Mvc.Infrastructure.ControllerActionInvoker.Rethrow(ActionExecutedContextSealed context)
   at Microsoft.AspNetCore.Mvc.Infrastructure.ControllerActionInvoker.Next(State& next, Scope& scope, Object& state, Boolean& isCompleted)
   at Microsoft.AspNetCore.Mvc.Infrastructure.ControllerActionInvoker.<InvokeInnerFilterAsync>g__Awaited|13_0(ControllerActionInvoker invoker, Task lastTask, State next, Scope scope, Object state, Boolean isCompleted)
   at Microsoft.AspNetCore.Mvc.Infrastructure.ResourceInvoker.<InvokeNextExceptionFilterAsync>g__Awaited|26_0(ResourceInvoker invoker, Task lastTask, State next, Scope scope, Object state, Boolean isCompleted)
【09:45:28.423】  Error T26 
抛出信息：全局捕获程序运行异常信息
/api/Security/ZYM/FindWithPagerAsync 
异常类型：AutoMapperMappingException 
异常信息：Error mapping types.

Mapping types:
List`1 -> List`1
System.Collections.Generic.List`1[[Yuebon.Security.Models.API_ZYM, Yuebon.Security.Core, Version=1.3.2.41, Culture=neutral, PublicKeyToken=null]] -> System.Collections.Generic.List`1[[Yuebon.Security.Dtos.ZYMOutputDto, Yuebon.Security.Core, Version=1.3.2.41, Culture=neutral, PublicKeyToken=null]] 
【堆栈调用】：
   at lambda_method33(Closure , Object , List`1 , ResolutionContext )
   at Yuebon.Commons.Mapping.MapperExtensions.MapTo[T](IEnumerable obj) in D:\Code_Vue\YuebonNetCore-master\Yuebon.NetCore\Yuebon.Commons\Mapping\MapperExtensions.cs:line 81
   at Yuebon.Commons.Services.BaseServiceGeneric`3.FindWithPagerAsync(SearchInputDto`1 search) in D:\Code_Vue\YuebonNetCore-master\Yuebon.NetCore\Yuebon.Commons\Core\Services\BaseServiceGeneric.cs:line 699
   at Yuebon.AspNetCore.Controllers.AreaApiControllerGeneric`5.FindWithPagerAsync(SearchInputDto`1 search) in D:\Code_Vue\YuebonNetCore-master\Yuebon.NetCore\Yuebon.AspNetCore\Mvc\AreaApiControllerGeneric.cs:line 468
   at lambda_method28(Closure , Object )
   at Microsoft.AspNetCore.Mvc.Infrastructure.ActionMethodExecutor.AwaitableObjectResultExecutor.Execute(IActionResultTypeMapper mapper, ObjectMethodExecutor executor, Object controller, Object[] arguments)
   at Microsoft.AspNetCore.Mvc.Infrastructure.ControllerActionInvoker.<InvokeActionMethodAsync>g__Logged|12_1(ControllerActionInvoker invoker)
   at Microsoft.AspNetCore.Mvc.Infrastructure.ControllerActionInvoker.<InvokeNextActionFilterAsync>g__Awaited|10_0(ControllerActionInvoker invoker, Task lastTask, State next, Scope scope, Object state, Boolean isCompleted)
   at Microsoft.AspNetCore.Mvc.Infrastructure.ControllerActionInvoker.Rethrow(ActionExecutedContextSealed context)
   at Microsoft.AspNetCore.Mvc.Infrastructure.ControllerActionInvoker.Next(State& next, Scope& scope, Object& state, Boolean& isCompleted)
   at Microsoft.AspNetCore.Mvc.Infrastructure.ControllerActionInvoker.<InvokeInnerFilterAsync>g__Awaited|13_0(ControllerActionInvoker invoker, Task lastTask, State next, Scope scope, Object state, Boolean isCompleted)
   at Microsoft.AspNetCore.Mvc.Infrastructure.ResourceInvoker.<InvokeNextExceptionFilterAsync>g__Awaited|26_0(ResourceInvoker invoker, Task lastTask, State next, Scope scope, Object state, Boolean isCompleted)
【10:56:34.773】  Error T21 
抛出信息：全局捕获程序运行异常信息
/api/Security/ZYM/FindWithPagerAsync 
异常类型：AutoMapperMappingException 
异常信息：Error mapping types.

Mapping types:
List`1 -> List`1
System.Collections.Generic.List`1[[Yuebon.Security.Models.API_ZYM, Yuebon.Security.Core, Version=1.3.2.41, Culture=neutral, PublicKeyToken=null]] -> System.Collections.Generic.List`1[[Yuebon.Security.Dtos.ZYMOutputDto, Yuebon.Security.Core, Version=1.3.2.41, Culture=neutral, PublicKeyToken=null]] 
【堆栈调用】：
   at lambda_method368(Closure , Object , List`1 , ResolutionContext )
   at Yuebon.Commons.Mapping.MapperExtensions.MapTo[T](IEnumerable obj) in D:\Code_Vue\YuebonNetCore-master\Yuebon.NetCore\Yuebon.Commons\Mapping\MapperExtensions.cs:line 81
   at Yuebon.Security.Services.ZYMService.FindWithPagerAsync(SearchInputDto`1 search) in D:\Code_Vue\YuebonNetCore-master\Yuebon.NetCore\Yuebon.Security.Core\6-Services\zym\ZYMService.cs:line 59
   at Yuebon.AspNetCore.Controllers.AreaApiControllerGeneric`5.FindWithPagerAsync(SearchInputDto`1 search) in D:\Code_Vue\YuebonNetCore-master\Yuebon.NetCore\Yuebon.AspNetCore\Mvc\AreaApiControllerGeneric.cs:line 468
   at lambda_method363(Closure , Object )
   at Microsoft.AspNetCore.Mvc.Infrastructure.ActionMethodExecutor.AwaitableObjectResultExecutor.Execute(IActionResultTypeMapper mapper, ObjectMethodExecutor executor, Object controller, Object[] arguments)
   at Microsoft.AspNetCore.Mvc.Infrastructure.ControllerActionInvoker.<InvokeActionMethodAsync>g__Logged|12_1(ControllerActionInvoker invoker)
   at Microsoft.AspNetCore.Mvc.Infrastructure.ControllerActionInvoker.<InvokeNextActionFilterAsync>g__Awaited|10_0(ControllerActionInvoker invoker, Task lastTask, State next, Scope scope, Object state, Boolean isCompleted)
   at Microsoft.AspNetCore.Mvc.Infrastructure.ControllerActionInvoker.Rethrow(ActionExecutedContextSealed context)
   at Microsoft.AspNetCore.Mvc.Infrastructure.ControllerActionInvoker.Next(State& next, Scope& scope, Object& state, Boolean& isCompleted)
   at Microsoft.AspNetCore.Mvc.Infrastructure.ControllerActionInvoker.<InvokeInnerFilterAsync>g__Awaited|13_0(ControllerActionInvoker invoker, Task lastTask, State next, Scope scope, Object state, Boolean isCompleted)
   at Microsoft.AspNetCore.Mvc.Infrastructure.ResourceInvoker.<InvokeNextExceptionFilterAsync>g__Awaited|26_0(ResourceInvoker invoker, Task lastTask, State next, Scope scope, Object state, Boolean isCompleted)
【10:58:18.689】  Error T35 
抛出信息：全局捕获程序运行异常信息
/api/Security/ZYM/FindWithPagerAsync 
异常类型：AutoMapperMappingException 
异常信息：Error mapping types.

Mapping types:
List`1 -> List`1
System.Collections.Generic.List`1[[Yuebon.Security.Models.API_ZYM, Yuebon.Security.Core, Version=1.3.2.41, Culture=neutral, PublicKeyToken=null]] -> System.Collections.Generic.List`1[[Yuebon.Security.Dtos.ZYMOutputDto, Yuebon.Security.Core, Version=1.3.2.41, Culture=neutral, PublicKeyToken=null]] 
【堆栈调用】：
   at lambda_method368(Closure , Object , List`1 , ResolutionContext )
   at Yuebon.Commons.Mapping.MapperExtensions.MapTo[T](IEnumerable obj) in D:\Code_Vue\YuebonNetCore-master\Yuebon.NetCore\Yuebon.Commons\Mapping\MapperExtensions.cs:line 81
   at Yuebon.Security.Services.ZYMService.FindWithPagerAsync(SearchInputDto`1 search) in D:\Code_Vue\YuebonNetCore-master\Yuebon.NetCore\Yuebon.Security.Core\6-Services\zym\ZYMService.cs:line 59
   at Yuebon.AspNetCore.Controllers.AreaApiControllerGeneric`5.FindWithPagerAsync(SearchInputDto`1 search) in D:\Code_Vue\YuebonNetCore-master\Yuebon.NetCore\Yuebon.AspNetCore\Mvc\AreaApiControllerGeneric.cs:line 468
   at lambda_method363(Closure , Object )
   at Microsoft.AspNetCore.Mvc.Infrastructure.ActionMethodExecutor.AwaitableObjectResultExecutor.Execute(IActionResultTypeMapper mapper, ObjectMethodExecutor executor, Object controller, Object[] arguments)
   at Microsoft.AspNetCore.Mvc.Infrastructure.ControllerActionInvoker.<InvokeActionMethodAsync>g__Logged|12_1(ControllerActionInvoker invoker)
   at Microsoft.AspNetCore.Mvc.Infrastructure.ControllerActionInvoker.<InvokeNextActionFilterAsync>g__Awaited|10_0(ControllerActionInvoker invoker, Task lastTask, State next, Scope scope, Object state, Boolean isCompleted)
   at Microsoft.AspNetCore.Mvc.Infrastructure.ControllerActionInvoker.Rethrow(ActionExecutedContextSealed context)
   at Microsoft.AspNetCore.Mvc.Infrastructure.ControllerActionInvoker.Next(State& next, Scope& scope, Object& state, Boolean& isCompleted)
   at Microsoft.AspNetCore.Mvc.Infrastructure.ControllerActionInvoker.InvokeInnerFilterAsync()
--- End of stack trace from previous location ---
   at Microsoft.AspNetCore.Mvc.Infrastructure.ResourceInvoker.<InvokeNextExceptionFilterAsync>g__Awaited|26_0(ResourceInvoker invoker, Task lastTask, State next, Scope scope, Object state, Boolean isCompleted)
【11:01:24.780】  Error T33 
抛出信息：全局捕获程序运行异常信息
/api/Security/ZYM/FindWithPagerAsync 
异常类型：AutoMapperMappingException 
异常信息：Error mapping types.

Mapping types:
List`1 -> List`1
System.Collections.Generic.List`1[[Yuebon.Security.Models.API_ZYM, Yuebon.Security.Core, Version=1.3.2.41, Culture=neutral, PublicKeyToken=null]] -> System.Collections.Generic.List`1[[Yuebon.Security.Dtos.ZYMOutputDto, Yuebon.Security.Core, Version=1.3.2.41, Culture=neutral, PublicKeyToken=null]] 
【堆栈调用】：
   at lambda_method368(Closure , Object , List`1 , ResolutionContext )
   at Yuebon.Commons.Mapping.MapperExtensions.MapTo[T](IEnumerable obj) in D:\Code_Vue\YuebonNetCore-master\Yuebon.NetCore\Yuebon.Commons\Mapping\MapperExtensions.cs:line 81
   at Yuebon.Security.Services.ZYMService.FindWithPagerAsync(SearchInputDto`1 search) in D:\Code_Vue\YuebonNetCore-master\Yuebon.NetCore\Yuebon.Security.Core\6-Services\zym\ZYMService.cs:line 59
   at Yuebon.AspNetCore.Controllers.AreaApiControllerGeneric`5.FindWithPagerAsync(SearchInputDto`1 search) in D:\Code_Vue\YuebonNetCore-master\Yuebon.NetCore\Yuebon.AspNetCore\Mvc\AreaApiControllerGeneric.cs:line 468
   at lambda_method363(Closure , Object )
   at Microsoft.AspNetCore.Mvc.Infrastructure.ActionMethodExecutor.AwaitableObjectResultExecutor.Execute(IActionResultTypeMapper mapper, ObjectMethodExecutor executor, Object controller, Object[] arguments)
   at Microsoft.AspNetCore.Mvc.Infrastructure.ControllerActionInvoker.<InvokeActionMethodAsync>g__Logged|12_1(ControllerActionInvoker invoker)
   at Microsoft.AspNetCore.Mvc.Infrastructure.ControllerActionInvoker.<InvokeNextActionFilterAsync>g__Awaited|10_0(ControllerActionInvoker invoker, Task lastTask, State next, Scope scope, Object state, Boolean isCompleted)
   at Microsoft.AspNetCore.Mvc.Infrastructure.ControllerActionInvoker.Rethrow(ActionExecutedContextSealed context)
   at Microsoft.AspNetCore.Mvc.Infrastructure.ControllerActionInvoker.Next(State& next, Scope& scope, Object& state, Boolean& isCompleted)
   at Microsoft.AspNetCore.Mvc.Infrastructure.ControllerActionInvoker.<InvokeInnerFilterAsync>g__Awaited|13_0(ControllerActionInvoker invoker, Task lastTask, State next, Scope scope, Object state, Boolean isCompleted)
   at Microsoft.AspNetCore.Mvc.Infrastructure.ResourceInvoker.<InvokeNextExceptionFilterAsync>g__Awaited|26_0(ResourceInvoker invoker, Task lastTask, State next, Scope scope, Object state, Boolean isCompleted)
【11:16:26.135】  Error T23 
抛出信息：全局捕获程序运行异常信息
/api/Security/ZYM/FindWithPagerAsync 
异常类型：AutoMapperMappingException 
异常信息：Error mapping types.

Mapping types:
List`1 -> List`1
System.Collections.Generic.List`1[[Yuebon.Security.Models.API_ZYM, Yuebon.Security.Core, Version=1.3.2.41, Culture=neutral, PublicKeyToken=null]] -> System.Collections.Generic.List`1[[Yuebon.Security.Dtos.ZYMOutputDto, Yuebon.Security.Core, Version=1.3.2.41, Culture=neutral, PublicKeyToken=null]] 
【堆栈调用】：
   at lambda_method33(Closure , Object , List`1 , ResolutionContext )
   at Yuebon.Commons.Mapping.MapperExtensions.MapTo[T](IEnumerable obj) in D:\Code_Vue\YuebonNetCore-master\Yuebon.NetCore\Yuebon.Commons\Mapping\MapperExtensions.cs:line 81
   at Yuebon.Security.Services.ZYMService.FindWithPagerAsync(SearchInputDto`1 search) in D:\Code_Vue\YuebonNetCore-master\Yuebon.NetCore\Yuebon.Security.Core\6-Services\zym\ZYMService.cs:line 59
   at Yuebon.AspNetCore.Controllers.AreaApiController`5.FindWithPagerAsync(SearchInputDto`1 search) in D:\Code_Vue\YuebonNetCore-master\Yuebon.NetCore\Yuebon.AspNetCore\Mvc\AreaApiController.cs:line 468
   at lambda_method28(Closure , Object )
   at Microsoft.AspNetCore.Mvc.Infrastructure.ActionMethodExecutor.AwaitableObjectResultExecutor.Execute(IActionResultTypeMapper mapper, ObjectMethodExecutor executor, Object controller, Object[] arguments)
   at Microsoft.AspNetCore.Mvc.Infrastructure.ControllerActionInvoker.<InvokeActionMethodAsync>g__Logged|12_1(ControllerActionInvoker invoker)
   at Microsoft.AspNetCore.Mvc.Infrastructure.ControllerActionInvoker.<InvokeNextActionFilterAsync>g__Awaited|10_0(ControllerActionInvoker invoker, Task lastTask, State next, Scope scope, Object state, Boolean isCompleted)
   at Microsoft.AspNetCore.Mvc.Infrastructure.ControllerActionInvoker.Rethrow(ActionExecutedContextSealed context)
   at Microsoft.AspNetCore.Mvc.Infrastructure.ControllerActionInvoker.Next(State& next, Scope& scope, Object& state, Boolean& isCompleted)
   at Microsoft.AspNetCore.Mvc.Infrastructure.ControllerActionInvoker.<InvokeInnerFilterAsync>g__Awaited|13_0(ControllerActionInvoker invoker, Task lastTask, State next, Scope scope, Object state, Boolean isCompleted)
   at Microsoft.AspNetCore.Mvc.Infrastructure.ResourceInvoker.<InvokeNextExceptionFilterAsync>g__Awaited|26_0(ResourceInvoker invoker, Task lastTask, State next, Scope scope, Object state, Boolean isCompleted)
【11:24:47.120】  Error T9 
抛出信息：全局捕获程序运行异常信息
/api/Security/ZYM/FindWithPagerAsync 
异常类型：AutoMapperMappingException 
异常信息：Error mapping types.

Mapping types:
List`1 -> List`1
System.Collections.Generic.List`1[[Yuebon.Security.Models.API_ZYM, Yuebon.Security.Core, Version=1.3.2.41, Culture=neutral, PublicKeyToken=null]] -> System.Collections.Generic.List`1[[Yuebon.Security.Dtos.ZYMOutputDto, Yuebon.Security.Core, Version=1.3.2.41, Culture=neutral, PublicKeyToken=null]] 
【堆栈调用】：
   at lambda_method33(Closure , Object , List`1 , ResolutionContext )
   at Yuebon.Commons.Mapping.MapperExtensions.MapTo[T](IEnumerable obj) in D:\Code_Vue\YuebonNetCore-master\Yuebon.NetCore\Yuebon.Commons\Mapping\MapperExtensions.cs:line 81
   at Yuebon.Security.Services.ZYMService.FindWithPagerAsync(SearchInputDto`1 search) in D:\Code_Vue\YuebonNetCore-master\Yuebon.NetCore\Yuebon.Security.Core\6-Services\zym\ZYMService.cs:line 126
   at Yuebon.AspNetCore.Controllers.AreaApiController`5.FindWithPagerAsync(SearchInputDto`1 search) in D:\Code_Vue\YuebonNetCore-master\Yuebon.NetCore\Yuebon.AspNetCore\Mvc\AreaApiController.cs:line 468
   at lambda_method28(Closure , Object )
   at Microsoft.AspNetCore.Mvc.Infrastructure.ActionMethodExecutor.AwaitableObjectResultExecutor.Execute(IActionResultTypeMapper mapper, ObjectMethodExecutor executor, Object controller, Object[] arguments)
   at Microsoft.AspNetCore.Mvc.Infrastructure.ControllerActionInvoker.<InvokeActionMethodAsync>g__Logged|12_1(ControllerActionInvoker invoker)
   at Microsoft.AspNetCore.Mvc.Infrastructure.ControllerActionInvoker.<InvokeNextActionFilterAsync>g__Awaited|10_0(ControllerActionInvoker invoker, Task lastTask, State next, Scope scope, Object state, Boolean isCompleted)
   at Microsoft.AspNetCore.Mvc.Infrastructure.ControllerActionInvoker.Rethrow(ActionExecutedContextSealed context)
   at Microsoft.AspNetCore.Mvc.Infrastructure.ControllerActionInvoker.Next(State& next, Scope& scope, Object& state, Boolean& isCompleted)
   at Microsoft.AspNetCore.Mvc.Infrastructure.ControllerActionInvoker.<InvokeInnerFilterAsync>g__Awaited|13_0(ControllerActionInvoker invoker, Task lastTask, State next, Scope scope, Object state, Boolean isCompleted)
   at Microsoft.AspNetCore.Mvc.Infrastructure.ResourceInvoker.<InvokeNextExceptionFilterAsync>g__Awaited|26_0(ResourceInvoker invoker, Task lastTask, State next, Scope scope, Object state, Boolean isCompleted)
【11:27:24.954】  Error T9 
抛出信息：全局捕获程序运行异常信息
/api/Security/ZYM/FindWithPagerAsync 
异常类型：AutoMapperMappingException 
异常信息：Error mapping types.

Mapping types:
List`1 -> List`1
System.Collections.Generic.List`1[[Yuebon.Security.Models.API_ZYM, Yuebon.Security.Core, Version=1.3.2.41, Culture=neutral, PublicKeyToken=null]] -> System.Collections.Generic.List`1[[Yuebon.Security.Dtos.ZYMOutputDto, Yuebon.Security.Core, Version=1.3.2.41, Culture=neutral, PublicKeyToken=null]] 
【堆栈调用】：
   at lambda_method33(Closure , Object , List`1 , ResolutionContext )
   at Yuebon.Commons.Mapping.MapperExtensions.MapTo[T](IEnumerable obj) in D:\Code_Vue\YuebonNetCore-master\Yuebon.NetCore\Yuebon.Commons\Mapping\MapperExtensions.cs:line 81
   at Yuebon.Security.Services.ZYMService.FindWithPagerAsync(SearchInputDto`1 search) in D:\Code_Vue\YuebonNetCore-master\Yuebon.NetCore\Yuebon.Security.Core\6-Services\zym\ZYMService.cs:line 126
   at Yuebon.AspNetCore.Controllers.AreaApiController`5.FindWithPagerAsync(SearchInputDto`1 search) in D:\Code_Vue\YuebonNetCore-master\Yuebon.NetCore\Yuebon.AspNetCore\Mvc\AreaApiController.cs:line 468
   at lambda_method28(Closure , Object )
   at Microsoft.AspNetCore.Mvc.Infrastructure.ActionMethodExecutor.AwaitableObjectResultExecutor.Execute(IActionResultTypeMapper mapper, ObjectMethodExecutor executor, Object controller, Object[] arguments)
   at Microsoft.AspNetCore.Mvc.Infrastructure.ControllerActionInvoker.<InvokeActionMethodAsync>g__Logged|12_1(ControllerActionInvoker invoker)
   at Microsoft.AspNetCore.Mvc.Infrastructure.ControllerActionInvoker.<InvokeNextActionFilterAsync>g__Awaited|10_0(ControllerActionInvoker invoker, Task lastTask, State next, Scope scope, Object state, Boolean isCompleted)
   at Microsoft.AspNetCore.Mvc.Infrastructure.ControllerActionInvoker.Rethrow(ActionExecutedContextSealed context)
   at Microsoft.AspNetCore.Mvc.Infrastructure.ControllerActionInvoker.Next(State& next, Scope& scope, Object& state, Boolean& isCompleted)
   at Microsoft.AspNetCore.Mvc.Infrastructure.ControllerActionInvoker.<InvokeInnerFilterAsync>g__Awaited|13_0(ControllerActionInvoker invoker, Task lastTask, State next, Scope scope, Object state, Boolean isCompleted)
   at Microsoft.AspNetCore.Mvc.Infrastructure.ResourceInvoker.<InvokeNextExceptionFilterAsync>g__Awaited|26_0(ResourceInvoker invoker, Task lastTask, State next, Scope scope, Object state, Boolean isCompleted)
【14:09:23.732】  Error T11 
抛出信息：全局捕获程序运行异常信息
/api/Security/ZYM/FindWithPagerAsync 
异常类型：AutoMapperMappingException 
异常信息：Error mapping types.

Mapping types:
List`1 -> List`1
System.Collections.Generic.List`1[[Yuebon.Security.Models.API_ZYM, Yuebon.Security.Core, Version=1.3.2.41, Culture=neutral, PublicKeyToken=null]] -> System.Collections.Generic.List`1[[Yuebon.Security.Dtos.ZYMOutputDto, Yuebon.Security.Core, Version=1.3.2.41, Culture=neutral, PublicKeyToken=null]] 
【堆栈调用】：
   at lambda_method370(Closure , Object , List`1 , ResolutionContext )
   at Yuebon.Commons.Mapping.MapperExtensions.MapTo[T](IEnumerable obj) in D:\Code_Vue\YuebonNetCore-master\Yuebon.NetCore\Yuebon.Commons\Mapping\MapperExtensions.cs:line 81
   at Yuebon.Security.Services.ZYMService.FindWithPagerAsync(SearchInputDto`1 search) in D:\Code_Vue\YuebonNetCore-master\Yuebon.NetCore\Yuebon.Security.Core\6-Services\zym\ZYMService.cs:line 126
   at Yuebon.AspNetCore.Controllers.AreaApiController`5.FindWithPagerAsync(SearchInputDto`1 search) in D:\Code_Vue\YuebonNetCore-master\Yuebon.NetCore\Yuebon.AspNetCore\Mvc\AreaApiController.cs:line 468
   at lambda_method365(Closure , Object )
   at Microsoft.AspNetCore.Mvc.Infrastructure.ActionMethodExecutor.AwaitableObjectResultExecutor.Execute(IActionResultTypeMapper mapper, ObjectMethodExecutor executor, Object controller, Object[] arguments)
   at Microsoft.AspNetCore.Mvc.Infrastructure.ControllerActionInvoker.<InvokeActionMethodAsync>g__Logged|12_1(ControllerActionInvoker invoker)
   at Microsoft.AspNetCore.Mvc.Infrastructure.ControllerActionInvoker.<InvokeNextActionFilterAsync>g__Awaited|10_0(ControllerActionInvoker invoker, Task lastTask, State next, Scope scope, Object state, Boolean isCompleted)
   at Microsoft.AspNetCore.Mvc.Infrastructure.ControllerActionInvoker.Rethrow(ActionExecutedContextSealed context)
   at Microsoft.AspNetCore.Mvc.Infrastructure.ControllerActionInvoker.Next(State& next, Scope& scope, Object& state, Boolean& isCompleted)
   at Microsoft.AspNetCore.Mvc.Infrastructure.ControllerActionInvoker.<InvokeInnerFilterAsync>g__Awaited|13_0(ControllerActionInvoker invoker, Task lastTask, State next, Scope scope, Object state, Boolean isCompleted)
   at Microsoft.AspNetCore.Mvc.Infrastructure.ResourceInvoker.<InvokeNextExceptionFilterAsync>g__Awaited|26_0(ResourceInvoker invoker, Task lastTask, State next, Scope scope, Object state, Boolean isCompleted)
【14:36:54.988】  Error T24 
抛出信息：全局捕获程序运行异常信息
/api/Security/ZYM/FindWithPagerAsync 
异常类型：AutoMapperMappingException 
异常信息：Error mapping types.

Mapping types:
List`1 -> List`1
System.Collections.Generic.List`1[[Yuebon.Security.Models.API_ZYM, Yuebon.Security.Core, Version=1.3.2.41, Culture=neutral, PublicKeyToken=null]] -> System.Collections.Generic.List`1[[Yuebon.Security.Dtos.ZYMOutputDto, Yuebon.Security.Core, Version=1.3.2.41, Culture=neutral, PublicKeyToken=null]] 
【堆栈调用】：
   at lambda_method33(Closure , Object , List`1 , ResolutionContext )
   at Yuebon.Commons.Mapping.MapperExtensions.MapTo[T](IEnumerable obj) in D:\Code_Vue\YuebonNetCore-master\Yuebon.NetCore\Yuebon.Commons\Mapping\MapperExtensions.cs:line 81
   at Yuebon.Security.Services.ZYMService.FindWithPagerAsync(SearchInputDto`1 search) in D:\Code_Vue\YuebonNetCore-master\Yuebon.NetCore\Yuebon.Security.Core\6-Services\zym\ZYMService.cs:line 126
   at Yuebon.AspNetCore.Controllers.AreaApiController`5.FindWithPagerAsync(SearchInputDto`1 search) in D:\Code_Vue\YuebonNetCore-master\Yuebon.NetCore\Yuebon.AspNetCore\Mvc\AreaApiController.cs:line 468
   at lambda_method28(Closure , Object )
   at Microsoft.AspNetCore.Mvc.Infrastructure.ActionMethodExecutor.AwaitableObjectResultExecutor.Execute(IActionResultTypeMapper mapper, ObjectMethodExecutor executor, Object controller, Object[] arguments)
   at Microsoft.AspNetCore.Mvc.Infrastructure.ControllerActionInvoker.<InvokeActionMethodAsync>g__Logged|12_1(ControllerActionInvoker invoker)
   at Microsoft.AspNetCore.Mvc.Infrastructure.ControllerActionInvoker.<InvokeNextActionFilterAsync>g__Awaited|10_0(ControllerActionInvoker invoker, Task lastTask, State next, Scope scope, Object state, Boolean isCompleted)
   at Microsoft.AspNetCore.Mvc.Infrastructure.ControllerActionInvoker.Rethrow(ActionExecutedContextSealed context)
   at Microsoft.AspNetCore.Mvc.Infrastructure.ControllerActionInvoker.Next(State& next, Scope& scope, Object& state, Boolean& isCompleted)
   at Microsoft.AspNetCore.Mvc.Infrastructure.ControllerActionInvoker.<InvokeInnerFilterAsync>g__Awaited|13_0(ControllerActionInvoker invoker, Task lastTask, State next, Scope scope, Object state, Boolean isCompleted)
   at Microsoft.AspNetCore.Mvc.Infrastructure.ResourceInvoker.<InvokeNextExceptionFilterAsync>g__Awaited|26_0(ResourceInvoker invoker, Task lastTask, State next, Scope scope, Object state, Boolean isCompleted)
【14:37:14.832】  Error T24 
抛出信息：全局捕获程序运行异常信息
/api/Security/ZYM/FindWithPagerAsync 
异常类型：AutoMapperMappingException 
异常信息：Error mapping types.

Mapping types:
List`1 -> List`1
System.Collections.Generic.List`1[[Yuebon.Security.Models.API_ZYM, Yuebon.Security.Core, Version=1.3.2.41, Culture=neutral, PublicKeyToken=null]] -> System.Collections.Generic.List`1[[Yuebon.Security.Dtos.ZYMOutputDto, Yuebon.Security.Core, Version=1.3.2.41, Culture=neutral, PublicKeyToken=null]] 
【堆栈调用】：
   at lambda_method33(Closure , Object , List`1 , ResolutionContext )
   at Yuebon.Commons.Mapping.MapperExtensions.MapTo[T](IEnumerable obj) in D:\Code_Vue\YuebonNetCore-master\Yuebon.NetCore\Yuebon.Commons\Mapping\MapperExtensions.cs:line 81
   at Yuebon.Security.Services.ZYMService.FindWithPagerAsync(SearchInputDto`1 search) in D:\Code_Vue\YuebonNetCore-master\Yuebon.NetCore\Yuebon.Security.Core\6-Services\zym\ZYMService.cs:line 126
   at Yuebon.AspNetCore.Controllers.AreaApiController`5.FindWithPagerAsync(SearchInputDto`1 search) in D:\Code_Vue\YuebonNetCore-master\Yuebon.NetCore\Yuebon.AspNetCore\Mvc\AreaApiController.cs:line 468
   at lambda_method28(Closure , Object )
   at Microsoft.AspNetCore.Mvc.Infrastructure.ActionMethodExecutor.AwaitableObjectResultExecutor.Execute(IActionResultTypeMapper mapper, ObjectMethodExecutor executor, Object controller, Object[] arguments)
   at Microsoft.AspNetCore.Mvc.Infrastructure.ControllerActionInvoker.<InvokeActionMethodAsync>g__Logged|12_1(ControllerActionInvoker invoker)
   at Microsoft.AspNetCore.Mvc.Infrastructure.ControllerActionInvoker.<InvokeNextActionFilterAsync>g__Awaited|10_0(ControllerActionInvoker invoker, Task lastTask, State next, Scope scope, Object state, Boolean isCompleted)
   at Microsoft.AspNetCore.Mvc.Infrastructure.ControllerActionInvoker.Rethrow(ActionExecutedContextSealed context)
   at Microsoft.AspNetCore.Mvc.Infrastructure.ControllerActionInvoker.Next(State& next, Scope& scope, Object& state, Boolean& isCompleted)
   at Microsoft.AspNetCore.Mvc.Infrastructure.ControllerActionInvoker.<InvokeInnerFilterAsync>g__Awaited|13_0(ControllerActionInvoker invoker, Task lastTask, State next, Scope scope, Object state, Boolean isCompleted)
   at Microsoft.AspNetCore.Mvc.Infrastructure.ResourceInvoker.<InvokeNextExceptionFilterAsync>g__Awaited|26_0(ResourceInvoker invoker, Task lastTask, State next, Scope scope, Object state, Boolean isCompleted)
【14:37:39.864】  Error T24 
抛出信息：全局捕获程序运行异常信息
/api/Security/ZYM/FindWithPagerAsync 
异常类型：AutoMapperMappingException 
异常信息：Error mapping types.

Mapping types:
List`1 -> List`1
System.Collections.Generic.List`1[[Yuebon.Security.Models.API_ZYM, Yuebon.Security.Core, Version=1.3.2.41, Culture=neutral, PublicKeyToken=null]] -> System.Collections.Generic.List`1[[Yuebon.Security.Dtos.ZYMOutputDto, Yuebon.Security.Core, Version=1.3.2.41, Culture=neutral, PublicKeyToken=null]] 
【堆栈调用】：
   at lambda_method33(Closure , Object , List`1 , ResolutionContext )
   at Yuebon.Commons.Mapping.MapperExtensions.MapTo[T](IEnumerable obj) in D:\Code_Vue\YuebonNetCore-master\Yuebon.NetCore\Yuebon.Commons\Mapping\MapperExtensions.cs:line 81
   at Yuebon.Security.Services.ZYMService.FindWithPagerAsync(SearchInputDto`1 search) in D:\Code_Vue\YuebonNetCore-master\Yuebon.NetCore\Yuebon.Security.Core\6-Services\zym\ZYMService.cs:line 126
   at Yuebon.AspNetCore.Controllers.AreaApiController`5.FindWithPagerAsync(SearchInputDto`1 search) in D:\Code_Vue\YuebonNetCore-master\Yuebon.NetCore\Yuebon.AspNetCore\Mvc\AreaApiController.cs:line 468
   at lambda_method28(Closure , Object )
   at Microsoft.AspNetCore.Mvc.Infrastructure.ActionMethodExecutor.AwaitableObjectResultExecutor.Execute(IActionResultTypeMapper mapper, ObjectMethodExecutor executor, Object controller, Object[] arguments)
   at Microsoft.AspNetCore.Mvc.Infrastructure.ControllerActionInvoker.<InvokeActionMethodAsync>g__Logged|12_1(ControllerActionInvoker invoker)
   at Microsoft.AspNetCore.Mvc.Infrastructure.ControllerActionInvoker.<InvokeNextActionFilterAsync>g__Awaited|10_0(ControllerActionInvoker invoker, Task lastTask, State next, Scope scope, Object state, Boolean isCompleted)
   at Microsoft.AspNetCore.Mvc.Infrastructure.ControllerActionInvoker.Rethrow(ActionExecutedContextSealed context)
   at Microsoft.AspNetCore.Mvc.Infrastructure.ControllerActionInvoker.Next(State& next, Scope& scope, Object& state, Boolean& isCompleted)
   at Microsoft.AspNetCore.Mvc.Infrastructure.ControllerActionInvoker.<InvokeInnerFilterAsync>g__Awaited|13_0(ControllerActionInvoker invoker, Task lastTask, State next, Scope scope, Object state, Boolean isCompleted)
   at Microsoft.AspNetCore.Mvc.Infrastructure.ResourceInvoker.<InvokeNextExceptionFilterAsync>g__Awaited|26_0(ResourceInvoker invoker, Task lastTask, State next, Scope scope, Object state, Boolean isCompleted)
【15:46:19.076】  Error T104 
抛出信息：全局捕获程序运行异常信息
/api/Security/ZYM/FindWithPagerAsync 
异常类型：AutoMapperMappingException 
异常信息：Error mapping types.

Mapping types:
List`1 -> List`1
System.Collections.Generic.List`1[[Yuebon.Security.Models.API_ZYM, Yuebon.Security.Core, Version=1.3.2.41, Culture=neutral, PublicKeyToken=null]] -> System.Collections.Generic.List`1[[Yuebon.Security.Dtos.ZYMOutputDto, Yuebon.Security.Core, Version=1.3.2.41, Culture=neutral, PublicKeyToken=null]] 
【堆栈调用】：
   at lambda_method33(Closure , Object , List`1 , ResolutionContext )
   at Yuebon.Commons.Mapping.MapperExtensions.MapTo[T](IEnumerable obj) in D:\Code_Vue\YuebonNetCore-master\Yuebon.NetCore\Yuebon.Commons\Mapping\MapperExtensions.cs:line 81
   at Yuebon.Security.Services.ZYMService.FindWithPagerAsync(SearchInputDto`1 search) in D:\Code_Vue\YuebonNetCore-master\Yuebon.NetCore\Yuebon.Security.Core\6-Services\zym\ZYMService.cs:line 126
   at Yuebon.AspNetCore.Controllers.AreaApiController`5.FindWithPagerAsync(SearchInputDto`1 search) in D:\Code_Vue\YuebonNetCore-master\Yuebon.NetCore\Yuebon.AspNetCore\Mvc\AreaApiController.cs:line 468
   at lambda_method28(Closure , Object )
   at Microsoft.AspNetCore.Mvc.Infrastructure.ActionMethodExecutor.AwaitableObjectResultExecutor.Execute(IActionResultTypeMapper mapper, ObjectMethodExecutor executor, Object controller, Object[] arguments)
   at Microsoft.AspNetCore.Mvc.Infrastructure.ControllerActionInvoker.<InvokeActionMethodAsync>g__Logged|12_1(ControllerActionInvoker invoker)
   at Microsoft.AspNetCore.Mvc.Infrastructure.ControllerActionInvoker.<InvokeNextActionFilterAsync>g__Awaited|10_0(ControllerActionInvoker invoker, Task lastTask, State next, Scope scope, Object state, Boolean isCompleted)
   at Microsoft.AspNetCore.Mvc.Infrastructure.ControllerActionInvoker.Rethrow(ActionExecutedContextSealed context)
   at Microsoft.AspNetCore.Mvc.Infrastructure.ControllerActionInvoker.Next(State& next, Scope& scope, Object& state, Boolean& isCompleted)
   at Microsoft.AspNetCore.Mvc.Infrastructure.ControllerActionInvoker.<InvokeInnerFilterAsync>g__Awaited|13_0(ControllerActionInvoker invoker, Task lastTask, State next, Scope scope, Object state, Boolean isCompleted)
   at Microsoft.AspNetCore.Mvc.Infrastructure.ResourceInvoker.<InvokeNextExceptionFilterAsync>g__Awaited|26_0(ResourceInvoker invoker, Task lastTask, State next, Scope scope, Object state, Boolean isCompleted)
【15:51:39.521】  Error T9 
抛出信息：全局捕获程序运行异常信息
/api/Security/ZYM/FindWithPagerAsync 
异常类型：AutoMapperMappingException 
异常信息：Error mapping types.

Mapping types:
List`1 -> List`1
System.Collections.Generic.List`1[[Yuebon.Security.Models.API_ZYM, Yuebon.Security.Core, Version=1.3.2.41, Culture=neutral, PublicKeyToken=null]] -> System.Collections.Generic.List`1[[Yuebon.Security.Dtos.ZYMOutputDto, Yuebon.Security.Core, Version=1.3.2.41, Culture=neutral, PublicKeyToken=null]] 
【堆栈调用】：
   at lambda_method33(Closure , Object , List`1 , ResolutionContext )
   at Yuebon.Commons.Mapping.MapperExtensions.MapTo[T](IEnumerable obj) in D:\Code_Vue\YuebonNetCore-master\Yuebon.NetCore\Yuebon.Commons\Mapping\MapperExtensions.cs:line 81
   at Yuebon.Security.Services.ZYMService.FindWithPagerAsync(SearchInputDto`1 search) in D:\Code_Vue\YuebonNetCore-master\Yuebon.NetCore\Yuebon.Security.Core\6-Services\zym\ZYMService.cs:line 126
   at Yuebon.AspNetCore.Controllers.AreaApiController`5.FindWithPagerAsync(SearchInputDto`1 search) in D:\Code_Vue\YuebonNetCore-master\Yuebon.NetCore\Yuebon.AspNetCore\Mvc\AreaApiController.cs:line 468
   at lambda_method28(Closure , Object )
   at Microsoft.AspNetCore.Mvc.Infrastructure.ActionMethodExecutor.AwaitableObjectResultExecutor.Execute(IActionResultTypeMapper mapper, ObjectMethodExecutor executor, Object controller, Object[] arguments)
   at Microsoft.AspNetCore.Mvc.Infrastructure.ControllerActionInvoker.<InvokeActionMethodAsync>g__Logged|12_1(ControllerActionInvoker invoker)
   at Microsoft.AspNetCore.Mvc.Infrastructure.ControllerActionInvoker.<InvokeNextActionFilterAsync>g__Awaited|10_0(ControllerActionInvoker invoker, Task lastTask, State next, Scope scope, Object state, Boolean isCompleted)
   at Microsoft.AspNetCore.Mvc.Infrastructure.ControllerActionInvoker.Rethrow(ActionExecutedContextSealed context)
   at Microsoft.AspNetCore.Mvc.Infrastructure.ControllerActionInvoker.Next(State& next, Scope& scope, Object& state, Boolean& isCompleted)
   at Microsoft.AspNetCore.Mvc.Infrastructure.ControllerActionInvoker.<InvokeInnerFilterAsync>g__Awaited|13_0(ControllerActionInvoker invoker, Task lastTask, State next, Scope scope, Object state, Boolean isCompleted)
   at Microsoft.AspNetCore.Mvc.Infrastructure.ResourceInvoker.<InvokeNextExceptionFilterAsync>g__Awaited|26_0(ResourceInvoker invoker, Task lastTask, State next, Scope scope, Object state, Boolean isCompleted)
【16:08:34.149】  Error T24 
抛出信息：全局捕获程序运行异常信息
/api/Security/ZYM/FindWithPagerAsync 
异常类型：AutoMapperMappingException 
异常信息：Error mapping types.

Mapping types:
List`1 -> List`1
System.Collections.Generic.List`1[[Yuebon.Security.Models.API_ZYM, Yuebon.Security.Core, Version=1.3.2.41, Culture=neutral, PublicKeyToken=null]] -> System.Collections.Generic.List`1[[Yuebon.Security.Dtos.ZYMOutputDto, Yuebon.Security.Core, Version=1.3.2.41, Culture=neutral, PublicKeyToken=null]] 
【堆栈调用】：
   at lambda_method33(Closure , Object , List`1 , ResolutionContext )
   at Yuebon.Commons.Mapping.MapperExtensions.MapTo[T](IEnumerable obj) in D:\Code_Vue\YuebonNetCore-master\Yuebon.NetCore\Yuebon.Commons\Mapping\MapperExtensions.cs:line 81
   at Yuebon.Security.Services.ZYMService.FindWithPagerAsync(SearchInputDto`1 search) in D:\Code_Vue\YuebonNetCore-master\Yuebon.NetCore\Yuebon.Security.Core\6-Services\zym\ZYMService.cs:line 126
   at Yuebon.AspNetCore.Controllers.AreaApiController`5.FindWithPagerAsync(SearchInputDto`1 search) in D:\Code_Vue\YuebonNetCore-master\Yuebon.NetCore\Yuebon.AspNetCore\Mvc\AreaApiController.cs:line 468
   at lambda_method28(Closure , Object )
   at Microsoft.AspNetCore.Mvc.Infrastructure.ActionMethodExecutor.AwaitableObjectResultExecutor.Execute(IActionResultTypeMapper mapper, ObjectMethodExecutor executor, Object controller, Object[] arguments)
   at Microsoft.AspNetCore.Mvc.Infrastructure.ControllerActionInvoker.<InvokeActionMethodAsync>g__Logged|12_1(ControllerActionInvoker invoker)
   at Microsoft.AspNetCore.Mvc.Infrastructure.ControllerActionInvoker.<InvokeNextActionFilterAsync>g__Awaited|10_0(ControllerActionInvoker invoker, Task lastTask, State next, Scope scope, Object state, Boolean isCompleted)
   at Microsoft.AspNetCore.Mvc.Infrastructure.ControllerActionInvoker.Rethrow(ActionExecutedContextSealed context)
   at Microsoft.AspNetCore.Mvc.Infrastructure.ControllerActionInvoker.Next(State& next, Scope& scope, Object& state, Boolean& isCompleted)
   at Microsoft.AspNetCore.Mvc.Infrastructure.ControllerActionInvoker.<InvokeInnerFilterAsync>g__Awaited|13_0(ControllerActionInvoker invoker, Task lastTask, State next, Scope scope, Object state, Boolean isCompleted)
   at Microsoft.AspNetCore.Mvc.Infrastructure.ResourceInvoker.<InvokeNextExceptionFilterAsync>g__Awaited|26_0(ResourceInvoker invoker, Task lastTask, State next, Scope scope, Object state, Boolean isCompleted)
