[09:22:12] (Info) 方法名称：MoveNext
日志内容：开始启动定时任务
[09:22:12] (Info) 方法名称：MoveNext
日志内容：启动定时任务testTaskName
[09:22:12] (Info) 方法名称：MoveNext
日志内容：启动定时任务异常Job class cannot be null.
[09:32:38] (Info) 方法名称：MoveNext
日志内容：开始启动定时任务
[09:32:39] (Info) 方法名称：MoveNext
日志内容：启动定时任务testTaskName
[09:32:39] (Info) 方法名称：MoveNext
日志内容：启动定时任务异常Job class cannot be null.
[09:38:34] (Info) 方法名称：MoveNext
日志内容：开始启动定时任务
[09:38:34] (Info) 方法名称：MoveNext
日志内容：启动定时任务testTaskName
[09:38:34] (Info) 方法名称：MoveNext
日志内容：启动定时任务异常Job class cannot be null.
[11:24:45] (Info) 方法名称：MoveNext
日志内容：开始启动定时任务
[11:24:46] (Info) 方法名称：MoveNext
日志内容：启动定时任务testTaskName
[11:24:46] (Info) 方法名称：MoveNext
日志内容：启动定时任务异常Job class cannot be null.
[11:36:09] (Info) 方法名称：MoveNext
日志内容：开始启动定时任务
[11:36:09] (Info) 方法名称：MoveNext
日志内容：启动定时任务testTaskName
[11:36:09] (Info) 方法名称：MoveNext
日志内容：启动定时任务异常Job class cannot be null.
[11:40:06] (Info) 方法名称：MoveNext
日志内容：开始启动定时任务
[11:40:06] (Info) 方法名称：MoveNext
日志内容：启动定时任务testTaskName
[11:40:06] (Info) 方法名称：MoveNext
日志内容：启动定时任务异常Job class cannot be null.
[13:31:29] (Info) 方法名称：MoveNext
日志内容：开始启动定时任务
[13:31:29] (Info) 方法名称：MoveNext
日志内容：启动定时任务testTaskName
[13:31:29] (Info) 方法名称：MoveNext
日志内容：启动定时任务异常Job class cannot be null.
[14:01:04] (Info) 方法名称：MoveNext
日志内容：开始启动定时任务
[14:01:04] (Info) 方法名称：MoveNext
日志内容：启动定时任务testTaskName
[14:01:04] (Info) 方法名称：MoveNext
日志内容：启动定时任务异常Job class cannot be null.
[14:08:00] (Info) 方法名称：MoveNext
日志内容：开始启动定时任务
[14:08:00] (Info) 方法名称：MoveNext
日志内容：启动定时任务testTaskName
[14:08:00] (Info) 方法名称：MoveNext
日志内容：启动定时任务异常Job class cannot be null.
[14:10:54] (Info) 方法名称：MoveNext
日志内容：开始启动定时任务
[14:10:54] (Info) 方法名称：MoveNext
日志内容：启动定时任务testTaskName
[14:10:54] (Info) 方法名称：MoveNext
日志内容：启动定时任务异常Job class cannot be null.
[14:15:09] (Info) 方法名称：MoveNext
日志内容：开始启动定时任务
[14:15:09] (Info) 方法名称：MoveNext
日志内容：启动定时任务testTaskName
[14:15:09] (Info) 方法名称：MoveNext
日志内容：启动定时任务异常Job class cannot be null.
[14:39:59] (Info) 方法名称：MoveNext
日志内容：开始启动定时任务
[14:39:59] (Info) 方法名称：MoveNext
日志内容：启动定时任务testTaskName
[14:39:59] (Info) 方法名称：MoveNext
日志内容：启动定时任务异常Job class cannot be null.
[16:09:22] (Info) 方法名称：MoveNext
日志内容：开始启动定时任务
[16:09:22] (Info) 方法名称：MoveNext
日志内容：启动定时任务testTaskName
[16:09:22] (Info) 方法名称：MoveNext
日志内容：启动定时任务异常Job class cannot be null.
[16:16:14] (Info) 方法名称：MoveNext
日志内容：开始启动定时任务
[16:16:15] (Info) 方法名称：MoveNext
日志内容：启动定时任务AAA
[16:16:15] (Info) 方法名称：MoveNext
日志内容：启动定时任务testTaskName
[16:16:15] (Info) 方法名称：MoveNext
日志内容：启动定时任务异常Job class cannot be null.
[16:26:25] (Info) 方法名称：MoveNext
日志内容：开始启动定时任务
[16:26:25] (Info) 方法名称：MoveNext
日志内容：启动定时任务AAA
[16:26:25] (Info) 方法名称：MoveNext
日志内容：启动定时任务testTaskName
[16:26:25] (Info) 方法名称：MoveNext
日志内容：启动定时任务异常Job class cannot be null.
[16:38:33] (Info) 方法名称：MoveNext
日志内容：开始启动定时任务
[16:38:34] (Info) 方法名称：MoveNext
日志内容：启动定时任务AAA
[16:38:34] (Info) 方法名称：MoveNext
日志内容：启动定时任务testTaskName
[16:38:34] (Info) 方法名称：MoveNext
日志内容：启动定时任务异常Job class cannot be null.
[17:09:17] (Info) 方法名称：MoveNext
日志内容：开始启动定时任务
[17:09:17] (Info) 方法名称：MoveNext
日志内容：启动定时任务AAA
[17:09:17] (Info) 方法名称：MoveNext
日志内容：启动定时任务testTaskName
[17:09:17] (Info) 方法名称：MoveNext
日志内容：启动定时任务异常Job class cannot be null.
[17:59:37] (Info) 方法名称：MoveNext
日志内容：开始启动定时任务
[17:59:38] (Info) 方法名称：MoveNext
日志内容：启动定时任务testTaskName
[17:59:38] (Info) 方法名称：MoveNext
日志内容：启动定时任务异常Job class cannot be null.
