[08:51:12] (Info) 方法名称：MoveNext
日志内容：开始启动定时任务
[08:51:12] (Info) 方法名称：MoveNext
日志内容：启动定时任务AAA
[08:53:59] (Info) 方法名称：MoveNext
日志内容：开始启动定时任务
[08:54:00] (Info) 方法名称：MoveNext
日志内容：启动定时任务AAA
[09:13:27] (Info) 方法名称：MoveNext
日志内容：开始启动定时任务
[09:13:27] (Info) 方法名称：MoveNext
日志内容：启动定时任务AAA
[09:47:29] (Info) 方法名称：MoveNext
日志内容：开始启动定时任务
[09:47:29] (Info) 方法名称：MoveNext
日志内容：启动定时任务AAA
[09:50:10] (Info) 方法名称：MoveNext
日志内容：开始启动定时任务
[09:50:10] (Info) 方法名称：MoveNext
日志内容：启动定时任务AAA
[10:02:51] (Info) 方法名称：MoveNext
日志内容：开始启动定时任务
[10:02:51] (Info) 方法名称：MoveNext
日志内容：启动定时任务AAA
[10:57:11] (Info) 方法名称：MoveNext
日志内容：开始启动定时任务
[10:57:11] (Info) 方法名称：MoveNext
日志内容：启动定时任务AAA
[11:00:08] (Info) 方法名称：MoveNext
日志内容：开始启动定时任务
[11:00:08] (Info) 方法名称：MoveNext
日志内容：启动定时任务AAA
[11:01:00] (Info) 方法名称：Execute
日志内容：2022-04-20 11:01:00执行任务
[11:04:17] (Info) 方法名称：MoveNext
日志内容：开始启动定时任务
[11:04:17] (Info) 方法名称：MoveNext
日志内容：启动定时任务AAA
[11:07:02] (Info) 方法名称：MoveNext
日志内容：开始启动定时任务
[11:07:02] (Info) 方法名称：MoveNext
日志内容：启动定时任务AAA
[11:10:15] (Info) 方法名称：MoveNext
日志内容：开始启动定时任务
[11:10:15] (Info) 方法名称：MoveNext
日志内容：启动定时任务AAA
[11:29:01] (Info) 方法名称：MoveNext
日志内容：开始启动定时任务
[11:29:01] (Info) 方法名称：MoveNext
日志内容：启动定时任务AAA
[11:37:28] (Info) 方法名称：MoveNext
日志内容：开始启动定时任务
[11:37:28] (Info) 方法名称：MoveNext
日志内容：启动定时任务AAA
[11:38:09] (Info) 方法名称：MoveNext
日志内容：开始启动定时任务
[11:38:09] (Info) 方法名称：MoveNext
日志内容：启动定时任务AAA
[11:38:50] (Info) 方法名称：MoveNext
日志内容：开始启动定时任务
[11:38:50] (Info) 方法名称：MoveNext
日志内容：启动定时任务AAA
[11:43:10] (Info) 方法名称：MoveNext
日志内容：开始启动定时任务
[11:43:11] (Info) 方法名称：MoveNext
日志内容：启动定时任务AAA
[13:36:28] (Info) 方法名称：MoveNext
日志内容：开始启动定时任务
[13:36:28] (Info) 方法名称：MoveNext
日志内容：启动定时任务AAA
[13:47:17] (Info) 方法名称：MoveNext
日志内容：开始启动定时任务
[13:47:17] (Info) 方法名称：MoveNext
日志内容：启动定时任务AAA
[13:49:24] (Info) 方法名称：MoveNext
日志内容：开始启动定时任务
[13:49:24] (Info) 方法名称：MoveNext
日志内容：启动定时任务AAA
[13:56:52] (Info) 方法名称：MoveNext
日志内容：开始启动定时任务
[13:56:52] (Info) 方法名称：MoveNext
日志内容：启动定时任务AAA
[14:00:27] (Info) 方法名称：MoveNext
日志内容：开始启动定时任务
[14:00:27] (Info) 方法名称：MoveNext
日志内容：启动定时任务AAA
[14:01:00] (Info) 方法名称：Execute
日志内容：2022-04-20 14:01:00执行任务
[14:02:07] (Info) 方法名称：MoveNext
日志内容：开始启动定时任务
[14:02:07] (Info) 方法名称：MoveNext
日志内容：启动定时任务AAA
[14:12:23] (Info) 方法名称：MoveNext
日志内容：开始启动定时任务
[14:12:23] (Info) 方法名称：MoveNext
日志内容：启动定时任务AAA
[14:46:11] (Info) 方法名称：MoveNext
日志内容：开始启动定时任务
[14:46:11] (Info) 方法名称：MoveNext
日志内容：启动定时任务AAA
[17:25:58] (Info) 方法名称：MoveNext
日志内容：开始启动定时任务
[17:25:58] (Info) 方法名称：MoveNext
日志内容：启动定时任务AAA
[18:01:01] (Info) 方法名称：Execute
日志内容：2022-04-20 18:01:01执行任务
