[10:07:30.976] Debug T62： 方法名称：MoveNext
日志内容：{
  "Actor": null,
  "Audiences": [
    "system"
  ],
  "Claims": [
    {
      "Issuer": "YuebonTeach",
      "OriginalIssuer": "YuebonTeach",
      "Properties": {},
      "Subject": null,
      "Type": "aud",
      "Value": "system",
      "ValueType": "http://www.w3.org/2001/XMLSchema#string"
    },
    {
      "Issuer": "YuebonTeach",
      "OriginalIssuer": "YuebonTeach",
      "Properties": {},
      "Subject": null,
      "Type": "iss",
      "Value": "YuebonTeach",
      "ValueType": "http://www.w3.org/2001/XMLSchema#string"
    },
    {
      "Issuer": "YuebonTeach",
      "OriginalIssuer": "YuebonTeach",
      "Properties": {},
      "Subject": null,
      "Type": "name",
      "Value": "developer",
      "ValueType": "http://www.w3.org/2001/XMLSchema#string"
    },
    {
      "Issuer": "YuebonTeach",
      "OriginalIssuer": "YuebonTeach",
      "Properties": {},
      "Subject": null,
      "Type": "id",
      "Value": "116",
      "ValueType": "http://www.w3.org/2001/XMLSchema#string"
    },
    {
      "Issuer": "YuebonTeach",
      "OriginalIssuer": "YuebonTeach",
      "Properties": {},
      "Subject": null,
      "Type": "role",
      "Value": "administrators,",
      "ValueType": "http://www.w3.org/2001/XMLSchema#string"
    },
    {
      "Issuer": "YuebonTeach",
      "OriginalIssuer": "YuebonTeach",
      "Properties": {},
      "Subject": null,
      "Type": "sub",
      "Value": "password",
      "ValueType": "http://www.w3.org/2001/XMLSchema#string"
    },
    {
      "Issuer": "YuebonTeach",
      "OriginalIssuer": "YuebonTeach",
      "Properties": {},
      "Subject": null,
      "Type": "nbf",
      "Value": "1700013953",
      "ValueType": "http://www.w3.org/2001/XMLSchema#integer"
    },
    {
      "Issuer": "YuebonTeach",
      "OriginalIssuer": "YuebonTeach",
      "Properties": {},
      "Subject": null,
      "Type": "exp",
      "Value": "1700618753",
      "ValueType": "http://www.w3.org/2001/XMLSchema#integer"
    },
    {
      "Issuer": "YuebonTeach",
      "OriginalIssuer": "YuebonTeach",
      "Properties": {},
      "Subject": null,
      "Type": "iat",
      "Value": "1700013953",
      "ValueType": "http://www.w3.org/2001/XMLSchema#integer"
    }
  ],
  "EncodedHeader": "eyJhbGciOiJIUzI1NiIsInR5cCI6IkpXVCJ9",
  "EncodedPayload": "eyJhdWQiOiJzeXN0ZW0iLCJpc3MiOiJZdWVib25UZWFjaCIsIm5hbWUiOiJkZXZlbG9wZXIiLCJpZCI6IjExNiIsInJvbGUiOiJhZG1pbmlzdHJhdG9ycywiLCJzdWIiOiJwYXNzd29yZCIsIm5iZiI6MTcwMDAxMzk1MywiZXhwIjoxNzAwNjE4NzUzLCJpYXQiOjE3MDAwMTM5NTN9",
  "Header": {
    "alg": "HS256",
    "typ": "JWT"
  },
  "Id": null,
  "Issuer": "YuebonTeach",
  "Payload": {
    "aud": "system",
    "iss": "YuebonTeach",
    "name": "developer",
    "id": "116",
    "role": "administrators,",
    "sub": "password",
    "nbf": 1700013953,
    "exp": 1700618753,
    "iat": 1700013953
  },
  "InnerToken": null,
  "RawAuthenticationTag": null,
  "RawCiphertext": null,
  "RawData": "eyJhbGciOiJIUzI1NiIsInR5cCI6IkpXVCJ9.eyJhdWQiOiJzeXN0ZW0iLCJpc3MiOiJZdWVib25UZWFjaCIsIm5hbWUiOiJkZXZlbG9wZXIiLCJpZCI6IjExNiIsInJvbGUiOiJhZG1pbmlzdHJhdG9ycywiLCJzdWIiOiJwYXNzd29yZCIsIm5iZiI6MTcwMDAxMzk1MywiZXhwIjoxNzAwNjE4NzUzLCJpYXQiOjE3MDAwMTM5NTN9.MVfKJ5o5WYZg6Unc5L8j1_u463jfDF8eyaUY_Sy40F8",
  "RawEncryptedKey": null,
  "RawInitializationVector": null,
  "RawHeader": "eyJhbGciOiJIUzI1NiIsInR5cCI6IkpXVCJ9",
  "RawPayload": "eyJhdWQiOiJzeXN0ZW0iLCJpc3MiOiJZdWVib25UZWFjaCIsIm5hbWUiOiJkZXZlbG9wZXIiLCJpZCI6IjExNiIsInJvbGUiOiJhZG1pbmlzdHJhdG9ycywiLCJzdWIiOiJwYXNzd29yZCIsIm5iZiI6MTcwMDAxMzk1MywiZXhwIjoxNzAwNjE4NzUzLCJpYXQiOjE3MDAwMTM5NTN9",
  "RawSignature": "MVfKJ5o5WYZg6Unc5L8j1_u463jfDF8eyaUY_Sy40F8",
  "SecurityKey": null,
  "SignatureAlgorithm": "HS256",
  "SigningCredentials": null,
  "EncryptingCredentials": null,
  "SigningKey": null,
  "Subject": "password",
  "ValidFrom": "2023-11-15 02:05:53",
  "ValidTo": "2023-11-22 02:05:53",
  "IssuedAt": "2023-11-15 02:05:53"
}
[11:31:46.865] Debug T25： 方法名称：MoveNext
日志内容：{
  "Actor": null,
  "Audiences": [
    "system"
  ],
  "Claims": [
    {
      "Issuer": "YuebonTeach",
      "OriginalIssuer": "YuebonTeach",
      "Properties": {},
      "Subject": null,
      "Type": "aud",
      "Value": "system",
      "ValueType": "http://www.w3.org/2001/XMLSchema#string"
    },
    {
      "Issuer": "YuebonTeach",
      "OriginalIssuer": "YuebonTeach",
      "Properties": {},
      "Subject": null,
      "Type": "iss",
      "Value": "YuebonTeach",
      "ValueType": "http://www.w3.org/2001/XMLSchema#string"
    },
    {
      "Issuer": "YuebonTeach",
      "OriginalIssuer": "YuebonTeach",
      "Properties": {},
      "Subject": null,
      "Type": "name",
      "Value": "admin",
      "ValueType": "http://www.w3.org/2001/XMLSchema#string"
    },
    {
      "Issuer": "YuebonTeach",
      "OriginalIssuer": "YuebonTeach",
      "Properties": {},
      "Subject": null,
      "Type": "id",
      "Value": "1",
      "ValueType": "http://www.w3.org/2001/XMLSchema#string"
    },
    {
      "Issuer": "YuebonTeach",
      "OriginalIssuer": "YuebonTeach",
      "Properties": {},
      "Subject": null,
      "Type": "role",
      "Value": "system,",
      "ValueType": "http://www.w3.org/2001/XMLSchema#string"
    },
    {
      "Issuer": "YuebonTeach",
      "OriginalIssuer": "YuebonTeach",
      "Properties": {},
      "Subject": null,
      "Type": "sub",
      "Value": "password",
      "ValueType": "http://www.w3.org/2001/XMLSchema#string"
    },
    {
      "Issuer": "YuebonTeach",
      "OriginalIssuer": "YuebonTeach",
      "Properties": {},
      "Subject": null,
      "Type": "nbf",
      "Value": "1700014067",
      "ValueType": "http://www.w3.org/2001/XMLSchema#integer"
    },
    {
      "Issuer": "YuebonTeach",
      "OriginalIssuer": "YuebonTeach",
      "Properties": {},
      "Subject": null,
      "Type": "exp",
      "Value": "1700618867",
      "ValueType": "http://www.w3.org/2001/XMLSchema#integer"
    },
    {
      "Issuer": "YuebonTeach",
      "OriginalIssuer": "YuebonTeach",
      "Properties": {},
      "Subject": null,
      "Type": "iat",
      "Value": "1700014067",
      "ValueType": "http://www.w3.org/2001/XMLSchema#integer"
    }
  ],
  "EncodedHeader": "eyJhbGciOiJIUzI1NiIsInR5cCI6IkpXVCJ9",
  "EncodedPayload": "eyJhdWQiOiJzeXN0ZW0iLCJpc3MiOiJZdWVib25UZWFjaCIsIm5hbWUiOiJhZG1pbiIsImlkIjoiMSIsInJvbGUiOiJzeXN0ZW0sIiwic3ViIjoicGFzc3dvcmQiLCJuYmYiOjE3MDAwMTQwNjcsImV4cCI6MTcwMDYxODg2NywiaWF0IjoxNzAwMDE0MDY3fQ",
  "Header": {
    "alg": "HS256",
    "typ": "JWT"
  },
  "Id": null,
  "Issuer": "YuebonTeach",
  "Payload": {
    "aud": "system",
    "iss": "YuebonTeach",
    "name": "admin",
    "id": "1",
    "role": "system,",
    "sub": "password",
    "nbf": 1700014067,
    "exp": 1700618867,
    "iat": 1700014067
  },
  "InnerToken": null,
  "RawAuthenticationTag": null,
  "RawCiphertext": null,
  "RawData": "eyJhbGciOiJIUzI1NiIsInR5cCI6IkpXVCJ9.eyJhdWQiOiJzeXN0ZW0iLCJpc3MiOiJZdWVib25UZWFjaCIsIm5hbWUiOiJhZG1pbiIsImlkIjoiMSIsInJvbGUiOiJzeXN0ZW0sIiwic3ViIjoicGFzc3dvcmQiLCJuYmYiOjE3MDAwMTQwNjcsImV4cCI6MTcwMDYxODg2NywiaWF0IjoxNzAwMDE0MDY3fQ.vqOGC3b3mU3jBzeoFvx2DpjD_hMIEJlxeRvz7ddQkP0",
  "RawEncryptedKey": null,
  "RawInitializationVector": null,
  "RawHeader": "eyJhbGciOiJIUzI1NiIsInR5cCI6IkpXVCJ9",
  "RawPayload": "eyJhdWQiOiJzeXN0ZW0iLCJpc3MiOiJZdWVib25UZWFjaCIsIm5hbWUiOiJhZG1pbiIsImlkIjoiMSIsInJvbGUiOiJzeXN0ZW0sIiwic3ViIjoicGFzc3dvcmQiLCJuYmYiOjE3MDAwMTQwNjcsImV4cCI6MTcwMDYxODg2NywiaWF0IjoxNzAwMDE0MDY3fQ",
  "RawSignature": "vqOGC3b3mU3jBzeoFvx2DpjD_hMIEJlxeRvz7ddQkP0",
  "SecurityKey": null,
  "SignatureAlgorithm": "HS256",
  "SigningCredentials": null,
  "EncryptingCredentials": null,
  "SigningKey": null,
  "Subject": "password",
  "ValidFrom": "2023-11-15 02:07:47",
  "ValidTo": "2023-11-22 02:07:47",
  "IssuedAt": "2023-11-15 02:07:47"
}
[14:05:34.135] Debug T24： 方法名称：MoveNext
日志内容：{
  "Actor": null,
  "Audiences": [
    "system"
  ],
  "Claims": [
    {
      "Issuer": "YuebonTeach",
      "OriginalIssuer": "YuebonTeach",
      "Properties": {},
      "Subject": null,
      "Type": "aud",
      "Value": "system",
      "ValueType": "http://www.w3.org/2001/XMLSchema#string"
    },
    {
      "Issuer": "YuebonTeach",
      "OriginalIssuer": "YuebonTeach",
      "Properties": {},
      "Subject": null,
      "Type": "iss",
      "Value": "YuebonTeach",
      "ValueType": "http://www.w3.org/2001/XMLSchema#string"
    },
    {
      "Issuer": "YuebonTeach",
      "OriginalIssuer": "YuebonTeach",
      "Properties": {},
      "Subject": null,
      "Type": "name",
      "Value": "developer",
      "ValueType": "http://www.w3.org/2001/XMLSchema#string"
    },
    {
      "Issuer": "YuebonTeach",
      "OriginalIssuer": "YuebonTeach",
      "Properties": {},
      "Subject": null,
      "Type": "id",
      "Value": "116",
      "ValueType": "http://www.w3.org/2001/XMLSchema#string"
    },
    {
      "Issuer": "YuebonTeach",
      "OriginalIssuer": "YuebonTeach",
      "Properties": {},
      "Subject": null,
      "Type": "role",
      "Value": "administrators,",
      "ValueType": "http://www.w3.org/2001/XMLSchema#string"
    },
    {
      "Issuer": "YuebonTeach",
      "OriginalIssuer": "YuebonTeach",
      "Properties": {},
      "Subject": null,
      "Type": "sub",
      "Value": "password",
      "ValueType": "http://www.w3.org/2001/XMLSchema#string"
    },
    {
      "Issuer": "YuebonTeach",
      "OriginalIssuer": "YuebonTeach",
      "Properties": {},
      "Subject": null,
      "Type": "nbf",
      "Value": "1700028298",
      "ValueType": "http://www.w3.org/2001/XMLSchema#integer"
    },
    {
      "Issuer": "YuebonTeach",
      "OriginalIssuer": "YuebonTeach",
      "Properties": {},
      "Subject": null,
      "Type": "exp",
      "Value": "1700633098",
      "ValueType": "http://www.w3.org/2001/XMLSchema#integer"
    },
    {
      "Issuer": "YuebonTeach",
      "OriginalIssuer": "YuebonTeach",
      "Properties": {},
      "Subject": null,
      "Type": "iat",
      "Value": "1700028298",
      "ValueType": "http://www.w3.org/2001/XMLSchema#integer"
    }
  ],
  "EncodedHeader": "eyJhbGciOiJIUzI1NiIsInR5cCI6IkpXVCJ9",
  "EncodedPayload": "eyJhdWQiOiJzeXN0ZW0iLCJpc3MiOiJZdWVib25UZWFjaCIsIm5hbWUiOiJkZXZlbG9wZXIiLCJpZCI6IjExNiIsInJvbGUiOiJhZG1pbmlzdHJhdG9ycywiLCJzdWIiOiJwYXNzd29yZCIsIm5iZiI6MTcwMDAyODI5OCwiZXhwIjoxNzAwNjMzMDk4LCJpYXQiOjE3MDAwMjgyOTh9",
  "Header": {
    "alg": "HS256",
    "typ": "JWT"
  },
  "Id": null,
  "Issuer": "YuebonTeach",
  "Payload": {
    "aud": "system",
    "iss": "YuebonTeach",
    "name": "developer",
    "id": "116",
    "role": "administrators,",
    "sub": "password",
    "nbf": 1700028298,
    "exp": 1700633098,
    "iat": 1700028298
  },
  "InnerToken": null,
  "RawAuthenticationTag": null,
  "RawCiphertext": null,
  "RawData": "eyJhbGciOiJIUzI1NiIsInR5cCI6IkpXVCJ9.eyJhdWQiOiJzeXN0ZW0iLCJpc3MiOiJZdWVib25UZWFjaCIsIm5hbWUiOiJkZXZlbG9wZXIiLCJpZCI6IjExNiIsInJvbGUiOiJhZG1pbmlzdHJhdG9ycywiLCJzdWIiOiJwYXNzd29yZCIsIm5iZiI6MTcwMDAyODI5OCwiZXhwIjoxNzAwNjMzMDk4LCJpYXQiOjE3MDAwMjgyOTh9.JGe9OTc4_uJ9cQysVf84lvwH_VHZpyY2WrmRb7pN4sM",
  "RawEncryptedKey": null,
  "RawInitializationVector": null,
  "RawHeader": "eyJhbGciOiJIUzI1NiIsInR5cCI6IkpXVCJ9",
  "RawPayload": "eyJhdWQiOiJzeXN0ZW0iLCJpc3MiOiJZdWVib25UZWFjaCIsIm5hbWUiOiJkZXZlbG9wZXIiLCJpZCI6IjExNiIsInJvbGUiOiJhZG1pbmlzdHJhdG9ycywiLCJzdWIiOiJwYXNzd29yZCIsIm5iZiI6MTcwMDAyODI5OCwiZXhwIjoxNzAwNjMzMDk4LCJpYXQiOjE3MDAwMjgyOTh9",
  "RawSignature": "JGe9OTc4_uJ9cQysVf84lvwH_VHZpyY2WrmRb7pN4sM",
  "SecurityKey": null,
  "SignatureAlgorithm": "HS256",
  "SigningCredentials": null,
  "EncryptingCredentials": null,
  "SigningKey": null,
  "Subject": "password",
  "ValidFrom": "2023-11-15 06:04:58",
  "ValidTo": "2023-11-22 06:04:58",
  "IssuedAt": "2023-11-15 06:04:58"
}
[14:19:12.139] Debug T42： 方法名称：MoveNext
日志内容：{
  "Actor": null,
  "Audiences": [
    "system"
  ],
  "Claims": [
    {
      "Issuer": "YuebonTeach",
      "OriginalIssuer": "YuebonTeach",
      "Properties": {},
      "Subject": null,
      "Type": "aud",
      "Value": "system",
      "ValueType": "http://www.w3.org/2001/XMLSchema#string"
    },
    {
      "Issuer": "YuebonTeach",
      "OriginalIssuer": "YuebonTeach",
      "Properties": {},
      "Subject": null,
      "Type": "iss",
      "Value": "YuebonTeach",
      "ValueType": "http://www.w3.org/2001/XMLSchema#string"
    },
    {
      "Issuer": "YuebonTeach",
      "OriginalIssuer": "YuebonTeach",
      "Properties": {},
      "Subject": null,
      "Type": "name",
      "Value": "developer",
      "ValueType": "http://www.w3.org/2001/XMLSchema#string"
    },
    {
      "Issuer": "YuebonTeach",
      "OriginalIssuer": "YuebonTeach",
      "Properties": {},
      "Subject": null,
      "Type": "id",
      "Value": "116",
      "ValueType": "http://www.w3.org/2001/XMLSchema#string"
    },
    {
      "Issuer": "YuebonTeach",
      "OriginalIssuer": "YuebonTeach",
      "Properties": {},
      "Subject": null,
      "Type": "role",
      "Value": "administrators,",
      "ValueType": "http://www.w3.org/2001/XMLSchema#string"
    },
    {
      "Issuer": "YuebonTeach",
      "OriginalIssuer": "YuebonTeach",
      "Properties": {},
      "Subject": null,
      "Type": "sub",
      "Value": "password",
      "ValueType": "http://www.w3.org/2001/XMLSchema#string"
    },
    {
      "Issuer": "YuebonTeach",
      "OriginalIssuer": "YuebonTeach",
      "Properties": {},
      "Subject": null,
      "Type": "nbf",
      "Value": "1700029131",
      "ValueType": "http://www.w3.org/2001/XMLSchema#integer"
    },
    {
      "Issuer": "YuebonTeach",
      "OriginalIssuer": "YuebonTeach",
      "Properties": {},
      "Subject": null,
      "Type": "exp",
      "Value": "1700633931",
      "ValueType": "http://www.w3.org/2001/XMLSchema#integer"
    },
    {
      "Issuer": "YuebonTeach",
      "OriginalIssuer": "YuebonTeach",
      "Properties": {},
      "Subject": null,
      "Type": "iat",
      "Value": "1700029131",
      "ValueType": "http://www.w3.org/2001/XMLSchema#integer"
    }
  ],
  "EncodedHeader": "eyJhbGciOiJIUzI1NiIsInR5cCI6IkpXVCJ9",
  "EncodedPayload": "eyJhdWQiOiJzeXN0ZW0iLCJpc3MiOiJZdWVib25UZWFjaCIsIm5hbWUiOiJkZXZlbG9wZXIiLCJpZCI6IjExNiIsInJvbGUiOiJhZG1pbmlzdHJhdG9ycywiLCJzdWIiOiJwYXNzd29yZCIsIm5iZiI6MTcwMDAyOTEzMSwiZXhwIjoxNzAwNjMzOTMxLCJpYXQiOjE3MDAwMjkxMzF9",
  "Header": {
    "alg": "HS256",
    "typ": "JWT"
  },
  "Id": null,
  "Issuer": "YuebonTeach",
  "Payload": {
    "aud": "system",
    "iss": "YuebonTeach",
    "name": "developer",
    "id": "116",
    "role": "administrators,",
    "sub": "password",
    "nbf": 1700029131,
    "exp": 1700633931,
    "iat": 1700029131
  },
  "InnerToken": null,
  "RawAuthenticationTag": null,
  "RawCiphertext": null,
  "RawData": "eyJhbGciOiJIUzI1NiIsInR5cCI6IkpXVCJ9.eyJhdWQiOiJzeXN0ZW0iLCJpc3MiOiJZdWVib25UZWFjaCIsIm5hbWUiOiJkZXZlbG9wZXIiLCJpZCI6IjExNiIsInJvbGUiOiJhZG1pbmlzdHJhdG9ycywiLCJzdWIiOiJwYXNzd29yZCIsIm5iZiI6MTcwMDAyOTEzMSwiZXhwIjoxNzAwNjMzOTMxLCJpYXQiOjE3MDAwMjkxMzF9.VRyx3RUA0qVIOAJNEYn3lJdp4pVXx91XBJUH6g-B4nA",
  "RawEncryptedKey": null,
  "RawInitializationVector": null,
  "RawHeader": "eyJhbGciOiJIUzI1NiIsInR5cCI6IkpXVCJ9",
  "RawPayload": "eyJhdWQiOiJzeXN0ZW0iLCJpc3MiOiJZdWVib25UZWFjaCIsIm5hbWUiOiJkZXZlbG9wZXIiLCJpZCI6IjExNiIsInJvbGUiOiJhZG1pbmlzdHJhdG9ycywiLCJzdWIiOiJwYXNzd29yZCIsIm5iZiI6MTcwMDAyOTEzMSwiZXhwIjoxNzAwNjMzOTMxLCJpYXQiOjE3MDAwMjkxMzF9",
  "RawSignature": "VRyx3RUA0qVIOAJNEYn3lJdp4pVXx91XBJUH6g-B4nA",
  "SecurityKey": null,
  "SignatureAlgorithm": "HS256",
  "SigningCredentials": null,
  "EncryptingCredentials": null,
  "SigningKey": null,
  "Subject": "password",
  "ValidFrom": "2023-11-15 06:18:51",
  "ValidTo": "2023-11-22 06:18:51",
  "IssuedAt": "2023-11-15 06:18:51"
}
[14:26:38.592] Debug T8： 方法名称：MoveNext
日志内容：{
  "Actor": null,
  "Audiences": [
    "system"
  ],
  "Claims": [
    {
      "Issuer": "YuebonTeach",
      "OriginalIssuer": "YuebonTeach",
      "Properties": {},
      "Subject": null,
      "Type": "aud",
      "Value": "system",
      "ValueType": "http://www.w3.org/2001/XMLSchema#string"
    },
    {
      "Issuer": "YuebonTeach",
      "OriginalIssuer": "YuebonTeach",
      "Properties": {},
      "Subject": null,
      "Type": "iss",
      "Value": "YuebonTeach",
      "ValueType": "http://www.w3.org/2001/XMLSchema#string"
    },
    {
      "Issuer": "YuebonTeach",
      "OriginalIssuer": "YuebonTeach",
      "Properties": {},
      "Subject": null,
      "Type": "name",
      "Value": "developer",
      "ValueType": "http://www.w3.org/2001/XMLSchema#string"
    },
    {
      "Issuer": "YuebonTeach",
      "OriginalIssuer": "YuebonTeach",
      "Properties": {},
      "Subject": null,
      "Type": "id",
      "Value": "116",
      "ValueType": "http://www.w3.org/2001/XMLSchema#string"
    },
    {
      "Issuer": "YuebonTeach",
      "OriginalIssuer": "YuebonTeach",
      "Properties": {},
      "Subject": null,
      "Type": "role",
      "Value": "administrators,",
      "ValueType": "http://www.w3.org/2001/XMLSchema#string"
    },
    {
      "Issuer": "YuebonTeach",
      "OriginalIssuer": "YuebonTeach",
      "Properties": {},
      "Subject": null,
      "Type": "sub",
      "Value": "password",
      "ValueType": "http://www.w3.org/2001/XMLSchema#string"
    },
    {
      "Issuer": "YuebonTeach",
      "OriginalIssuer": "YuebonTeach",
      "Properties": {},
      "Subject": null,
      "Type": "nbf",
      "Value": "1700029586",
      "ValueType": "http://www.w3.org/2001/XMLSchema#integer"
    },
    {
      "Issuer": "YuebonTeach",
      "OriginalIssuer": "YuebonTeach",
      "Properties": {},
      "Subject": null,
      "Type": "exp",
      "Value": "1700634386",
      "ValueType": "http://www.w3.org/2001/XMLSchema#integer"
    },
    {
      "Issuer": "YuebonTeach",
      "OriginalIssuer": "YuebonTeach",
      "Properties": {},
      "Subject": null,
      "Type": "iat",
      "Value": "1700029586",
      "ValueType": "http://www.w3.org/2001/XMLSchema#integer"
    }
  ],
  "EncodedHeader": "eyJhbGciOiJIUzI1NiIsInR5cCI6IkpXVCJ9",
  "EncodedPayload": "eyJhdWQiOiJzeXN0ZW0iLCJpc3MiOiJZdWVib25UZWFjaCIsIm5hbWUiOiJkZXZlbG9wZXIiLCJpZCI6IjExNiIsInJvbGUiOiJhZG1pbmlzdHJhdG9ycywiLCJzdWIiOiJwYXNzd29yZCIsIm5iZiI6MTcwMDAyOTU4NiwiZXhwIjoxNzAwNjM0Mzg2LCJpYXQiOjE3MDAwMjk1ODZ9",
  "Header": {
    "alg": "HS256",
    "typ": "JWT"
  },
  "Id": null,
  "Issuer": "YuebonTeach",
  "Payload": {
    "aud": "system",
    "iss": "YuebonTeach",
    "name": "developer",
    "id": "116",
    "role": "administrators,",
    "sub": "password",
    "nbf": 1700029586,
    "exp": 1700634386,
    "iat": 1700029586
  },
  "InnerToken": null,
  "RawAuthenticationTag": null,
  "RawCiphertext": null,
  "RawData": "eyJhbGciOiJIUzI1NiIsInR5cCI6IkpXVCJ9.eyJhdWQiOiJzeXN0ZW0iLCJpc3MiOiJZdWVib25UZWFjaCIsIm5hbWUiOiJkZXZlbG9wZXIiLCJpZCI6IjExNiIsInJvbGUiOiJhZG1pbmlzdHJhdG9ycywiLCJzdWIiOiJwYXNzd29yZCIsIm5iZiI6MTcwMDAyOTU4NiwiZXhwIjoxNzAwNjM0Mzg2LCJpYXQiOjE3MDAwMjk1ODZ9.lgyBx20W9qOzhgGLCCDhjQQk3o6niQFvS9x2_t-WZEc",
  "RawEncryptedKey": null,
  "RawInitializationVector": null,
  "RawHeader": "eyJhbGciOiJIUzI1NiIsInR5cCI6IkpXVCJ9",
  "RawPayload": "eyJhdWQiOiJzeXN0ZW0iLCJpc3MiOiJZdWVib25UZWFjaCIsIm5hbWUiOiJkZXZlbG9wZXIiLCJpZCI6IjExNiIsInJvbGUiOiJhZG1pbmlzdHJhdG9ycywiLCJzdWIiOiJwYXNzd29yZCIsIm5iZiI6MTcwMDAyOTU4NiwiZXhwIjoxNzAwNjM0Mzg2LCJpYXQiOjE3MDAwMjk1ODZ9",
  "RawSignature": "lgyBx20W9qOzhgGLCCDhjQQk3o6niQFvS9x2_t-WZEc",
  "SecurityKey": null,
  "SignatureAlgorithm": "HS256",
  "SigningCredentials": null,
  "EncryptingCredentials": null,
  "SigningKey": null,
  "Subject": "password",
  "ValidFrom": "2023-11-15 06:26:26",
  "ValidTo": "2023-11-22 06:26:26",
  "IssuedAt": "2023-11-15 06:26:26"
}
[14:26:40.295] Debug T28： 方法名称：MoveNext
日志内容：{
  "Actor": null,
  "Audiences": [
    "system"
  ],
  "Claims": [
    {
      "Issuer": "YuebonTeach",
      "OriginalIssuer": "YuebonTeach",
      "Properties": {},
      "Subject": null,
      "Type": "aud",
      "Value": "system",
      "ValueType": "http://www.w3.org/2001/XMLSchema#string"
    },
    {
      "Issuer": "YuebonTeach",
      "OriginalIssuer": "YuebonTeach",
      "Properties": {},
      "Subject": null,
      "Type": "iss",
      "Value": "YuebonTeach",
      "ValueType": "http://www.w3.org/2001/XMLSchema#string"
    },
    {
      "Issuer": "YuebonTeach",
      "OriginalIssuer": "YuebonTeach",
      "Properties": {},
      "Subject": null,
      "Type": "name",
      "Value": "developer",
      "ValueType": "http://www.w3.org/2001/XMLSchema#string"
    },
    {
      "Issuer": "YuebonTeach",
      "OriginalIssuer": "YuebonTeach",
      "Properties": {},
      "Subject": null,
      "Type": "id",
      "Value": "116",
      "ValueType": "http://www.w3.org/2001/XMLSchema#string"
    },
    {
      "Issuer": "YuebonTeach",
      "OriginalIssuer": "YuebonTeach",
      "Properties": {},
      "Subject": null,
      "Type": "role",
      "Value": "administrators,",
      "ValueType": "http://www.w3.org/2001/XMLSchema#string"
    },
    {
      "Issuer": "YuebonTeach",
      "OriginalIssuer": "YuebonTeach",
      "Properties": {},
      "Subject": null,
      "Type": "sub",
      "Value": "password",
      "ValueType": "http://www.w3.org/2001/XMLSchema#string"
    },
    {
      "Issuer": "YuebonTeach",
      "OriginalIssuer": "YuebonTeach",
      "Properties": {},
      "Subject": null,
      "Type": "nbf",
      "Value": "1700029598",
      "ValueType": "http://www.w3.org/2001/XMLSchema#integer"
    },
    {
      "Issuer": "YuebonTeach",
      "OriginalIssuer": "YuebonTeach",
      "Properties": {},
      "Subject": null,
      "Type": "exp",
      "Value": "1700634398",
      "ValueType": "http://www.w3.org/2001/XMLSchema#integer"
    },
    {
      "Issuer": "YuebonTeach",
      "OriginalIssuer": "YuebonTeach",
      "Properties": {},
      "Subject": null,
      "Type": "iat",
      "Value": "1700029598",
      "ValueType": "http://www.w3.org/2001/XMLSchema#integer"
    }
  ],
  "EncodedHeader": "eyJhbGciOiJIUzI1NiIsInR5cCI6IkpXVCJ9",
  "EncodedPayload": "eyJhdWQiOiJzeXN0ZW0iLCJpc3MiOiJZdWVib25UZWFjaCIsIm5hbWUiOiJkZXZlbG9wZXIiLCJpZCI6IjExNiIsInJvbGUiOiJhZG1pbmlzdHJhdG9ycywiLCJzdWIiOiJwYXNzd29yZCIsIm5iZiI6MTcwMDAyOTU5OCwiZXhwIjoxNzAwNjM0Mzk4LCJpYXQiOjE3MDAwMjk1OTh9",
  "Header": {
    "alg": "HS256",
    "typ": "JWT"
  },
  "Id": null,
  "Issuer": "YuebonTeach",
  "Payload": {
    "aud": "system",
    "iss": "YuebonTeach",
    "name": "developer",
    "id": "116",
    "role": "administrators,",
    "sub": "password",
    "nbf": 1700029598,
    "exp": 1700634398,
    "iat": 1700029598
  },
  "InnerToken": null,
  "RawAuthenticationTag": null,
  "RawCiphertext": null,
  "RawData": "eyJhbGciOiJIUzI1NiIsInR5cCI6IkpXVCJ9.eyJhdWQiOiJzeXN0ZW0iLCJpc3MiOiJZdWVib25UZWFjaCIsIm5hbWUiOiJkZXZlbG9wZXIiLCJpZCI6IjExNiIsInJvbGUiOiJhZG1pbmlzdHJhdG9ycywiLCJzdWIiOiJwYXNzd29yZCIsIm5iZiI6MTcwMDAyOTU5OCwiZXhwIjoxNzAwNjM0Mzk4LCJpYXQiOjE3MDAwMjk1OTh9.c86tYZls9WKe2QHqsUGbQgMd4v3E1IZH6kygP4ZIRAA",
  "RawEncryptedKey": null,
  "RawInitializationVector": null,
  "RawHeader": "eyJhbGciOiJIUzI1NiIsInR5cCI6IkpXVCJ9",
  "RawPayload": "eyJhdWQiOiJzeXN0ZW0iLCJpc3MiOiJZdWVib25UZWFjaCIsIm5hbWUiOiJkZXZlbG9wZXIiLCJpZCI6IjExNiIsInJvbGUiOiJhZG1pbmlzdHJhdG9ycywiLCJzdWIiOiJwYXNzd29yZCIsIm5iZiI6MTcwMDAyOTU5OCwiZXhwIjoxNzAwNjM0Mzk4LCJpYXQiOjE3MDAwMjk1OTh9",
  "RawSignature": "c86tYZls9WKe2QHqsUGbQgMd4v3E1IZH6kygP4ZIRAA",
  "SecurityKey": null,
  "SignatureAlgorithm": "HS256",
  "SigningCredentials": null,
  "EncryptingCredentials": null,
  "SigningKey": null,
  "Subject": "password",
  "ValidFrom": "2023-11-15 06:26:38",
  "ValidTo": "2023-11-22 06:26:38",
  "IssuedAt": "2023-11-15 06:26:38"
}
[14:57:45.896] Debug T34： 方法名称：MoveNext
日志内容：{
  "Actor": null,
  "Audiences": [
    "system"
  ],
  "Claims": [
    {
      "Issuer": "YuebonTeach",
      "OriginalIssuer": "YuebonTeach",
      "Properties": {},
      "Subject": null,
      "Type": "aud",
      "Value": "system",
      "ValueType": "http://www.w3.org/2001/XMLSchema#string"
    },
    {
      "Issuer": "YuebonTeach",
      "OriginalIssuer": "YuebonTeach",
      "Properties": {},
      "Subject": null,
      "Type": "iss",
      "Value": "YuebonTeach",
      "ValueType": "http://www.w3.org/2001/XMLSchema#string"
    },
    {
      "Issuer": "YuebonTeach",
      "OriginalIssuer": "YuebonTeach",
      "Properties": {},
      "Subject": null,
      "Type": "name",
      "Value": "developer",
      "ValueType": "http://www.w3.org/2001/XMLSchema#string"
    },
    {
      "Issuer": "YuebonTeach",
      "OriginalIssuer": "YuebonTeach",
      "Properties": {},
      "Subject": null,
      "Type": "id",
      "Value": "116",
      "ValueType": "http://www.w3.org/2001/XMLSchema#string"
    },
    {
      "Issuer": "YuebonTeach",
      "OriginalIssuer": "YuebonTeach",
      "Properties": {},
      "Subject": null,
      "Type": "role",
      "Value": "administrators,",
      "ValueType": "http://www.w3.org/2001/XMLSchema#string"
    },
    {
      "Issuer": "YuebonTeach",
      "OriginalIssuer": "YuebonTeach",
      "Properties": {},
      "Subject": null,
      "Type": "sub",
      "Value": "password",
      "ValueType": "http://www.w3.org/2001/XMLSchema#string"
    },
    {
      "Issuer": "YuebonTeach",
      "OriginalIssuer": "YuebonTeach",
      "Properties": {},
      "Subject": null,
      "Type": "nbf",
      "Value": "1700031430",
      "ValueType": "http://www.w3.org/2001/XMLSchema#integer"
    },
    {
      "Issuer": "YuebonTeach",
      "OriginalIssuer": "YuebonTeach",
      "Properties": {},
      "Subject": null,
      "Type": "exp",
      "Value": "1700636230",
      "ValueType": "http://www.w3.org/2001/XMLSchema#integer"
    },
    {
      "Issuer": "YuebonTeach",
      "OriginalIssuer": "YuebonTeach",
      "Properties": {},
      "Subject": null,
      "Type": "iat",
      "Value": "1700031430",
      "ValueType": "http://www.w3.org/2001/XMLSchema#integer"
    }
  ],
  "EncodedHeader": "eyJhbGciOiJIUzI1NiIsInR5cCI6IkpXVCJ9",
  "EncodedPayload": "eyJhdWQiOiJzeXN0ZW0iLCJpc3MiOiJZdWVib25UZWFjaCIsIm5hbWUiOiJkZXZlbG9wZXIiLCJpZCI6IjExNiIsInJvbGUiOiJhZG1pbmlzdHJhdG9ycywiLCJzdWIiOiJwYXNzd29yZCIsIm5iZiI6MTcwMDAzMTQzMCwiZXhwIjoxNzAwNjM2MjMwLCJpYXQiOjE3MDAwMzE0MzB9",
  "Header": {
    "alg": "HS256",
    "typ": "JWT"
  },
  "Id": null,
  "Issuer": "YuebonTeach",
  "Payload": {
    "aud": "system",
    "iss": "YuebonTeach",
    "name": "developer",
    "id": "116",
    "role": "administrators,",
    "sub": "password",
    "nbf": 1700031430,
    "exp": 1700636230,
    "iat": 1700031430
  },
  "InnerToken": null,
  "RawAuthenticationTag": null,
  "RawCiphertext": null,
  "RawData": "eyJhbGciOiJIUzI1NiIsInR5cCI6IkpXVCJ9.eyJhdWQiOiJzeXN0ZW0iLCJpc3MiOiJZdWVib25UZWFjaCIsIm5hbWUiOiJkZXZlbG9wZXIiLCJpZCI6IjExNiIsInJvbGUiOiJhZG1pbmlzdHJhdG9ycywiLCJzdWIiOiJwYXNzd29yZCIsIm5iZiI6MTcwMDAzMTQzMCwiZXhwIjoxNzAwNjM2MjMwLCJpYXQiOjE3MDAwMzE0MzB9.b9YY5LZmub_sXe4CITFTmNRrm5mlVOIt9aTDYejKjaU",
  "RawEncryptedKey": null,
  "RawInitializationVector": null,
  "RawHeader": "eyJhbGciOiJIUzI1NiIsInR5cCI6IkpXVCJ9",
  "RawPayload": "eyJhdWQiOiJzeXN0ZW0iLCJpc3MiOiJZdWVib25UZWFjaCIsIm5hbWUiOiJkZXZlbG9wZXIiLCJpZCI6IjExNiIsInJvbGUiOiJhZG1pbmlzdHJhdG9ycywiLCJzdWIiOiJwYXNzd29yZCIsIm5iZiI6MTcwMDAzMTQzMCwiZXhwIjoxNzAwNjM2MjMwLCJpYXQiOjE3MDAwMzE0MzB9",
  "RawSignature": "b9YY5LZmub_sXe4CITFTmNRrm5mlVOIt9aTDYejKjaU",
  "SecurityKey": null,
  "SignatureAlgorithm": "HS256",
  "SigningCredentials": null,
  "EncryptingCredentials": null,
  "SigningKey": null,
  "Subject": "password",
  "ValidFrom": "2023-11-15 06:57:10",
  "ValidTo": "2023-11-22 06:57:10",
  "IssuedAt": "2023-11-15 06:57:10"
}
[16:23:24.305] Debug T80： 方法名称：MoveNext
日志内容：{
  "Actor": null,
  "Audiences": [
    "system"
  ],
  "Claims": [
    {
      "Issuer": "YuebonTeach",
      "OriginalIssuer": "YuebonTeach",
      "Properties": {},
      "Subject": null,
      "Type": "aud",
      "Value": "system",
      "ValueType": "http://www.w3.org/2001/XMLSchema#string"
    },
    {
      "Issuer": "YuebonTeach",
      "OriginalIssuer": "YuebonTeach",
      "Properties": {},
      "Subject": null,
      "Type": "iss",
      "Value": "YuebonTeach",
      "ValueType": "http://www.w3.org/2001/XMLSchema#string"
    },
    {
      "Issuer": "YuebonTeach",
      "OriginalIssuer": "YuebonTeach",
      "Properties": {},
      "Subject": null,
      "Type": "name",
      "Value": "developer",
      "ValueType": "http://www.w3.org/2001/XMLSchema#string"
    },
    {
      "Issuer": "YuebonTeach",
      "OriginalIssuer": "YuebonTeach",
      "Properties": {},
      "Subject": null,
      "Type": "id",
      "Value": "116",
      "ValueType": "http://www.w3.org/2001/XMLSchema#string"
    },
    {
      "Issuer": "YuebonTeach",
      "OriginalIssuer": "YuebonTeach",
      "Properties": {},
      "Subject": null,
      "Type": "role",
      "Value": "administrators,",
      "ValueType": "http://www.w3.org/2001/XMLSchema#string"
    },
    {
      "Issuer": "YuebonTeach",
      "OriginalIssuer": "YuebonTeach",
      "Properties": {},
      "Subject": null,
      "Type": "sub",
      "Value": "password",
      "ValueType": "http://www.w3.org/2001/XMLSchema#string"
    },
    {
      "Issuer": "YuebonTeach",
      "OriginalIssuer": "YuebonTeach",
      "Properties": {},
      "Subject": null,
      "Type": "nbf",
      "Value": "1700031587",
      "ValueType": "http://www.w3.org/2001/XMLSchema#integer"
    },
    {
      "Issuer": "YuebonTeach",
      "OriginalIssuer": "YuebonTeach",
      "Properties": {},
      "Subject": null,
      "Type": "exp",
      "Value": "1700636387",
      "ValueType": "http://www.w3.org/2001/XMLSchema#integer"
    },
    {
      "Issuer": "YuebonTeach",
      "OriginalIssuer": "YuebonTeach",
      "Properties": {},
      "Subject": null,
      "Type": "iat",
      "Value": "1700031587",
      "ValueType": "http://www.w3.org/2001/XMLSchema#integer"
    }
  ],
  "EncodedHeader": "eyJhbGciOiJIUzI1NiIsInR5cCI6IkpXVCJ9",
  "EncodedPayload": "eyJhdWQiOiJzeXN0ZW0iLCJpc3MiOiJZdWVib25UZWFjaCIsIm5hbWUiOiJkZXZlbG9wZXIiLCJpZCI6IjExNiIsInJvbGUiOiJhZG1pbmlzdHJhdG9ycywiLCJzdWIiOiJwYXNzd29yZCIsIm5iZiI6MTcwMDAzMTU4NywiZXhwIjoxNzAwNjM2Mzg3LCJpYXQiOjE3MDAwMzE1ODd9",
  "Header": {
    "alg": "HS256",
    "typ": "JWT"
  },
  "Id": null,
  "Issuer": "YuebonTeach",
  "Payload": {
    "aud": "system",
    "iss": "YuebonTeach",
    "name": "developer",
    "id": "116",
    "role": "administrators,",
    "sub": "password",
    "nbf": 1700031587,
    "exp": 1700636387,
    "iat": 1700031587
  },
  "InnerToken": null,
  "RawAuthenticationTag": null,
  "RawCiphertext": null,
  "RawData": "eyJhbGciOiJIUzI1NiIsInR5cCI6IkpXVCJ9.eyJhdWQiOiJzeXN0ZW0iLCJpc3MiOiJZdWVib25UZWFjaCIsIm5hbWUiOiJkZXZlbG9wZXIiLCJpZCI6IjExNiIsInJvbGUiOiJhZG1pbmlzdHJhdG9ycywiLCJzdWIiOiJwYXNzd29yZCIsIm5iZiI6MTcwMDAzMTU4NywiZXhwIjoxNzAwNjM2Mzg3LCJpYXQiOjE3MDAwMzE1ODd9.QV_GE4J4y8WqaeFD4ZJXB6S526J60bu29d45eFywAiM",
  "RawEncryptedKey": null,
  "RawInitializationVector": null,
  "RawHeader": "eyJhbGciOiJIUzI1NiIsInR5cCI6IkpXVCJ9",
  "RawPayload": "eyJhdWQiOiJzeXN0ZW0iLCJpc3MiOiJZdWVib25UZWFjaCIsIm5hbWUiOiJkZXZlbG9wZXIiLCJpZCI6IjExNiIsInJvbGUiOiJhZG1pbmlzdHJhdG9ycywiLCJzdWIiOiJwYXNzd29yZCIsIm5iZiI6MTcwMDAzMTU4NywiZXhwIjoxNzAwNjM2Mzg3LCJpYXQiOjE3MDAwMzE1ODd9",
  "RawSignature": "QV_GE4J4y8WqaeFD4ZJXB6S526J60bu29d45eFywAiM",
  "SecurityKey": null,
  "SignatureAlgorithm": "HS256",
  "SigningCredentials": null,
  "EncryptingCredentials": null,
  "SigningKey": null,
  "Subject": "password",
  "ValidFrom": "2023-11-15 06:59:47",
  "ValidTo": "2023-11-22 06:59:47",
  "IssuedAt": "2023-11-15 06:59:47"
}
