[08:50:52] (Info) 方法名称：MoveNext
日志内容：开始启动定时任务
[08:50:52] (Info) 方法名称：MoveNext
日志内容：启动定时任务testTaskName
[08:50:52] (Info) 方法名称：MoveNext
日志内容：启动定时任务异常Job class cannot be null.
[10:04:52] (Info) 方法名称：MoveNext
日志内容：开始启动定时任务
[10:04:53] (Info) 方法名称：MoveNext
日志内容：启动定时任务testTaskName
[10:04:53] (Info) 方法名称：MoveNext
日志内容：启动定时任务异常Job class cannot be null.
[11:31:24] (Info) 方法名称：MoveNext
日志内容：开始启动定时任务
[11:31:25] (Info) 方法名称：MoveNext
日志内容：启动定时任务testTaskName
[11:31:25] (Info) 方法名称：MoveNext
日志内容：启动定时任务异常Job class cannot be null.
[11:33:43] (Info) 方法名称：MoveNext
日志内容：开始启动定时任务
[11:33:43] (Info) 方法名称：MoveNext
日志内容：启动定时任务testTaskName
[11:33:43] (Info) 方法名称：MoveNext
日志内容：启动定时任务异常Job class cannot be null.
[11:36:25] (Info) 方法名称：MoveNext
日志内容：开始启动定时任务
[11:36:25] (Info) 方法名称：MoveNext
日志内容：启动定时任务testTaskName
[11:36:25] (Info) 方法名称：MoveNext
日志内容：启动定时任务异常Job class cannot be null.
[14:04:09] (Info) 方法名称：MoveNext
日志内容：开始启动定时任务
[14:04:09] (Info) 方法名称：MoveNext
日志内容：启动定时任务testTaskName
[14:04:09] (Info) 方法名称：MoveNext
日志内容：启动定时任务异常Job class cannot be null.
[14:21:39] (Info) 方法名称：MoveNext
日志内容：开始启动定时任务
[14:21:39] (Info) 方法名称：MoveNext
日志内容：启动定时任务testTaskName
[14:21:39] (Info) 方法名称：MoveNext
日志内容：启动定时任务异常Job class cannot be null.
[14:29:20] (Info) 方法名称：MoveNext
日志内容：开始启动定时任务
[14:29:20] (Info) 方法名称：MoveNext
日志内容：启动定时任务testTaskName
[14:29:20] (Info) 方法名称：MoveNext
日志内容：启动定时任务异常Job class cannot be null.
[14:56:37] (Info) 方法名称：MoveNext
日志内容：开始启动定时任务
[14:56:37] (Info) 方法名称：MoveNext
日志内容：启动定时任务testTaskName
[14:56:37] (Info) 方法名称：MoveNext
日志内容：启动定时任务异常Job class cannot be null.
[16:51:28] (Info) 方法名称：MoveNext
日志内容：开始启动定时任务
[16:51:28] (Info) 方法名称：MoveNext
日志内容：启动定时任务AAA
[16:51:29] (Info) 方法名称：MoveNext
日志内容：启动定时任务testTaskName
[16:51:29] (Info) 方法名称：MoveNext
日志内容：启动定时任务异常Job class cannot be null.
[18:02:47] (Info) 方法名称：MoveNext
日志内容：开始启动定时任务
[18:02:47] (Info) 方法名称：MoveNext
日志内容：启动定时任务testTaskName
[18:02:47] (Info) 方法名称：MoveNext
日志内容：启动定时任务异常Job class cannot be null.
