【08:37:51.912】  Error T5 
抛出信息：获取 GetmesStationType 异常 
异常类型：InvalidOperationException 
异常信息：The connection was not closed. The connection's current state is open. 
堆栈调用：
   at System.Data.ProviderBase.DbConnectionInternal.TryOpenConnection(DbConnection outerConnection, DbConnectionFactory connectionFactory, TaskCompletionSource`1 retry, DbConnectionOptions userOptions)
   at System.Data.SqlClient.SqlConnection.TryOpen(TaskCompletionSource`1 retry)
   at System.Data.SqlClient.SqlConnection.OpenAsync(CancellationToken cancellationToken)
--- End of stack trace from previous location ---
   at StackExchange.Profiling.Data.ProfiledDbConnection.OpenAsync(CancellationToken cancellationToken) in C:\projects\dotnet\src\MiniProfiler.Shared\Data\ProfiledDbConnection.cs:line 140
   at Dapper.SqlMapper.QueryAsync[T](IDbConnection cnn, Type effectiveType, CommandDefinition command) in /_/Dapper/SqlMapper.Async.cs:line 417
   at Yuebon.Security.Repositories.PublicSCRepository.GetIdDescription(String TableName, String ID) in D:\Code\VUE\SFC_DB_API_+XiaoDong\Yuebon.NetCore\Yuebon.Security.Core\4-Repositories\Public\PublicSCRepository.cs:line 61
   at Yuebon.Security.Services.PublicSCService.GetIdDescription(String TableName, String ID) in D:\Code\VUE\SFC_DB_API_+XiaoDong\Yuebon.NetCore\Yuebon.Security.Core\6-Services\Public\PublicSCService.cs:line 34
   at Yuebon.WebApi.Areas.Security.Controllers.PublicSCController.GetmesStationType() in D:\Code\VUE\SFC_DB_API_+XiaoDong\Yuebon.WebApi\SysConfig\Public\PublicSCController.cs:line 388
【08:37:51.912】  Error T8 
抛出信息：获取 GetmesUnitState 异常 
异常类型：InvalidOperationException 
异常信息：BeginExecuteReader requires an open and available Connection. The connection's current state is closed. 
堆栈调用：
   at System.Data.SqlClient.SqlCommand.<>c.<ExecuteDbDataReaderAsync>b__126_0(Task`1 result)
   at System.Threading.Tasks.ContinuationResultTaskFromResultTask`2.InnerInvoke()
   at System.Threading.Tasks.Task.<>c.<.cctor>b__272_0(Object obj)
   at System.Threading.ExecutionContext.RunInternal(ExecutionContext executionContext, ContextCallback callback, Object state)
--- End of stack trace from previous location ---
   at System.Threading.ExecutionContext.RunInternal(ExecutionContext executionContext, ContextCallback callback, Object state)
   at System.Threading.Tasks.Task.ExecuteWithThreadLocal(Task& currentTaskSlot, Thread threadPoolThread)
--- End of stack trace from previous location ---
   at StackExchange.Profiling.Data.ProfiledDbCommand.ExecuteDbDataReaderAsync(CommandBehavior behavior, CancellationToken cancellationToken) in C:\projects\dotnet\src\MiniProfiler.Shared\Data\ProfiledDbCommand.cs:line 257
   at Dapper.SqlMapper.QueryAsync[T](IDbConnection cnn, Type effectiveType, CommandDefinition command) in /_/Dapper/SqlMapper.Async.cs:line 418
   at Yuebon.Security.Repositories.PublicSCRepository.GetIdDescription(String TableName, String ID) in D:\Code\VUE\SFC_DB_API_+XiaoDong\Yuebon.NetCore\Yuebon.Security.Core\4-Repositories\Public\PublicSCRepository.cs:line 61
   at Yuebon.Security.Services.PublicSCService.GetIdDescription(String TableName, String ID) in D:\Code\VUE\SFC_DB_API_+XiaoDong\Yuebon.NetCore\Yuebon.Security.Core\6-Services\Public\PublicSCService.cs:line 34
   at Yuebon.WebApi.Areas.Security.Controllers.PublicSCController.GetmesUnitState() in D:\Code\VUE\SFC_DB_API_+XiaoDong\Yuebon.WebApi\SysConfig\Public\PublicSCController.cs:line 781
