[09:38:57] (Info) 方法名称：MoveNext
日志内容：开始启动定时任务
[09:38:58] (Info) 方法名称：MoveNext
日志内容：启动定时任务AAA
[09:40:12] (Info) 方法名称：MoveNext
日志内容：开始启动定时任务
[09:40:12] (Info) 方法名称：MoveNext
日志内容：启动定时任务AAA
[09:56:49] (Info) 方法名称：MoveNext
日志内容：开始启动定时任务
[09:56:49] (Info) 方法名称：MoveNext
日志内容：启动定时任务AAA
[10:01:46] (Info) 方法名称：MoveNext
日志内容：开始启动定时任务
[10:01:46] (Info) 方法名称：MoveNext
日志内容：启动定时任务AAA
[10:41:56] (Info) 方法名称：MoveNext
日志内容：开始启动定时任务
[10:41:56] (Info) 方法名称：MoveNext
日志内容：启动定时任务AAA
[10:49:43] (Info) 方法名称：MoveNext
日志内容：开始启动定时任务
[10:49:43] (Info) 方法名称：MoveNext
日志内容：启动定时任务AAA
[10:54:37] (Info) 方法名称：MoveNext
日志内容：开始启动定时任务
[10:54:37] (Info) 方法名称：MoveNext
日志内容：启动定时任务AAA
[11:01:00] (Info) 方法名称：Execute
日志内容：2022-04-11 11:01:00执行任务
[11:16:41] (Info) 方法名称：MoveNext
日志内容：开始启动定时任务
[11:16:41] (Info) 方法名称：MoveNext
日志内容：启动定时任务AAA
[11:19:35] (Info) 方法名称：MoveNext
日志内容：开始启动定时任务
[11:19:36] (Info) 方法名称：MoveNext
日志内容：启动定时任务AAA
[11:33:15] (Info) 方法名称：MoveNext
日志内容：开始启动定时任务
[11:33:15] (Info) 方法名称：MoveNext
日志内容：启动定时任务AAA
[13:40:39] (Info) 方法名称：MoveNext
日志内容：开始启动定时任务
[13:40:39] (Info) 方法名称：MoveNext
日志内容：启动定时任务AAA
[13:58:09] (Info) 方法名称：MoveNext
日志内容：开始启动定时任务
[13:58:09] (Info) 方法名称：MoveNext
日志内容：启动定时任务AAA
[14:01:56] (Info) 方法名称：Execute
日志内容：2022-04-11 14:01:56执行任务
[14:05:13] (Info) 方法名称：MoveNext
日志内容：开始启动定时任务
[14:05:13] (Info) 方法名称：MoveNext
日志内容：启动定时任务AAA
[14:29:14] (Info) 方法名称：MoveNext
日志内容：开始启动定时任务
[14:29:14] (Info) 方法名称：MoveNext
日志内容：启动定时任务AAA
[14:42:02] (Info) 方法名称：MoveNext
日志内容：开始启动定时任务
[14:42:02] (Info) 方法名称：MoveNext
日志内容：启动定时任务AAA
[14:52:29] (Info) 方法名称：MoveNext
日志内容：开始启动定时任务
[14:52:29] (Info) 方法名称：MoveNext
日志内容：启动定时任务AAA
[15:01:01] (Info) 方法名称：Execute
日志内容：2022-04-11 15:01:01执行任务
[16:01:00] (Info) 方法名称：Execute
日志内容：2022-04-11 16:01:00执行任务
[16:16:02] (Info) 方法名称：MoveNext
日志内容：开始启动定时任务
[16:16:02] (Info) 方法名称：MoveNext
日志内容：启动定时任务异常对象名 'Sys_TaskManager' 无效。
[16:17:30] (Info) 方法名称：MoveNext
日志内容：开始启动定时任务
[16:17:30] (Info) 方法名称：MoveNext
日志内容：启动定时任务异常对象名 'Sys_TaskManager' 无效。
[16:19:17] (Info) 方法名称：MoveNext
日志内容：开始启动定时任务
[16:19:17] (Info) 方法名称：MoveNext
日志内容：启动定时任务异常对象名 'Sys_TaskManager' 无效。
[16:23:21] (Info) 方法名称：MoveNext
日志内容：开始启动定时任务
[16:23:21] (Info) 方法名称：MoveNext
日志内容：启动定时任务AAA
[16:26:00] (Info) 方法名称：MoveNext
日志内容：开始启动定时任务
[16:26:00] (Info) 方法名称：MoveNext
日志内容：启动定时任务AAA
[16:28:26] (Info) 方法名称：MoveNext
日志内容：开始启动定时任务
[16:28:26] (Info) 方法名称：MoveNext
日志内容：启动定时任务AAA
[16:35:26] (Info) 方法名称：MoveNext
日志内容：开始启动定时任务
[16:35:26] (Info) 方法名称：MoveNext
日志内容：启动定时任务异常对象名 'API_TaskManager' 无效。
[16:40:23] (Info) 方法名称：MoveNext
日志内容：开始启动定时任务
[16:40:23] (Info) 方法名称：MoveNext
日志内容：启动定时任务异常对象名 'API_TaskManager' 无效。
[16:43:13] (Info) 方法名称：MoveNext
日志内容：开始启动定时任务
[16:43:14] (Info) 方法名称：MoveNext
日志内容：启动定时任务AAA
[16:47:03] (Info) 方法名称：MoveNext
日志内容：开始启动定时任务
[16:47:03] (Info) 方法名称：MoveNext
日志内容：启动定时任务AAA
[17:01:00] (Info) 方法名称：Execute
日志内容：2022-04-11 17:01:00执行任务
[17:29:47] (Info) 方法名称：MoveNext
日志内容：开始启动定时任务
[17:29:47] (Info) 方法名称：MoveNext
日志内容：启动定时任务AAA
[17:39:17] (Info) 方法名称：MoveNext
日志内容：开始启动定时任务
[17:39:17] (Info) 方法名称：MoveNext
日志内容：启动定时任务AAA
[18:01:00] (Info) 方法名称：Execute
日志内容：2022-04-11 18:01:00执行任务
[19:01:00] (Info) 方法名称：Execute
日志内容：2022-04-11 19:01:00执行任务
