[11:03:48] (Info) 方法名称：MoveNext
日志内容：开始启动定时任务
[11:03:48] (Info) 方法名称：MoveNext
日志内容：启动定时任务AAA
[13:23:13] (Info) 方法名称：MoveNext
日志内容：开始启动定时任务
[13:23:13] (Info) 方法名称：MoveNext
日志内容：启动定时任务AAA
[16:04:56] (Info) 方法名称：MoveNext
日志内容：开始启动定时任务
[16:04:56] (Info) 方法名称：MoveNext
日志内容：启动定时任务AAA
[16:14:33] (Info) 方法名称：MoveNext
日志内容：开始启动定时任务
[16:14:33] (Info) 方法名称：MoveNext
日志内容：启动定时任务AAA
[16:21:02] (Info) 方法名称：MoveNext
日志内容：开始启动定时任务
[16:21:02] (Info) 方法名称：MoveNext
日志内容：启动定时任务AAA
[17:02:50] (Info) 方法名称：MoveNext
日志内容：开始启动定时任务
[17:02:50] (Info) 方法名称：MoveNext
日志内容：启动定时任务AAA
[17:05:20] (Info) 方法名称：MoveNext
日志内容：开始启动定时任务
[17:05:20] (Info) 方法名称：MoveNext
日志内容：启动定时任务AAA
[17:07:27] (Info) 方法名称：MoveNext
日志内容：开始启动定时任务
[17:07:28] (Info) 方法名称：MoveNext
日志内容：启动定时任务AAA
[17:07:43] (Info) 方法名称：MoveNext
日志内容：开始启动定时任务
[17:07:43] (Info) 方法名称：MoveNext
日志内容：启动定时任务AAA
[18:01:01] (Info) 方法名称：Execute
日志内容：2022-04-18 18:01:01执行任务
