[14:32:36] (Info) 方法名称：MoveNext
日志内容：开始启动定时任务
[14:32:36] (Info) 方法名称：MoveNext
日志内容：启动定时任务testTaskName
[14:32:36] (Info) 方法名称：MoveNext
日志内容：启动定时任务异常Job class cannot be null.
[14:41:50] (Info) 方法名称：MoveNext
日志内容：开始启动定时任务
[14:41:50] (Info) 方法名称：MoveNext
日志内容：启动定时任务testTaskName
[14:41:50] (Info) 方法名称：MoveNext
日志内容：启动定时任务异常Job class cannot be null.
[14:43:19] (Info) 方法名称：MoveNext
日志内容：检测出SQL注入的恶意数据, 1=1 AND RoleId in(SELECT ID FROM [dbo].[API_Role] WHERE EnCode<>'administrators')
[14:44:47] (Info) 方法名称：MoveNext
日志内容：开始启动定时任务
[14:44:47] (Info) 方法名称：MoveNext
日志内容：启动定时任务testTaskName
[14:44:47] (Info) 方法名称：MoveNext
日志内容：启动定时任务异常Job class cannot be null.
