[08:32:18] (Info) 方法名称：MoveNext
日志内容：开始启动定时任务
[08:32:18] (Info) 方法名称：MoveNext
日志内容：启动定时任务testTaskName
[08:32:18] (Info) 方法名称：MoveNext
日志内容：启动定时任务异常Job class cannot be null.
[09:13:45] (Info) 方法名称：MoveNext
日志内容：开始启动定时任务
[09:13:45] (Info) 方法名称：MoveNext
日志内容：启动定时任务testTaskName
[09:13:45] (Info) 方法名称：MoveNext
日志内容：启动定时任务异常Job class cannot be null.
[10:00:37] (Info) 方法名称：MoveNext
日志内容：开始启动定时任务
[10:00:38] (Info) 方法名称：MoveNext
日志内容：启动定时任务testTaskName
[10:00:38] (Info) 方法名称：MoveNext
日志内容：启动定时任务异常Job class cannot be null.
[10:12:40] (Info) 方法名称：MoveNext
日志内容：开始启动定时任务
[10:12:40] (Info) 方法名称：MoveNext
日志内容：启动定时任务AAA
[10:12:40] (Info) 方法名称：MoveNext
日志内容：启动定时任务testTaskName
[10:12:40] (Info) 方法名称：MoveNext
日志内容：启动定时任务异常Job class cannot be null.
[10:24:58] (Info) 方法名称：MoveNext
日志内容：开始启动定时任务
[10:24:58] (Info) 方法名称：MoveNext
日志内容：启动定时任务testTaskName
[10:24:58] (Info) 方法名称：MoveNext
日志内容：启动定时任务异常Job class cannot be null.
[10:36:47] (Info) 方法名称：MoveNext
日志内容：开始启动定时任务
[10:36:47] (Info) 方法名称：MoveNext
日志内容：启动定时任务testTaskName
[10:36:47] (Info) 方法名称：MoveNext
日志内容：启动定时任务异常Job class cannot be null.
[11:22:07] (Info) 方法名称：MoveNext
日志内容：开始启动定时任务
[11:22:07] (Info) 方法名称：MoveNext
日志内容：启动定时任务testTaskName
[11:22:07] (Info) 方法名称：MoveNext
日志内容：启动定时任务异常Job class cannot be null.
[11:33:28] (Info) 方法名称：MoveNext
日志内容：开始启动定时任务
[11:33:28] (Info) 方法名称：MoveNext
日志内容：启动定时任务testTaskName
[11:33:28] (Info) 方法名称：MoveNext
日志内容：启动定时任务异常Job class cannot be null.
[13:27:02] (Info) 方法名称：MoveNext
日志内容：开始启动定时任务
[13:27:02] (Info) 方法名称：MoveNext
日志内容：启动定时任务testTaskName
[13:27:02] (Info) 方法名称：MoveNext
日志内容：启动定时任务异常Job class cannot be null.
[14:04:39] (Info) 方法名称：MoveNext
日志内容：开始启动定时任务
[14:04:39] (Info) 方法名称：MoveNext
日志内容：启动定时任务testTaskName
[14:04:39] (Info) 方法名称：MoveNext
日志内容：启动定时任务异常Job class cannot be null.
[14:09:32] (Info) 方法名称：MoveNext
日志内容：开始启动定时任务
[14:09:33] (Info) 方法名称：MoveNext
日志内容：启动定时任务testTaskName
[14:09:33] (Info) 方法名称：MoveNext
日志内容：启动定时任务异常Job class cannot be null.
