[10:02:05] (Info) 方法名称：MoveNext
日志内容：开始启动定时任务
[10:04:31] (Info) 方法名称：MoveNext
日志内容：开始启动定时任务
[10:44:16] (Info) 方法名称：MoveNext
日志内容：开始启动定时任务
[11:10:36] (Info) 方法名称：MoveNext
日志内容：开始启动定时任务
[11:10:36] (Info) 方法名称：MoveNext
日志内容：启动定时任务AAA
[11:15:57] (Info) 方法名称：MoveNext
日志内容：开始启动定时任务
[11:15:57] (Info) 方法名称：MoveNext
日志内容：启动定时任务AAA
[11:16:23] (Info) 方法名称：MoveNext
日志内容：开始启动定时任务
[11:16:23] (Info) 方法名称：MoveNext
日志内容：启动定时任务AAA
[11:25:28] (Info) 方法名称：MoveNext
日志内容：开始启动定时任务
[11:25:28] (Info) 方法名称：MoveNext
日志内容：启动定时任务AAA
[13:18:36] (Info) 方法名称：Execute
日志内容：2022-04-02 13:18:36执行任务
[13:43:07] (Info) 方法名称：MoveNext
日志内容：开始启动定时任务
[13:43:07] (Info) 方法名称：MoveNext
日志内容：启动定时任务AAA
[13:56:52] (Info) 方法名称：MoveNext
日志内容：开始启动定时任务
[13:56:52] (Info) 方法名称：MoveNext
日志内容：启动定时任务AAA
[13:58:55] (Info) 方法名称：MoveNext
日志内容：开始启动定时任务
[13:58:55] (Info) 方法名称：MoveNext
日志内容：启动定时任务AAA
[14:01:01] (Info) 方法名称：Execute
日志内容：2022-04-02 14:01:01执行任务
[14:01:11] (Info) 方法名称：MoveNext
日志内容：开始启动定时任务
[14:01:11] (Info) 方法名称：MoveNext
日志内容：启动定时任务AAA
[14:04:42] (Info) 方法名称：MoveNext
日志内容：开始启动定时任务
[14:04:43] (Info) 方法名称：MoveNext
日志内容：启动定时任务AAA
[14:07:16] (Info) 方法名称：MoveNext
日志内容：开始启动定时任务
[14:07:16] (Info) 方法名称：MoveNext
日志内容：启动定时任务AAA
[14:23:19] (Info) 方法名称：MoveNext
日志内容：开始启动定时任务
[14:23:20] (Info) 方法名称：MoveNext
日志内容：启动定时任务AAA
[14:26:49] (Info) 方法名称：MoveNext
日志内容：开始启动定时任务
[14:26:49] (Info) 方法名称：MoveNext
日志内容：启动定时任务AAA
[14:33:42] (Info) 方法名称：MoveNext
日志内容：开始启动定时任务
[14:33:42] (Info) 方法名称：MoveNext
日志内容：启动定时任务AAA
[16:15:09] (Info) 方法名称：MoveNext
日志内容：开始启动定时任务
[16:15:10] (Info) 方法名称：MoveNext
日志内容：启动定时任务AAA
[17:01:00] (Info) 方法名称：Execute
日志内容：2022-04-02 17:01:00执行任务
[17:35:16] (Info) 方法名称：MoveNext
日志内容：开始启动定时任务
[17:35:17] (Info) 方法名称：MoveNext
日志内容：启动定时任务AAA
[17:40:38] (Info) 方法名称：MoveNext
日志内容：开始启动定时任务
[17:40:39] (Info) 方法名称：MoveNext
日志内容：启动定时任务AAA
[17:55:58] (Info) 方法名称：MoveNext
日志内容：开始启动定时任务
[17:55:58] (Info) 方法名称：MoveNext
日志内容：启动定时任务AAA
[18:17:37] (Info) 方法名称：MoveNext
日志内容：开始启动定时任务
[18:17:37] (Info) 方法名称：MoveNext
日志内容：启动定时任务AAA
[19:01:01] (Info) 方法名称：Execute
日志内容：2022-04-02 19:01:01执行任务
