[17:13:55.376] Debug T26： 方法名称：MoveNext
日志内容：{
  "Actor": null,
  "Audiences": [
    "system"
  ],
  "Claims": [
    {
      "Issuer": "YuebonTeach",
      "OriginalIssuer": "YuebonTeach",
      "Properties": {},
      "Subject": null,
      "Type": "aud",
      "Value": "system",
      "ValueType": "http://www.w3.org/2001/XMLSchema#string"
    },
    {
      "Issuer": "YuebonTeach",
      "OriginalIssuer": "YuebonTeach",
      "Properties": {},
      "Subject": null,
      "Type": "iss",
      "Value": "YuebonTeach",
      "ValueType": "http://www.w3.org/2001/XMLSchema#string"
    },
    {
      "Issuer": "YuebonTeach",
      "OriginalIssuer": "YuebonTeach",
      "Properties": {},
      "Subject": null,
      "Type": "name",
      "Value": "admin",
      "ValueType": "http://www.w3.org/2001/XMLSchema#string"
    },
    {
      "Issuer": "YuebonTeach",
      "OriginalIssuer": "YuebonTeach",
      "Properties": {},
      "Subject": null,
      "Type": "id",
      "Value": "9f2ec079-7d0f-4fe2-90ab-8b09a8302aba",
      "ValueType": "http://www.w3.org/2001/XMLSchema#string"
    },
    {
      "Issuer": "YuebonTeach",
      "OriginalIssuer": "YuebonTeach",
      "Properties": {},
      "Subject": null,
      "Type": "role",
      "Value": "usermember,default,administrators,",
      "ValueType": "http://www.w3.org/2001/XMLSchema#string"
    },
    {
      "Issuer": "YuebonTeach",
      "OriginalIssuer": "YuebonTeach",
      "Properties": {},
      "Subject": null,
      "Type": "sub",
      "Value": "password",
      "ValueType": "http://www.w3.org/2001/XMLSchema#string"
    },
    {
      "Issuer": "YuebonTeach",
      "OriginalIssuer": "YuebonTeach",
      "Properties": {},
      "Subject": null,
      "Type": "nbf",
      "Value": "1652074820",
      "ValueType": "http://www.w3.org/2001/XMLSchema#integer"
    },
    {
      "Issuer": "YuebonTeach",
      "OriginalIssuer": "YuebonTeach",
      "Properties": {},
      "Subject": null,
      "Type": "exp",
      "Value": "1652110820",
      "ValueType": "http://www.w3.org/2001/XMLSchema#integer"
    },
    {
      "Issuer": "YuebonTeach",
      "OriginalIssuer": "YuebonTeach",
      "Properties": {},
      "Subject": null,
      "Type": "iat",
      "Value": "1652074820",
      "ValueType": "http://www.w3.org/2001/XMLSchema#integer"
    }
  ],
  "EncodedHeader": "eyJhbGciOiJIUzI1NiIsInR5cCI6IkpXVCJ9",
  "EncodedPayload": "eyJhdWQiOiJzeXN0ZW0iLCJpc3MiOiJZdWVib25UZWFjaCIsIm5hbWUiOiJhZG1pbiIsImlkIjoiOWYyZWMwNzktN2QwZi00ZmUyLTkwYWItOGIwOWE4MzAyYWJhIiwicm9sZSI6InVzZXJtZW1iZXIsZGVmYXVsdCxhZG1pbmlzdHJhdG9ycywiLCJzdWIiOiJwYXNzd29yZCIsIm5iZiI6MTY1MjA3NDgyMCwiZXhwIjoxNjUyMTEwODIwLCJpYXQiOjE2NTIwNzQ4MjB9",
  "Header": {
    "alg": "HS256",
    "typ": "JWT"
  },
  "Id": null,
  "Issuer": "YuebonTeach",
  "Payload": {
    "aud": "system",
    "iss": "YuebonTeach",
    "name": "admin",
    "id": "9f2ec079-7d0f-4fe2-90ab-8b09a8302aba",
    "role": "usermember,default,administrators,",
    "sub": "password",
    "nbf": 1652074820,
    "exp": 1652110820,
    "iat": 1652074820
  },
  "InnerToken": null,
  "RawAuthenticationTag": null,
  "RawCiphertext": null,
  "RawData": "eyJhbGciOiJIUzI1NiIsInR5cCI6IkpXVCJ9.eyJhdWQiOiJzeXN0ZW0iLCJpc3MiOiJZdWVib25UZWFjaCIsIm5hbWUiOiJhZG1pbiIsImlkIjoiOWYyZWMwNzktN2QwZi00ZmUyLTkwYWItOGIwOWE4MzAyYWJhIiwicm9sZSI6InVzZXJtZW1iZXIsZGVmYXVsdCxhZG1pbmlzdHJhdG9ycywiLCJzdWIiOiJwYXNzd29yZCIsIm5iZiI6MTY1MjA3NDgyMCwiZXhwIjoxNjUyMTEwODIwLCJpYXQiOjE2NTIwNzQ4MjB9.OHw7c8DuvdaeazzIaNiwIKmk5E3r31SsEyrFu7Dytkg",
  "RawEncryptedKey": null,
  "RawInitializationVector": null,
  "RawHeader": "eyJhbGciOiJIUzI1NiIsInR5cCI6IkpXVCJ9",
  "RawPayload": "eyJhdWQiOiJzeXN0ZW0iLCJpc3MiOiJZdWVib25UZWFjaCIsIm5hbWUiOiJhZG1pbiIsImlkIjoiOWYyZWMwNzktN2QwZi00ZmUyLTkwYWItOGIwOWE4MzAyYWJhIiwicm9sZSI6InVzZXJtZW1iZXIsZGVmYXVsdCxhZG1pbmlzdHJhdG9ycywiLCJzdWIiOiJwYXNzd29yZCIsIm5iZiI6MTY1MjA3NDgyMCwiZXhwIjoxNjUyMTEwODIwLCJpYXQiOjE2NTIwNzQ4MjB9",
  "RawSignature": "OHw7c8DuvdaeazzIaNiwIKmk5E3r31SsEyrFu7Dytkg",
  "SecurityKey": null,
  "SignatureAlgorithm": "HS256",
  "SigningCredentials": null,
  "EncryptingCredentials": null,
  "SigningKey": null,
  "Subject": "password",
  "ValidFrom": "2022-05-09 05:40:20",
  "ValidTo": "2022-05-09 15:40:20",
  "IssuedAt": "2022-05-09 05:40:20"
}
