【17:13:55.149】  Error T10 
抛出信息：验证token异常 SecurityTokenExpiredException 
异常类型：SecurityTokenExpiredException 
异常信息：IDX10223: Lifetime validation failed. The token is expired. ValidTo: '2022-05-09 15:40:20', Current time: '2022-05-10 09:13:54'. 
堆栈调用：
   at Microsoft.IdentityModel.Tokens.Validators.ValidateLifetime(Nullable`1 notBefore, Nullable`1 expires, SecurityToken securityToken, TokenValidationParameters validationParameters)
   at System.IdentityModel.Tokens.Jwt.JwtSecurityTokenHandler.ValidateLifetime(Nullable`1 notBefore, Nullable`1 expires, JwtSecurityToken jwtToken, TokenValidationParameters validationParameters)
   at System.IdentityModel.Tokens.Jwt.JwtSecurityTokenHandler.ValidateTokenPayload(JwtSecurityToken jwtToken, TokenValidationParameters validationParameters)
   at System.IdentityModel.Tokens.Jwt.JwtSecurityTokenHandler.ValidateToken(String token, TokenValidationParameters validationParameters, SecurityToken& validatedToken)
   at Yuebon.AspNetCore.Mvc.TokenProvider.ValidateToken(String token) in D:\Code_Vue\YuebonNetCore-master\Yuebon.NetCore\Yuebon.AspNetCore\Mvc\TokenProvider.cs:line 107
【17:14:48.311】  Error T26 
抛出信息： 
异常类型：IOException 
异常信息：The process cannot access the file 'D:\Code_Vue\YuebonNetCore-master\Yuebon.WebApi\ToKen\ToKen.txt' because it is being used by another process. 
堆栈调用：
   at Microsoft.Win32.SafeHandles.SafeFileHandle.CreateFile(String fullPath, FileMode mode, FileAccess access, FileShare share, FileOptions options)
   at Microsoft.Win32.SafeHandles.SafeFileHandle.Open(String fullPath, FileMode mode, FileAccess access, FileShare share, FileOptions options, Int64 preallocationSize)
   at System.IO.Strategies.OSFileStreamStrategy..ctor(String path, FileMode mode, FileAccess access, FileShare share, FileOptions options, Int64 preallocationSize)
   at System.IO.Strategies.FileStreamHelpers.ChooseStrategyCore(String path, FileMode mode, FileAccess access, FileShare share, FileOptions options, Int64 preallocationSize)
   at System.IO.Strategies.FileStreamHelpers.ChooseStrategy(FileStream fileStream, String path, FileMode mode, FileAccess access, FileShare share, Int32 bufferSize, FileOptions options, Int64 preallocationSize)
   at System.IO.StreamWriter.ValidateArgsAndOpenPath(String path, Boolean append, Encoding encoding, Int32 bufferSize)
   at System.IO.File.WriteAllText(String path, String contents)
   at Yuebon.AspNetCore.Controllers.ApiController.OnActionExecuting(ActionExecutingContext context) in D:\Code_Vue\YuebonNetCore-master\Yuebon.NetCore\Yuebon.AspNetCore\Mvc\ApiController.cs:line 88
【17:50:12.453】  Error T23 
抛出信息：全局捕获程序运行异常信息
/api/Security/BZhang/Update 
异常类型：SqlException 
异常信息：“Data1”附近有语法错误。 
【堆栈调用】：
   at System.Data.SqlClient.SqlConnection.OnError(SqlException exception, Boolean breakConnection, Action`1 wrapCloseInAction)
   at System.Data.SqlClient.SqlInternalConnection.OnError(SqlException exception, Boolean breakConnection, Action`1 wrapCloseInAction)
   at System.Data.SqlClient.TdsParser.ThrowExceptionAndWarning(TdsParserStateObject stateObj, Boolean callerHasConnectionLock, Boolean asyncClose)
   at System.Data.SqlClient.TdsParser.TryRun(RunBehavior runBehavior, SqlCommand cmdHandler, SqlDataReader dataStream, BulkCopySimpleResultSet bulkCopyHandler, TdsParserStateObject stateObj, Boolean& dataReady)
   at System.Data.SqlClient.SqlCommand.RunExecuteNonQueryTds(String methodName, Boolean async, Int32 timeout, Boolean asyncWrite)
   at System.Data.SqlClient.SqlCommand.InternalExecuteNonQuery(TaskCompletionSource`1 completion, Boolean sendToPipe, Int32 timeout, Boolean asyncWrite, String methodName)
   at System.Data.SqlClient.SqlCommand.ExecuteNonQuery()
   at StackExchange.Profiling.Data.ProfiledDbCommand.ExecuteNonQuery() in C:\projects\dotnet\src\MiniProfiler.Shared\Data\ProfiledDbCommand.cs:line 288
   at Dapper.SqlMapper.ExecuteCommand(IDbConnection cnn, CommandDefinition& command, Action`2 paramReader) in /_/Dapper/SqlMapper.cs:line 2848
   at Dapper.SqlMapper.ExecuteImpl(IDbConnection cnn, CommandDefinition& command) in /_/Dapper/SqlMapper.cs:line 581
   at Dapper.SqlMapper.Execute(IDbConnection cnn, String sql, Object param, IDbTransaction transaction, Nullable`1 commandTimeout, Nullable`1 commandType) in /_/Dapper/SqlMapper.cs:line 452
   at Yuebon.Security.Repositories.BZhangRepository.UpdateBZhang2(BZhang v_BZhang, String S_Id, IDbTransaction trans) in D:\Code_Vue\YuebonNetCore-master\Yuebon.NetCore\Yuebon.Security.Core\4-Repositories\zym\BZhangRepository.cs:line 81
   at Yuebon.Security.Services.BZhangService.UpdateAsync2(BZhang entity, String id, IDbTransaction trans) in D:\Code_Vue\YuebonNetCore-master\Yuebon.NetCore\Yuebon.Security.Core\6-Services\zym\BZhangService.cs:line 61
   at Yuebon.WebApi.Areas.Security.Controllers.BZhangController.UpdateAsync(BZhangInputDto tinfo) in D:\Code_Vue\YuebonNetCore-master\Yuebon.WebApi\Areas\zym\Controllers\BZhangController.cs:line 128
   at Microsoft.AspNetCore.Mvc.Infrastructure.ActionMethodExecutor.TaskOfIActionResultExecutor.Execute(IActionResultTypeMapper mapper, ObjectMethodExecutor executor, Object controller, Object[] arguments)
   at Microsoft.AspNetCore.Mvc.Infrastructure.ControllerActionInvoker.<InvokeActionMethodAsync>g__Logged|12_1(ControllerActionInvoker invoker)
   at Microsoft.AspNetCore.Mvc.Infrastructure.ControllerActionInvoker.<InvokeNextActionFilterAsync>g__Awaited|10_0(ControllerActionInvoker invoker, Task lastTask, State next, Scope scope, Object state, Boolean isCompleted)
   at Microsoft.AspNetCore.Mvc.Infrastructure.ControllerActionInvoker.Rethrow(ActionExecutedContextSealed context)
   at Microsoft.AspNetCore.Mvc.Infrastructure.ControllerActionInvoker.Next(State& next, Scope& scope, Object& state, Boolean& isCompleted)
   at Microsoft.AspNetCore.Mvc.Infrastructure.ControllerActionInvoker.InvokeInnerFilterAsync()
--- End of stack trace from previous location ---
   at Microsoft.AspNetCore.Mvc.Infrastructure.ResourceInvoker.<InvokeNextExceptionFilterAsync>g__Awaited|26_0(ResourceInvoker invoker, Task lastTask, State next, Scope scope, Object state, Boolean isCompleted)
【17:51:38.668】  Error T32 
抛出信息：全局捕获程序运行异常信息
/api/Security/BZhang/Update 
异常类型：SqlException 
异常信息：“Data1”附近有语法错误。 
【堆栈调用】：
   at System.Data.SqlClient.SqlConnection.OnError(SqlException exception, Boolean breakConnection, Action`1 wrapCloseInAction)
   at System.Data.SqlClient.SqlInternalConnection.OnError(SqlException exception, Boolean breakConnection, Action`1 wrapCloseInAction)
   at System.Data.SqlClient.TdsParser.ThrowExceptionAndWarning(TdsParserStateObject stateObj, Boolean callerHasConnectionLock, Boolean asyncClose)
   at System.Data.SqlClient.TdsParser.TryRun(RunBehavior runBehavior, SqlCommand cmdHandler, SqlDataReader dataStream, BulkCopySimpleResultSet bulkCopyHandler, TdsParserStateObject stateObj, Boolean& dataReady)
   at System.Data.SqlClient.SqlCommand.RunExecuteNonQueryTds(String methodName, Boolean async, Int32 timeout, Boolean asyncWrite)
   at System.Data.SqlClient.SqlCommand.InternalExecuteNonQuery(TaskCompletionSource`1 completion, Boolean sendToPipe, Int32 timeout, Boolean asyncWrite, String methodName)
   at System.Data.SqlClient.SqlCommand.ExecuteNonQuery()
   at StackExchange.Profiling.Data.ProfiledDbCommand.ExecuteNonQuery() in C:\projects\dotnet\src\MiniProfiler.Shared\Data\ProfiledDbCommand.cs:line 288
   at Dapper.SqlMapper.ExecuteCommand(IDbConnection cnn, CommandDefinition& command, Action`2 paramReader) in /_/Dapper/SqlMapper.cs:line 2848
   at Dapper.SqlMapper.ExecuteImpl(IDbConnection cnn, CommandDefinition& command) in /_/Dapper/SqlMapper.cs:line 581
   at Dapper.SqlMapper.Execute(IDbConnection cnn, String sql, Object param, IDbTransaction transaction, Nullable`1 commandTimeout, Nullable`1 commandType) in /_/Dapper/SqlMapper.cs:line 452
   at Yuebon.Security.Repositories.BZhangRepository.UpdateBZhang2(BZhang v_BZhang, String S_Id, IDbTransaction trans) in D:\Code_Vue\YuebonNetCore-master\Yuebon.NetCore\Yuebon.Security.Core\4-Repositories\zym\BZhangRepository.cs:line 81
   at Yuebon.Security.Services.BZhangService.UpdateAsync2(BZhang entity, String id, IDbTransaction trans) in D:\Code_Vue\YuebonNetCore-master\Yuebon.NetCore\Yuebon.Security.Core\6-Services\zym\BZhangService.cs:line 61
   at Yuebon.WebApi.Areas.Security.Controllers.BZhangController.UpdateAsync(BZhangInputDto tinfo) in D:\Code_Vue\YuebonNetCore-master\Yuebon.WebApi\Areas\zym\Controllers\BZhangController.cs:line 128
   at Microsoft.AspNetCore.Mvc.Infrastructure.ActionMethodExecutor.TaskOfIActionResultExecutor.Execute(IActionResultTypeMapper mapper, ObjectMethodExecutor executor, Object controller, Object[] arguments)
   at Microsoft.AspNetCore.Mvc.Infrastructure.ControllerActionInvoker.<InvokeActionMethodAsync>g__Logged|12_1(ControllerActionInvoker invoker)
   at Microsoft.AspNetCore.Mvc.Infrastructure.ControllerActionInvoker.<InvokeNextActionFilterAsync>g__Awaited|10_0(ControllerActionInvoker invoker, Task lastTask, State next, Scope scope, Object state, Boolean isCompleted)
   at Microsoft.AspNetCore.Mvc.Infrastructure.ControllerActionInvoker.Rethrow(ActionExecutedContextSealed context)
   at Microsoft.AspNetCore.Mvc.Infrastructure.ControllerActionInvoker.Next(State& next, Scope& scope, Object& state, Boolean& isCompleted)
   at Microsoft.AspNetCore.Mvc.Infrastructure.ControllerActionInvoker.InvokeInnerFilterAsync()
--- End of stack trace from previous location ---
   at Microsoft.AspNetCore.Mvc.Infrastructure.ResourceInvoker.<InvokeNextExceptionFilterAsync>g__Awaited|26_0(ResourceInvoker invoker, Task lastTask, State next, Scope scope, Object state, Boolean isCompleted)
