[08:29:29.396] Debug T14： 方法名称：MoveNext
日志内容：{
  "Actor": null,
  "Audiences": [
    "system"
  ],
  "Claims": [
    {
      "Issuer": "YuebonTeach",
      "OriginalIssuer": "YuebonTeach",
      "Properties": {},
      "Subject": null,
      "Type": "aud",
      "Value": "system",
      "ValueType": "http://www.w3.org/2001/XMLSchema#string"
    },
    {
      "Issuer": "YuebonTeach",
      "OriginalIssuer": "YuebonTeach",
      "Properties": {},
      "Subject": null,
      "Type": "iss",
      "Value": "YuebonTeach",
      "ValueType": "http://www.w3.org/2001/XMLSchema#string"
    },
    {
      "Issuer": "YuebonTeach",
      "OriginalIssuer": "YuebonTeach",
      "Properties": {},
      "Subject": null,
      "Type": "name",
      "Value": "admin",
      "ValueType": "http://www.w3.org/2001/XMLSchema#string"
    },
    {
      "Issuer": "YuebonTeach",
      "OriginalIssuer": "YuebonTeach",
      "Properties": {},
      "Subject": null,
      "Type": "id",
      "Value": "9f2ec079-7d0f-4fe2-90ab-8b09a8302aba",
      "ValueType": "http://www.w3.org/2001/XMLSchema#string"
    },
    {
      "Issuer": "YuebonTeach",
      "OriginalIssuer": "YuebonTeach",
      "Properties": {},
      "Subject": null,
      "Type": "role",
      "Value": "administrators,",
      "ValueType": "http://www.w3.org/2001/XMLSchema#string"
    },
    {
      "Issuer": "YuebonTeach",
      "OriginalIssuer": "YuebonTeach",
      "Properties": {},
      "Subject": null,
      "Type": "sub",
      "Value": "password",
      "ValueType": "http://www.w3.org/2001/XMLSchema#string"
    },
    {
      "Issuer": "YuebonTeach",
      "OriginalIssuer": "YuebonTeach",
      "Properties": {},
      "Subject": null,
      "Type": "nbf",
      "Value": "1649239532",
      "ValueType": "http://www.w3.org/2001/XMLSchema#integer"
    },
    {
      "Issuer": "YuebonTeach",
      "OriginalIssuer": "YuebonTeach",
      "Properties": {},
      "Subject": null,
      "Type": "exp",
      "Value": "1649246732",
      "ValueType": "http://www.w3.org/2001/XMLSchema#integer"
    },
    {
      "Issuer": "YuebonTeach",
      "OriginalIssuer": "YuebonTeach",
      "Properties": {},
      "Subject": null,
      "Type": "iat",
      "Value": "1649239532",
      "ValueType": "http://www.w3.org/2001/XMLSchema#integer"
    }
  ],
  "EncodedHeader": "eyJhbGciOiJIUzI1NiIsInR5cCI6IkpXVCJ9",
  "EncodedPayload": "eyJhdWQiOiJzeXN0ZW0iLCJpc3MiOiJZdWVib25UZWFjaCIsIm5hbWUiOiJhZG1pbiIsImlkIjoiOWYyZWMwNzktN2QwZi00ZmUyLTkwYWItOGIwOWE4MzAyYWJhIiwicm9sZSI6ImFkbWluaXN0cmF0b3JzLCIsInN1YiI6InBhc3N3b3JkIiwibmJmIjoxNjQ5MjM5NTMyLCJleHAiOjE2NDkyNDY3MzIsImlhdCI6MTY0OTIzOTUzMn0",
  "Header": {
    "alg": "HS256",
    "typ": "JWT"
  },
  "Id": null,
  "Issuer": "YuebonTeach",
  "Payload": {
    "aud": "system",
    "iss": "YuebonTeach",
    "name": "admin",
    "id": "9f2ec079-7d0f-4fe2-90ab-8b09a8302aba",
    "role": "administrators,",
    "sub": "password",
    "nbf": 1649239532,
    "exp": 1649246732,
    "iat": 1649239532
  },
  "InnerToken": null,
  "RawAuthenticationTag": null,
  "RawCiphertext": null,
  "RawData": "eyJhbGciOiJIUzI1NiIsInR5cCI6IkpXVCJ9.eyJhdWQiOiJzeXN0ZW0iLCJpc3MiOiJZdWVib25UZWFjaCIsIm5hbWUiOiJhZG1pbiIsImlkIjoiOWYyZWMwNzktN2QwZi00ZmUyLTkwYWItOGIwOWE4MzAyYWJhIiwicm9sZSI6ImFkbWluaXN0cmF0b3JzLCIsInN1YiI6InBhc3N3b3JkIiwibmJmIjoxNjQ5MjM5NTMyLCJleHAiOjE2NDkyNDY3MzIsImlhdCI6MTY0OTIzOTUzMn0.v40Ioqh4rudlcQkKRbXwMn4_ajRdRZ1ufKYdQN0p4PU",
  "RawEncryptedKey": null,
  "RawInitializationVector": null,
  "RawHeader": "eyJhbGciOiJIUzI1NiIsInR5cCI6IkpXVCJ9",
  "RawPayload": "eyJhdWQiOiJzeXN0ZW0iLCJpc3MiOiJZdWVib25UZWFjaCIsIm5hbWUiOiJhZG1pbiIsImlkIjoiOWYyZWMwNzktN2QwZi00ZmUyLTkwYWItOGIwOWE4MzAyYWJhIiwicm9sZSI6ImFkbWluaXN0cmF0b3JzLCIsInN1YiI6InBhc3N3b3JkIiwibmJmIjoxNjQ5MjM5NTMyLCJleHAiOjE2NDkyNDY3MzIsImlhdCI6MTY0OTIzOTUzMn0",
  "RawSignature": "v40Ioqh4rudlcQkKRbXwMn4_ajRdRZ1ufKYdQN0p4PU",
  "SecurityKey": null,
  "SignatureAlgorithm": "HS256",
  "SigningCredentials": null,
  "EncryptingCredentials": null,
  "SigningKey": null,
  "Subject": "password",
  "ValidFrom": "2022-04-06 10:05:32",
  "ValidTo": "2022-04-06 12:05:32",
  "IssuedAt": "2022-04-06 10:05:32"
}
[08:45:15.880] Debug T42： 方法名称：MoveNext
日志内容：{
  "Actor": null,
  "Audiences": [
    "system"
  ],
  "Claims": [
    {
      "Issuer": "YuebonTeach",
      "OriginalIssuer": "YuebonTeach",
      "Properties": {},
      "Subject": null,
      "Type": "aud",
      "Value": "system",
      "ValueType": "http://www.w3.org/2001/XMLSchema#string"
    },
    {
      "Issuer": "YuebonTeach",
      "OriginalIssuer": "YuebonTeach",
      "Properties": {},
      "Subject": null,
      "Type": "iss",
      "Value": "YuebonTeach",
      "ValueType": "http://www.w3.org/2001/XMLSchema#string"
    },
    {
      "Issuer": "YuebonTeach",
      "OriginalIssuer": "YuebonTeach",
      "Properties": {},
      "Subject": null,
      "Type": "sub",
      "Value": "client_credential",
      "ValueType": "http://www.w3.org/2001/XMLSchema#string"
    },
    {
      "Issuer": "YuebonTeach",
      "OriginalIssuer": "YuebonTeach",
      "Properties": {},
      "Subject": null,
      "Type": "nbf",
      "Value": "1649292314",
      "ValueType": "http://www.w3.org/2001/XMLSchema#integer"
    },
    {
      "Issuer": "YuebonTeach",
      "OriginalIssuer": "YuebonTeach",
      "Properties": {},
      "Subject": null,
      "Type": "exp",
      "Value": "1649299514",
      "ValueType": "http://www.w3.org/2001/XMLSchema#integer"
    },
    {
      "Issuer": "YuebonTeach",
      "OriginalIssuer": "YuebonTeach",
      "Properties": {},
      "Subject": null,
      "Type": "iat",
      "Value": "1649292314",
      "ValueType": "http://www.w3.org/2001/XMLSchema#integer"
    }
  ],
  "EncodedHeader": "eyJhbGciOiJIUzI1NiIsInR5cCI6IkpXVCJ9",
  "EncodedPayload": "eyJhdWQiOiJzeXN0ZW0iLCJpc3MiOiJZdWVib25UZWFjaCIsInN1YiI6ImNsaWVudF9jcmVkZW50aWFsIiwibmJmIjoxNjQ5MjkyMzE0LCJleHAiOjE2NDkyOTk1MTQsImlhdCI6MTY0OTI5MjMxNH0",
  "Header": {
    "alg": "HS256",
    "typ": "JWT"
  },
  "Id": null,
  "Issuer": "YuebonTeach",
  "Payload": {
    "aud": "system",
    "iss": "YuebonTeach",
    "sub": "client_credential",
    "nbf": 1649292314,
    "exp": 1649299514,
    "iat": 1649292314
  },
  "InnerToken": null,
  "RawAuthenticationTag": null,
  "RawCiphertext": null,
  "RawData": "eyJhbGciOiJIUzI1NiIsInR5cCI6IkpXVCJ9.eyJhdWQiOiJzeXN0ZW0iLCJpc3MiOiJZdWVib25UZWFjaCIsInN1YiI6ImNsaWVudF9jcmVkZW50aWFsIiwibmJmIjoxNjQ5MjkyMzE0LCJleHAiOjE2NDkyOTk1MTQsImlhdCI6MTY0OTI5MjMxNH0.kSME3nxuCe-AIbinMlqszRWrnAsWex1l3ch7ahlvYHc",
  "RawEncryptedKey": null,
  "RawInitializationVector": null,
  "RawHeader": "eyJhbGciOiJIUzI1NiIsInR5cCI6IkpXVCJ9",
  "RawPayload": "eyJhdWQiOiJzeXN0ZW0iLCJpc3MiOiJZdWVib25UZWFjaCIsInN1YiI6ImNsaWVudF9jcmVkZW50aWFsIiwibmJmIjoxNjQ5MjkyMzE0LCJleHAiOjE2NDkyOTk1MTQsImlhdCI6MTY0OTI5MjMxNH0",
  "RawSignature": "kSME3nxuCe-AIbinMlqszRWrnAsWex1l3ch7ahlvYHc",
  "SecurityKey": null,
  "SignatureAlgorithm": "HS256",
  "SigningCredentials": null,
  "EncryptingCredentials": null,
  "SigningKey": null,
  "Subject": "client_credential",
  "ValidFrom": "2022-04-07 00:45:14",
  "ValidTo": "2022-04-07 02:45:14",
  "IssuedAt": "2022-04-07 00:45:14"
}
[10:12:23.162] Debug T94： 方法名称：MoveNext
日志内容：{
  "Actor": null,
  "Audiences": [
    "system"
  ],
  "Claims": [
    {
      "Issuer": "YuebonTeach",
      "OriginalIssuer": "YuebonTeach",
      "Properties": {},
      "Subject": null,
      "Type": "aud",
      "Value": "system",
      "ValueType": "http://www.w3.org/2001/XMLSchema#string"
    },
    {
      "Issuer": "YuebonTeach",
      "OriginalIssuer": "YuebonTeach",
      "Properties": {},
      "Subject": null,
      "Type": "iss",
      "Value": "YuebonTeach",
      "ValueType": "http://www.w3.org/2001/XMLSchema#string"
    },
    {
      "Issuer": "YuebonTeach",
      "OriginalIssuer": "YuebonTeach",
      "Properties": {},
      "Subject": null,
      "Type": "sub",
      "Value": "client_credential",
      "ValueType": "http://www.w3.org/2001/XMLSchema#string"
    },
    {
      "Issuer": "YuebonTeach",
      "OriginalIssuer": "YuebonTeach",
      "Properties": {},
      "Subject": null,
      "Type": "nbf",
      "Value": "1649297541",
      "ValueType": "http://www.w3.org/2001/XMLSchema#integer"
    },
    {
      "Issuer": "YuebonTeach",
      "OriginalIssuer": "YuebonTeach",
      "Properties": {},
      "Subject": null,
      "Type": "exp",
      "Value": "1649304741",
      "ValueType": "http://www.w3.org/2001/XMLSchema#integer"
    },
    {
      "Issuer": "YuebonTeach",
      "OriginalIssuer": "YuebonTeach",
      "Properties": {},
      "Subject": null,
      "Type": "iat",
      "Value": "1649297541",
      "ValueType": "http://www.w3.org/2001/XMLSchema#integer"
    }
  ],
  "EncodedHeader": "eyJhbGciOiJIUzI1NiIsInR5cCI6IkpXVCJ9",
  "EncodedPayload": "eyJhdWQiOiJzeXN0ZW0iLCJpc3MiOiJZdWVib25UZWFjaCIsInN1YiI6ImNsaWVudF9jcmVkZW50aWFsIiwibmJmIjoxNjQ5Mjk3NTQxLCJleHAiOjE2NDkzMDQ3NDEsImlhdCI6MTY0OTI5NzU0MX0",
  "Header": {
    "alg": "HS256",
    "typ": "JWT"
  },
  "Id": null,
  "Issuer": "YuebonTeach",
  "Payload": {
    "aud": "system",
    "iss": "YuebonTeach",
    "sub": "client_credential",
    "nbf": 1649297541,
    "exp": 1649304741,
    "iat": 1649297541
  },
  "InnerToken": null,
  "RawAuthenticationTag": null,
  "RawCiphertext": null,
  "RawData": "eyJhbGciOiJIUzI1NiIsInR5cCI6IkpXVCJ9.eyJhdWQiOiJzeXN0ZW0iLCJpc3MiOiJZdWVib25UZWFjaCIsInN1YiI6ImNsaWVudF9jcmVkZW50aWFsIiwibmJmIjoxNjQ5Mjk3NTQxLCJleHAiOjE2NDkzMDQ3NDEsImlhdCI6MTY0OTI5NzU0MX0.ni-FBi36Vo6PMRvq2nOy3-6MusIa3otGZXvdzKhjOtA",
  "RawEncryptedKey": null,
  "RawInitializationVector": null,
  "RawHeader": "eyJhbGciOiJIUzI1NiIsInR5cCI6IkpXVCJ9",
  "RawPayload": "eyJhdWQiOiJzeXN0ZW0iLCJpc3MiOiJZdWVib25UZWFjaCIsInN1YiI6ImNsaWVudF9jcmVkZW50aWFsIiwibmJmIjoxNjQ5Mjk3NTQxLCJleHAiOjE2NDkzMDQ3NDEsImlhdCI6MTY0OTI5NzU0MX0",
  "RawSignature": "ni-FBi36Vo6PMRvq2nOy3-6MusIa3otGZXvdzKhjOtA",
  "SecurityKey": null,
  "SignatureAlgorithm": "HS256",
  "SigningCredentials": null,
  "EncryptingCredentials": null,
  "SigningKey": null,
  "Subject": "client_credential",
  "ValidFrom": "2022-04-07 02:12:21",
  "ValidTo": "2022-04-07 04:12:21",
  "IssuedAt": "2022-04-07 02:12:21"
}
[10:14:59.459] Debug T32： 方法名称：MoveNext
日志内容：{
  "Actor": null,
  "Audiences": [
    "system"
  ],
  "Claims": [
    {
      "Issuer": "YuebonTeach",
      "OriginalIssuer": "YuebonTeach",
      "Properties": {},
      "Subject": null,
      "Type": "aud",
      "Value": "system",
      "ValueType": "http://www.w3.org/2001/XMLSchema#string"
    },
    {
      "Issuer": "YuebonTeach",
      "OriginalIssuer": "YuebonTeach",
      "Properties": {},
      "Subject": null,
      "Type": "iss",
      "Value": "YuebonTeach",
      "ValueType": "http://www.w3.org/2001/XMLSchema#string"
    },
    {
      "Issuer": "YuebonTeach",
      "OriginalIssuer": "YuebonTeach",
      "Properties": {},
      "Subject": null,
      "Type": "sub",
      "Value": "client_credential",
      "ValueType": "http://www.w3.org/2001/XMLSchema#string"
    },
    {
      "Issuer": "YuebonTeach",
      "OriginalIssuer": "YuebonTeach",
      "Properties": {},
      "Subject": null,
      "Type": "nbf",
      "Value": "1649297697",
      "ValueType": "http://www.w3.org/2001/XMLSchema#integer"
    },
    {
      "Issuer": "YuebonTeach",
      "OriginalIssuer": "YuebonTeach",
      "Properties": {},
      "Subject": null,
      "Type": "exp",
      "Value": "1649304897",
      "ValueType": "http://www.w3.org/2001/XMLSchema#integer"
    },
    {
      "Issuer": "YuebonTeach",
      "OriginalIssuer": "YuebonTeach",
      "Properties": {},
      "Subject": null,
      "Type": "iat",
      "Value": "1649297697",
      "ValueType": "http://www.w3.org/2001/XMLSchema#integer"
    }
  ],
  "EncodedHeader": "eyJhbGciOiJIUzI1NiIsInR5cCI6IkpXVCJ9",
  "EncodedPayload": "eyJhdWQiOiJzeXN0ZW0iLCJpc3MiOiJZdWVib25UZWFjaCIsInN1YiI6ImNsaWVudF9jcmVkZW50aWFsIiwibmJmIjoxNjQ5Mjk3Njk3LCJleHAiOjE2NDkzMDQ4OTcsImlhdCI6MTY0OTI5NzY5N30",
  "Header": {
    "alg": "HS256",
    "typ": "JWT"
  },
  "Id": null,
  "Issuer": "YuebonTeach",
  "Payload": {
    "aud": "system",
    "iss": "YuebonTeach",
    "sub": "client_credential",
    "nbf": 1649297697,
    "exp": 1649304897,
    "iat": 1649297697
  },
  "InnerToken": null,
  "RawAuthenticationTag": null,
  "RawCiphertext": null,
  "RawData": "eyJhbGciOiJIUzI1NiIsInR5cCI6IkpXVCJ9.eyJhdWQiOiJzeXN0ZW0iLCJpc3MiOiJZdWVib25UZWFjaCIsInN1YiI6ImNsaWVudF9jcmVkZW50aWFsIiwibmJmIjoxNjQ5Mjk3Njk3LCJleHAiOjE2NDkzMDQ4OTcsImlhdCI6MTY0OTI5NzY5N30.Fg_PRgBmLTovwfksNw108IV0nB8NBArPu9IFP6hB1sY",
  "RawEncryptedKey": null,
  "RawInitializationVector": null,
  "RawHeader": "eyJhbGciOiJIUzI1NiIsInR5cCI6IkpXVCJ9",
  "RawPayload": "eyJhdWQiOiJzeXN0ZW0iLCJpc3MiOiJZdWVib25UZWFjaCIsInN1YiI6ImNsaWVudF9jcmVkZW50aWFsIiwibmJmIjoxNjQ5Mjk3Njk3LCJleHAiOjE2NDkzMDQ4OTcsImlhdCI6MTY0OTI5NzY5N30",
  "RawSignature": "Fg_PRgBmLTovwfksNw108IV0nB8NBArPu9IFP6hB1sY",
  "SecurityKey": null,
  "SignatureAlgorithm": "HS256",
  "SigningCredentials": null,
  "EncryptingCredentials": null,
  "SigningKey": null,
  "Subject": "client_credential",
  "ValidFrom": "2022-04-07 02:14:57",
  "ValidTo": "2022-04-07 04:14:57",
  "IssuedAt": "2022-04-07 02:14:57"
}
[10:18:06.119] Debug T19： 方法名称：MoveNext
日志内容：{
  "Actor": null,
  "Audiences": [
    "system"
  ],
  "Claims": [
    {
      "Issuer": "YuebonTeach",
      "OriginalIssuer": "YuebonTeach",
      "Properties": {},
      "Subject": null,
      "Type": "aud",
      "Value": "system",
      "ValueType": "http://www.w3.org/2001/XMLSchema#string"
    },
    {
      "Issuer": "YuebonTeach",
      "OriginalIssuer": "YuebonTeach",
      "Properties": {},
      "Subject": null,
      "Type": "iss",
      "Value": "YuebonTeach",
      "ValueType": "http://www.w3.org/2001/XMLSchema#string"
    },
    {
      "Issuer": "YuebonTeach",
      "OriginalIssuer": "YuebonTeach",
      "Properties": {},
      "Subject": null,
      "Type": "sub",
      "Value": "client_credential",
      "ValueType": "http://www.w3.org/2001/XMLSchema#string"
    },
    {
      "Issuer": "YuebonTeach",
      "OriginalIssuer": "YuebonTeach",
      "Properties": {},
      "Subject": null,
      "Type": "nbf",
      "Value": "1649297884",
      "ValueType": "http://www.w3.org/2001/XMLSchema#integer"
    },
    {
      "Issuer": "YuebonTeach",
      "OriginalIssuer": "YuebonTeach",
      "Properties": {},
      "Subject": null,
      "Type": "exp",
      "Value": "1649305084",
      "ValueType": "http://www.w3.org/2001/XMLSchema#integer"
    },
    {
      "Issuer": "YuebonTeach",
      "OriginalIssuer": "YuebonTeach",
      "Properties": {},
      "Subject": null,
      "Type": "iat",
      "Value": "1649297884",
      "ValueType": "http://www.w3.org/2001/XMLSchema#integer"
    }
  ],
  "EncodedHeader": "eyJhbGciOiJIUzI1NiIsInR5cCI6IkpXVCJ9",
  "EncodedPayload": "eyJhdWQiOiJzeXN0ZW0iLCJpc3MiOiJZdWVib25UZWFjaCIsInN1YiI6ImNsaWVudF9jcmVkZW50aWFsIiwibmJmIjoxNjQ5Mjk3ODg0LCJleHAiOjE2NDkzMDUwODQsImlhdCI6MTY0OTI5Nzg4NH0",
  "Header": {
    "alg": "HS256",
    "typ": "JWT"
  },
  "Id": null,
  "Issuer": "YuebonTeach",
  "Payload": {
    "aud": "system",
    "iss": "YuebonTeach",
    "sub": "client_credential",
    "nbf": 1649297884,
    "exp": 1649305084,
    "iat": 1649297884
  },
  "InnerToken": null,
  "RawAuthenticationTag": null,
  "RawCiphertext": null,
  "RawData": "eyJhbGciOiJIUzI1NiIsInR5cCI6IkpXVCJ9.eyJhdWQiOiJzeXN0ZW0iLCJpc3MiOiJZdWVib25UZWFjaCIsInN1YiI6ImNsaWVudF9jcmVkZW50aWFsIiwibmJmIjoxNjQ5Mjk3ODg0LCJleHAiOjE2NDkzMDUwODQsImlhdCI6MTY0OTI5Nzg4NH0.ABQGSFVdymsz9ECeNTOzCG9wteduj53mEVMHTzjUyPY",
  "RawEncryptedKey": null,
  "RawInitializationVector": null,
  "RawHeader": "eyJhbGciOiJIUzI1NiIsInR5cCI6IkpXVCJ9",
  "RawPayload": "eyJhdWQiOiJzeXN0ZW0iLCJpc3MiOiJZdWVib25UZWFjaCIsInN1YiI6ImNsaWVudF9jcmVkZW50aWFsIiwibmJmIjoxNjQ5Mjk3ODg0LCJleHAiOjE2NDkzMDUwODQsImlhdCI6MTY0OTI5Nzg4NH0",
  "RawSignature": "ABQGSFVdymsz9ECeNTOzCG9wteduj53mEVMHTzjUyPY",
  "SecurityKey": null,
  "SignatureAlgorithm": "HS256",
  "SigningCredentials": null,
  "EncryptingCredentials": null,
  "SigningKey": null,
  "Subject": "client_credential",
  "ValidFrom": "2022-04-07 02:18:04",
  "ValidTo": "2022-04-07 04:18:04",
  "IssuedAt": "2022-04-07 02:18:04"
}
