【08:29:29.229】  Error T9 
抛出信息：验证token异常 SecurityTokenExpiredException 
异常类型：SecurityTokenExpiredException 
异常信息：IDX10223: Lifetime validation failed. The token is expired. ValidTo: '2022-04-06 12:05:32', Current time: '2022-04-07 00:29:29'. 
堆栈调用：
   at Microsoft.IdentityModel.Tokens.Validators.ValidateLifetime(Nullable`1 notBefore, Nullable`1 expires, SecurityToken securityToken, TokenValidationParameters validationParameters)
   at System.IdentityModel.Tokens.Jwt.JwtSecurityTokenHandler.ValidateLifetime(Nullable`1 notBefore, Nullable`1 expires, JwtSecurityToken jwtToken, TokenValidationParameters validationParameters)
   at System.IdentityModel.Tokens.Jwt.JwtSecurityTokenHandler.ValidateTokenPayload(JwtSecurityToken jwtToken, TokenValidationParameters validationParameters)
   at System.IdentityModel.Tokens.Jwt.JwtSecurityTokenHandler.ValidateToken(String token, TokenValidationParameters validationParameters, SecurityToken& validatedToken)
   at Yuebon.AspNetCore.Mvc.TokenProvider.ValidateToken(String token) in D:\Code_Vue\YuebonNetCore-master\Yuebon.NetCore\Yuebon.AspNetCore\Mvc\TokenProvider.cs:line 107
【08:30:14.668】  Error T14 
抛出信息： 
异常类型：IOException 
异常信息：The process cannot access the file 'D:\Code_Vue\YuebonNetCore-master\Yuebon.WebApi\ToKen\ToKen.txt' because it is being used by another process. 
堆栈调用：
   at Microsoft.Win32.SafeHandles.SafeFileHandle.CreateFile(String fullPath, FileMode mode, FileAccess access, FileShare share, FileOptions options)
   at Microsoft.Win32.SafeHandles.SafeFileHandle.Open(String fullPath, FileMode mode, FileAccess access, FileShare share, FileOptions options, Int64 preallocationSize)
   at System.IO.Strategies.OSFileStreamStrategy..ctor(String path, FileMode mode, FileAccess access, FileShare share, FileOptions options, Int64 preallocationSize)
   at System.IO.Strategies.FileStreamHelpers.ChooseStrategy(FileStream fileStream, String path, FileMode mode, FileAccess access, FileShare share, Int32 bufferSize, FileOptions options, Int64 preallocationSize)
   at System.IO.StreamWriter.ValidateArgsAndOpenPath(String path, Boolean append, Encoding encoding, Int32 bufferSize)
   at System.IO.File.WriteAllText(String path, String contents)
   at Yuebon.AspNetCore.Controllers.ApiController.OnActionExecuting(ActionExecutingContext context) in D:\Code_Vue\YuebonNetCore-master\Yuebon.NetCore\Yuebon.AspNetCore\Mvc\ApiController.cs:line 88
【08:41:34.878】  Error T40 
抛出信息： 
异常类型：IOException 
异常信息：The process cannot access the file 'D:\Code_Vue\YuebonNetCore-master\Yuebon.WebApi\ToKen\ToKen.txt' because it is being used by another process. 
堆栈调用：
   at Microsoft.Win32.SafeHandles.SafeFileHandle.CreateFile(String fullPath, FileMode mode, FileAccess access, FileShare share, FileOptions options)
   at Microsoft.Win32.SafeHandles.SafeFileHandle.Open(String fullPath, FileMode mode, FileAccess access, FileShare share, FileOptions options, Int64 preallocationSize)
   at System.IO.Strategies.OSFileStreamStrategy..ctor(String path, FileMode mode, FileAccess access, FileShare share, FileOptions options, Int64 preallocationSize)
   at System.IO.Strategies.FileStreamHelpers.ChooseStrategy(FileStream fileStream, String path, FileMode mode, FileAccess access, FileShare share, Int32 bufferSize, FileOptions options, Int64 preallocationSize)
   at System.IO.StreamWriter.ValidateArgsAndOpenPath(String path, Boolean append, Encoding encoding, Int32 bufferSize)
   at System.IO.File.WriteAllText(String path, String contents)
   at Yuebon.AspNetCore.Controllers.ApiController.OnActionExecuting(ActionExecutingContext context) in D:\Code_Vue\YuebonNetCore-master\Yuebon.NetCore\Yuebon.AspNetCore\Mvc\ApiController.cs:line 88
【08:41:53.844】  Error T43 
抛出信息： 
异常类型：IOException 
异常信息：The process cannot access the file 'D:\Code_Vue\YuebonNetCore-master\Yuebon.WebApi\ToKen\ToKen.txt' because it is being used by another process. 
堆栈调用：
   at Microsoft.Win32.SafeHandles.SafeFileHandle.CreateFile(String fullPath, FileMode mode, FileAccess access, FileShare share, FileOptions options)
   at Microsoft.Win32.SafeHandles.SafeFileHandle.Open(String fullPath, FileMode mode, FileAccess access, FileShare share, FileOptions options, Int64 preallocationSize)
   at System.IO.Strategies.OSFileStreamStrategy..ctor(String path, FileMode mode, FileAccess access, FileShare share, FileOptions options, Int64 preallocationSize)
   at System.IO.Strategies.FileStreamHelpers.ChooseStrategy(FileStream fileStream, String path, FileMode mode, FileAccess access, FileShare share, Int32 bufferSize, FileOptions options, Int64 preallocationSize)
   at System.IO.StreamWriter.ValidateArgsAndOpenPath(String path, Boolean append, Encoding encoding, Int32 bufferSize)
   at System.IO.File.WriteAllText(String path, String contents)
   at Yuebon.AspNetCore.Controllers.ApiController.OnActionExecuting(ActionExecutingContext context) in D:\Code_Vue\YuebonNetCore-master\Yuebon.NetCore\Yuebon.AspNetCore\Mvc\ApiController.cs:line 88
【09:14:21.082】  Error T11 
抛出信息：全局捕获程序运行异常信息
/api/Login/GetUserInfo 
异常类型：NullReferenceException 
异常信息：Object reference not set to an instance of an object. 
【堆栈调用】：
   at Yuebon.WebApi.Controllers.LoginController.Logout() in D:\Code_Vue\YuebonNetCore-master\Yuebon.WebApi\Controllers\LoginController.cs:line 437
   at Yuebon.WebApi.Controllers.LoginController.GetUserInfo() in D:\Code_Vue\YuebonNetCore-master\Yuebon.WebApi\Controllers\LoginController.cs:line 226
   at lambda_method10(Closure , Object , Object[] )
   at Microsoft.AspNetCore.Mvc.Infrastructure.ActionMethodExecutor.SyncActionResultExecutor.Execute(IActionResultTypeMapper mapper, ObjectMethodExecutor executor, Object controller, Object[] arguments)
   at Microsoft.AspNetCore.Mvc.Infrastructure.ControllerActionInvoker.<InvokeActionMethodAsync>g__Logged|12_1(ControllerActionInvoker invoker)
   at Microsoft.AspNetCore.Mvc.Infrastructure.ControllerActionInvoker.<InvokeNextActionFilterAsync>g__Awaited|10_0(ControllerActionInvoker invoker, Task lastTask, State next, Scope scope, Object state, Boolean isCompleted)
   at Microsoft.AspNetCore.Mvc.Infrastructure.ControllerActionInvoker.Rethrow(ActionExecutedContextSealed context)
   at Microsoft.AspNetCore.Mvc.Infrastructure.ControllerActionInvoker.Next(State& next, Scope& scope, Object& state, Boolean& isCompleted)
   at Microsoft.AspNetCore.Mvc.Infrastructure.ControllerActionInvoker.InvokeInnerFilterAsync()
--- End of stack trace from previous location ---
   at Microsoft.AspNetCore.Mvc.Infrastructure.ResourceInvoker.<InvokeNextExceptionFilterAsync>g__Awaited|26_0(ResourceInvoker invoker, Task lastTask, State next, Scope scope, Object state, Boolean isCompleted)
【09:14:29.783】  Error T9 
抛出信息：全局捕获程序运行异常信息
/api/Login/Logout 
异常类型：NullReferenceException 
异常信息：Object reference not set to an instance of an object. 
【堆栈调用】：
   at Yuebon.WebApi.Controllers.LoginController.Logout() in D:\Code_Vue\YuebonNetCore-master\Yuebon.WebApi\Controllers\LoginController.cs:line 437
   at lambda_method17(Closure , Object , Object[] )
   at Microsoft.AspNetCore.Mvc.Infrastructure.ActionMethodExecutor.SyncActionResultExecutor.Execute(IActionResultTypeMapper mapper, ObjectMethodExecutor executor, Object controller, Object[] arguments)
   at Microsoft.AspNetCore.Mvc.Infrastructure.ControllerActionInvoker.<InvokeActionMethodAsync>g__Logged|12_1(ControllerActionInvoker invoker)
   at Microsoft.AspNetCore.Mvc.Infrastructure.ControllerActionInvoker.<InvokeNextActionFilterAsync>g__Awaited|10_0(ControllerActionInvoker invoker, Task lastTask, State next, Scope scope, Object state, Boolean isCompleted)
   at Microsoft.AspNetCore.Mvc.Infrastructure.ControllerActionInvoker.Rethrow(ActionExecutedContextSealed context)
   at Microsoft.AspNetCore.Mvc.Infrastructure.ControllerActionInvoker.Next(State& next, Scope& scope, Object& state, Boolean& isCompleted)
   at Microsoft.AspNetCore.Mvc.Infrastructure.ControllerActionInvoker.InvokeInnerFilterAsync()
--- End of stack trace from previous location ---
   at Microsoft.AspNetCore.Mvc.Infrastructure.ResourceInvoker.<InvokeNextExceptionFilterAsync>g__Awaited|26_0(ResourceInvoker invoker, Task lastTask, State next, Scope scope, Object state, Boolean isCompleted)
【09:25:35.790】  Error T9 
抛出信息： 
异常类型：IOException 
异常信息：The process cannot access the file 'D:\Code_Vue\YuebonNetCore-master\Yuebon.WebApi\ToKen\ToKen.txt' because it is being used by another process. 
堆栈调用：
   at Microsoft.Win32.SafeHandles.SafeFileHandle.CreateFile(String fullPath, FileMode mode, FileAccess access, FileShare share, FileOptions options)
   at Microsoft.Win32.SafeHandles.SafeFileHandle.Open(String fullPath, FileMode mode, FileAccess access, FileShare share, FileOptions options, Int64 preallocationSize)
   at System.IO.Strategies.OSFileStreamStrategy..ctor(String path, FileMode mode, FileAccess access, FileShare share, FileOptions options, Int64 preallocationSize)
   at System.IO.Strategies.FileStreamHelpers.ChooseStrategy(FileStream fileStream, String path, FileMode mode, FileAccess access, FileShare share, Int32 bufferSize, FileOptions options, Int64 preallocationSize)
   at System.IO.StreamWriter.ValidateArgsAndOpenPath(String path, Boolean append, Encoding encoding, Int32 bufferSize)
   at System.IO.File.WriteAllText(String path, String contents)
   at Yuebon.AspNetCore.Controllers.ApiController.OnActionExecuting(ActionExecutingContext context) in D:\Code_Vue\YuebonNetCore-master\Yuebon.NetCore\Yuebon.AspNetCore\Mvc\ApiController.cs:line 88
【09:26:39.515】  Error T13 
抛出信息： 
异常类型：IOException 
异常信息：The process cannot access the file 'D:\Code_Vue\YuebonNetCore-master\Yuebon.WebApi\ToKen\ToKen.txt' because it is being used by another process. 
堆栈调用：
   at Microsoft.Win32.SafeHandles.SafeFileHandle.CreateFile(String fullPath, FileMode mode, FileAccess access, FileShare share, FileOptions options)
   at Microsoft.Win32.SafeHandles.SafeFileHandle.Open(String fullPath, FileMode mode, FileAccess access, FileShare share, FileOptions options, Int64 preallocationSize)
   at System.IO.Strategies.OSFileStreamStrategy..ctor(String path, FileMode mode, FileAccess access, FileShare share, FileOptions options, Int64 preallocationSize)
   at System.IO.Strategies.FileStreamHelpers.ChooseStrategy(FileStream fileStream, String path, FileMode mode, FileAccess access, FileShare share, Int32 bufferSize, FileOptions options, Int64 preallocationSize)
   at System.IO.StreamWriter.ValidateArgsAndOpenPath(String path, Boolean append, Encoding encoding, Int32 bufferSize)
   at System.IO.File.WriteAllText(String path, String contents)
   at Yuebon.AspNetCore.Controllers.ApiController.OnActionExecuting(ActionExecutingContext context) in D:\Code_Vue\YuebonNetCore-master\Yuebon.NetCore\Yuebon.AspNetCore\Mvc\ApiController.cs:line 88
【09:26:39.516】  Error T17 
抛出信息： 
异常类型：IOException 
异常信息：The process cannot access the file 'D:\Code_Vue\YuebonNetCore-master\Yuebon.WebApi\ToKen\ToKen.txt' because it is being used by another process. 
堆栈调用：
   at Microsoft.Win32.SafeHandles.SafeFileHandle.CreateFile(String fullPath, FileMode mode, FileAccess access, FileShare share, FileOptions options)
   at Microsoft.Win32.SafeHandles.SafeFileHandle.Open(String fullPath, FileMode mode, FileAccess access, FileShare share, FileOptions options, Int64 preallocationSize)
   at System.IO.Strategies.OSFileStreamStrategy..ctor(String path, FileMode mode, FileAccess access, FileShare share, FileOptions options, Int64 preallocationSize)
   at System.IO.Strategies.FileStreamHelpers.ChooseStrategy(FileStream fileStream, String path, FileMode mode, FileAccess access, FileShare share, Int32 bufferSize, FileOptions options, Int64 preallocationSize)
   at System.IO.StreamWriter.ValidateArgsAndOpenPath(String path, Boolean append, Encoding encoding, Int32 bufferSize)
   at System.IO.File.WriteAllText(String path, String contents)
   at Yuebon.AspNetCore.Controllers.ApiController.OnActionExecuting(ActionExecutingContext context) in D:\Code_Vue\YuebonNetCore-master\Yuebon.NetCore\Yuebon.AspNetCore\Mvc\ApiController.cs:line 88
【09:26:48.647】  Error T13 
抛出信息： 
异常类型：IOException 
异常信息：The process cannot access the file 'D:\Code_Vue\YuebonNetCore-master\Yuebon.WebApi\ToKen\ToKen.txt' because it is being used by another process. 
堆栈调用：
   at Microsoft.Win32.SafeHandles.SafeFileHandle.CreateFile(String fullPath, FileMode mode, FileAccess access, FileShare share, FileOptions options)
   at Microsoft.Win32.SafeHandles.SafeFileHandle.Open(String fullPath, FileMode mode, FileAccess access, FileShare share, FileOptions options, Int64 preallocationSize)
   at System.IO.Strategies.OSFileStreamStrategy..ctor(String path, FileMode mode, FileAccess access, FileShare share, FileOptions options, Int64 preallocationSize)
   at System.IO.Strategies.FileStreamHelpers.ChooseStrategy(FileStream fileStream, String path, FileMode mode, FileAccess access, FileShare share, Int32 bufferSize, FileOptions options, Int64 preallocationSize)
   at System.IO.StreamWriter.ValidateArgsAndOpenPath(String path, Boolean append, Encoding encoding, Int32 bufferSize)
   at System.IO.File.WriteAllText(String path, String contents)
   at Yuebon.AspNetCore.Controllers.ApiController.OnActionExecuting(ActionExecutingContext context) in D:\Code_Vue\YuebonNetCore-master\Yuebon.NetCore\Yuebon.AspNetCore\Mvc\ApiController.cs:line 88
【09:27:34.190】  Error T48 
抛出信息： 
异常类型：IOException 
异常信息：The process cannot access the file 'D:\Code_Vue\YuebonNetCore-master\Yuebon.WebApi\ToKen\ToKen.txt' because it is being used by another process. 
堆栈调用：
   at Microsoft.Win32.SafeHandles.SafeFileHandle.CreateFile(String fullPath, FileMode mode, FileAccess access, FileShare share, FileOptions options)
   at Microsoft.Win32.SafeHandles.SafeFileHandle.Open(String fullPath, FileMode mode, FileAccess access, FileShare share, FileOptions options, Int64 preallocationSize)
   at System.IO.Strategies.OSFileStreamStrategy..ctor(String path, FileMode mode, FileAccess access, FileShare share, FileOptions options, Int64 preallocationSize)
   at System.IO.File.WriteAllText(String path, String contents)
   at Yuebon.AspNetCore.Controllers.ApiController.OnActionExecuting(ActionExecutingContext context) in D:\Code_Vue\YuebonNetCore-master\Yuebon.NetCore\Yuebon.AspNetCore\Mvc\ApiController.cs:line 88
【09:27:34.190】  Error T46 
抛出信息： 
异常类型：IOException 
异常信息：The process cannot access the file 'D:\Code_Vue\YuebonNetCore-master\Yuebon.WebApi\ToKen\ToKen.txt' because it is being used by another process. 
堆栈调用：
   at Microsoft.Win32.SafeHandles.SafeFileHandle.CreateFile(String fullPath, FileMode mode, FileAccess access, FileShare share, FileOptions options)
   at Microsoft.Win32.SafeHandles.SafeFileHandle.Open(String fullPath, FileMode mode, FileAccess access, FileShare share, FileOptions options, Int64 preallocationSize)
   at System.IO.Strategies.OSFileStreamStrategy..ctor(String path, FileMode mode, FileAccess access, FileShare share, FileOptions options, Int64 preallocationSize)
   at System.IO.File.WriteAllText(String path, String contents)
   at Yuebon.AspNetCore.Controllers.ApiController.OnActionExecuting(ActionExecutingContext context) in D:\Code_Vue\YuebonNetCore-master\Yuebon.NetCore\Yuebon.AspNetCore\Mvc\ApiController.cs:line 88
【09:27:42.385】  Error T31 
抛出信息： 
异常类型：IOException 
异常信息：The process cannot access the file 'D:\Code_Vue\YuebonNetCore-master\Yuebon.WebApi\ToKen\ToKen.txt' because it is being used by another process. 
堆栈调用：
   at Microsoft.Win32.SafeHandles.SafeFileHandle.CreateFile(String fullPath, FileMode mode, FileAccess access, FileShare share, FileOptions options)
   at Microsoft.Win32.SafeHandles.SafeFileHandle.Open(String fullPath, FileMode mode, FileAccess access, FileShare share, FileOptions options, Int64 preallocationSize)
   at System.IO.Strategies.OSFileStreamStrategy..ctor(String path, FileMode mode, FileAccess access, FileShare share, FileOptions options, Int64 preallocationSize)
   at System.IO.File.WriteAllText(String path, String contents)
   at Yuebon.AspNetCore.Controllers.ApiController.OnActionExecuting(ActionExecutingContext context) in D:\Code_Vue\YuebonNetCore-master\Yuebon.NetCore\Yuebon.AspNetCore\Mvc\ApiController.cs:line 88
【10:12:49.732】  Error T93 
抛出信息： 
异常类型：IOException 
异常信息：The process cannot access the file 'D:\Code_Vue\YuebonNetCore-master\Yuebon.WebApi\ToKen\ToKen.txt' because it is being used by another process. 
堆栈调用：
   at Microsoft.Win32.SafeHandles.SafeFileHandle.CreateFile(String fullPath, FileMode mode, FileAccess access, FileShare share, FileOptions options)
   at Microsoft.Win32.SafeHandles.SafeFileHandle.Open(String fullPath, FileMode mode, FileAccess access, FileShare share, FileOptions options, Int64 preallocationSize)
   at System.IO.Strategies.OSFileStreamStrategy..ctor(String path, FileMode mode, FileAccess access, FileShare share, FileOptions options, Int64 preallocationSize)
   at System.IO.File.WriteAllText(String path, String contents)
   at Yuebon.AspNetCore.Controllers.ApiController.OnActionExecuting(ActionExecutingContext context) in D:\Code_Vue\YuebonNetCore-master\Yuebon.NetCore\Yuebon.AspNetCore\Mvc\ApiController.cs:line 88
【10:12:49.831】  Error T94 
抛出信息： 
异常类型：IOException 
异常信息：The process cannot access the file 'D:\Code_Vue\YuebonNetCore-master\Yuebon.WebApi\ToKen\ToKen.txt' because it is being used by another process. 
堆栈调用：
   at Microsoft.Win32.SafeHandles.SafeFileHandle.CreateFile(String fullPath, FileMode mode, FileAccess access, FileShare share, FileOptions options)
   at Microsoft.Win32.SafeHandles.SafeFileHandle.Open(String fullPath, FileMode mode, FileAccess access, FileShare share, FileOptions options, Int64 preallocationSize)
   at System.IO.Strategies.OSFileStreamStrategy..ctor(String path, FileMode mode, FileAccess access, FileShare share, FileOptions options, Int64 preallocationSize)
   at System.IO.File.WriteAllText(String path, String contents)
   at Yuebon.AspNetCore.Controllers.ApiController.OnActionExecuting(ActionExecutingContext context) in D:\Code_Vue\YuebonNetCore-master\Yuebon.NetCore\Yuebon.AspNetCore\Mvc\ApiController.cs:line 88
【10:12:54.879】  Error T7 
抛出信息： 
异常类型：IOException 
异常信息：The process cannot access the file 'D:\Code_Vue\YuebonNetCore-master\Yuebon.WebApi\ToKen\ToKen.txt' because it is being used by another process. 
堆栈调用：
   at Microsoft.Win32.SafeHandles.SafeFileHandle.CreateFile(String fullPath, FileMode mode, FileAccess access, FileShare share, FileOptions options)
   at Microsoft.Win32.SafeHandles.SafeFileHandle.Open(String fullPath, FileMode mode, FileAccess access, FileShare share, FileOptions options, Int64 preallocationSize)
   at System.IO.Strategies.OSFileStreamStrategy..ctor(String path, FileMode mode, FileAccess access, FileShare share, FileOptions options, Int64 preallocationSize)
   at System.IO.File.WriteAllText(String path, String contents)
   at Yuebon.AspNetCore.Controllers.ApiController.OnActionExecuting(ActionExecutingContext context) in D:\Code_Vue\YuebonNetCore-master\Yuebon.NetCore\Yuebon.AspNetCore\Mvc\ApiController.cs:line 88
【10:21:47.024】  Error T19 
抛出信息： 
异常类型：IOException 
异常信息：The process cannot access the file 'D:\Code_Vue\YuebonNetCore-master\Yuebon.WebApi\ToKen\ToKen.txt' because it is being used by another process. 
堆栈调用：
   at Microsoft.Win32.SafeHandles.SafeFileHandle.CreateFile(String fullPath, FileMode mode, FileAccess access, FileShare share, FileOptions options)
   at Microsoft.Win32.SafeHandles.SafeFileHandle.Open(String fullPath, FileMode mode, FileAccess access, FileShare share, FileOptions options, Int64 preallocationSize)
   at System.IO.Strategies.OSFileStreamStrategy..ctor(String path, FileMode mode, FileAccess access, FileShare share, FileOptions options, Int64 preallocationSize)
   at System.IO.File.WriteAllText(String path, String contents)
   at Yuebon.AspNetCore.Controllers.ApiController.OnActionExecuting(ActionExecutingContext context) in D:\Code_Vue\YuebonNetCore-master\Yuebon.NetCore\Yuebon.AspNetCore\Mvc\ApiController.cs:line 88
