[08:29:13] (Info) 方法名称：MoveNext
日志内容：开始启动定时任务
[08:29:14] (Info) 方法名称：MoveNext
日志内容：启动定时任务AAA
[08:46:09] (Info) 方法名称：MoveNext
日志内容：开始启动定时任务
[08:46:09] (Info) 方法名称：MoveNext
日志内容：启动定时任务AAA
[09:03:31] (Info) 方法名称：MoveNext
日志内容：开始启动定时任务
[09:03:31] (Info) 方法名称：MoveNext
日志内容：启动定时任务AAA
[09:14:02] (Info) 方法名称：MoveNext
日志内容：开始启动定时任务
[09:14:02] (Info) 方法名称：MoveNext
日志内容：启动定时任务AAA
[09:23:01] (Info) 方法名称：MoveNext
日志内容：开始启动定时任务
[09:23:02] (Info) 方法名称：MoveNext
日志内容：启动定时任务AAA
[10:01:00] (Info) 方法名称：Execute
日志内容：2022-04-07 10:01:00执行任务
[15:52:19] (Info) 方法名称：MoveNext
日志内容：开始启动定时任务
[15:52:19] (Info) 方法名称：MoveNext
日志内容：启动定时任务AAA
[15:52:34] (Info) 方法名称：MoveNext
日志内容：开始启动定时任务
[15:52:34] (Info) 方法名称：MoveNext
日志内容：启动定时任务AAA
[15:52:55] (Info) 方法名称：MoveNext
日志内容：开始启动定时任务
[15:52:55] (Info) 方法名称：MoveNext
日志内容：启动定时任务AAA
[15:53:51] (Info) 方法名称：MoveNext
日志内容：开始启动定时任务
[15:53:52] (Info) 方法名称：MoveNext
日志内容：启动定时任务AAA
[18:27:05] (Info) 方法名称：MoveNext
日志内容：开始启动定时任务
[18:27:05] (Info) 方法名称：MoveNext
日志内容：启动定时任务AAA
[18:40:27] (Info) 方法名称：MoveNext
日志内容：开始启动定时任务
[18:40:27] (Info) 方法名称：MoveNext
日志内容：启动定时任务AAA
