[10:58:47] (Info) 方法名称：MoveNext
日志内容：开始启动定时任务
[10:58:47] (Info) 方法名称：MoveNext
日志内容：启动定时任务AAA
[11:01:00] (Info) 方法名称：Execute
日志内容：2022-04-29 11:01:00执行任务
[11:03:05] (Info) 方法名称：MoveNext
日志内容：开始启动定时任务
[11:03:05] (Info) 方法名称：MoveNext
日志内容：启动定时任务AAA
[13:22:34] (Info) 方法名称：MoveNext
日志内容：开始启动定时任务
[13:22:34] (Info) 方法名称：MoveNext
日志内容：启动定时任务AAA
[13:59:46] (Info) 方法名称：MoveNext
日志内容：开始启动定时任务
[13:59:46] (Info) 方法名称：MoveNext
日志内容：启动定时任务AAA
[14:01:07] (Info) 方法名称：Execute
日志内容：2022-04-29 14:01:07执行任务
[14:14:38] (Info) 方法名称：MoveNext
日志内容：开始启动定时任务
[14:14:38] (Info) 方法名称：MoveNext
日志内容：启动定时任务AAA
[14:51:12] (Info) 方法名称：MoveNext
日志内容：开始启动定时任务
[14:51:12] (Info) 方法名称：MoveNext
日志内容：启动定时任务AAA
[15:40:23] (Info) 方法名称：Execute
日志内容：2022-04-29 15:40:23执行任务
[16:28:47] (Info) 方法名称：MoveNext
日志内容：开始启动定时任务
[16:28:47] (Info) 方法名称：MoveNext
日志内容：启动定时任务AAA
[16:38:25] (Info) 方法名称：MoveNext
日志内容：开始启动定时任务
[16:38:25] (Info) 方法名称：MoveNext
日志内容：启动定时任务AAA
[16:51:03] (Info) 方法名称：MoveNext
日志内容：开始启动定时任务
[16:51:03] (Info) 方法名称：MoveNext
日志内容：启动定时任务AAA
[17:05:38] (Info) 方法名称：MoveNext
日志内容：开始启动定时任务
[17:05:38] (Info) 方法名称：MoveNext
日志内容：启动定时任务AAA
[17:36:41] (Info) 方法名称：MoveNext
日志内容：开始启动定时任务
[17:36:41] (Info) 方法名称：MoveNext
日志内容：启动定时任务AAA
[17:41:57] (Info) 方法名称：MoveNext
日志内容：开始启动定时任务
[17:41:57] (Info) 方法名称：MoveNext
日志内容：启动定时任务AAA
[17:48:46] (Info) 方法名称：MoveNext
日志内容：开始启动定时任务
[17:48:46] (Info) 方法名称：MoveNext
日志内容：启动定时任务AAA
