[08:42:17] (Info) 方法名称：MoveNext
日志内容：开始启动定时任务
[08:42:17] (Info) 方法名称：MoveNext
日志内容：启动定时任务testTaskName
[08:42:17] (Info) 方法名称：MoveNext
日志内容：启动定时任务异常Job class cannot be null.
[08:55:18] (Info) 方法名称：MoveNext
日志内容：开始启动定时任务
[08:55:19] (Info) 方法名称：MoveNext
日志内容：启动定时任务testTaskName
[08:55:19] (Info) 方法名称：MoveNext
日志内容：启动定时任务异常Job class cannot be null.
[09:13:17] (Info) 方法名称：MoveNext
日志内容：开始启动定时任务
[09:13:17] (Info) 方法名称：MoveNext
日志内容：启动定时任务testTaskName
[09:13:17] (Info) 方法名称：MoveNext
日志内容：启动定时任务异常Job class cannot be null.
[09:14:57] (Info) 方法名称：MoveNext
日志内容：开始启动定时任务
[09:14:57] (Info) 方法名称：MoveNext
日志内容：启动定时任务AAA
[09:14:57] (Info) 方法名称：MoveNext
日志内容：启动定时任务testTaskName
[09:14:57] (Info) 方法名称：MoveNext
日志内容：启动定时任务异常Job class cannot be null.
[09:18:13] (Info) 方法名称：MoveNext
日志内容：开始启动定时任务
[09:18:13] (Info) 方法名称：MoveNext
日志内容：启动定时任务AAA
[09:18:13] (Info) 方法名称：MoveNext
日志内容：启动定时任务testTaskName
[09:18:14] (Info) 方法名称：MoveNext
日志内容：启动定时任务异常Job class cannot be null.
[09:21:48] (Info) 方法名称：MoveNext
日志内容：开始启动定时任务
[09:21:48] (Info) 方法名称：MoveNext
日志内容：启动定时任务AAA
[09:21:48] (Info) 方法名称：MoveNext
日志内容：启动定时任务testTaskName
[09:21:48] (Info) 方法名称：MoveNext
日志内容：启动定时任务异常Job class cannot be null.
[09:24:55] (Info) 方法名称：MoveNext
日志内容：开始启动定时任务
[09:24:56] (Info) 方法名称：MoveNext
日志内容：启动定时任务AAA
[09:24:56] (Info) 方法名称：MoveNext
日志内容：启动定时任务testTaskName
[09:24:56] (Info) 方法名称：MoveNext
日志内容：启动定时任务异常Job class cannot be null.
[09:25:43] (Info) 方法名称：MoveNext
日志内容：开始启动定时任务
[09:25:43] (Info) 方法名称：MoveNext
日志内容：启动定时任务testTaskName
[09:25:43] (Info) 方法名称：MoveNext
日志内容：启动定时任务异常Job class cannot be null.
[09:34:09] (Info) 方法名称：MoveNext
日志内容：开始启动定时任务
[09:34:09] (Info) 方法名称：MoveNext
日志内容：启动定时任务testTaskName
[09:34:09] (Info) 方法名称：MoveNext
日志内容：启动定时任务异常Job class cannot be null.
[10:02:23] (Info) 方法名称：MoveNext
日志内容：开始启动定时任务
[10:02:23] (Info) 方法名称：MoveNext
日志内容：启动定时任务testTaskName
[10:02:23] (Info) 方法名称：MoveNext
日志内容：启动定时任务异常Job class cannot be null.
[10:10:25] (Info) 方法名称：MoveNext
日志内容：开始启动定时任务
[10:10:26] (Info) 方法名称：MoveNext
日志内容：启动定时任务testTaskName
[10:10:26] (Info) 方法名称：MoveNext
日志内容：启动定时任务异常Job class cannot be null.
[11:20:02] (Info) 方法名称：MoveNext
日志内容：开始启动定时任务
[11:20:02] (Info) 方法名称：MoveNext
日志内容：启动定时任务testTaskName
[11:20:02] (Info) 方法名称：MoveNext
日志内容：启动定时任务异常Job class cannot be null.
[17:17:27] (Info) 方法名称：MoveNext
日志内容：开始启动定时任务
[17:17:27] (Info) 方法名称：MoveNext
日志内容：启动定时任务testTaskName
[17:17:27] (Info) 方法名称：MoveNext
日志内容：启动定时任务异常Job class cannot be null.
[17:42:21] (Info) 方法名称：MoveNext
日志内容：开始启动定时任务
[17:42:22] (Info) 方法名称：MoveNext
日志内容：启动定时任务testTaskName
[17:42:22] (Info) 方法名称：MoveNext
日志内容：启动定时任务异常Job class cannot be null.
