【10:53:11.027】  Error T33 
抛出信息：获取 Clone 异常 
异常类型：InvalidOperationException 
异常信息：Sequence contains no elements 
堆栈调用：
   at System.Linq.ThrowHelper.ThrowNoElementsException()
   at Dapper.SqlMapper.ThrowZeroRows(Row row) in /_/Dapper/SqlMapper.cs:line 1167
   at Dapper.SqlMapper.QueryRowAsync[T](IDbConnection cnn, Row row, Type effectiveType, CommandDefinition command) in /_/Dapper/SqlMapper.Async.cs:line 487
   at Yuebon.Security.Repositories.SC_mesRouteDetailRepository.GetConfInfo(Int32 I_Language, Int32 I_LineID, Int32 I_StationID, Int32 I_EmployeeID, String S_CurrentLoginIP) in D:\Code\VUE\SFC_DB_API_+XiaoDong\Yuebon.NetCore\Yuebon.Security.Core\SysConfig\4-Repositories\Route\SC_mesRouteDetailRepositories.cs:line 75
   at Yuebon.Security.Services.SC_mesRouteDetailService.GetConfInfo(Int32 I_Language, Int32 I_LineID, Int32 I_StationID, Int32 I_EmployeeID, String S_CurrentLoginIP) in D:\Code\VUE\SFC_DB_API_+XiaoDong\Yuebon.NetCore\Yuebon.Security.Core\SysConfig\6-Services\Route\SC_mesRouteDetailService.cs:line 40
   at Yuebon.WebApi.Areas.Security.Controllers.SC_mesRouteDetailController.List_mesRouteDetail(String RouteID) in D:\Code\VUE\SFC_DB_API_+XiaoDong\Yuebon.WebApi\SysConfig\Route\SC_mesRouteDetailController.cs:line 284
【14:34:33.969】  Error T9 
抛出信息：获取 mesline FindWithPagerSearchAsync 异常 
异常类型：Exception 
异常信息：System.Data.SqlClient.SqlException (0x80131904): 列名 'ID' 不明确。
列名 'ID' 不明确。
   at System.Data.SqlClient.SqlCommand.<>c.<ExecuteDbDataReaderAsync>b__126_0(Task`1 result)
   at System.Threading.Tasks.ContinuationResultTaskFromResultTask`2.InnerInvoke()
   at System.Threading.Tasks.Task.<>c.<.cctor>b__272_0(Object obj)
   at System.Threading.ExecutionContext.RunInternal(ExecutionContext executionContext, ContextCallback callback, Object state)
--- End of stack trace from previous location ---
   at System.Threading.ExecutionContext.RunInternal(ExecutionContext executionContext, ContextCallback callback, Object state)
   at System.Threading.Tasks.Task.ExecuteWithThreadLocal(Task& currentTaskSlot, Thread threadPoolThread)
--- End of stack trace from previous location ---
   at StackExchange.Profiling.Data.ProfiledDbCommand.ExecuteDbDataReaderAsync(CommandBehavior behavior, CancellationToken cancellationToken) in C:\projects\dotnet\src\MiniProfiler.Shared\Data\ProfiledDbCommand.cs:line 257
   at Dapper.SqlMapper.QueryAsync[T](IDbConnection cnn, Type effectiveType, CommandDefinition command) in /_/Dapper/SqlMapper.Async.cs:line 418
   at Yuebon.Security.Repositories.SC_mesSNFormatRepository.FindWithPagerMyAsync(SC_mesSNFormatSearch search, PagerInfo info) in D:\Code\VUE\SFC_DB_API_+XiaoDong\Yuebon.NetCore\Yuebon.Security.Core\SysConfig\4-Repositories\SN\SC_mesSNFormatRepository.cs:line 437
ClientConnectionId:d5d1f90c-02f1-47b1-80ab-52c4bc0033a3
Error Number:209,State:1,Class:16 
堆栈调用：
   at Yuebon.Security.Repositories.SC_mesSNFormatRepository.FindWithPagerMyAsync(SC_mesSNFormatSearch search, PagerInfo info) in D:\Code\VUE\SFC_DB_API_+XiaoDong\Yuebon.NetCore\Yuebon.Security.Core\SysConfig\4-Repositories\SN\SC_mesSNFormatRepository.cs:line 455
   at Yuebon.Security.Services.SC_mesSNFormatService.FindWithPagerSearchAsync(SC_mesSNFormatSearch search) in D:\Code\VUE\SFC_DB_API_+XiaoDong\Yuebon.NetCore\Yuebon.Security.Core\SysConfig\6-Services\SN\SC_mesSNFormatService.cs:line 78
   at Yuebon.WebApi.Areas.Security.Controllers.SC_mesSNFormatController.FindWithPagerSearchAsync(Int32 CurrentPageIndex, Int32 PageSize, String LikeQuery, String ID, String Name, String Description, String SNFamilyID, String SNFamily, String SectionTypeID, String SectionType, String SectionParam, String Increment, String InvalidChar, String LastUsed, Boolean AllowReset) in D:\Code\VUE\SFC_DB_API_+XiaoDong\Yuebon.WebApi\SysConfig\SN\SC_SNFormatController.cs:line 337
【14:57:41.553】  Error T5 
抛出信息：获取 mesline FindWithPagerSearchAsync 异常 
异常类型：Exception 
异常信息：System.Data.SqlClient.SqlException (0x80131904): 列名 'Name' 无效。
列名 'Name' 无效。
列名 'Name' 无效。
   at System.Data.SqlClient.SqlCommand.<>c.<ExecuteDbDataReaderAsync>b__126_0(Task`1 result)
   at System.Threading.Tasks.ContinuationResultTaskFromResultTask`2.InnerInvoke()
   at System.Threading.Tasks.Task.<>c.<.cctor>b__272_0(Object obj)
   at System.Threading.ExecutionContext.RunInternal(ExecutionContext executionContext, ContextCallback callback, Object state)
--- End of stack trace from previous location ---
   at System.Threading.ExecutionContext.RunInternal(ExecutionContext executionContext, ContextCallback callback, Object state)
   at System.Threading.Tasks.Task.ExecuteWithThreadLocal(Task& currentTaskSlot, Thread threadPoolThread)
--- End of stack trace from previous location ---
   at StackExchange.Profiling.Data.ProfiledDbCommand.ExecuteDbDataReaderAsync(CommandBehavior behavior, CancellationToken cancellationToken) in C:\projects\dotnet\src\MiniProfiler.Shared\Data\ProfiledDbCommand.cs:line 257
   at Dapper.SqlMapper.QueryAsync[T](IDbConnection cnn, Type effectiveType, CommandDefinition command) in /_/Dapper/SqlMapper.Async.cs:line 418
   at Yuebon.Security.Repositories.SC_IdNameDescRepository.FindWithPagerMyAsync(SC_IdNameDescSearch search, String S_TabName, PagerInfo info) in D:\Code\VUE\SFC_DB_API_+XiaoDong\Yuebon.NetCore\Yuebon.Security.Core\SysConfig\4-Repositories\Public\SC_IdNameDescRepository.cs:line 306
ClientConnectionId:c6099c3b-6e6a-4fb1-8006-8c13639ca26f
Error Number:207,State:1,Class:16 
堆栈调用：
   at Yuebon.Security.Repositories.SC_IdNameDescRepository.FindWithPagerMyAsync(SC_IdNameDescSearch search, String S_TabName, PagerInfo info) in D:\Code\VUE\SFC_DB_API_+XiaoDong\Yuebon.NetCore\Yuebon.Security.Core\SysConfig\4-Repositories\Public\SC_IdNameDescRepository.cs:line 318
   at Yuebon.Security.Services.SC_IdNameDescService.FindWithPagerSearchAsync(SC_IdNameDescSearch search, String S_TabName) in D:\Code\VUE\SFC_DB_API_+XiaoDong\Yuebon.NetCore\Yuebon.Security.Core\SysConfig\6-Services\Public\SC_IdNameDescService.cs:line 78
   at Yuebon.WebApi.Areas.Security.Controllers.SC_mesUnitStateController.FindWithPagerSearchAsync(Int32 CurrentPageIndex, Int32 PageSize, String LikeQuery, String ID, String Name, String Description) in D:\Code\VUE\SFC_DB_API_+XiaoDong\Yuebon.WebApi\SysConfig\Route\SC_mesUnitStateController.cs:line 308
