[08:27:09] (Info) 方法名称：MoveNext
日志内容：开始启动定时任务
[08:27:09] (Info) 方法名称：MoveNext
日志内容：启动定时任务AAA
[08:27:09] (Info) 方法名称：MoveNext
日志内容：启动定时任务testTaskName
[08:27:09] (Info) 方法名称：MoveNext
日志内容：启动定时任务异常Job class cannot be null.
[08:34:44] (Info) 方法名称：MoveNext
日志内容：开始启动定时任务
[08:34:44] (Info) 方法名称：MoveNext
日志内容：启动定时任务AAA
[08:34:44] (Info) 方法名称：MoveNext
日志内容：启动定时任务testTaskName
[08:34:44] (Info) 方法名称：MoveNext
日志内容：启动定时任务异常Job class cannot be null.
[08:38:22] (Info) 方法名称：MoveNext
日志内容：开始启动定时任务
[08:38:22] (Info) 方法名称：MoveNext
日志内容：启动定时任务AAA
[08:38:22] (Info) 方法名称：MoveNext
日志内容：启动定时任务testTaskName
[08:38:22] (Info) 方法名称：MoveNext
日志内容：启动定时任务异常Job class cannot be null.
[08:41:57] (Info) 方法名称：MoveNext
日志内容：开始启动定时任务
[08:41:57] (Info) 方法名称：MoveNext
日志内容：启动定时任务AAA
[08:41:57] (Info) 方法名称：MoveNext
日志内容：启动定时任务testTaskName
[08:41:57] (Info) 方法名称：MoveNext
日志内容：启动定时任务异常Job class cannot be null.
[08:47:48] (Info) 方法名称：MoveNext
日志内容：开始启动定时任务
[08:47:49] (Info) 方法名称：MoveNext
日志内容：启动定时任务AAA
[08:47:49] (Info) 方法名称：MoveNext
日志内容：启动定时任务testTaskName
[08:47:49] (Info) 方法名称：MoveNext
日志内容：启动定时任务异常Job class cannot be null.
[08:57:48] (Info) 方法名称：MoveNext
日志内容：开始启动定时任务
[08:57:48] (Info) 方法名称：MoveNext
日志内容：启动定时任务AAA
[08:57:48] (Info) 方法名称：MoveNext
日志内容：启动定时任务testTaskName
[08:57:48] (Info) 方法名称：MoveNext
日志内容：启动定时任务异常Job class cannot be null.
[09:01:48] (Info) 方法名称：MoveNext
日志内容：开始启动定时任务
[09:01:48] (Info) 方法名称：MoveNext
日志内容：启动定时任务testTaskName
[09:01:48] (Info) 方法名称：MoveNext
日志内容：启动定时任务异常Job class cannot be null.
[09:03:36] (Info) 方法名称：MoveNext
日志内容：开始启动定时任务
[09:03:36] (Info) 方法名称：MoveNext
日志内容：启动定时任务testTaskName
[09:03:36] (Info) 方法名称：MoveNext
日志内容：启动定时任务异常Job class cannot be null.
[09:23:25] (Info) 方法名称：MoveNext
日志内容：开始启动定时任务
[09:23:25] (Info) 方法名称：MoveNext
日志内容：启动定时任务testTaskName
[09:23:25] (Info) 方法名称：MoveNext
日志内容：启动定时任务异常Job class cannot be null.
[09:28:21] (Info) 方法名称：MoveNext
日志内容：开始启动定时任务
[09:28:21] (Info) 方法名称：MoveNext
日志内容：启动定时任务AAA
[09:28:21] (Info) 方法名称：MoveNext
日志内容：启动定时任务testTaskName
[09:28:21] (Info) 方法名称：MoveNext
日志内容：启动定时任务异常Job class cannot be null.
[09:31:22] (Info) 方法名称：MoveNext
日志内容：开始启动定时任务
[09:31:22] (Info) 方法名称：MoveNext
日志内容：启动定时任务testTaskName
[09:31:22] (Info) 方法名称：MoveNext
日志内容：启动定时任务异常Job class cannot be null.
[10:23:52] (Info) 方法名称：MoveNext
日志内容：开始启动定时任务
[10:23:53] (Info) 方法名称：MoveNext
日志内容：启动定时任务testTaskName
[10:23:53] (Info) 方法名称：MoveNext
日志内容：启动定时任务异常Job class cannot be null.
[10:33:39] (Info) 方法名称：MoveNext
日志内容：开始启动定时任务
[10:33:39] (Info) 方法名称：MoveNext
日志内容：启动定时任务testTaskName
[10:33:39] (Info) 方法名称：MoveNext
日志内容：启动定时任务异常Job class cannot be null.
[11:32:58] (Info) 方法名称：MoveNext
日志内容：开始启动定时任务
[11:32:58] (Info) 方法名称：MoveNext
日志内容：启动定时任务testTaskName
[11:32:58] (Info) 方法名称：MoveNext
日志内容：启动定时任务异常Job class cannot be null.
[14:07:50] (Info) 方法名称：MoveNext
日志内容：开始启动定时任务
[14:07:50] (Info) 方法名称：MoveNext
日志内容：启动定时任务testTaskName
[14:07:50] (Info) 方法名称：MoveNext
日志内容：启动定时任务异常Job class cannot be null.
[14:12:59] (Info) 方法名称：MoveNext
日志内容：开始启动定时任务
[14:12:59] (Info) 方法名称：MoveNext
日志内容：启动定时任务testTaskName
[14:12:59] (Info) 方法名称：MoveNext
日志内容：启动定时任务异常Job class cannot be null.
[14:17:40] (Info) 方法名称：MoveNext
日志内容：开始启动定时任务
[14:17:40] (Info) 方法名称：MoveNext
日志内容：启动定时任务testTaskName
[14:17:40] (Info) 方法名称：MoveNext
日志内容：启动定时任务异常Job class cannot be null.
[16:01:19] (Info) 方法名称：MoveNext
日志内容：开始启动定时任务
[16:01:20] (Info) 方法名称：MoveNext
日志内容：启动定时任务testTaskName
[16:01:20] (Info) 方法名称：MoveNext
日志内容：启动定时任务异常Job class cannot be null.
[16:13:42] (Info) 方法名称：MoveNext
日志内容：开始启动定时任务
[16:13:42] (Info) 方法名称：MoveNext
日志内容：启动定时任务testTaskName
[16:13:42] (Info) 方法名称：MoveNext
日志内容：启动定时任务异常Job class cannot be null.
[16:15:26] (Info) 方法名称：MoveNext
日志内容：开始启动定时任务
[16:15:26] (Info) 方法名称：MoveNext
日志内容：启动定时任务testTaskName
[16:15:26] (Info) 方法名称：MoveNext
日志内容：启动定时任务异常Job class cannot be null.
[16:33:53] (Info) 方法名称：MoveNext
日志内容：开始启动定时任务
[16:33:54] (Info) 方法名称：MoveNext
日志内容：启动定时任务testTaskName
[16:33:54] (Info) 方法名称：MoveNext
日志内容：启动定时任务异常Job class cannot be null.
[16:35:59] (Info) 方法名称：MoveNext
日志内容：开始启动定时任务
[16:35:59] (Info) 方法名称：MoveNext
日志内容：启动定时任务testTaskName
[16:35:59] (Info) 方法名称：MoveNext
日志内容：启动定时任务异常Job class cannot be null.
[16:53:36] (Info) 方法名称：MoveNext
日志内容：开始启动定时任务
[16:53:36] (Info) 方法名称：MoveNext
日志内容：启动定时任务testTaskName
[16:53:36] (Info) 方法名称：MoveNext
日志内容：启动定时任务异常Job class cannot be null.
[16:54:54] (Info) 方法名称：MoveNext
日志内容：开始启动定时任务
[16:54:54] (Info) 方法名称：MoveNext
日志内容：启动定时任务testTaskName
[16:54:54] (Info) 方法名称：MoveNext
日志内容：启动定时任务异常Job class cannot be null.
[16:59:16] (Info) 方法名称：MoveNext
日志内容：开始启动定时任务
[16:59:16] (Info) 方法名称：MoveNext
日志内容：启动定时任务testTaskName
[16:59:16] (Info) 方法名称：MoveNext
日志内容：启动定时任务异常Job class cannot be null.
[17:04:52] (Info) 方法名称：MoveNext
日志内容：开始启动定时任务
[17:04:52] (Info) 方法名称：MoveNext
日志内容：启动定时任务testTaskName
[17:04:52] (Info) 方法名称：MoveNext
日志内容：启动定时任务异常Job class cannot be null.
[17:08:25] (Info) 方法名称：MoveNext
日志内容：开始启动定时任务
[17:08:26] (Info) 方法名称：MoveNext
日志内容：启动定时任务testTaskName
[17:08:26] (Info) 方法名称：MoveNext
日志内容：启动定时任务异常Job class cannot be null.
[17:11:06] (Info) 方法名称：MoveNext
日志内容：开始启动定时任务
[17:11:06] (Info) 方法名称：MoveNext
日志内容：启动定时任务testTaskName
[17:11:06] (Info) 方法名称：MoveNext
日志内容：启动定时任务异常Job class cannot be null.
[17:19:37] (Info) 方法名称：MoveNext
日志内容：开始启动定时任务
[17:19:37] (Info) 方法名称：MoveNext
日志内容：启动定时任务testTaskName
[17:19:37] (Info) 方法名称：MoveNext
日志内容：启动定时任务异常Job class cannot be null.
[17:26:40] (Info) 方法名称：MoveNext
日志内容：开始启动定时任务
[17:26:40] (Info) 方法名称：MoveNext
日志内容：启动定时任务testTaskName
[17:26:40] (Info) 方法名称：MoveNext
日志内容：启动定时任务异常Job class cannot be null.
[17:42:57] (Info) 方法名称：MoveNext
日志内容：开始启动定时任务
[17:42:58] (Info) 方法名称：MoveNext
日志内容：启动定时任务testTaskName
[17:42:58] (Info) 方法名称：MoveNext
日志内容：启动定时任务异常Job class cannot be null.
[17:50:04] (Info) 方法名称：MoveNext
日志内容：开始启动定时任务
[17:50:04] (Info) 方法名称：MoveNext
日志内容：启动定时任务testTaskName
[17:50:04] (Info) 方法名称：MoveNext
日志内容：启动定时任务异常Job class cannot be null.
[17:54:34] (Info) 方法名称：MoveNext
日志内容：开始启动定时任务
[17:54:34] (Info) 方法名称：MoveNext
日志内容：启动定时任务testTaskName
[17:54:34] (Info) 方法名称：MoveNext
日志内容：启动定时任务异常Job class cannot be null.
[17:57:27] (Info) 方法名称：MoveNext
日志内容：开始启动定时任务
[17:57:27] (Info) 方法名称：MoveNext
日志内容：启动定时任务testTaskName
[17:57:27] (Info) 方法名称：MoveNext
日志内容：启动定时任务异常Job class cannot be null.
[18:02:38] (Info) 方法名称：MoveNext
日志内容：开始启动定时任务
[18:02:38] (Info) 方法名称：MoveNext
日志内容：启动定时任务testTaskName
[18:02:38] (Info) 方法名称：MoveNext
日志内容：启动定时任务异常Job class cannot be null.
[18:04:37] (Info) 方法名称：MoveNext
日志内容：开始启动定时任务
[18:04:37] (Info) 方法名称：MoveNext
日志内容：启动定时任务testTaskName
[18:04:37] (Info) 方法名称：MoveNext
日志内容：启动定时任务异常Job class cannot be null.
