【13:31:11.779】  Error T26 
抛出信息：全局捕获程序运行异常信息
/api/Security/BZhang/Update 
异常类型：NullReferenceException 
异常信息：Object reference not set to an instance of an object. 
【堆栈调用】：
   at Yuebon.Commons.Repositories.BaseRepositoryGeneric`2.UpdateAsync(T entity, TKey primaryKey, IDbTransaction trans) in D:\Code_Vue\YuebonNetCore-master\Yuebon.NetCore\Yuebon.Commons\Core\Repositories\BaseRepositoryGeneric.cs:line 977
   at Yuebon.Security.Services.BZhangService.UpdateAsync(BZhang entity, String id, IDbTransaction trans) in D:\Code_Vue\YuebonNetCore-master\Yuebon.NetCore\Yuebon.Security.Core\6-Services\zym\BZhangService.cs:line 59
   at Yuebon.WebApi.Areas.Security.Controllers.BZhangController.UpdateAsync(BZhangInputDto tinfo) in D:\Code_Vue\YuebonNetCore-master\Yuebon.WebApi\Areas\zym\Controllers\BZhangController.cs:line 128
   at Microsoft.AspNetCore.Mvc.Infrastructure.ActionMethodExecutor.TaskOfIActionResultExecutor.Execute(IActionResultTypeMapper mapper, ObjectMethodExecutor executor, Object controller, Object[] arguments)
   at Microsoft.AspNetCore.Mvc.Infrastructure.ControllerActionInvoker.<InvokeActionMethodAsync>g__Logged|12_1(ControllerActionInvoker invoker)
   at Microsoft.AspNetCore.Mvc.Infrastructure.ControllerActionInvoker.<InvokeNextActionFilterAsync>g__Awaited|10_0(ControllerActionInvoker invoker, Task lastTask, State next, Scope scope, Object state, Boolean isCompleted)
   at Microsoft.AspNetCore.Mvc.Infrastructure.ControllerActionInvoker.Rethrow(ActionExecutedContextSealed context)
   at Microsoft.AspNetCore.Mvc.Infrastructure.ControllerActionInvoker.Next(State& next, Scope& scope, Object& state, Boolean& isCompleted)
   at Microsoft.AspNetCore.Mvc.Infrastructure.ControllerActionInvoker.InvokeInnerFilterAsync()
--- End of stack trace from previous location ---
   at Microsoft.AspNetCore.Mvc.Infrastructure.ResourceInvoker.<InvokeNextExceptionFilterAsync>g__Awaited|26_0(ResourceInvoker invoker, Task lastTask, State next, Scope scope, Object state, Boolean isCompleted)
【13:40:05.748】  Error T4 
抛出信息：全局捕获程序运行异常信息
/api/Security/BZhang/Update 
异常类型：NullReferenceException 
异常信息：Object reference not set to an instance of an object. 
【堆栈调用】：
   at Yuebon.Commons.Repositories.BaseRepositoryGeneric`2.UpdateAsync(T entity, TKey primaryKey, IDbTransaction trans) in D:\Code_Vue\YuebonNetCore-master\Yuebon.NetCore\Yuebon.Commons\Core\Repositories\BaseRepositoryGeneric.cs:line 977
   at Yuebon.Security.Services.BZhangService.UpdateAsync(BZhang entity, String id, IDbTransaction trans) in D:\Code_Vue\YuebonNetCore-master\Yuebon.NetCore\Yuebon.Security.Core\6-Services\zym\BZhangService.cs:line 59
   at Yuebon.WebApi.Areas.Security.Controllers.BZhangController.UpdateAsync(BZhangInputDto tinfo) in D:\Code_Vue\YuebonNetCore-master\Yuebon.WebApi\Areas\zym\Controllers\BZhangController.cs:line 128
   at Microsoft.AspNetCore.Mvc.Infrastructure.ActionMethodExecutor.TaskOfIActionResultExecutor.Execute(IActionResultTypeMapper mapper, ObjectMethodExecutor executor, Object controller, Object[] arguments)
   at Microsoft.AspNetCore.Mvc.Infrastructure.ControllerActionInvoker.<InvokeActionMethodAsync>g__Logged|12_1(ControllerActionInvoker invoker)
   at Microsoft.AspNetCore.Mvc.Infrastructure.ControllerActionInvoker.<InvokeNextActionFilterAsync>g__Awaited|10_0(ControllerActionInvoker invoker, Task lastTask, State next, Scope scope, Object state, Boolean isCompleted)
   at Microsoft.AspNetCore.Mvc.Infrastructure.ControllerActionInvoker.Rethrow(ActionExecutedContextSealed context)
   at Microsoft.AspNetCore.Mvc.Infrastructure.ControllerActionInvoker.Next(State& next, Scope& scope, Object& state, Boolean& isCompleted)
   at Microsoft.AspNetCore.Mvc.Infrastructure.ControllerActionInvoker.InvokeInnerFilterAsync()
--- End of stack trace from previous location ---
   at Microsoft.AspNetCore.Mvc.Infrastructure.ResourceInvoker.<InvokeNextExceptionFilterAsync>g__Awaited|26_0(ResourceInvoker invoker, Task lastTask, State next, Scope scope, Object state, Boolean isCompleted)
【13:41:38.691】  Error T48 
抛出信息：全局捕获程序运行异常信息
/api/Security/BZhang/Update 
异常类型：NullReferenceException 
异常信息：Object reference not set to an instance of an object. 
【堆栈调用】：
   at Yuebon.Commons.Repositories.BaseRepositoryGeneric`2.UpdateAsync(T entity, TKey primaryKey, IDbTransaction trans) in D:\Code_Vue\YuebonNetCore-master\Yuebon.NetCore\Yuebon.Commons\Core\Repositories\BaseRepositoryGeneric.cs:line 977
   at Yuebon.Security.Services.BZhangService.UpdateAsync(BZhang entity, String id, IDbTransaction trans) in D:\Code_Vue\YuebonNetCore-master\Yuebon.NetCore\Yuebon.Security.Core\6-Services\zym\BZhangService.cs:line 59
   at Yuebon.WebApi.Areas.Security.Controllers.BZhangController.UpdateAsync(BZhangInputDto tinfo) in D:\Code_Vue\YuebonNetCore-master\Yuebon.WebApi\Areas\zym\Controllers\BZhangController.cs:line 128
   at Microsoft.AspNetCore.Mvc.Infrastructure.ActionMethodExecutor.TaskOfIActionResultExecutor.Execute(IActionResultTypeMapper mapper, ObjectMethodExecutor executor, Object controller, Object[] arguments)
   at Microsoft.AspNetCore.Mvc.Infrastructure.ControllerActionInvoker.<InvokeActionMethodAsync>g__Logged|12_1(ControllerActionInvoker invoker)
   at Microsoft.AspNetCore.Mvc.Infrastructure.ControllerActionInvoker.<InvokeNextActionFilterAsync>g__Awaited|10_0(ControllerActionInvoker invoker, Task lastTask, State next, Scope scope, Object state, Boolean isCompleted)
   at Microsoft.AspNetCore.Mvc.Infrastructure.ControllerActionInvoker.Rethrow(ActionExecutedContextSealed context)
   at Microsoft.AspNetCore.Mvc.Infrastructure.ControllerActionInvoker.Next(State& next, Scope& scope, Object& state, Boolean& isCompleted)
   at Microsoft.AspNetCore.Mvc.Infrastructure.ControllerActionInvoker.InvokeInnerFilterAsync()
--- End of stack trace from previous location ---
   at Microsoft.AspNetCore.Mvc.Infrastructure.ResourceInvoker.<InvokeNextExceptionFilterAsync>g__Awaited|26_0(ResourceInvoker invoker, Task lastTask, State next, Scope scope, Object state, Boolean isCompleted)
